SAGE_TMP_ROOT = /home/n10186841/.sage/temp/cl4n071
Starting sage-cleaner with PID 25616
Checking PIDs []
Checking PIDs [25622]
Checking PIDs [25622]
SAGE_TMP_ROOT = /home/n10186841/.sage/temp/cl4n071
sage-cleaner is already running with PID 25616, exiting
Checking PIDs [25622]
Checking PIDs [25622]
Checking PIDs [25622]
Checking PIDs [25622]
Checking PIDs [25622]
Checking PIDs [25622]
Checking PIDs [25622]
Checking PIDs [25622]
SAGE_TMP_ROOT = /home/n10186841/.sage/temp/cl4n071
Starting sage-cleaner with PID 26768
Checking PIDs []
Checking PIDs [26774]
Checking PIDs [26774]
SAGE_TMP_ROOT = /home/n10186841/.sage/temp/cl4n071
sage-cleaner is already running with PID 26768, exiting
Checking PIDs [26774]
Checking PIDs [26774]
Checking PIDs [26774]
Checking PIDs [26774]
Checking PIDs [26774]
Checking PIDs [26774]
Checking PIDs [26774]
Checking PIDs [26774]
SAGE_TMP_ROOT = /home/n10186841/.sage/temp/cl4n071
Starting sage-cleaner with PID 33005
SAGE_TMP_ROOT = /home/n10186841/.sage/temp/cl4n071
Checking PIDs []
sage-cleaner is already running with PID 33005, exiting
Checking PIDs [33089, 33093]
Checking PIDs [33089, 33093]
Checking PIDs [33089, 33093]
Checking PIDs [33089, 33093]
Checking PIDs [33089, 33093]
Checking PIDs [33089, 33093]
Checking PIDs [33089, 33093]
Checking PIDs [33089, 33093]
Checking PIDs [33089, 33093]
Checking PIDs [33089, 33093]
Checking PIDs [33089, 33093]
Checking PIDs [33089, 33093]
Checking PIDs [33089, 33093]
Checking PIDs [33089, 33093]
Checking PIDs [33089, 33093]
Checking PIDs [33089, 33093]
Checking PIDs [33089, 33093]
Checking PIDs [33089, 33093]
Checking PIDs [33089, 33093]
Checking PIDs [33089, 33093]
Checking PIDs [33089, 33093]
Checking PIDs [33089, 33093]
Checking PIDs [33089, 33093]
Checking PIDs [33089, 33093]
Checking PIDs [33089, 33093]
Checking PIDs [33089, 33093]
Checking PIDs [33089, 33093]
Checking PIDs [33089, 33093]
Checking PIDs [33089, 33093]
Checking PIDs [33089, 33093]
Checking PIDs [33089, 33093]
Checking PIDs [33089, 33093]
Checking PIDs [33089, 33093]
Checking PIDs [33089, 33093]
Checking PIDs [33089, 33093]
Checking PIDs [33089, 33093]
Checking PIDs [33089, 33093]
Checking PIDs [33089, 33093]
Checking PIDs [33089, 33093]
Checking PIDs [33089, 33093]
Checking PIDs [33089, 33093]
Checking PIDs [33089, 33093]
Checking PIDs [33089, 33093]
Checking PIDs [33089, 33093]
Checking PIDs [33089, 33093]
Checking PIDs [33089, 33093]
Checking PIDs [33089, 33093]
Checking PIDs [33089, 33093]
Checking PIDs [33089, 33093]
Checking PIDs [33089, 33093]
Checking PIDs [33089, 33093]
Checking PIDs [33089, 33093]
Checking PIDs [33089, 33093]
Checking PIDs [33089, 33093]
Checking PIDs [33089, 33093]
Checking PIDs [33089, 33093]
Checking PIDs [33089, 33093]
Checking PIDs [33089, 33093]
Checking PIDs [33089, 33093]
Checking PIDs [33089, 33093]
Checking PIDs [33089, 33093]
Checking PIDs [33089, 33093]
Checking PIDs [33089, 33093]
Checking PIDs [33089, 33093]
Checking PIDs [33089, 33093]
Checking PIDs [33089, 33093]
Checking PIDs [33089, 33093]
Checking PIDs [33089, 33093]
Checking PIDs [33089, 33093]
Checking PIDs [33089, 33093]
Checking PIDs [33089, 33093]
Checking PIDs [33089, 33093]
Checking PIDs [33089, 33093]
Checking PIDs [33089, 33093]
Checking PIDs [33089, 33093]
Checking PIDs [33089, 33093]
Checking PIDs [33089, 33093]
Checking PIDs [33089, 33093]
Checking PIDs [33089, 33093]
Checking PIDs [33089, 33093]
Checking PIDs [33089, 33093]
Checking PIDs [33089, 33093]
Checking PIDs [33089, 33093]
Checking PIDs [33089, 33093]
Checking PIDs [33089, 33093]
Checking PIDs [33089, 33093]
Checking PIDs [33089, 33093]
Checking PIDs [33089, 33093]
Checking PIDs [33089, 33093]
Checking PIDs [33089, 33093]
Checking PIDs [33089, 33093]
Checking PIDs [33089, 33093]
Checking PIDs [33089, 33093]
Checking PIDs [33089, 33093]
Checking PIDs [33089, 33093]
Checking PIDs [33089, 33093]
Checking PIDs [33089, 33093]
Checking PIDs [33089, 33093]
Checking PIDs [33089, 33093]
Checking PIDs [33089, 33093]
Checking PIDs [33089, 33093]
Checking PIDs [33089, 33093]
Checking PIDs [33089, 33093]
Checking PIDs [33089, 33093]
Checking PIDs [33089, 33093]
Checking PIDs [33089, 33093]
Checking PIDs [33089, 33093]
Checking PIDs [33089, 33093]
Checking PIDs [33089, 33093]
Checking PIDs [33089, 33093]
Checking PIDs [33089, 33093]
Checking PIDs [33089, 33093]
Checking PIDs [33089, 33093]
Checking PIDs [33089, 33093]
Checking PIDs [33089, 33093]
Checking PIDs [33089, 33093]
Checking PIDs [33089, 33093]
Checking PIDs [33089, 33093]
Checking PIDs [33089, 33093]
Checking PIDs [33089, 33093]
Checking PIDs [33089, 33093]
Checking PIDs [33089, 33093]
Checking PIDs [33089, 33093]
Checking PIDs [33089, 33093]
Checking PIDs [33089, 33093]
Checking PIDs [33089, 33093]
Checking PIDs [33089, 33093]
Checking PIDs [33089, 33093]
Checking PIDs [33089, 33093]
Checking PIDs [33089, 33093]
Checking PIDs [33089, 33093]
Checking PIDs [33089, 33093]
Checking PIDs [33089, 33093]
Checking PIDs [33089, 33093]
Checking PIDs [33089, 33093]
Checking PIDs [33089, 33093]
Checking PIDs [33089, 33093]
Checking PIDs [33089, 33093]
Checking PIDs [33089, 33093]
Checking PIDs [33089, 33093]
Checking PIDs [33089, 33093]
Checking PIDs [33089, 33093]
Checking PIDs [33089, 33093]
Checking PIDs [33089, 33093]
Checking PIDs [33089, 33093]
Checking PIDs [33089, 33093]
Checking PIDs [33089, 33093]
Checking PIDs [33089, 33093]
Checking PIDs [33089, 33093]
Checking PIDs [33089, 33093]
Checking PIDs [33089, 33093]
Checking PIDs [33089, 33093]
Checking PIDs [33089, 33093]
Checking PIDs [33089, 33093]
Checking PIDs [33089, 33093]
Checking PIDs [33089, 33093]
Checking PIDs [33089, 33093]
Checking PIDs [33089, 33093]
Checking PIDs [33089, 33093]
Checking PIDs [33089, 33093]
Checking PIDs [33089, 33093]
Checking PIDs [33089, 33093]
Checking PIDs [33089, 33093]
Checking PIDs [33089, 33093]
Checking PIDs [33089, 33093]
Checking PIDs [33089, 33093]
Checking PIDs [33089, 33093]
Checking PIDs [33089, 33093]
Checking PIDs [33089, 33093]
Checking PIDs [33089, 33093]
Checking PIDs [33089, 33093]
Checking PIDs [33089, 33093]
Checking PIDs [33089, 33093]
Checking PIDs [33089, 33093]
Checking PIDs [33089, 33093]
Checking PIDs [33089, 33093]
Checking PIDs [33089, 33093]
Checking PIDs [33089, 33093]
Checking PIDs [33089, 33093]
Checking PIDs [33089, 33093]
Checking PIDs [33089, 33093]
Checking PIDs [33089, 33093]
Checking PIDs [33089, 33093]
Checking PIDs [33089, 33093]
Checking PIDs [33089, 33093]
Checking PIDs [33089, 33093]
Checking PIDs [33089, 33093]
Checking PIDs [33089, 33093]
Checking PIDs [33089, 33093]
Checking PIDs [33089, 33093]
Checking PIDs [33089, 33093]
Checking PIDs [33089, 33093]
Checking PIDs [33089, 33093]
Checking PIDs [33089, 33093]
Checking PIDs [33089, 33093]
Checking PIDs [33089, 33093]
Checking PIDs [33089, 33093]
Checking PIDs [33089, 33093]
Checking PIDs [33089, 33093]
Checking PIDs [33089, 33093]
Checking PIDs [33089, 33093]
Checking PIDs [33089, 33093]
Checking PIDs [33089, 33093]
Checking PIDs [33089, 33093]
Checking PIDs [33089, 33093]
Checking PIDs [33089, 33093]
Checking PIDs [33089, 33093]
Checking PIDs [33089, 33093]
Checking PIDs [33089, 33093]
Checking PIDs [33089, 33093]
Checking PIDs [33089, 33093]
Checking PIDs [33089, 33093]
Checking PIDs [33089, 33093]
Checking PIDs [33089, 33093]
Checking PIDs [33089, 33093]
Checking PIDs [33089, 33093]
Checking PIDs [33089, 33093]
Checking PIDs [33089, 33093]
Checking PIDs [33089, 33093]
Checking PIDs [33089, 33093]
Checking PIDs [33089, 33093]
Checking PIDs [33089, 33093]
Checking PIDs [33089, 33093]
Checking PIDs [33089, 33093]
Checking PIDs [33089, 33093]
Checking PIDs [33089, 33093]
Checking PIDs [33089, 33093]
Checking PIDs [33089, 33093]
Checking PIDs [33089, 33093]
Checking PIDs [33089, 33093]
Checking PIDs [33089, 33093]
Checking PIDs [33089, 33093]
Checking PIDs [33089, 33093]
Checking PIDs [33089, 33093]
Checking PIDs [33089, 33093]
Checking PIDs [33089, 33093]
Checking PIDs [33089, 33093]
Checking PIDs [33089, 33093]
Checking PIDs [33089, 33093]
Checking PIDs [33089, 33093]
Checking PIDs [33089, 33093]
Checking PIDs [33089, 33093]
Checking PIDs [33089, 33093]
Checking PIDs [33089, 33093]
Checking PIDs [33089, 33093]
Checking PIDs [33089, 33093]
Checking PIDs [33089, 33093]
Checking PIDs [33089, 33093]
Checking PIDs [33089, 33093]
Checking PIDs [33089, 33093]
Checking PIDs [33089, 33093]
Checking PIDs [33089, 33093]
Checking PIDs [33089, 33093]
Checking PIDs [33089, 33093]
Checking PIDs [33089, 33093]
Checking PIDs [33089, 33093]
Checking PIDs [33089, 33093]
Checking PIDs [33089, 33093]
Checking PIDs [33089, 33093]
Checking PIDs [33089, 33093]
Checking PIDs [33089, 33093]
Checking PIDs [33089, 33093]
Checking PIDs [33089, 33093]
Checking PIDs [33089, 33093]
Checking PIDs [33089, 33093]
Checking PIDs [33089, 33093]
Checking PIDs [33089, 33093]
Checking PIDs [33089, 33093]
Checking PIDs [33089, 33093]
Checking PIDs [33089, 33093]
Checking PIDs [33089, 33093]
Checking PIDs [33089, 33093]
Checking PIDs [33089, 33093]
Checking PIDs [33089, 33093]
Checking PIDs [33089, 33093]
Checking PIDs [33089, 33093]
Checking PIDs [33089, 33093]
Checking PIDs [33089, 33093]
Checking PIDs [33089, 33093]
Checking PIDs [33089, 33093]
Checking PIDs [33089, 33093]
Checking PIDs [33089, 33093]
Checking PIDs [33089, 33093]
Checking PIDs [33089, 33093]
Checking PIDs [33089, 33093]
Checking PIDs [33089, 33093]
Checking PIDs [33089, 33093]
Checking PIDs [33089, 33093]
Checking PIDs [33089, 33093]
Checking PIDs [33089, 33093]
Checking PIDs [33089, 33093]
Checking PIDs [33089, 33093]
Checking PIDs [33089, 33093]
Checking PIDs [33089, 33093]
Checking PIDs [33089, 33093]
Checking PIDs [33089, 33093]
Checking PIDs [33089, 33093]
Checking PIDs [33089, 33093]
Checking PIDs [33089, 33093]
Checking PIDs [33089, 33093]
Checking PIDs [33089, 33093]
Checking PIDs [33089, 33093]
Checking PIDs [33089, 33093]
Checking PIDs [33089, 33093]
Checking PIDs [33089, 33093]
Checking PIDs [33089, 33093]
Checking PIDs [33089, 33093]
Checking PIDs [33089, 33093]
Checking PIDs [33089, 33093]
Checking PIDs [33089, 33093]
Checking PIDs [33089, 33093]
Checking PIDs [33089, 33093]
Checking PIDs [33089, 33093]
Checking PIDs [33089, 33093]
Checking PIDs [33089, 33093]
Checking PIDs [33089, 33093]
Checking PIDs [33089, 33093]
Checking PIDs [33089, 33093]
Checking PIDs [33089, 33093]
Checking PIDs [33089, 33093]
Checking PIDs [33089, 33093]
Checking PIDs [33089, 33093]
Checking PIDs [33089, 33093]
Checking PIDs [33089, 33093]
Checking PIDs [33089, 33093]
Checking PIDs [33089, 33093]
Checking PIDs [33089, 33093]
Checking PIDs [33089, 33093]
Checking PIDs [33089, 33093]
Checking PIDs [33089, 33093]
Checking PIDs [33089, 33093]
Checking PIDs [33089, 33093]
Checking PIDs [33089, 33093]
Checking PIDs [33089, 33093]
Checking PIDs [33089, 33093]
Checking PIDs [33089, 33093]
Checking PIDs [33089, 33093]
Checking PIDs [33089, 33093]
Checking PIDs [33089, 33093]
Checking PIDs [33089, 33093]
Checking PIDs [33089, 33093]
Checking PIDs [33089, 33093]
SAGE_TMP_ROOT = /home/n10186841/.sage/temp/cl4n071
sage-cleaner is already running with PID 33005, exiting
Checking PIDs [33089, 33093]
Checking PIDs [33089, 33093]
Checking PIDs [33089, 33093]
Checking PIDs [33089, 33093]
Checking PIDs [33089, 33093]
Checking PIDs [33089, 33093]
Checking PIDs [33089, 33093]
Checking PIDs [33089, 33093]
Checking PIDs [33089, 33093]
Checking PIDs [33089, 33093]
Checking PIDs [33089, 33093]
Checking PIDs [33089, 33093]
Checking PIDs [33089, 33093]
Checking PIDs [33089, 33093]
Checking PIDs [33089, 33093]
Checking PIDs [33089, 33093]
Checking PIDs [33089, 33093]
Checking PIDs [33089, 33093]
SAGE_TMP_ROOT = /home/n10186841/.sage/temp/cl4n071
Starting sage-cleaner with PID 38298
Checking PIDs [33093]
Checking PIDs [33093]
Checking PIDs [33093]
Checking PIDs [33093]
Checking PIDs [33093]
Checking PIDs [33093]
Checking PIDs [33093]
Checking PIDs [33093]
Checking PIDs [33093]
Checking PIDs [33093]
Checking PIDs [33093]
Checking PIDs [33093]
Checking PIDs [33093]
Checking PIDs [33093]
Checking PIDs [33093]
Checking PIDs [33093]
Checking PIDs [33093]
Checking PIDs [33093]
Checking PIDs [33093]
