SAGE_TMP_ROOT = /home/n10186841/.sage/temp/cl4n041
Starting sage-cleaner with PID 14410
Checking PIDs []
Checking PIDs [14416]
Checking PIDs [14416]
Checking PIDs [14416]
Checking PIDs [14416]
SAGE_TMP_ROOT = /home/n10186841/.sage/temp/cl4n041
sage-cleaner is already running with PID 14410, exiting
Checking PIDs [14416]
Checking PIDs [14416]
Checking PIDs [14416]
Checking PIDs [14416]
Checking PIDs [14416]
Checking PIDs [14416]
Checking PIDs [14416]
Checking PIDs [14416]
Checking PIDs [14416]
Checking PIDs [14416]
Checking PIDs [14416]
Checking PIDs [14416]
Checking PIDs [14416]
Checking PIDs [14416]
Checking PIDs [14416]
Checking PIDs [14416]
Checking PIDs [14416]
Checking PIDs [14416]
Checking PIDs [14416]
Checking PIDs [14416]
Checking PIDs [14416]
Checking PIDs [14416]
Checking PIDs [14416]
Checking PIDs [14416]
Checking PIDs [14416]
Checking PIDs [14416]
Checking PIDs [14416]
Checking PIDs [14416]
Checking PIDs [14416]
Checking PIDs [14416]
Checking PIDs [14416]
Checking PIDs [14416]
