SAGE_TMP_ROOT = /home/n10186841/.sage/temp/cl4n007
Starting sage-cleaner with PID 36236
Checking PIDs []
Checking PIDs [36252]
Checking PIDs [36252]
Checking PIDs [36252]
Checking PIDs [36252]
Checking PIDs [36252]
Checking PIDs [36252]
SAGE_TMP_ROOT = /home/n10186841/.sage/temp/cl4n007
Starting sage-cleaner with PID 50343
Checking PIDs [36252]
Process 36252 is no longer running, so we clean up
Deleting /home/n10186841/.sage/temp/cl4n007/36252
Checking PIDs []
Checking PIDs [50415]
Checking PIDs [50415]
Checking PIDs [50415]
Checking PIDs [50415]
Checking PIDs [50415]
Checking PIDs [50415]
Checking PIDs [50415]
Checking PIDs [50415]
Checking PIDs [50415]
Checking PIDs [50415]
Checking PIDs [50415]
Checking PIDs [50415]
Checking PIDs [50415]
Checking PIDs [50415]
Checking PIDs [50415]
Checking PIDs [50415]
Checking PIDs [50415]
Checking PIDs [50415]
Checking PIDs [50415]
Checking PIDs [50415]
Checking PIDs [50415]
Checking PIDs [50415]
Checking PIDs [50415]
Checking PIDs [50415]
Checking PIDs [50415]
Checking PIDs [50415]
Checking PIDs [50415]
Checking PIDs [50415]
Checking PIDs [50415]
Checking PIDs [50415]
Checking PIDs [50415]
Checking PIDs [50415]
Checking PIDs [50415]
Checking PIDs [50415]
Checking PIDs [50415]
Checking PIDs [50415]
Checking PIDs [50415]
Checking PIDs [50415]
Checking PIDs [50415]
Checking PIDs [50415]
Checking PIDs [50415]
Checking PIDs [50415]
Checking PIDs [50415]
Checking PIDs [50415]
Checking PIDs [50415]
Checking PIDs [50415]
Checking PIDs [50415]
Checking PIDs [50415]
Checking PIDs [50415]
Checking PIDs [50415]
Checking PIDs [50415]
Checking PIDs [50415]
Checking PIDs [50415]
Checking PIDs [50415]
Checking PIDs [50415]
Checking PIDs [50415]
Checking PIDs [50415]
Checking PIDs [50415]
Checking PIDs [50415]
Checking PIDs [50415]
Checking PIDs [50415]
Checking PIDs [50415]
Checking PIDs [50415]
Checking PIDs [50415]
Checking PIDs [50415]
Checking PIDs [50415]
Checking PIDs [50415]
Checking PIDs [50415]
Checking PIDs [50415]
Checking PIDs [50415]
Checking PIDs [50415]
Checking PIDs [50415]
Checking PIDs [50415]
Checking PIDs [50415]
Checking PIDs [50415]
Checking PIDs [50415]
Checking PIDs [50415]
Checking PIDs [50415]
Checking PIDs [50415]
Checking PIDs [50415]
Checking PIDs [50415]
Checking PIDs [50415]
Checking PIDs [50415]
Checking PIDs [50415]
Checking PIDs [50415]
Checking PIDs [50415]
Checking PIDs [50415]
Checking PIDs [50415]
Checking PIDs [50415]
Checking PIDs [50415]
Checking PIDs [50415]
Checking PIDs [50415]
Checking PIDs [50415]
Checking PIDs [50415]
Checking PIDs [50415]
Checking PIDs [50415]
Checking PIDs [50415]
Checking PIDs [50415]
Checking PIDs [50415]
Checking PIDs [50415]
Checking PIDs [50415]
Checking PIDs [50415]
Checking PIDs [50415]
Checking PIDs [50415]
Checking PIDs [50415]
Checking PIDs [50415]
Checking PIDs [50415]
Checking PIDs [50415]
Checking PIDs [50415]
Checking PIDs [50415]
Checking PIDs [50415]
Checking PIDs [50415]
Checking PIDs [50415]
Checking PIDs [50415]
Checking PIDs [50415]
Checking PIDs [50415]
Checking PIDs [50415]
Checking PIDs [50415]
Checking PIDs [50415]
Checking PIDs [50415]
Checking PIDs [50415]
Checking PIDs [50415]
Checking PIDs [50415]
Checking PIDs [50415]
Checking PIDs [50415]
Checking PIDs [50415]
Checking PIDs [50415]
Checking PIDs [50415]
Checking PIDs [50415]
Checking PIDs [50415]
Checking PIDs [50415]
Checking PIDs [50415]
Checking PIDs [50415]
Checking PIDs [50415]
Checking PIDs [50415]
Checking PIDs [50415]
Checking PIDs [50415]
Checking PIDs [50415]
Checking PIDs [50415]
Checking PIDs [50415]
Checking PIDs [50415]
Checking PIDs [50415]
Checking PIDs [50415]
Checking PIDs [50415]
Checking PIDs [50415]
Checking PIDs [50415]
Checking PIDs [50415]
Checking PIDs [50415]
Checking PIDs [50415]
Checking PIDs [50415]
Checking PIDs [50415]
Checking PIDs [50415]
Checking PIDs [50415]
Checking PIDs [50415]
Checking PIDs [50415]
Checking PIDs [50415]
Checking PIDs [50415]
Checking PIDs [50415]
Checking PIDs [50415]
Checking PIDs [50415]
Checking PIDs [50415]
Checking PIDs [50415]
Checking PIDs [50415]
Checking PIDs [50415]
Checking PIDs [50415]
Checking PIDs [50415]
Checking PIDs [50415]
Checking PIDs [50415]
Checking PIDs [50415]
Checking PIDs [50415]
Checking PIDs [50415]
Checking PIDs [50415]
Checking PIDs [50415]
Checking PIDs [50415]
Checking PIDs [50415]
Checking PIDs [50415]
Checking PIDs [50415]
Checking PIDs [50415]
Checking PIDs [50415]
Checking PIDs [50415]
Checking PIDs [50415]
Checking PIDs [50415]
Checking PIDs [50415]
Checking PIDs [50415]
Checking PIDs [50415]
Checking PIDs [50415]
Checking PIDs [50415]
SAGE_TMP_ROOT = /home/n10186841/.sage/temp/cl4n007
sage-cleaner is already running with PID 50343, exiting
Checking PIDs [50415]
Checking PIDs [50415]
SAGE_TMP_ROOT = /home/n10186841/.sage/temp/cl4n007
Starting sage-cleaner with PID 36117
Checking PIDs []
Checking PIDs [36123]
Checking PIDs [36123]
Checking PIDs [36123]
Checking PIDs [36123]
Checking PIDs [36123]
Checking PIDs [36123]
Checking PIDs [36123]
Checking PIDs [36123]
Checking PIDs [36123]
Checking PIDs [36123]
Checking PIDs [36123]
Checking PIDs [36123]
Checking PIDs [36123]
SAGE_TMP_ROOT = /home/n10186841/.sage/temp/cl4n007
Starting sage-cleaner with PID 36812
Checking PIDs []
Checking PIDs [36819]
Checking PIDs [36819]
Checking PIDs [36819]
Checking PIDs [36819]
Checking PIDs [36819]
Checking PIDs [36819]
Checking PIDs [36819]
Checking PIDs [36819]
Checking PIDs [36819]
Checking PIDs [36819]
Checking PIDs [36819]
Checking PIDs [36819]
Checking PIDs [36819]
Checking PIDs [36819]
Checking PIDs [36819]
Checking PIDs [36819]
Checking PIDs [36819]
Checking PIDs [36819]
Checking PIDs [36819]
Checking PIDs [36819]
Checking PIDs [36819]
Checking PIDs [36819]
Checking PIDs [36819]
Checking PIDs [36819]
Checking PIDs [36819]
Checking PIDs [36819]
Checking PIDs [36819]
Checking PIDs [36819]
Checking PIDs [36819]
Checking PIDs [36819]
Checking PIDs [36819]
Checking PIDs [36819]
Checking PIDs [36819]
Checking PIDs [36819]
Checking PIDs [36819]
Checking PIDs [36819]
Checking PIDs [36819]
Checking PIDs [36819]
Checking PIDs [36819]
Checking PIDs [36819]
Checking PIDs [36819]
Checking PIDs [36819]
Checking PIDs [36819]
Checking PIDs [36819]
Checking PIDs [36819]
Checking PIDs [36819]
Checking PIDs [36819]
Checking PIDs [36819]
Checking PIDs [36819]
Checking PIDs [36819]
Checking PIDs [36819]
Checking PIDs [36819]
Checking PIDs [36819]
Checking PIDs [36819]
Checking PIDs [36819]
Checking PIDs [36819]
Checking PIDs [36819]
Checking PIDs [36819]
Checking PIDs [36819]
Checking PIDs [36819]
Checking PIDs [36819]
