SAGE_TMP_ROOT = /home/n10186841/.sage/temp/cl4n028
Starting sage-cleaner with PID 11138
Checking PIDs []
Checking PIDs []
Checking PIDs []
SAGE_TMP_ROOT = /home/n10186841/.sage/temp/cl4n028
Starting sage-cleaner with PID 49850
Checking PIDs []
Checking PIDs [49855]
Checking PIDs [49855]
Checking PIDs [49855]
Checking PIDs [49855]
Checking PIDs [49855]
Checking PIDs [49855]
Checking PIDs [49855]
SAGE_TMP_ROOT = /home/n10186841/.sage/temp/cl4n028
sage-cleaner is already running with PID 49850, exiting
Checking PIDs [49855]
Checking PIDs [49855]
Checking PIDs [49855]
Checking PIDs [49855]
Checking PIDs [49855]
Checking PIDs [49855]
Checking PIDs [49855]
Checking PIDs [49855]
Checking PIDs [49855]
Checking PIDs [49855]
Checking PIDs [49855]
Checking PIDs [49855]
Checking PIDs [49855]
Checking PIDs [49855]
Checking PIDs [49855]
Checking PIDs [49855]
Checking PIDs [49855]
Checking PIDs [49855]
Checking PIDs [49855]
Checking PIDs [49855]
Checking PIDs [49855]
Checking PIDs [49855]
Checking PIDs [49855]
Checking PIDs [49855]
Checking PIDs [49855]
Checking PIDs [49855]
Checking PIDs [49855]
Checking PIDs [49855]
Checking PIDs [49855]
Checking PIDs [49855]
Checking PIDs [49855]
SAGE_TMP_ROOT = /home/n10186841/.sage/temp/cl4n028
Starting sage-cleaner with PID 35233
Checking PIDs []
Checking PIDs [35240]
Checking PIDs [35240]
Checking PIDs [35240]
Checking PIDs [35240]
Checking PIDs [35240]
Checking PIDs [35240]
Checking PIDs [35240]
Checking PIDs [35240]
Checking PIDs [35240]
Checking PIDs [35240]
Checking PIDs [35240]
Checking PIDs [35240]
Checking PIDs [35240]
Checking PIDs [35240]
Checking PIDs [35240]
Checking PIDs [35240]
Checking PIDs [35240]
Checking PIDs [35240]
Checking PIDs [35240]
Checking PIDs [35240]
Checking PIDs [35240]
Checking PIDs [35240]
Checking PIDs [35240]
Checking PIDs [35240]
Checking PIDs [35240]
Checking PIDs [35240]
Checking PIDs [35240]
Checking PIDs [35240]
Checking PIDs [35240]
Checking PIDs [35240]
Checking PIDs [35240]
Checking PIDs [35240]
Checking PIDs [35240]
Checking PIDs [35240]
Checking PIDs [35240]
Checking PIDs [35240]
Checking PIDs [35240]
Checking PIDs [35240]
Checking PIDs [35240]
Checking PIDs [35240]
Checking PIDs [35240]
Checking PIDs [35240]
Checking PIDs [35240]
Checking PIDs [35240]
Checking PIDs [35240]
Checking PIDs [35240]
Checking PIDs [35240]
Checking PIDs [35240]
Checking PIDs [35240]
Checking PIDs [35240]
Checking PIDs [35240]
Checking PIDs [35240]
Checking PIDs [35240]
Checking PIDs [35240]
Checking PIDs [35240]
Checking PIDs [35240]
Checking PIDs [35240]
Checking PIDs [35240]
Checking PIDs [35240]
Checking PIDs [35240]
Checking PIDs [35240]
Checking PIDs [35240]
Checking PIDs [35240]
Checking PIDs [35240]
Checking PIDs [35240]
Checking PIDs [35240]
Checking PIDs [35240]
Checking PIDs [35240]
Checking PIDs [35240]
Checking PIDs [35240]
Checking PIDs [35240]
Checking PIDs [35240]
Checking PIDs [35240]
Checking PIDs [35240]
Checking PIDs [35240]
Checking PIDs [35240]
Checking PIDs [35240]
Checking PIDs [35240]
Checking PIDs [35240]
Checking PIDs [35240]
Checking PIDs [35240]
Checking PIDs [35240]
Checking PIDs [35240]
Checking PIDs [35240]
Checking PIDs [35240]
Checking PIDs [35240]
Checking PIDs [35240]
Checking PIDs [35240]
Checking PIDs [35240]
Checking PIDs [35240]
Checking PIDs [35240]
Checking PIDs [35240]
Checking PIDs [35240]
Checking PIDs [35240]
Checking PIDs [35240]
Checking PIDs [35240]
Checking PIDs [35240]
Checking PIDs [35240]
Checking PIDs [35240]
Checking PIDs [35240]
Checking PIDs [35240]
Checking PIDs [35240]
Checking PIDs [35240]
Checking PIDs [35240]
Checking PIDs [35240]
Checking PIDs [35240]
Checking PIDs [35240]
Checking PIDs [35240]
Checking PIDs [35240]
Checking PIDs [35240]
Checking PIDs [35240]
Checking PIDs [35240]
Checking PIDs [35240]
Checking PIDs [35240]
Checking PIDs [35240]
Checking PIDs [35240]
Checking PIDs [35240]
Checking PIDs [35240]
Checking PIDs [35240]
Checking PIDs [35240]
Checking PIDs [35240]
Checking PIDs [35240]
Checking PIDs [35240]
Checking PIDs [35240]
Checking PIDs [35240]
Checking PIDs [35240]
Checking PIDs [35240]
Checking PIDs [35240]
Checking PIDs [35240]
Checking PIDs [35240]
Checking PIDs [35240]
Checking PIDs [35240]
Checking PIDs [35240]
Checking PIDs [35240]
Checking PIDs [35240]
Checking PIDs [35240]
Checking PIDs [35240]
Checking PIDs [35240]
Checking PIDs [35240]
Checking PIDs [35240]
Checking PIDs [35240]
Checking PIDs [35240]
Checking PIDs [35240]
Checking PIDs [35240]
Checking PIDs [35240]
Checking PIDs [35240]
Checking PIDs [35240]
Checking PIDs [35240]
Checking PIDs [35240]
Checking PIDs [35240]
Checking PIDs [35240]
Checking PIDs [35240]
Checking PIDs [35240]
Checking PIDs [35240]
Checking PIDs [35240]
Checking PIDs [35240]
Checking PIDs [35240]
Checking PIDs [35240]
Checking PIDs [35240]
Checking PIDs [35240]
Checking PIDs [35240]
Checking PIDs [35240]
Checking PIDs [35240]
Checking PIDs [35240]
Checking PIDs [35240]
Checking PIDs [35240]
Checking PIDs [35240]
Checking PIDs [35240]
Checking PIDs [35240]
Checking PIDs [35240]
Checking PIDs [35240]
Checking PIDs [35240]
Checking PIDs [35240]
Checking PIDs [35240]
Checking PIDs [35240]
Checking PIDs [35240]
Checking PIDs [35240]
Checking PIDs [35240]
Checking PIDs [35240]
Checking PIDs [35240]
Checking PIDs [35240]
Checking PIDs [35240]
Checking PIDs [35240]
Checking PIDs [35240]
Checking PIDs [35240]
Checking PIDs [35240]
Checking PIDs [35240]
Checking PIDs [35240]
Checking PIDs [35240]
Checking PIDs [35240]
Checking PIDs [35240]
Checking PIDs [35240]
Checking PIDs [35240]
Checking PIDs [35240]
Checking PIDs [35240]
Checking PIDs [35240]
Checking PIDs [35240]
Checking PIDs [35240]
Checking PIDs [35240]
Checking PIDs [35240]
Checking PIDs [35240]
Checking PIDs [35240]
Checking PIDs [35240]
Checking PIDs [35240]
Checking PIDs [35240]
Checking PIDs [35240]
Checking PIDs [35240]
Checking PIDs [35240]
Checking PIDs [35240]
Checking PIDs [35240]
Checking PIDs [35240]
Checking PIDs [35240]
Checking PIDs [35240]
Checking PIDs [35240]
Checking PIDs [35240]
Checking PIDs [35240]
Checking PIDs [35240]
Checking PIDs [35240]
Checking PIDs [35240]
Checking PIDs [35240]
Checking PIDs [35240]
Checking PIDs [35240]
Checking PIDs [35240]
Checking PIDs [35240]
Checking PIDs [35240]
Checking PIDs [35240]
Checking PIDs [35240]
Checking PIDs [35240]
Checking PIDs [35240]
Checking PIDs [35240]
Checking PIDs [35240]
Checking PIDs [35240]
Checking PIDs [35240]
Checking PIDs [35240]
Checking PIDs [35240]
Checking PIDs [35240]
Checking PIDs [35240]
Checking PIDs [35240]
Checking PIDs [35240]
Checking PIDs [35240]
Checking PIDs [35240]
Checking PIDs [35240]
Checking PIDs [35240]
Checking PIDs [35240]
Checking PIDs [35240]
Checking PIDs [35240]
Checking PIDs [35240]
Checking PIDs [35240]
Checking PIDs [35240]
Checking PIDs [35240]
Checking PIDs [35240]
Checking PIDs [35240]
Checking PIDs [35240]
Checking PIDs [35240]
Checking PIDs [35240]
Checking PIDs [35240]
Checking PIDs [35240]
Checking PIDs [35240]
Checking PIDs [35240]
Checking PIDs [35240]
Checking PIDs [35240]
Checking PIDs [35240]
Checking PIDs [35240]
Checking PIDs [35240]
Checking PIDs [35240]
Checking PIDs [35240]
Checking PIDs [35240]
Checking PIDs [35240]
Checking PIDs [35240]
Checking PIDs [35240]
Checking PIDs [35240]
Checking PIDs [35240]
Checking PIDs [35240]
Checking PIDs [35240]
Checking PIDs [35240]
Checking PIDs [35240]
Checking PIDs [35240]
Checking PIDs [35240]
Checking PIDs [35240]
Checking PIDs [35240]
Checking PIDs [35240]
Checking PIDs [35240]
Checking PIDs [35240]
Checking PIDs [35240]
Checking PIDs [35240]
Checking PIDs [35240]
Checking PIDs [35240]
Checking PIDs [35240]
Checking PIDs [35240]
Checking PIDs [35240]
Checking PIDs [35240]
Checking PIDs [35240]
Checking PIDs [35240]
Checking PIDs [35240]
Checking PIDs [35240]
Checking PIDs [35240]
Checking PIDs [35240]
Checking PIDs [35240]
Checking PIDs [35240]
Checking PIDs [35240]
Checking PIDs [35240]
Checking PIDs [35240]
Checking PIDs [35240]
Checking PIDs [35240]
Checking PIDs [35240]
Checking PIDs [35240]
Checking PIDs [35240]
Checking PIDs [35240]
Checking PIDs [35240]
Checking PIDs [35240]
Checking PIDs [35240]
Checking PIDs [35240]
