SAGE_TMP_ROOT = /home/n10186841/.sage/temp/cl4n092
Starting sage-cleaner with PID 26142
Checking PIDs []
Checking PIDs [26150]
Checking PIDs [26150]
Checking PIDs [26150]
SAGE_TMP_ROOT = /home/n10186841/.sage/temp/cl4n092
Starting sage-cleaner with PID 26713
Checking PIDs []
SAGE_TMP_ROOT = /home/n10186841/.sage/temp/cl4n092
sage-cleaner is already running with PID 26713, exiting
Checking PIDs [26719]
Checking PIDs [26719]
Checking PIDs [26719]
Checking PIDs [26719]
Checking PIDs [26719]
Checking PIDs [26719]
Checking PIDs [26719]
Checking PIDs [26719]
Checking PIDs [26719]
Checking PIDs [26719]
Checking PIDs [26719]
Checking PIDs [26719]
Checking PIDs [26719]
Checking PIDs [26719]
Checking PIDs [26719]
Checking PIDs [26719]
Checking PIDs [26719]
Checking PIDs [26719]
Checking PIDs [26719]
Checking PIDs [26719]
Checking PIDs [26719]
Checking PIDs [26719]
Checking PIDs [26719]
Checking PIDs [26719]
Checking PIDs [26719]
Checking PIDs [26719]
Checking PIDs [26719]
Checking PIDs [26719]
Checking PIDs [26719]
Checking PIDs [26719]
Checking PIDs [26719]
Checking PIDs [26719]
Checking PIDs [26719]
Checking PIDs [26719]
Checking PIDs [26719]
Checking PIDs [26719]
Checking PIDs [26719]
Checking PIDs [26719]
Checking PIDs [26719]
Checking PIDs [26719]
Checking PIDs [26719]
Checking PIDs [26719]
Checking PIDs [26719]
Checking PIDs [26719]
Checking PIDs [26719]
Checking PIDs [26719]
Checking PIDs [26719]
Checking PIDs [26719]
Checking PIDs [26719]
Checking PIDs [26719]
Checking PIDs [26719]
Checking PIDs [26719]
Checking PIDs [26719]
Checking PIDs [26719]
Checking PIDs [26719]
Checking PIDs [26719]
Checking PIDs [26719]
Checking PIDs [26719]
Checking PIDs [26719]
Checking PIDs [26719]
Checking PIDs [26719]
Checking PIDs [26719]
Checking PIDs [26719]
Checking PIDs [26719]
Checking PIDs [26719]
Checking PIDs [26719]
Checking PIDs [26719]
Checking PIDs [26719]
Checking PIDs [26719]
Checking PIDs [26719]
Checking PIDs [26719]
Checking PIDs [26719]
Checking PIDs [26719]
Checking PIDs [26719]
Checking PIDs [26719]
Checking PIDs [26719]
Checking PIDs [26719]
Checking PIDs [26719]
Checking PIDs [26719]
Checking PIDs [26719]
Checking PIDs [26719]
Checking PIDs [26719]
Checking PIDs [26719]
Checking PIDs [26719]
Checking PIDs [26719]
Checking PIDs [26719]
Checking PIDs [26719]
Checking PIDs [26719]
Checking PIDs [26719]
Checking PIDs [26719]
Checking PIDs [26719]
Checking PIDs [26719]
Checking PIDs [26719]
Checking PIDs [26719]
Checking PIDs [26719]
Checking PIDs [26719]
Checking PIDs [26719]
Checking PIDs [26719]
Checking PIDs [26719]
Checking PIDs [26719]
Checking PIDs [26719]
Checking PIDs [26719]
Checking PIDs [26719]
Checking PIDs [26719]
Checking PIDs [26719]
Checking PIDs [26719]
Checking PIDs [26719]
Checking PIDs [26719]
Checking PIDs [26719]
Checking PIDs [26719]
Checking PIDs [26719]
Checking PIDs [26719]
Checking PIDs [26719]
Checking PIDs [26719]
Checking PIDs [26719]
Checking PIDs [26719]
Checking PIDs [26719]
Checking PIDs [26719]
Checking PIDs [26719]
Checking PIDs [26719]
Checking PIDs [26719]
Checking PIDs [26719]
Checking PIDs [26719]
Checking PIDs [26719]
Checking PIDs [26719]
Checking PIDs [26719]
Checking PIDs [26719]
Checking PIDs [26719]
Checking PIDs [26719]
Checking PIDs [26719]
Checking PIDs [26719]
Checking PIDs [26719]
Checking PIDs [26719]
Checking PIDs [26719]
Checking PIDs [26719]
Checking PIDs [26719]
Checking PIDs [26719]
Checking PIDs [26719]
Checking PIDs [26719]
Checking PIDs [26719]
Checking PIDs [26719]
Checking PIDs [26719]
Checking PIDs [26719]
Checking PIDs [26719]
Checking PIDs [26719]
Checking PIDs [26719]
Checking PIDs [26719]
Checking PIDs [26719]
Checking PIDs [26719]
Checking PIDs [26719]
Checking PIDs [26719]
Checking PIDs [26719]
Checking PIDs [26719]
Checking PIDs [26719]
Checking PIDs [26719]
Checking PIDs [26719]
Checking PIDs [26719]
Checking PIDs [26719]
Checking PIDs [26719]
Checking PIDs [26719]
Checking PIDs [26719]
Checking PIDs [26719]
Checking PIDs [26719]
Checking PIDs [26719]
Checking PIDs [26719]
Checking PIDs [26719]
Checking PIDs [26719]
Checking PIDs [26719]
Checking PIDs [26719]
Checking PIDs [26719]
Checking PIDs [26719]
Checking PIDs [26719]
Checking PIDs [26719]
Checking PIDs [26719]
Checking PIDs [26719]
Checking PIDs [26719]
Checking PIDs [26719]
Checking PIDs [26719]
Checking PIDs [26719]
Checking PIDs [26719]
Checking PIDs [26719]
Checking PIDs [26719]
Checking PIDs [26719]
Checking PIDs [26719]
Checking PIDs [26719]
Checking PIDs [26719]
Checking PIDs [26719]
Checking PIDs [26719]
Checking PIDs [26719]
Checking PIDs [26719]
Checking PIDs [26719]
Checking PIDs [26719]
Checking PIDs [26719]
Checking PIDs [26719]
Checking PIDs [26719]
Checking PIDs [26719]
Checking PIDs [26719]
Checking PIDs [26719]
Checking PIDs [26719]
Checking PIDs [26719]
Checking PIDs [26719]
Checking PIDs [26719]
Checking PIDs [26719]
SAGE_TMP_ROOT = /home/n10186841/.sage/temp/cl4n092
Starting sage-cleaner with PID 29385
Checking PIDs [26719]
Process 26719 is no longer running, so we clean up
Killing 26719's spawned jobs
--> Killing 'gap' with PID 26724 and parent PID 26719
Deleting /home/n10186841/.sage/temp/cl4n092/26719
Checking PIDs [29391]
Checking PIDs [29391]
SAGE_TMP_ROOT = /home/n10186841/.sage/temp/cl4n092
sage-cleaner is already running with PID 29385, exiting
Checking PIDs [29391]
Checking PIDs [29391]
Checking PIDs [29391]
Checking PIDs [29391]
Checking PIDs [29391]
Checking PIDs [29391]
Checking PIDs [29391]
Checking PIDs [29391]
Checking PIDs [29391]
Checking PIDs [29391]
Checking PIDs [29391]
Checking PIDs [29391]
SAGE_TMP_ROOT = /home/n10186841/.sage/temp/cl4n092
Starting sage-cleaner with PID 62309
Checking PIDs []
Checking PIDs [62324]
Checking PIDs [62324]
SAGE_TMP_ROOT = /home/n10186841/.sage/temp/cl4n092
Starting sage-cleaner with PID 64687
Checking PIDs []
SAGE_TMP_ROOT = /home/n10186841/.sage/temp/cl4n092
Starting sage-cleaner with PID 65585
Checking PIDs []
SAGE_TMP_ROOT = /home/n10186841/.sage/temp/cl4n092
Starting sage-cleaner with PID 66427
Checking PIDs []
SAGE_TMP_ROOT = /home/n10186841/.sage/temp/cl4n092
Starting sage-cleaner with PID 67582
Checking PIDs []
SAGE_TMP_ROOT = /home/n10186841/.sage/temp/cl4n092
Starting sage-cleaner with PID 67882
Checking PIDs []
SAGE_TMP_ROOT = /home/n10186841/.sage/temp/cl4n092
Starting sage-cleaner with PID 3371
Checking PIDs []
Checking PIDs [3377]
Checking PIDs [3377]
Checking PIDs [3377]
Checking PIDs [3377]
Checking PIDs [3377]
Checking PIDs [3377]
Checking PIDs [3377]
Checking PIDs [3377]
Checking PIDs [3377]
Checking PIDs [3377]
Checking PIDs [3377]
Checking PIDs [3377]
Checking PIDs [3377]
Checking PIDs [3377]
Checking PIDs [3377]
Checking PIDs [3377]
Checking PIDs [3377]
Checking PIDs [3377]
Checking PIDs [3377]
Checking PIDs [3377]
Checking PIDs [3377]
Checking PIDs [3377]
Checking PIDs [3377]
Checking PIDs [3377]
Checking PIDs [3377]
Checking PIDs [3377]
Checking PIDs [3377]
Checking PIDs [3377]
Checking PIDs [3377]
Checking PIDs [3377]
Checking PIDs [3377]
Checking PIDs [3377]
Checking PIDs [3377]
Checking PIDs [3377]
Checking PIDs [3377]
Checking PIDs [3377]
Checking PIDs [3377]
Checking PIDs [3377]
Checking PIDs [3377]
Checking PIDs [3377]
Checking PIDs [3377]
Checking PIDs [3377]
Checking PIDs [3377]
Checking PIDs [3377]
Checking PIDs [3377]
Checking PIDs [3377]
Checking PIDs [3377]
Checking PIDs [3377]
Checking PIDs [3377]
Checking PIDs [3377]
Checking PIDs [3377]
Checking PIDs [3377]
Checking PIDs [3377]
Checking PIDs [3377]
Checking PIDs [3377]
Checking PIDs [3377]
Checking PIDs [3377]
Checking PIDs [3377]
Checking PIDs [3377]
Checking PIDs [3377]
Checking PIDs [3377]
Checking PIDs [3377]
Checking PIDs [3377]
Checking PIDs [3377]
Checking PIDs [3377]
Checking PIDs [3377]
Checking PIDs [3377]
Checking PIDs [3377]
Checking PIDs [3377]
Checking PIDs [3377]
Checking PIDs [3377]
Checking PIDs [3377]
Checking PIDs [3377]
Checking PIDs [3377]
Checking PIDs [3377]
Checking PIDs [3377]
Checking PIDs [3377]
Checking PIDs [3377]
Checking PIDs [3377]
Checking PIDs [3377]
Checking PIDs [3377]
Checking PIDs [3377]
Checking PIDs [3377]
SAGE_TMP_ROOT = /home/n10186841/.sage/temp/cl4n092
sage-cleaner is already running with PID 3371, exiting
Checking PIDs [3377]
Checking PIDs [3377]
Checking PIDs [3377]
Checking PIDs [3377]
Checking PIDs [3377]
Checking PIDs [3377]
Checking PIDs [3377]
SAGE_TMP_ROOT = /home/n10186841/.sage/temp/cl4n092
Starting sage-cleaner with PID 11488
Checking PIDs []
SAGE_TMP_ROOT = /home/n10186841/.sage/temp/cl4n092
Starting sage-cleaner with PID 14084
Checking PIDs []
SAGE_TMP_ROOT = /home/n10186841/.sage/temp/cl4n092
Starting sage-cleaner with PID 16589
Checking PIDs []
Checking PIDs [16595]
Checking PIDs [16595]
Checking PIDs [16595]
Checking PIDs [16595]
Checking PIDs [16595]
Checking PIDs [16595]
Checking PIDs [16595]
Checking PIDs [16595]
Checking PIDs [16595]
Checking PIDs [16595]
Checking PIDs [16595]
Checking PIDs [16595]
Checking PIDs [16595]
Checking PIDs [16595]
Checking PIDs [16595]
Checking PIDs [16595]
Checking PIDs [16595]
Checking PIDs [16595]
Checking PIDs [16595]
Checking PIDs [16595]
Checking PIDs [16595]
Checking PIDs [16595]
Checking PIDs [16595]
Checking PIDs [16595]
Checking PIDs [16595]
Checking PIDs [16595]
Checking PIDs [16595]
Checking PIDs [16595]
Checking PIDs [16595]
Checking PIDs [16595]
SAGE_TMP_ROOT = /home/n10186841/.sage/temp/cl4n092
Starting sage-cleaner with PID 20808
Checking PIDs []
Checking PIDs [20815]
Checking PIDs [20815]
Checking PIDs [20815]
Checking PIDs [20815]
Checking PIDs [20815]
Checking PIDs [20815]
Checking PIDs [20815]
Checking PIDs [20815]
Checking PIDs [20815]
Checking PIDs [20815]
Checking PIDs [20815]
Checking PIDs [20815]
Checking PIDs [20815]
Checking PIDs [20815]
Checking PIDs [20815]
Checking PIDs [20815]
Checking PIDs [20815]
Checking PIDs [20815]
Checking PIDs [20815]
Checking PIDs [20815]
Checking PIDs [20815]
Checking PIDs [20815]
Checking PIDs [20815]
Checking PIDs [20815]
Checking PIDs [20815]
Checking PIDs [20815]
Checking PIDs [20815]
Checking PIDs [20815]
Checking PIDs [20815]
Checking PIDs [20815]
Checking PIDs [20815]
Checking PIDs [20815]
Checking PIDs [20815]
Checking PIDs [20815]
Checking PIDs [20815]
Checking PIDs [20815]
Checking PIDs [20815]
Checking PIDs [20815]
Checking PIDs [20815]
Checking PIDs [20815]
Checking PIDs [20815]
Checking PIDs [20815]
Checking PIDs [20815]
Checking PIDs [20815]
Checking PIDs [20815]
Checking PIDs [20815]
Checking PIDs [20815]
Checking PIDs [20815]
Checking PIDs [20815]
Checking PIDs [20815]
Checking PIDs [20815]
Checking PIDs [20815]
Checking PIDs [20815]
Checking PIDs [20815]
Checking PIDs [20815]
Checking PIDs [20815]
Checking PIDs [20815]
Checking PIDs [20815]
Checking PIDs [20815]
Checking PIDs [20815]
Checking PIDs [20815]
Checking PIDs [20815]
Checking PIDs [20815]
Checking PIDs [20815]
Checking PIDs [20815]
Checking PIDs [20815]
Checking PIDs [20815]
Checking PIDs [20815]
Checking PIDs [20815]
Checking PIDs [20815]
Checking PIDs [20815]
Checking PIDs [20815]
SAGE_TMP_ROOT = /home/n10186841/.sage/temp/cl4n092
sage-cleaner is already running with PID 20808, exiting
Checking PIDs [20815]
Checking PIDs [20815]
Checking PIDs [20815]
Checking PIDs [20815]
Checking PIDs [20815]
Checking PIDs [20815]
Checking PIDs [20815]
Checking PIDs [20815]
