SAGE_TMP_ROOT = /home/n10186841/.sage/temp/cl4n027
Starting sage-cleaner with PID 35193
Checking PIDs []
SAGE_TMP_ROOT = /home/n10186841/.sage/temp/cl4n027
Starting sage-cleaner with PID 37439
Checking PIDs []
SAGE_TMP_ROOT = /home/n10186841/.sage/temp/cl4n027
Starting sage-cleaner with PID 40208
Checking PIDs []
SAGE_TMP_ROOT = /home/n10186841/.sage/temp/cl4n027
Starting sage-cleaner with PID 46971
Checking PIDs []
SAGE_TMP_ROOT = /home/n10186841/.sage/temp/cl4n027
Starting sage-cleaner with PID 47673
Checking PIDs []
Checking PIDs [47703]
SAGE_TMP_ROOT = /home/n10186841/.sage/temp/cl4n027
Starting sage-cleaner with PID 58918
Checking PIDs []
Checking PIDs [58925]
Checking PIDs []
Checking PIDs []
Checking PIDs []
Checking PIDs []
Checking PIDs []
Checking PIDs []
SAGE_TMP_ROOT = /home/n10186841/.sage/temp/cl4n027
Starting sage-cleaner with PID 25552
Checking PIDs []
SAGE_TMP_ROOT = /home/n10186841/.sage/temp/cl4n027
Starting sage-cleaner with PID 22024
Checking PIDs []
Checking PIDs []
Checking PIDs []
Checking PIDs []
Checking PIDs []
SAGE_TMP_ROOT = /home/n10186841/.sage/temp/cl4n027
Starting sage-cleaner with PID 53362
Checking PIDs []
Checking PIDs [53374]
Checking PIDs [53374]
Checking PIDs []
Checking PIDs []
Checking PIDs []
SAGE_TMP_ROOT = /home/n10186841/.sage/temp/cl4n027
Starting sage-cleaner with PID 39421
Checking PIDs []
Checking PIDs []
Checking PIDs []
Checking PIDs []
SAGE_TMP_ROOT = /home/n10186841/.sage/temp/cl4n027
Starting sage-cleaner with PID 52389
Checking PIDs []
Checking PIDs [52396]
Checking PIDs [52396]
Checking PIDs [52396]
Checking PIDs [52396]
SAGE_TMP_ROOT = /home/n10186841/.sage/temp/cl4n027
sage-cleaner is already running with PID 52389, exiting
SAGE_TMP_ROOT = /home/n10186841/.sage/temp/cl4n027
Starting sage-cleaner with PID 55948
Checking PIDs []
SAGE_TMP_ROOT = /home/n10186841/.sage/temp/cl4n027
Starting sage-cleaner with PID 57177
Checking PIDs []
Checking PIDs [57183]
Checking PIDs [57183]
Checking PIDs [57183]
Checking PIDs [57183]
SAGE_TMP_ROOT = /home/n10186841/.sage/temp/cl4n027
Starting sage-cleaner with PID 57328
Checking PIDs []
Checking PIDs [57335]
Checking PIDs [57335]
Checking PIDs [57335]
Checking PIDs [57335]
Checking PIDs [57335]
Checking PIDs [57335]
Checking PIDs [57335]
Checking PIDs [57335]
Checking PIDs [57335]
Checking PIDs [57335]
Checking PIDs [57335]
Checking PIDs [57335]
Checking PIDs [57335]
Checking PIDs [57335]
Checking PIDs [57335]
Checking PIDs [57335]
Checking PIDs [57335]
Checking PIDs [57335]
Checking PIDs [57335]
Checking PIDs [57335]
Checking PIDs [57335]
Checking PIDs [57335]
Checking PIDs [57335]
Checking PIDs [57335]
Checking PIDs [57335]
Checking PIDs [57335]
Checking PIDs [57335]
Checking PIDs [57335]
Checking PIDs [57335]
Checking PIDs [57335]
Checking PIDs [57335]
Checking PIDs [57335]
Checking PIDs [57335]
Checking PIDs [57335]
Checking PIDs [57335]
Checking PIDs [57335]
Checking PIDs [57335]
Checking PIDs [57335]
Checking PIDs [57335]
Checking PIDs [57335]
Checking PIDs [57335]
Checking PIDs [57335]
Checking PIDs [57335]
Checking PIDs [57335]
Checking PIDs [57335]
Checking PIDs [57335]
Checking PIDs [57335]
Checking PIDs [57335]
Checking PIDs [57335]
Checking PIDs [57335]
Checking PIDs [57335]
Checking PIDs [57335]
Checking PIDs [57335]
Checking PIDs [57335]
Checking PIDs [57335]
Checking PIDs [57335]
Checking PIDs [57335]
Checking PIDs [57335]
Checking PIDs [57335]
Checking PIDs [57335]
Checking PIDs [57335]
Checking PIDs [57335]
Checking PIDs [57335]
Checking PIDs [57335]
Checking PIDs [57335]
Checking PIDs [57335]
Checking PIDs [57335]
Checking PIDs [57335]
Checking PIDs [57335]
Checking PIDs [57335]
Checking PIDs [57335]
Checking PIDs [57335]
Checking PIDs [57335]
Checking PIDs [57335]
Checking PIDs [57335]
Checking PIDs [57335]
Checking PIDs [57335]
Checking PIDs [57335]
Checking PIDs [57335]
Checking PIDs [57335]
Checking PIDs [57335]
Checking PIDs [57335]
Checking PIDs [57335]
Checking PIDs [57335]
Checking PIDs [57335]
Checking PIDs [57335]
Checking PIDs [57335]
Checking PIDs [57335]
Checking PIDs [57335]
Checking PIDs [57335]
Checking PIDs [57335]
Checking PIDs [57335]
Checking PIDs [57335]
Checking PIDs [57335]
Checking PIDs [57335]
Checking PIDs [57335]
Checking PIDs [57335]
Checking PIDs [57335]
Checking PIDs [57335]
Checking PIDs [57335]
Checking PIDs [57335]
Checking PIDs [57335]
Checking PIDs [57335]
Checking PIDs [57335]
Checking PIDs [57335]
Checking PIDs [57335]
Checking PIDs [57335]
Checking PIDs [57335]
Checking PIDs [57335]
Checking PIDs [57335]
Checking PIDs [57335]
Checking PIDs [57335]
Checking PIDs [57335]
Checking PIDs [57335]
Checking PIDs [57335]
Checking PIDs [57335]
Checking PIDs [57335]
Checking PIDs [57335]
Checking PIDs [57335]
Checking PIDs [57335]
Checking PIDs [57335]
Checking PIDs [57335]
Checking PIDs [57335]
Checking PIDs [57335]
Checking PIDs [57335]
Checking PIDs [57335]
Checking PIDs [57335]
Checking PIDs [57335]
Checking PIDs [57335]
Checking PIDs [57335]
Checking PIDs [57335]
Checking PIDs [57335]
Checking PIDs [57335]
Checking PIDs [57335]
Checking PIDs [57335]
Checking PIDs [57335]
Checking PIDs [57335]
Checking PIDs [57335]
Checking PIDs [57335]
Checking PIDs [57335]
Checking PIDs [57335]
Checking PIDs [57335]
Checking PIDs [57335]
Checking PIDs [57335]
Checking PIDs [57335]
Checking PIDs [57335]
Checking PIDs [57335]
Checking PIDs [57335]
Checking PIDs [57335]
Checking PIDs [57335]
Checking PIDs [57335]
SAGE_TMP_ROOT = /home/n10186841/.sage/temp/cl4n027
Starting sage-cleaner with PID 58882
Checking PIDs [57335]
Process 57335 is no longer running, so we clean up
Deleting /home/n10186841/.sage/temp/cl4n027/57335
SAGE_TMP_ROOT = /home/n10186841/.sage/temp/cl4n027
Starting sage-cleaner with PID 59365
Checking PIDs []
Checking PIDs [59371]
Checking PIDs [59371]
Checking PIDs [59371]
Checking PIDs [59371]
Checking PIDs [59371]
Checking PIDs [59371]
Checking PIDs [59371]
Checking PIDs [59371]
Checking PIDs [59371]
Checking PIDs [59371]
Checking PIDs [59371]
Checking PIDs [59371]
Checking PIDs [59371]
Checking PIDs [59371]
Checking PIDs [59371]
Checking PIDs [59371]
Checking PIDs [59371]
Checking PIDs [59371]
Checking PIDs [59371]
Checking PIDs [59371]
Checking PIDs [59371]
Checking PIDs [59371]
Checking PIDs [59371]
Checking PIDs [59371]
Checking PIDs [59371]
Checking PIDs [59371]
Checking PIDs [59371]
Checking PIDs [59371]
Checking PIDs [59371]
Checking PIDs [59371]
Checking PIDs [59371]
Checking PIDs [59371]
Checking PIDs [59371]
Checking PIDs [59371]
SAGE_TMP_ROOT = /home/n10186841/.sage/temp/cl4n027
sage-cleaner is already running with PID 59365, exiting
Checking PIDs [59371]
Checking PIDs [59371]
Checking PIDs [59371]
Checking PIDs [59371]
Checking PIDs [59371]
Checking PIDs [59371]
Checking PIDs [59371]
Checking PIDs [59371]
Checking PIDs [59371]
Checking PIDs [59371]
Checking PIDs [59371]
Checking PIDs [59371]
Checking PIDs [59371]
Checking PIDs [59371]
Checking PIDs [59371]
Checking PIDs [59371]
Checking PIDs [59371]
Checking PIDs [59371]
Checking PIDs [59371]
Checking PIDs [59371]
Checking PIDs [59371]
Checking PIDs [59371]
Checking PIDs [59371]
Checking PIDs [59371]
Checking PIDs [59371]
SAGE_TMP_ROOT = /home/n10186841/.sage/temp/cl4n027
Starting sage-cleaner with PID 60195
Checking PIDs []
Checking PIDs [60201]
Checking PIDs [60201]
Checking PIDs [60201]
Checking PIDs [60201]
Checking PIDs [60201]
Checking PIDs [60201]
Checking PIDs [60201]
Checking PIDs [60201]
Checking PIDs [60201]
Checking PIDs [60201]
Checking PIDs [60201]
Checking PIDs [60201]
Checking PIDs [60201]
Checking PIDs [60201]
Checking PIDs [60201]
Checking PIDs [60201]
Checking PIDs [60201]
Checking PIDs [60201]
Checking PIDs [60201]
Checking PIDs [60201]
Checking PIDs [60201]
Checking PIDs [60201]
Checking PIDs [60201]
Checking PIDs [60201]
Checking PIDs [60201]
Checking PIDs [60201]
Checking PIDs [60201]
Checking PIDs [60201]
Checking PIDs [60201]
Checking PIDs [60201]
Checking PIDs [60201]
Checking PIDs [60201]
Checking PIDs [60201]
Checking PIDs [60201]
Checking PIDs [60201]
SAGE_TMP_ROOT = /home/n10186841/.sage/temp/cl4n027
sage-cleaner is already running with PID 60195, exiting
Checking PIDs [60201]
Checking PIDs [60201]
Checking PIDs [60201]
Checking PIDs [60201]
Checking PIDs [60201]
Checking PIDs [60201]
Checking PIDs [60201]
Checking PIDs [60201]
Checking PIDs [60201]
Checking PIDs [60201]
Checking PIDs [60201]
Checking PIDs [60201]
Checking PIDs [60201]
Checking PIDs [60201]
Checking PIDs [60201]
Checking PIDs [60201]
Checking PIDs [60201]
Checking PIDs [60201]
Checking PIDs [60201]
Checking PIDs [60201]
Checking PIDs [60201]
Checking PIDs [60201]
Checking PIDs [60201]
Checking PIDs [60201]
SAGE_TMP_ROOT = /home/n10186841/.sage/temp/cl4n027
Starting sage-cleaner with PID 14469
Checking PIDs []
Checking PIDs [14477]
Checking PIDs [14477]
Checking PIDs [14477]
Checking PIDs [14477]
Checking PIDs [14477]
Checking PIDs [14477]
Checking PIDs [14477]
Checking PIDs [14477]
Checking PIDs [14477]
Checking PIDs [14477]
Checking PIDs [14477]
Checking PIDs [14477]
Checking PIDs [14477]
Checking PIDs [14477]
Checking PIDs [14477]
Checking PIDs [14477]
Checking PIDs [14477]
Checking PIDs [14477]
Checking PIDs [14477]
Checking PIDs [14477]
Checking PIDs [14477]
Checking PIDs [14477]
Checking PIDs [14477]
Checking PIDs [14477]
Checking PIDs [14477]
Checking PIDs [14477]
Checking PIDs [14477]
Checking PIDs [14477]
Checking PIDs [14477]
SAGE_TMP_ROOT = /home/n10186841/.sage/temp/cl4n027
sage-cleaner is already running with PID 14469, exiting
Checking PIDs [14477]
Checking PIDs [14477]
SAGE_TMP_ROOT = /home/n10186841/.sage/temp/cl4n027
Starting sage-cleaner with PID 66448
Checking PIDs []
Checking PIDs [66455]
Checking PIDs [66455]
Checking PIDs [66455]
Checking PIDs [66455]
Checking PIDs [66455]
Checking PIDs [66455]
Checking PIDs [66455]
Checking PIDs [66455]
Checking PIDs [66455]
Checking PIDs [66455]
Checking PIDs [66455]
Checking PIDs [66455]
Checking PIDs [66455]
Checking PIDs [66455]
Checking PIDs [66455]
Checking PIDs [66455]
Checking PIDs [66455]
Checking PIDs [66455]
Checking PIDs [66455]
Checking PIDs [66455]
Checking PIDs [66455]
Checking PIDs [66455]
Checking PIDs [66455]
Checking PIDs [66455]
Checking PIDs [66455]
Checking PIDs [66455]
Checking PIDs [66455]
Checking PIDs [66455]
Checking PIDs [66455]
Checking PIDs [66455]
Checking PIDs [66455]
Checking PIDs [66455]
Checking PIDs [66455]
Checking PIDs [66455]
Checking PIDs [66455]
Checking PIDs [66455]
Checking PIDs [66455]
Checking PIDs [66455]
Checking PIDs [66455]
Checking PIDs [66455]
Checking PIDs [66455]
Checking PIDs [66455]
Checking PIDs [66455]
Checking PIDs [66455]
Checking PIDs [66455]
Checking PIDs [66455]
Checking PIDs [66455]
Checking PIDs [66455]
Checking PIDs [66455]
Checking PIDs [66455]
Checking PIDs [66455]
Checking PIDs [66455]
Checking PIDs [66455]
Checking PIDs [66455]
Checking PIDs [66455]
Checking PIDs [66455]
Checking PIDs [66455]
Checking PIDs [66455]
Checking PIDs [66455]
Checking PIDs [66455]
Checking PIDs [66455]
Checking PIDs [66455]
Checking PIDs [66455]
Checking PIDs [66455]
Checking PIDs [66455]
Checking PIDs [66455]
Checking PIDs [66455]
Checking PIDs [66455]
Checking PIDs [66455]
Checking PIDs [66455]
Checking PIDs [66455]
Checking PIDs [66455]
Checking PIDs [66455]
Checking PIDs [66455]
Checking PIDs [66455]
Checking PIDs [66455]
Checking PIDs [66455]
Checking PIDs [66455]
Checking PIDs [66455]
Checking PIDs [66455]
Checking PIDs [66455]
Checking PIDs [66455]
Checking PIDs [66455]
Checking PIDs [66455]
Checking PIDs [66455]
Checking PIDs [66455]
Checking PIDs [66455]
Checking PIDs [66455]
Checking PIDs [66455]
Checking PIDs [66455]
Checking PIDs [66455]
Checking PIDs [66455]
Checking PIDs [66455]
Checking PIDs [66455]
Checking PIDs [66455]
Checking PIDs [66455]
Checking PIDs [66455]
Checking PIDs [66455]
Checking PIDs [66455]
Checking PIDs [66455]
Checking PIDs [66455]
Checking PIDs [66455]
Checking PIDs [66455]
Checking PIDs [66455]
Checking PIDs [66455]
Checking PIDs [66455]
Checking PIDs [66455]
Checking PIDs [66455]
Checking PIDs [66455]
Checking PIDs [66455]
Checking PIDs [66455]
Checking PIDs [66455]
Checking PIDs [66455]
Checking PIDs [66455]
Checking PIDs [66455]
Checking PIDs [66455]
Checking PIDs [66455]
Checking PIDs [66455]
Checking PIDs [66455]
Checking PIDs [66455]
Checking PIDs [66455]
Checking PIDs [66455]
Checking PIDs [66455]
Checking PIDs [66455]
Checking PIDs [66455]
Checking PIDs [66455]
Checking PIDs [66455]
Checking PIDs [66455]
Checking PIDs [66455]
Checking PIDs [66455]
Checking PIDs [66455]
Checking PIDs [66455]
Checking PIDs [66455]
Checking PIDs [66455]
Checking PIDs [66455]
Checking PIDs [66455]
Checking PIDs [66455]
Checking PIDs [66455]
Checking PIDs [66455]
Checking PIDs [66455]
Checking PIDs [66455]
Checking PIDs [66455]
Checking PIDs [66455]
Checking PIDs [66455]
Checking PIDs [66455]
Checking PIDs [66455]
Checking PIDs [66455]
Checking PIDs [66455]
Checking PIDs [66455]
Checking PIDs [66455]
Checking PIDs [66455]
Checking PIDs [66455]
Checking PIDs [66455]
Checking PIDs [66455]
Checking PIDs [66455]
Checking PIDs [66455]
Checking PIDs [66455]
Checking PIDs [66455]
Checking PIDs [66455]
Checking PIDs [66455]
Checking PIDs [66455]
Checking PIDs [66455]
Checking PIDs [66455]
Checking PIDs [66455]
Checking PIDs [66455]
Checking PIDs [66455]
Checking PIDs [66455]
Checking PIDs [66455]
Checking PIDs [66455]
Checking PIDs [66455]
Checking PIDs [66455]
Checking PIDs [66455]
Checking PIDs [66455]
Checking PIDs [66455]
Checking PIDs [66455]
Checking PIDs [66455]
Checking PIDs [66455]
Checking PIDs [66455]
Checking PIDs [66455]
Checking PIDs [66455]
Checking PIDs [66455]
Checking PIDs [66455]
Checking PIDs [66455]
Checking PIDs [66455]
Checking PIDs [66455]
Checking PIDs [66455]
Checking PIDs [66455]
Checking PIDs [66455]
Checking PIDs [66455]
Checking PIDs [66455]
Checking PIDs [66455]
Checking PIDs [66455]
Checking PIDs [66455]
Checking PIDs [66455]
Checking PIDs [66455]
Checking PIDs [66455]
Checking PIDs [66455]
Checking PIDs [66455]
Checking PIDs [66455]
Checking PIDs [66455]
Checking PIDs [66455]
Checking PIDs [66455]
Checking PIDs [66455]
Checking PIDs [66455]
Checking PIDs [66455]
Checking PIDs [66455]
Checking PIDs [66455]
Checking PIDs [66455]
Checking PIDs [66455]
Checking PIDs [66455]
Checking PIDs [66455]
Checking PIDs [66455]
Checking PIDs [66455]
Checking PIDs [66455]
Checking PIDs [66455]
Checking PIDs [66455]
Checking PIDs [66455]
Checking PIDs [66455]
Checking PIDs [66455]
Checking PIDs [66455]
Checking PIDs [66455]
Checking PIDs [66455]
Checking PIDs [66455]
Checking PIDs [66455]
Checking PIDs [66455]
Checking PIDs [66455]
Checking PIDs [66455]
Checking PIDs [66455]
Checking PIDs [66455]
Checking PIDs [66455]
Checking PIDs [66455]
Checking PIDs [66455]
Checking PIDs [66455]
Checking PIDs [66455]
Checking PIDs [66455]
Checking PIDs [66455]
Checking PIDs [66455]
Checking PIDs [66455]
Checking PIDs [66455]
Checking PIDs [66455]
Checking PIDs [66455]
Checking PIDs [66455]
Checking PIDs [66455]
Checking PIDs [66455]
Checking PIDs [66455]
Checking PIDs [66455]
Checking PIDs [66455]
Checking PIDs [66455]
Checking PIDs [66455]
Checking PIDs [66455]
Checking PIDs [66455]
Checking PIDs [66455]
Checking PIDs [66455]
Checking PIDs [66455]
Checking PIDs [66455]
Checking PIDs [66455]
Checking PIDs [66455]
Checking PIDs [66455]
Checking PIDs [66455]
Checking PIDs [66455]
Checking PIDs [66455]
Checking PIDs [66455]
Checking PIDs [66455]
Checking PIDs [66455]
Checking PIDs [66455]
Checking PIDs [66455]
Checking PIDs [66455]
Checking PIDs [66455]
Checking PIDs [66455]
Checking PIDs [66455]
Checking PIDs [66455]
Checking PIDs [66455]
Checking PIDs [66455]
Checking PIDs [66455]
Checking PIDs [66455]
Checking PIDs [66455]
Checking PIDs [66455]
Checking PIDs [66455]
Checking PIDs [66455]
Checking PIDs [66455]
Checking PIDs [66455]
Checking PIDs [66455]
Checking PIDs [66455]
Checking PIDs [66455]
Checking PIDs [66455]
Checking PIDs [66455]
Checking PIDs [66455]
Checking PIDs [66455]
Checking PIDs [66455]
Checking PIDs [66455]
Checking PIDs [66455]
Checking PIDs [66455]
Checking PIDs [66455]
Checking PIDs [66455]
Checking PIDs [66455]
Checking PIDs [66455]
Checking PIDs [66455]
Checking PIDs [66455]
Checking PIDs [66455]
Checking PIDs [66455]
Checking PIDs [66455]
Checking PIDs [66455]
Checking PIDs [66455]
Checking PIDs [66455]
Checking PIDs [66455]
Checking PIDs [66455]
Checking PIDs [66455]
Checking PIDs [66455]
Checking PIDs [66455]
Checking PIDs [66455]
Checking PIDs [66455]
Checking PIDs [66455]
Checking PIDs [66455]
Checking PIDs [66455]
Checking PIDs [66455]
Checking PIDs [66455]
Checking PIDs [66455]
Checking PIDs [66455]
Checking PIDs [66455]
Checking PIDs [66455]
Checking PIDs [66455]
Checking PIDs [66455]
Checking PIDs [66455]
Checking PIDs [66455]
Checking PIDs [66455]
Checking PIDs [66455]
Checking PIDs [66455]
Checking PIDs [66455]
Checking PIDs [66455]
Checking PIDs [66455]
Checking PIDs [66455]
Checking PIDs [66455]
Checking PIDs [66455]
Checking PIDs [66455]
Checking PIDs [66455]
Checking PIDs [66455]
Checking PIDs [66455]
Checking PIDs [66455]
Checking PIDs [66455]
Checking PIDs [66455]
Checking PIDs [66455]
Checking PIDs [66455]
Checking PIDs [66455]
Checking PIDs [66455]
Checking PIDs [66455]
Checking PIDs [66455]
Checking PIDs [66455]
Checking PIDs [66455]
Checking PIDs [66455]
Checking PIDs [66455]
Checking PIDs [66455]
Checking PIDs [66455]
Checking PIDs [66455]
Checking PIDs [66455]
Checking PIDs [66455]
Checking PIDs [66455]
Checking PIDs [66455]
Checking PIDs [66455]
Checking PIDs [66455]
Checking PIDs [66455]
Checking PIDs [66455]
Checking PIDs [66455]
Checking PIDs [66455]
Checking PIDs [66455]
Checking PIDs [66455]
Checking PIDs [66455]
Checking PIDs [66455]
Checking PIDs [66455]
Checking PIDs [66455]
Checking PIDs [66455]
Checking PIDs [66455]
Checking PIDs [66455]
Checking PIDs [66455]
Checking PIDs [66455]
Checking PIDs [66455]
Checking PIDs [66455]
Checking PIDs [66455]
Checking PIDs [66455]
Checking PIDs [66455]
Checking PIDs [66455]
Checking PIDs [66455]
Checking PIDs [66455]
Checking PIDs [66455]
Checking PIDs [66455]
Checking PIDs [66455]
Checking PIDs [66455]
Checking PIDs [66455]
Checking PIDs [66455]
Checking PIDs [66455]
Checking PIDs [66455]
Checking PIDs [66455]
Checking PIDs [66455]
Checking PIDs [66455]
Checking PIDs [66455]
Checking PIDs [66455]
Checking PIDs [66455]
Checking PIDs [66455]
Checking PIDs [66455]
Checking PIDs [66455]
Checking PIDs [66455]
Checking PIDs [66455]
Checking PIDs [66455]
Checking PIDs [66455]
Checking PIDs [66455]
Checking PIDs [66455]
Checking PIDs [66455]
Checking PIDs [66455]
Checking PIDs [66455]
Checking PIDs [66455]
Checking PIDs [66455]
Checking PIDs [66455]
Checking PIDs [66455]
Checking PIDs [66455]
Checking PIDs [66455]
Checking PIDs [66455]
Checking PIDs [66455]
Checking PIDs [66455]
Checking PIDs [66455]
Checking PIDs [66455]
Checking PIDs [66455]
Checking PIDs [66455]
Checking PIDs [66455]
Checking PIDs [66455]
Checking PIDs [66455]
Checking PIDs [66455]
Checking PIDs [66455]
Checking PIDs [66455]
Checking PIDs [66455]
Checking PIDs [66455]
Checking PIDs [66455]
Checking PIDs [66455]
Checking PIDs [66455]
Checking PIDs [66455]
Checking PIDs [66455]
Checking PIDs [66455]
Checking PIDs [66455]
Checking PIDs [66455]
Checking PIDs [66455]
Checking PIDs [66455]
Checking PIDs [66455]
Checking PIDs [66455]
Checking PIDs [66455]
Checking PIDs [66455]
Checking PIDs [66455]
Checking PIDs [66455]
Checking PIDs [66455]
Checking PIDs [66455]
Checking PIDs [66455]
Checking PIDs [66455]
Checking PIDs [66455]
Checking PIDs [66455]
Checking PIDs [66455]
Checking PIDs [66455]
Checking PIDs [66455]
Checking PIDs [66455]
Checking PIDs [66455]
Checking PIDs [66455]
Checking PIDs [66455]
Checking PIDs [66455]
Checking PIDs [66455]
Checking PIDs [66455]
Checking PIDs [66455]
Checking PIDs [66455]
Checking PIDs [66455]
Checking PIDs [66455]
Checking PIDs [66455]
Checking PIDs [66455]
Checking PIDs [66455]
Checking PIDs [66455]
Checking PIDs [66455]
Checking PIDs [66455]
Checking PIDs [66455]
Checking PIDs [66455]
Checking PIDs [66455]
Checking PIDs [66455]
Checking PIDs [66455]
Checking PIDs [66455]
Checking PIDs [66455]
Checking PIDs [66455]
Checking PIDs [66455]
Checking PIDs [66455]
Checking PIDs [66455]
Checking PIDs [66455]
Checking PIDs [66455]
Checking PIDs [66455]
Checking PIDs [66455]
Checking PIDs [66455]
Checking PIDs [66455]
Checking PIDs [66455]
Checking PIDs [66455]
Checking PIDs [66455]
Checking PIDs [66455]
Checking PIDs [66455]
Checking PIDs [66455]
Checking PIDs [66455]
Checking PIDs [66455]
Checking PIDs [66455]
Checking PIDs [66455]
Checking PIDs [66455]
Checking PIDs [66455]
Checking PIDs [66455]
Checking PIDs [66455]
Checking PIDs [66455]
Checking PIDs [66455]
Checking PIDs [66455]
Checking PIDs [66455]
Checking PIDs [66455]
Checking PIDs [66455]
Checking PIDs [66455]
Checking PIDs [66455]
Checking PIDs [66455]
Checking PIDs [66455]
Checking PIDs [66455]
Checking PIDs [66455]
Checking PIDs [66455]
Checking PIDs [66455]
Checking PIDs [66455]
Checking PIDs [66455]
Checking PIDs [66455]
Checking PIDs [66455]
Checking PIDs [66455]
Checking PIDs [66455]
Checking PIDs [66455]
Checking PIDs [66455]
Checking PIDs [66455]
Checking PIDs [66455]
Checking PIDs [66455]
Checking PIDs [66455]
Checking PIDs [66455]
Checking PIDs [66455]
Checking PIDs [66455]
Checking PIDs [66455]
Checking PIDs [66455]
Checking PIDs [66455]
Checking PIDs [66455]
Checking PIDs [66455]
Checking PIDs [66455]
Checking PIDs [66455]
Checking PIDs [66455]
Checking PIDs [66455]
Checking PIDs [66455]
Checking PIDs [66455]
Checking PIDs [66455]
Checking PIDs [66455]
Checking PIDs [66455]
Checking PIDs [66455]
Checking PIDs [66455]
Checking PIDs [66455]
Checking PIDs [66455]
Checking PIDs [66455]
Checking PIDs [66455]
Checking PIDs [66455]
Checking PIDs [66455]
Checking PIDs [66455]
Checking PIDs [66455]
Checking PIDs [66455]
Checking PIDs [66455]
Checking PIDs [66455]
Checking PIDs [66455]
SAGE_TMP_ROOT = /home/n10186841/.sage/temp/cl4n027
sage-cleaner is already running with PID 66448, exiting
Checking PIDs [66455]
Checking PIDs [66455]
Checking PIDs [66455]
Checking PIDs [66455]
Checking PIDs [66455]
Checking PIDs [66455]
Checking PIDs [66455]
Checking PIDs [66455]
Checking PIDs [66455]
Checking PIDs [66455]
Checking PIDs [66455]
Checking PIDs [66455]
Checking PIDs [66455]
Checking PIDs [66455]
Checking PIDs [66455]
Checking PIDs [66455]
Checking PIDs [66455]
Checking PIDs [66455]
Checking PIDs [66455]
Checking PIDs [66455]
