SAGE_TMP_ROOT = /home/n10186841/.sage/temp/cl4n012
Starting sage-cleaner with PID 50964
Checking PIDs []
Checking PIDs []
Checking PIDs [50975]
Checking PIDs [50975]
Checking PIDs [50975]
Checking PIDs [50975]
Checking PIDs [50975]
Checking PIDs []
Checking PIDs []
SAGE_TMP_ROOT = /home/n10186841/.sage/temp/cl4n012
Starting sage-cleaner with PID 36272
Checking PIDs []
Checking PIDs [36279]
Checking PIDs [36279]
Checking PIDs [36279]
Checking PIDs [36279]
Checking PIDs [36279]
Checking PIDs [36279]
Checking PIDs [36279]
Checking PIDs [36279]
Checking PIDs [36279]
Checking PIDs [36279]
Checking PIDs [36279]
Checking PIDs [36279]
Checking PIDs [36279]
Checking PIDs [36279]
Checking PIDs [36279]
Checking PIDs [36279]
Checking PIDs [36279]
Checking PIDs [36279]
Checking PIDs [36279]
Checking PIDs [36279]
Checking PIDs [36279]
Checking PIDs [36279]
Checking PIDs [36279]
Checking PIDs [36279]
Checking PIDs [36279]
Checking PIDs [36279]
Checking PIDs [36279]
Checking PIDs [36279]
Checking PIDs [36279]
Checking PIDs [36279]
Checking PIDs [36279]
Checking PIDs [36279]
Checking PIDs [36279]
Checking PIDs [36279]
Checking PIDs [36279]
Checking PIDs [36279]
Checking PIDs [36279]
Checking PIDs [36279]
Checking PIDs [36279]
Checking PIDs [36279]
Checking PIDs [36279]
Checking PIDs [36279]
Checking PIDs [36279]
Checking PIDs [36279]
Checking PIDs [36279]
Checking PIDs [36279]
Checking PIDs [36279]
Checking PIDs [36279]
Checking PIDs [36279]
Checking PIDs [36279]
Checking PIDs [36279]
Checking PIDs [36279]
Checking PIDs [36279]
Checking PIDs [36279]
Checking PIDs [36279]
Checking PIDs [36279]
Checking PIDs [36279]
Checking PIDs [36279]
Checking PIDs [36279]
Checking PIDs [36279]
Checking PIDs [36279]
Checking PIDs [36279]
Checking PIDs [36279]
Checking PIDs [36279]
Checking PIDs [36279]
Checking PIDs [36279]
SAGE_TMP_ROOT = /home/n10186841/.sage/temp/cl4n012
sage-cleaner is already running with PID 36272, exiting
Checking PIDs [36279]
Checking PIDs [36279]
SAGE_TMP_ROOT = /home/n10186841/.sage/temp/cl4n012
Starting sage-cleaner with PID 37516
Checking PIDs []
Checking PIDs [37522]
Checking PIDs [37522]
Checking PIDs [37522]
Checking PIDs [37522]
Checking PIDs [37522]
Checking PIDs [37522]
Checking PIDs [37522]
Checking PIDs [37522]
Checking PIDs [37522]
Checking PIDs [37522]
Checking PIDs [37522]
Checking PIDs [37522]
Checking PIDs [37522]
Checking PIDs [37522]
Checking PIDs [37522]
Checking PIDs [37522]
Checking PIDs [37522]
Checking PIDs [37522]
Checking PIDs [37522]
Checking PIDs [37522]
Checking PIDs [37522]
Checking PIDs [37522]
Checking PIDs [37522]
Checking PIDs [37522]
Checking PIDs [37522]
Checking PIDs [37522]
Checking PIDs [37522]
Checking PIDs [37522]
Checking PIDs [37522]
Checking PIDs [37522]
Checking PIDs [37522]
Checking PIDs [37522]
Checking PIDs [37522]
Checking PIDs [37522]
Checking PIDs [37522]
Checking PIDs [37522]
Checking PIDs [37522]
Checking PIDs [37522]
Checking PIDs [37522]
Checking PIDs [37522]
Checking PIDs [37522]
Checking PIDs [37522]
Checking PIDs [37522]
Checking PIDs [37522]
Checking PIDs [37522]
Checking PIDs [37522]
Checking PIDs [37522]
Checking PIDs [37522]
Checking PIDs [37522]
Checking PIDs [37522]
Checking PIDs [37522]
Checking PIDs [37522]
Checking PIDs [37522]
Checking PIDs [37522]
Checking PIDs [37522]
Checking PIDs [37522]
Checking PIDs [37522]
Checking PIDs [37522]
Checking PIDs [37522]
Checking PIDs [37522]
Checking PIDs [37522]
Checking PIDs [37522]
SAGE_TMP_ROOT = /home/n10186841/.sage/temp/cl4n012
sage-cleaner is already running with PID 37516, exiting
Checking PIDs [37522]
Checking PIDs [37522]
Checking PIDs [37522]
Checking PIDs [37522]
Checking PIDs [37522]
Checking PIDs [37522]
Checking PIDs [37522]
Checking PIDs [37522]
Checking PIDs [37522]
SAGE_TMP_ROOT = /home/n10186841/.sage/temp/cl4n012
Starting sage-cleaner with PID 61067
Checking PIDs []
SAGE_TMP_ROOT = /home/n10186841/.sage/temp/cl4n012
sage-cleaner is already running with PID 61067, exiting
Checking PIDs [61073]
Checking PIDs [61073]
Checking PIDs [61073]
Checking PIDs [61073]
Checking PIDs [61073]
Checking PIDs [61073]
Checking PIDs [61073]
Checking PIDs [61073]
Checking PIDs [61073]
Checking PIDs [61073]
Checking PIDs [61073]
Checking PIDs [61073]
Checking PIDs [61073]
Checking PIDs [61073]
Checking PIDs [61073]
Checking PIDs [61073]
Checking PIDs [61073]
Checking PIDs [61073]
Checking PIDs [61073]
Checking PIDs [61073]
Checking PIDs [61073]
Checking PIDs [61073]
Checking PIDs [61073]
Checking PIDs [61073]
Checking PIDs [61073]
Checking PIDs [61073]
Checking PIDs [61073]
Checking PIDs [61073]
Checking PIDs [61073]
Checking PIDs [61073]
Checking PIDs [61073]
Checking PIDs [61073]
Checking PIDs [61073]
Checking PIDs [61073]
Checking PIDs [61073]
Checking PIDs [61073]
Checking PIDs [61073]
Checking PIDs [61073]
Checking PIDs [61073]
Checking PIDs [61073]
Checking PIDs [61073]
Checking PIDs [61073]
Checking PIDs [61073]
Checking PIDs [61073]
Checking PIDs [61073]
Checking PIDs [61073]
Checking PIDs [61073]
Checking PIDs [61073]
Checking PIDs [61073]
Checking PIDs [61073]
Checking PIDs [61073]
Checking PIDs [61073]
Checking PIDs [61073]
Checking PIDs [61073]
Checking PIDs [61073]
Checking PIDs [61073]
Checking PIDs [61073]
Checking PIDs [61073]
Checking PIDs [61073]
Checking PIDs [61073]
Checking PIDs [61073]
Checking PIDs [61073]
SAGE_TMP_ROOT = /home/n10186841/.sage/temp/cl4n012
Starting sage-cleaner with PID 5083
Checking PIDs []
Checking PIDs []
Checking PIDs []
Checking PIDs [5089]
Checking PIDs [5089]
Checking PIDs [5089]
Checking PIDs [5089]
Checking PIDs [5089]
Checking PIDs [5089]
Checking PIDs [5089]
Checking PIDs [5089]
Checking PIDs [5089]
Checking PIDs [5089]
Checking PIDs [5089]
Checking PIDs [5089]
Checking PIDs [5089]
Checking PIDs [5089]
Checking PIDs [5089]
Checking PIDs [5089]
Checking PIDs [5089]
Checking PIDs [5089]
Checking PIDs [5089]
Checking PIDs [5089]
Checking PIDs [5089]
Checking PIDs [5089]
Checking PIDs [5089]
Checking PIDs [5089]
Checking PIDs [5089]
Checking PIDs [5089]
Checking PIDs [5089]
Checking PIDs [5089]
Checking PIDs [5089]
Checking PIDs [5089]
Checking PIDs [5089]
Checking PIDs [5089]
Checking PIDs [5089]
Checking PIDs [5089]
Checking PIDs [5089]
Checking PIDs [5089]
Checking PIDs [5089]
SAGE_TMP_ROOT = /home/n10186841/.sage/temp/cl4n012
sage-cleaner is already running with PID 5083, exiting
Checking PIDs [5089]
Checking PIDs [5089]
