SAGE_TMP_ROOT = /home/n10186841/.sage/temp/cl4n014
Starting sage-cleaner with PID 2354
Checking PIDs []
Checking PIDs [2361]
Checking PIDs [2361]
Checking PIDs [2361]
Checking PIDs [2361]
Checking PIDs [2361]
Checking PIDs [2361]
Checking PIDs [2361]
Checking PIDs [2361]
Checking PIDs [2361]
Checking PIDs [2361]
Checking PIDs [2361]
Checking PIDs [2361]
Checking PIDs [2361]
Checking PIDs [2361]
Checking PIDs [2361]
Checking PIDs [2361]
Checking PIDs [2361]
Checking PIDs [2361]
Checking PIDs [2361]
Checking PIDs [2361]
Checking PIDs [2361]
Checking PIDs [2361]
Checking PIDs [2361]
Checking PIDs [2361]
Checking PIDs [2361]
Checking PIDs [2361]
Checking PIDs [2361]
Checking PIDs [2361]
Checking PIDs [2361]
Checking PIDs [2361]
Checking PIDs [2361]
Checking PIDs [2361]
Checking PIDs [2361]
Checking PIDs [2361]
Checking PIDs [2361]
Checking PIDs [2361]
Checking PIDs [2361]
Checking PIDs [2361]
Checking PIDs [2361]
Checking PIDs [2361]
Checking PIDs [2361]
Checking PIDs [2361]
Checking PIDs [2361]
Checking PIDs [2361]
Checking PIDs [2361]
Checking PIDs [2361]
Checking PIDs [2361]
Checking PIDs [2361]
Checking PIDs [2361]
Checking PIDs [2361]
Checking PIDs [2361]
Checking PIDs [2361]
Checking PIDs [2361]
Checking PIDs [2361]
Checking PIDs [2361]
Checking PIDs [2361]
Checking PIDs [2361]
Checking PIDs [2361]
Checking PIDs [2361]
Checking PIDs [2361]
Checking PIDs [2361]
Checking PIDs [2361]
Checking PIDs [2361]
Checking PIDs [2361]
Checking PIDs [2361]
Checking PIDs [2361]
Checking PIDs [2361]
Checking PIDs [2361]
Checking PIDs [2361]
Checking PIDs [2361]
Checking PIDs [2361]
Checking PIDs [2361]
Checking PIDs [2361]
Checking PIDs [2361]
Checking PIDs [2361]
Checking PIDs [2361]
Checking PIDs [2361]
Checking PIDs [2361]
Checking PIDs [2361]
Checking PIDs [2361]
Checking PIDs [2361]
Checking PIDs [2361]
Checking PIDs [2361]
Checking PIDs [2361]
Checking PIDs [2361]
Checking PIDs [2361]
Checking PIDs [2361]
Checking PIDs [2361]
Checking PIDs [2361]
Checking PIDs [2361]
Checking PIDs [2361]
Checking PIDs [2361]
Checking PIDs [2361]
Checking PIDs [2361]
Checking PIDs [2361]
Checking PIDs [2361]
Checking PIDs [2361]
Checking PIDs [2361]
Checking PIDs [2361]
Checking PIDs [2361]
Checking PIDs [2361]
Checking PIDs [2361]
Checking PIDs [2361]
Checking PIDs [2361]
Checking PIDs [2361]
Checking PIDs [2361]
Checking PIDs [2361]
Checking PIDs [2361]
Checking PIDs [2361]
Checking PIDs [2361]
Checking PIDs [2361]
Checking PIDs [2361]
Checking PIDs [2361]
Checking PIDs [2361]
Checking PIDs [2361]
Checking PIDs [2361]
Checking PIDs [2361]
Checking PIDs [2361]
Checking PIDs [2361]
Checking PIDs [2361]
Checking PIDs [2361]
Checking PIDs [2361]
Checking PIDs [2361]
Checking PIDs [2361]
Checking PIDs [2361]
Checking PIDs [2361]
Checking PIDs [2361]
Checking PIDs [2361]
Checking PIDs [2361]
Checking PIDs [2361]
Checking PIDs [2361]
Checking PIDs [2361]
Checking PIDs [2361]
Checking PIDs [2361]
Checking PIDs [2361]
Checking PIDs [2361]
Checking PIDs [2361]
Checking PIDs [2361]
Checking PIDs [2361]
Checking PIDs [2361]
SAGE_TMP_ROOT = /home/n10186841/.sage/temp/cl4n014
Starting sage-cleaner with PID 4944
Checking PIDs [2361]
Process 2361 is no longer running, so we clean up
Deleting /home/n10186841/.sage/temp/cl4n014/2361
Checking PIDs [4950]
Checking PIDs [4950]
Checking PIDs [4950]
Checking PIDs [4950]
Checking PIDs [4950]
Checking PIDs [4950]
Checking PIDs [4950]
Checking PIDs [4950]
Checking PIDs [4950]
Checking PIDs [4950]
Checking PIDs [4950]
Checking PIDs [4950]
Checking PIDs [4950]
Checking PIDs [4950]
Checking PIDs [4950]
Checking PIDs [4950]
Checking PIDs [4950]
Checking PIDs [4950]
Checking PIDs [4950]
Checking PIDs [4950]
Checking PIDs [4950]
Checking PIDs [4950]
Checking PIDs [4950]
Checking PIDs [4950]
Checking PIDs [4950]
Checking PIDs [4950]
Checking PIDs [4950]
Checking PIDs [4950]
Checking PIDs [4950]
Checking PIDs [4950]
Checking PIDs [4950]
Checking PIDs [4950]
Checking PIDs [4950]
Checking PIDs [4950]
Checking PIDs [4950]
Checking PIDs [4950]
Checking PIDs [4950]
Checking PIDs [4950]
Checking PIDs [4950]
Checking PIDs [4950]
Checking PIDs [4950]
Checking PIDs [4950]
Checking PIDs [4950]
Checking PIDs [4950]
Checking PIDs [4950]
Checking PIDs [4950]
Checking PIDs [4950]
Checking PIDs [4950]
Checking PIDs [4950]
Checking PIDs [4950]
Checking PIDs [4950]
Checking PIDs [4950]
Checking PIDs [4950]
Checking PIDs [4950]
Checking PIDs [4950]
Checking PIDs [4950]
Checking PIDs [4950]
Checking PIDs [4950]
Checking PIDs [4950]
Checking PIDs [4950]
Checking PIDs [4950]
Checking PIDs [4950]
Checking PIDs [4950]
Checking PIDs [4950]
Checking PIDs [4950]
Checking PIDs [4950]
Checking PIDs [4950]
Checking PIDs [4950]
Checking PIDs [4950]
Checking PIDs [4950]
Checking PIDs [4950]
Checking PIDs [4950]
Checking PIDs [4950]
Checking PIDs [4950]
Checking PIDs [4950]
Checking PIDs [4950]
Checking PIDs [4950]
Checking PIDs [4950]
Checking PIDs [4950]
Checking PIDs [4950]
Checking PIDs [4950]
Checking PIDs [4950]
Checking PIDs [4950]
Checking PIDs [4950]
Checking PIDs [4950]
Checking PIDs [4950]
Checking PIDs [4950]
Checking PIDs [4950]
Checking PIDs [4950]
Checking PIDs [4950]
Checking PIDs [4950]
Checking PIDs [4950]
Checking PIDs [4950]
Checking PIDs [4950]
Checking PIDs [4950]
Checking PIDs [4950]
Checking PIDs [4950]
Checking PIDs [4950]
Checking PIDs [4950]
Checking PIDs [4950]
Checking PIDs [4950]
Checking PIDs [4950]
Checking PIDs [4950]
Checking PIDs [4950]
Checking PIDs [4950]
Checking PIDs [4950]
Checking PIDs [4950]
Checking PIDs [4950]
Checking PIDs [4950]
Checking PIDs [4950]
Checking PIDs [4950]
Checking PIDs [4950]
Checking PIDs [4950]
Checking PIDs [4950]
Checking PIDs [4950]
Checking PIDs [4950]
Checking PIDs [4950]
Checking PIDs [4950]
Checking PIDs [4950]
Checking PIDs [4950]
Checking PIDs [4950]
Checking PIDs [4950]
Checking PIDs [4950]
Checking PIDs [4950]
Checking PIDs [4950]
Checking PIDs [4950]
Checking PIDs [4950]
Checking PIDs [4950]
Checking PIDs [4950]
Checking PIDs [4950]
Checking PIDs [4950]
Checking PIDs [4950]
Checking PIDs [4950]
Checking PIDs [4950]
Checking PIDs [4950]
Checking PIDs [4950]
Checking PIDs [4950]
Checking PIDs [4950]
Checking PIDs [4950]
Checking PIDs [4950]
Checking PIDs [4950]
Checking PIDs [4950]
Checking PIDs [4950]
Checking PIDs [4950]
Checking PIDs [4950]
Checking PIDs [4950]
Checking PIDs [4950]
Checking PIDs [4950]
Checking PIDs [4950]
Checking PIDs [4950]
Checking PIDs [4950]
Checking PIDs [4950]
Checking PIDs [4950]
Checking PIDs [4950]
Checking PIDs [4950]
Checking PIDs [4950]
Checking PIDs [4950]
Checking PIDs [4950]
Checking PIDs [4950]
Checking PIDs [4950]
Checking PIDs [4950]
Checking PIDs [4950]
Checking PIDs [4950]
Checking PIDs [4950]
Checking PIDs [4950]
Checking PIDs [4950]
Checking PIDs [4950]
Checking PIDs [4950]
Checking PIDs [4950]
SAGE_TMP_ROOT = /home/n10186841/.sage/temp/cl4n014
Starting sage-cleaner with PID 21105
Checking PIDs [21111]
