SAGE_TMP_ROOT = /home/n10186841/.sage/temp/cl5n029
Starting sage-cleaner with PID 50901
Checking PIDs []
Checking PIDs [50907]
Checking PIDs [50907]
Checking PIDs [50907]
Checking PIDs [50907]
SAGE_TMP_ROOT = /home/n10186841/.sage/temp/cl5n029
Starting sage-cleaner with PID 34291
Checking PIDs [50907, 34295]
Process 50907 is no longer running, so we clean up
Deleting /home/n10186841/.sage/temp/cl5n029/50907
Process 34295 is no longer running, so we clean up
Deleting /home/n10186841/.sage/temp/cl5n029/34295
SAGE_TMP_ROOT = /home/n10186841/.sage/temp/cl5n029
sage-cleaner is already running with PID 34291, exiting
Checking PIDs [34380, 34373]
Checking PIDs [34380, 34373]
Checking PIDs [34380, 34373]
Checking PIDs [34380, 34373]
Checking PIDs [34380, 34373]
Checking PIDs [34380, 34373]
Checking PIDs [34380, 34373]
Checking PIDs [34380, 34373]
Checking PIDs [34380, 34373]
Checking PIDs [34380, 34373]
Checking PIDs [34380, 34373]
Checking PIDs [34380, 34373]
Checking PIDs [34380, 34373]
Checking PIDs [34380, 34373]
Checking PIDs [34380, 34373]
Checking PIDs [34380, 34373]
Checking PIDs [34380, 34373]
Checking PIDs [34380, 34373]
Checking PIDs [34380, 34373]
Checking PIDs [34380, 34373]
Checking PIDs [34380, 34373]
Checking PIDs [34380, 34373]
Checking PIDs [34380, 34373]
Checking PIDs [34380, 34373]
Checking PIDs [34380, 34373]
Checking PIDs [34380, 34373]
Checking PIDs [34380, 34373]
Checking PIDs [34380, 34373]
Checking PIDs [34380, 34373]
Checking PIDs [34380, 34373]
Checking PIDs [34380, 34373]
Checking PIDs [34380, 34373]
Checking PIDs [34380, 34373]
Checking PIDs [34380, 34373]
Checking PIDs [34380, 34373]
Checking PIDs [34380, 34373]
Checking PIDs [34380, 34373]
Checking PIDs [34380, 34373]
Checking PIDs [34380, 34373]
Checking PIDs [34380, 34373]
Checking PIDs [34380, 34373]
Checking PIDs [34380, 34373]
Checking PIDs [34380, 34373]
Checking PIDs [34380, 34373]
Checking PIDs [34380, 34373]
Checking PIDs [34380, 34373]
Checking PIDs [34380, 34373]
Checking PIDs [34380, 34373]
Checking PIDs [34380, 34373]
Checking PIDs [34380, 34373]
Checking PIDs [34380, 34373]
Checking PIDs [34380, 34373]
Checking PIDs [34380, 34373]
Checking PIDs [34380, 34373]
Checking PIDs [34380, 34373]
Checking PIDs [34380, 34373]
Checking PIDs [34380, 34373]
Checking PIDs [34380, 34373]
Checking PIDs [34380, 34373]
Checking PIDs [34380, 34373]
Checking PIDs [34380, 34373]
Checking PIDs [34380, 34373]
Checking PIDs [34380, 34373]
Checking PIDs [34380, 34373]
Checking PIDs [34380, 34373]
Checking PIDs [34380, 34373]
Checking PIDs [34380, 34373]
Checking PIDs [34380, 34373]
Checking PIDs [34380, 34373]
Checking PIDs [34380, 34373]
Checking PIDs [34380, 34373]
Checking PIDs [34380, 34373]
Checking PIDs [34380, 34373]
Checking PIDs [34380, 34373]
Checking PIDs [34380, 34373]
Checking PIDs [34380, 34373]
Checking PIDs [34380, 34373]
Checking PIDs [34380, 34373]
Checking PIDs [34380, 34373]
Checking PIDs [34380, 34373]
Checking PIDs [34380, 34373]
Checking PIDs [34380, 34373]
Checking PIDs [34380, 34373]
Checking PIDs [34380, 34373]
Checking PIDs [34380, 34373]
Checking PIDs [34380, 34373]
Checking PIDs [34380, 34373]
Checking PIDs [34380, 34373]
Checking PIDs [34380, 34373]
Checking PIDs [34380, 34373]
Checking PIDs [34380, 34373]
Checking PIDs [34380, 34373]
Checking PIDs [34380, 34373]
Checking PIDs [34380, 34373]
Checking PIDs [34380, 34373]
Checking PIDs [34380, 34373]
Checking PIDs [34380, 34373]
Checking PIDs [34380, 34373]
Checking PIDs [34380, 34373]
Checking PIDs [34380, 34373]
Checking PIDs [34380, 34373]
Checking PIDs [34380, 34373]
Checking PIDs [34380, 34373]
Checking PIDs [34380, 34373]
Checking PIDs [34380, 34373]
Checking PIDs [34380, 34373]
Checking PIDs [34380, 34373]
Checking PIDs [34380, 34373]
Checking PIDs [34380, 34373]
Checking PIDs [34380, 34373]
Checking PIDs [34380, 34373]
Checking PIDs [34380, 34373]
Checking PIDs [34380, 34373]
Checking PIDs [34380, 34373]
Checking PIDs [34380, 34373]
Checking PIDs [34380, 34373]
Checking PIDs [34380, 34373]
Checking PIDs [34380, 34373]
Checking PIDs [34380, 34373]
Checking PIDs [34380, 34373]
Checking PIDs [34380, 34373]
Checking PIDs [34380, 34373]
Checking PIDs [34380, 34373]
Checking PIDs [34380, 34373]
Checking PIDs [34380, 34373]
Checking PIDs [34380, 34373]
Checking PIDs [34380, 34373]
Checking PIDs [34380, 34373]
Checking PIDs [34380, 34373]
Checking PIDs [34380, 34373]
Checking PIDs [34380, 34373]
Checking PIDs [34380, 34373]
Checking PIDs [34380, 34373]
Checking PIDs [34380, 34373]
Checking PIDs [34380, 34373]
Checking PIDs [34380, 34373]
Checking PIDs [34380, 34373]
Checking PIDs [34380, 34373]
Checking PIDs [34380, 34373]
Checking PIDs [34380, 34373]
Checking PIDs [34380, 34373]
Checking PIDs [34380, 34373]
Checking PIDs [34380, 34373]
Checking PIDs [34380, 34373]
Checking PIDs [34380, 34373]
Checking PIDs [34380, 34373]
Checking PIDs [34380, 34373]
Checking PIDs [34380, 34373]
Checking PIDs [34380, 34373]
Checking PIDs [34380, 34373]
Checking PIDs [34380, 34373]
Checking PIDs [34380, 34373]
Checking PIDs [34380, 34373]
Checking PIDs [34380, 34373]
Checking PIDs [34380, 34373]
Checking PIDs [34380, 34373]
Checking PIDs [34380, 34373]
Checking PIDs [34380, 34373]
Checking PIDs [34380, 34373]
Checking PIDs [34380, 34373]
Checking PIDs [34380, 34373]
Checking PIDs [34380, 34373]
Checking PIDs [34380, 34373]
Checking PIDs [34380, 34373]
Checking PIDs [34380, 34373]
Checking PIDs [34380, 34373]
Checking PIDs [34380, 34373]
Checking PIDs [34380, 34373]
Checking PIDs [34380, 34373]
Checking PIDs [34380, 34373]
Checking PIDs [34380, 34373]
Checking PIDs [34380, 34373]
Checking PIDs [34380, 34373]
Checking PIDs [34380, 34373]
Checking PIDs [34380, 34373]
Checking PIDs [34380, 34373]
Checking PIDs [34380, 34373]
Checking PIDs [34380, 34373]
Checking PIDs [34380, 34373]
Checking PIDs [34380, 34373]
Checking PIDs [34380, 34373]
Checking PIDs [34380, 34373]
Checking PIDs [34380, 34373]
Checking PIDs [34380, 34373]
SAGE_TMP_ROOT = /home/n10186841/.sage/temp/cl5n029
SAGE_TMP_ROOT = /home/n10186841/.sage/temp/cl5n029
sage-cleaner is already running with PID 34291, exiting
SAGE_TMP_ROOT = /home/n10186841/.sage/temp/cl5n029
sage-cleaner is already running with PID 34291, exiting
sage-cleaner is already running with PID 34291, exiting
SAGE_TMP_ROOT = /home/n10186841/.sage/temp/cl5n029
sage-cleaner is already running with PID 34291, exiting
Checking PIDs [34380, 34373, 36231, 36237, 36233, 36232]
Checking PIDs [34380, 34373, 36231, 36237, 36233, 36232]
Checking PIDs [34380, 34373, 36231, 36237, 36233, 36232]
Checking PIDs [34380, 34373, 36231, 36237, 36233, 36232]
Checking PIDs [34380, 34373, 36231, 36237, 36233, 36232]
Checking PIDs [34380, 34373, 36231, 36237, 36233, 36232]
Checking PIDs [34380, 34373, 36231, 36237, 36233, 36232]
Checking PIDs [34380, 34373, 36231, 36237, 36233, 36232]
Checking PIDs [34380, 34373, 36231, 36237, 36233, 36232]
Checking PIDs [34380, 34373, 36231, 36237, 36233, 36232]
Checking PIDs [34380, 34373, 36231, 36237, 36233, 36232]
Checking PIDs [34380, 34373, 36231, 36237, 36233, 36232]
Checking PIDs [34380, 34373, 36231, 36237, 36233, 36232]
Checking PIDs [34380, 34373, 36231, 36237, 36233, 36232]
Checking PIDs [34380, 34373, 36231, 36237, 36233, 36232]
Checking PIDs [34380, 34373, 36231, 36237, 36233, 36232]
Checking PIDs [34380, 34373, 36231, 36237, 36233, 36232]
Checking PIDs [34380, 34373, 36231, 36237, 36233, 36232]
Checking PIDs [34380, 34373, 36231, 36237, 36233, 36232]
Checking PIDs [34380, 34373, 36231, 36237, 36233, 36232]
Checking PIDs [34380, 34373, 36231, 36237, 36233, 36232]
Checking PIDs [34380, 34373, 36231, 36237, 36233, 36232]
Checking PIDs [34380, 34373, 36231, 36237, 36233, 36232]
Checking PIDs [34380, 34373, 36231, 36237, 36233, 36232]
Checking PIDs [34380, 34373, 36231, 36237, 36233, 36232]
Checking PIDs [34380, 34373, 36231, 36237, 36233, 36232]
Checking PIDs [34380, 34373, 36231, 36237, 36233, 36232]
Checking PIDs [34380, 34373, 36231, 36237, 36233, 36232]
Checking PIDs [34380, 34373, 36231, 36237, 36233, 36232]
Checking PIDs [34380, 34373, 36231, 36237, 36233, 36232]
Checking PIDs [34380, 34373, 36231, 36237, 36233, 36232]
Checking PIDs [34380, 34373, 36231, 36237, 36233, 36232]
Checking PIDs [34380, 34373, 36231, 36237, 36233, 36232]
Checking PIDs [34380, 34373, 36231, 36237, 36233, 36232]
Checking PIDs [34380, 34373, 36231, 36237, 36233, 36232]
Checking PIDs [34380, 34373, 36231, 36237, 36233, 36232]
Checking PIDs [34380, 34373, 36231, 36237, 36233, 36232]
Checking PIDs [34380, 34373, 36231, 36237, 36233, 36232]
Checking PIDs [34380, 34373, 36231, 36237, 36233, 36232]
Checking PIDs [34380, 34373, 36231, 36237, 36233, 36232]
Checking PIDs [34380, 34373, 36231, 36237, 36233, 36232]
Checking PIDs [34380, 34373, 36231, 36237, 36233, 36232]
Checking PIDs [34380, 34373, 36231, 36237, 36233, 36232]
Checking PIDs [34380, 34373, 36231, 36237, 36233, 36232]
Checking PIDs [34380, 34373, 36231, 36237, 36233, 36232]
Checking PIDs [34380, 34373, 36231, 36237, 36233, 36232]
Checking PIDs [34380, 34373, 36231, 36237, 36233, 36232]
Checking PIDs [34380, 34373, 36231, 36237, 36233, 36232]
Checking PIDs [34380, 34373, 36231, 36237, 36233, 36232]
Checking PIDs [34380, 34373, 36231, 36237, 36233, 36232]
Checking PIDs [34380, 34373, 36231, 36237, 36233, 36232]
Checking PIDs [34380, 34373, 36231, 36237, 36233, 36232]
Checking PIDs [34380, 34373, 36231, 36237, 36233, 36232]
Checking PIDs [34380, 34373, 36231, 36237, 36233, 36232]
Checking PIDs [34380, 34373, 36231, 36237, 36233, 36232]
Checking PIDs [34380, 34373, 36231, 36237, 36233, 36232]
Checking PIDs [34380, 34373, 36231, 36237, 36233, 36232]
Checking PIDs [34380, 34373, 36231, 36237, 36233, 36232]
Checking PIDs [34380, 34373, 36231, 36237, 36233, 36232]
Checking PIDs [34380, 34373, 36231, 36237, 36233, 36232]
Checking PIDs [34380, 34373, 36231, 36237, 36233, 36232]
Checking PIDs [34380, 34373, 36231, 36237, 36233, 36232]
Checking PIDs [34380, 34373, 36231, 36237, 36233, 36232]
Checking PIDs [34380, 34373, 36231, 36237, 36233, 36232]
Checking PIDs [34380, 34373, 36231, 36237, 36233, 36232]
Checking PIDs [34380, 34373, 36231, 36237, 36233, 36232]
Checking PIDs [34380, 34373, 36231, 36237, 36233, 36232]
Checking PIDs [34380, 34373, 36231, 36237, 36233, 36232]
Checking PIDs [34380, 34373, 36231, 36237, 36233, 36232]
Checking PIDs [34380, 34373, 36231, 36237, 36233, 36232]
Checking PIDs [34380, 34373, 36231, 36237, 36233, 36232]
Checking PIDs [34380, 34373, 36231, 36237, 36233, 36232]
Checking PIDs [34380, 34373, 36231, 36237, 36233, 36232]
Checking PIDs [34380, 34373, 36231, 36237, 36233, 36232]
Checking PIDs [34380, 34373, 36231, 36237, 36233, 36232]
Checking PIDs [34380, 34373, 36231, 36237, 36233, 36232]
Checking PIDs [34380, 34373, 36231, 36237, 36233, 36232]
Checking PIDs [34380, 34373, 36231, 36237, 36233, 36232]
Checking PIDs [34380, 34373, 36231, 36237, 36233, 36232]
Checking PIDs [34380, 34373, 36231, 36237, 36233, 36232]
Checking PIDs [34380, 34373, 36231, 36237, 36233, 36232]
Checking PIDs [34380, 34373, 36231, 36237, 36233, 36232]
Checking PIDs [34380, 34373, 36231, 36237, 36233, 36232]
Checking PIDs [34380, 34373, 36231, 36237, 36233, 36232]
Checking PIDs [34380, 34373, 36231, 36237, 36233, 36232]
Checking PIDs [34380, 34373, 36231, 36237, 36233, 36232]
Checking PIDs [34380, 34373, 36231, 36237, 36233, 36232]
Checking PIDs [34380, 34373, 36231, 36237, 36233, 36232]
Checking PIDs [34380, 34373, 36231, 36237, 36233, 36232]
Checking PIDs [34380, 34373, 36231, 36237, 36233, 36232]
Checking PIDs [34380, 34373, 36231, 36237, 36233, 36232]
Checking PIDs [34380, 34373, 36231, 36237, 36233, 36232]
Checking PIDs [34380, 34373, 36231, 36237, 36233, 36232]
Checking PIDs [34380, 34373, 36231, 36237, 36233, 36232]
Checking PIDs [34380, 34373, 36231, 36237, 36233, 36232]
Checking PIDs [34380, 34373, 36231, 36237, 36233, 36232]
Checking PIDs [34380, 34373, 36231, 36237, 36233, 36232]
Checking PIDs [34380, 34373, 36231, 36237, 36233, 36232]
Checking PIDs [34380, 34373, 36231, 36237, 36233, 36232]
Checking PIDs [34380, 34373, 36231, 36237, 36233, 36232]
Checking PIDs [34380, 34373, 36231, 36237, 36233, 36232]
Checking PIDs [34380, 34373, 36231, 36237, 36233, 36232]
Checking PIDs [34380, 34373, 36231, 36237, 36233, 36232]
Checking PIDs [34380, 34373, 36231, 36237, 36233, 36232]
Checking PIDs [34380, 34373, 36231, 36237, 36233, 36232]
Checking PIDs [34380, 34373, 36231, 36237, 36233, 36232]
Checking PIDs [34380, 34373, 36231, 36237, 36233, 36232]
Checking PIDs [34380, 34373, 36231, 36237, 36233, 36232]
Checking PIDs [34380, 34373, 36231, 36237, 36233, 36232]
Checking PIDs [34380, 34373, 36231, 36237, 36233, 36232]
Checking PIDs [34380, 34373, 36231, 36237, 36233, 36232]
Checking PIDs [34380, 34373, 36231, 36237, 36233, 36232]
Checking PIDs [34380, 34373, 36231, 36237, 36233, 36232]
Checking PIDs [34380, 34373, 36231, 36237, 36233, 36232]
Checking PIDs [34380, 34373, 36231, 36237, 36233, 36232]
Checking PIDs [34380, 34373, 36231, 36237, 36233, 36232]
Checking PIDs [34380, 34373, 36231, 36237, 36233, 36232]
Checking PIDs [34380, 34373, 36231, 36237, 36233, 36232]
Checking PIDs [34380, 34373, 36231, 36237, 36233, 36232]
Checking PIDs [34380, 34373, 36231, 36237, 36233, 36232]
Checking PIDs [34380, 34373, 36231, 36237, 36233, 36232]
Checking PIDs [34380, 34373, 36231, 36237, 36233, 36232]
Checking PIDs [34380, 34373, 36231, 36237, 36233, 36232]
Checking PIDs [34380, 34373, 36231, 36237, 36233, 36232]
Checking PIDs [34380, 34373, 36231, 36237, 36233, 36232]
Checking PIDs [34380, 34373, 36231, 36237, 36233, 36232]
Checking PIDs [34380, 34373, 36231, 36237, 36233, 36232]
Checking PIDs [34380, 34373, 36231, 36237, 36233, 36232]
Checking PIDs [34380, 34373, 36231, 36237, 36233, 36232]
Checking PIDs [34380, 34373, 36231, 36237, 36233, 36232]
Checking PIDs [34380, 34373, 36231, 36237, 36233, 36232]
Checking PIDs [34380, 34373, 36231, 36237, 36233, 36232]
Checking PIDs [34380, 34373, 36231, 36237, 36233, 36232]
Checking PIDs [34380, 34373, 36231, 36237, 36233, 36232]
Checking PIDs [34380, 34373, 36231, 36237, 36233, 36232]
Checking PIDs [34380, 34373, 36231, 36237, 36233, 36232]
Checking PIDs [34380, 34373, 36231, 36237, 36233, 36232]
Checking PIDs [34380, 34373, 36231, 36237, 36233, 36232]
Checking PIDs [34380, 34373, 36231, 36237, 36233, 36232]
Checking PIDs [34380, 34373, 36231, 36237, 36233, 36232]
Checking PIDs [34380, 34373, 36231, 36237, 36233, 36232]
Checking PIDs [34380, 34373, 36231, 36237, 36233, 36232]
Checking PIDs [34380, 34373, 36231, 36237, 36233, 36232]
Checking PIDs [34380, 34373, 36231, 36237, 36233, 36232]
Checking PIDs [34380, 34373, 36231, 36237, 36233, 36232]
Checking PIDs [34380, 34373, 36231, 36237, 36233, 36232]
Checking PIDs [34380, 34373, 36231, 36237, 36233, 36232]
Checking PIDs [34380, 34373, 36231, 36237, 36233, 36232]
Checking PIDs [34380, 34373, 36231, 36237, 36233, 36232]
Checking PIDs [34380, 34373, 36231, 36237, 36233, 36232]
Checking PIDs [34380, 34373, 36231, 36237, 36233, 36232]
Checking PIDs [34380, 34373, 36231, 36237, 36233, 36232]
Checking PIDs [34380, 34373, 36231, 36237, 36233, 36232]
Checking PIDs [34380, 34373, 36231, 36237, 36233, 36232]
Checking PIDs [34380, 34373, 36231, 36237, 36233, 36232]
Checking PIDs [34380, 34373, 36231, 36237, 36233, 36232]
Checking PIDs [34380, 34373, 36231, 36237, 36233, 36232]
Checking PIDs [34380, 34373, 36231, 36237, 36233, 36232]
Checking PIDs [34380, 34373, 36231, 36237, 36233, 36232]
Checking PIDs [34380, 34373, 36231, 36237, 36233, 36232]
Checking PIDs [34380, 34373, 36231, 36237, 36233, 36232]
Checking PIDs [34380, 34373, 36231, 36237, 36233, 36232]
Checking PIDs [34380, 34373, 36231, 36237, 36233, 36232]
Checking PIDs [34380, 34373, 36231, 36237, 36233, 36232]
Checking PIDs [34380, 34373, 36231, 36237, 36233, 36232]
Checking PIDs [34380, 34373, 36231, 36237, 36233, 36232]
Checking PIDs [34380, 34373, 36231, 36237, 36233, 36232]
Checking PIDs [34380, 34373, 36231, 36237, 36233, 36232]
Checking PIDs [34380, 34373, 36231, 36237, 36233, 36232]
Checking PIDs [34380, 34373, 36231, 36237, 36233, 36232]
Checking PIDs [34380, 34373, 36231, 36237, 36233, 36232]
Checking PIDs [34380, 34373, 36231, 36237, 36233, 36232]
Checking PIDs [34380, 34373, 36231, 36237, 36233, 36232]
Checking PIDs [34380, 34373, 36231, 36237, 36233, 36232]
Checking PIDs [34380, 34373, 36231, 36237, 36233, 36232]
Checking PIDs [34380, 34373, 36231, 36237, 36233, 36232]
Checking PIDs [34380, 34373, 36231, 36237, 36233, 36232]
Checking PIDs [34380, 34373, 36231, 36237, 36233, 36232]
Checking PIDs [34380, 34373, 36231, 36237, 36233, 36232]
SAGE_TMP_ROOT = /home/n10186841/.sage/temp/cl5n029
sage-cleaner is already running with PID 34291, exiting
Checking PIDs [34380, 34373, 36231, 36237, 36233, 36232, 43006]
SAGE_TMP_ROOT = /home/n10186841/.sage/temp/cl5n029
sage-cleaner is already running with PID 34291, exiting
Checking PIDs [34380, 34373, 36231, 36237, 36233, 36232, 43006]
Checking PIDs [34380, 34373, 36231, 36237, 36233, 36232, 43006]
Checking PIDs [34380, 34373, 36231, 36237, 36233, 36232, 43006]
Checking PIDs [34380, 34373, 36231, 36237, 36233, 36232, 43006]
Checking PIDs [34380, 34373, 36231, 36237, 36233, 36232, 43006]
Checking PIDs [34380, 34373, 36231, 36237, 36233, 36232, 43006]
Checking PIDs [34380, 34373, 36231, 36237, 36233, 36232, 43006]
Checking PIDs [34380, 34373, 36231, 36237, 36233, 36232, 43006]
Checking PIDs [34380, 34373, 36231, 36237, 36233, 36232, 43006]
Checking PIDs [34380, 34373, 36231, 36237, 36233, 36232, 43006]
Checking PIDs [34380, 34373, 36231, 36237, 36233, 36232, 43006]
Checking PIDs [34380, 34373, 36231, 36237, 36233, 36232, 43006]
Checking PIDs [34380, 34373, 36231, 36237, 36233, 36232, 43006]
Checking PIDs [34380, 34373, 36231, 36237, 36233, 36232, 43006]
Checking PIDs [34380, 34373, 36231, 36237, 36233, 36232, 43006]
Checking PIDs [34380, 34373, 36231, 36237, 36233, 36232, 43006]
Checking PIDs [34380, 34373, 36231, 36237, 36233, 36232, 43006]
Checking PIDs [34373, 36231, 36237, 36233, 36232, 43006]
Checking PIDs [34373, 36231, 36237, 36233, 36232, 43006]
Checking PIDs [34373, 36231, 36237, 36233, 36232, 43006]
Checking PIDs [34373, 36231, 36237, 36233, 36232, 43006]
Checking PIDs [34373, 36231, 36237, 36233, 36232, 43006]
Checking PIDs [34373, 36231, 36237, 36233, 36232, 43006]
Checking PIDs [34373, 36231, 36237, 36233, 36232, 43006]
Checking PIDs [34373, 36231, 36237, 36233, 36232, 43006]
Checking PIDs [34373, 36231, 36237, 36233, 36232, 43006]
Checking PIDs [34373, 36231, 36237, 36233, 36232, 43006]
SAGE_TMP_ROOT = /home/n10186841/.sage/temp/cl5n029
sage-cleaner is already running with PID 34291, exiting
Checking PIDs [34373, 36231, 36237, 36233, 36232, 43006]
Checking PIDs [34373, 36231, 36237, 36233, 36232, 43006]
Checking PIDs [34373, 36231, 36237, 36233, 36232, 43006]
Checking PIDs [34373, 36231, 36237, 36233, 36232, 43006]
Checking PIDs [34373, 36231, 36237, 36233, 36232, 43006]
Checking PIDs [34373, 36231, 36237, 36233, 36232, 43006]
Checking PIDs [34373, 36231, 36237, 36233, 36232, 43006]
Checking PIDs [34373, 36231, 36237, 36233, 36232, 43006]
Checking PIDs [34373, 36231, 36237, 36233, 36232, 43006]
Checking PIDs [34373, 36231, 36237, 36233, 36232, 43006]
Checking PIDs [34373, 36231, 36237, 36233, 36232, 43006]
Checking PIDs [34373, 36231, 36237, 36233, 36232, 43006]
Checking PIDs [34373, 36231, 36237, 36233, 36232, 43006]
Checking PIDs [34373, 36231, 36237, 36233, 36232, 43006]
Checking PIDs [34373, 36231, 36237, 36233, 36232, 43006]
Checking PIDs [34373, 36231, 36237, 36233, 36232, 43006]
Checking PIDs [34373, 36231, 36237, 36233, 36232, 43006]
SAGE_TMP_ROOT = /home/n10186841/.sage/temp/cl5n029
Starting sage-cleaner with PID 45033
Checking PIDs [36231, 36237, 36233, 36232, 43006]
Checking PIDs [36231, 36237, 36233, 36232, 43006]
Checking PIDs [36231, 36237, 36233, 36232, 43006]
Checking PIDs [36231, 36237, 36233, 36232, 43006]
Checking PIDs [36231, 36237, 36233, 36232, 43006]
Checking PIDs [36231, 36237, 36233, 36232, 43006]
Checking PIDs [36231, 36237, 36233, 36232, 43006]
SAGE_TMP_ROOT = /home/n10186841/.sage/temp/cl5n029
sage-cleaner is already running with PID 45033, exiting
Checking PIDs [36231, 36237, 36233, 36232, 43006]
Checking PIDs [36231, 36237, 36233, 36232, 43006]
Checking PIDs [36231, 36237, 36233, 36232, 43006]
SAGE_TMP_ROOT = /home/n10186841/.sage/temp/cl5n029
sage-cleaner is already running with PID 45033, exiting
Checking PIDs [36231, 36237, 36233, 36232, 43006]
Checking PIDs [36231, 36237, 36233, 36232, 43006]
Checking PIDs [36231, 36237, 36233, 36232, 43006]
Checking PIDs [36231, 36237, 36233, 36232, 43006]
Checking PIDs [36231, 36237, 36233, 36232, 43006]
Checking PIDs [36231, 36237, 36233, 36232, 43006]
Checking PIDs [36231, 36237, 36233, 36232, 43006]
SAGE_TMP_ROOT = /home/n10186841/.sage/temp/cl5n029
SAGE_TMP_ROOT = /home/n10186841/.sage/temp/cl5n029
Starting sage-cleaner with PID 46636
Checking PIDs [36237, 43006]
Starting sage-cleaner with PID 46660
Checking PIDs [36237, 43006]
SAGE_TMP_ROOT = /home/n10186841/.sage/temp/cl5n029
sage-cleaner is already running with PID 46660, exiting
Checking PIDs [36237, 43006, 46669, 46671, 46758]
Checking PIDs [36237, 43006, 46669, 46671, 46758]
Checking PIDs [36237, 43006, 46669, 46671, 46758]
Checking PIDs [36237, 43006, 46669, 46671, 46758]
Checking PIDs [36237, 43006, 46669, 46671, 46758]
Checking PIDs [36237, 43006, 46669, 46671, 46758]
Checking PIDs [36237, 43006, 46669, 46671, 46758]
Checking PIDs [36237, 43006, 46669, 46671, 46758]
Checking PIDs [36237, 43006, 46669, 46671, 46758]
Checking PIDs [36237, 43006, 46669, 46671, 46758]
Checking PIDs [36237, 43006, 46669, 46671, 46758]
Checking PIDs [36237, 43006, 46669, 46671, 46758]
Checking PIDs [36237, 43006, 46669, 46671, 46758]
Checking PIDs [36237, 43006, 46669, 46671, 46758]
Checking PIDs [36237, 43006, 46669, 46671, 46758]
Checking PIDs [36237, 43006, 46669, 46671, 46758]
Checking PIDs [36237, 43006, 46669, 46671, 46758]
Checking PIDs [36237, 43006, 46669, 46671, 46758]
Checking PIDs [36237, 43006, 46669, 46671, 46758]
Checking PIDs [36237, 43006, 46669, 46671, 46758]
Checking PIDs [36237, 43006, 46669, 46671, 46758]
Checking PIDs [36237, 43006, 46669, 46671, 46758]
Checking PIDs [36237, 43006, 46669, 46671, 46758]
Checking PIDs [36237, 43006, 46669, 46671, 46758]
Checking PIDs [36237, 43006, 46669, 46671, 46758]
Checking PIDs [36237, 43006, 46669, 46671, 46758]
Checking PIDs [36237, 43006, 46669, 46671, 46758]
Checking PIDs [36237, 43006, 46669, 46671, 46758]
Checking PIDs [36237, 43006, 46669, 46671, 46758]
Checking PIDs [36237, 43006, 46669, 46671, 46758]
Checking PIDs [36237, 43006, 46669, 46671, 46758]
Checking PIDs [36237, 43006, 46669, 46671, 46758]
Checking PIDs [36237, 43006, 46669, 46671, 46758]
Checking PIDs [36237, 43006, 46669, 46671, 46758]
Checking PIDs [36237, 43006, 46669, 46671, 46758]
Checking PIDs [36237, 43006, 46669, 46671, 46758]
Checking PIDs [36237, 43006, 46669, 46671, 46758]
Checking PIDs [36237, 43006, 46669, 46671, 46758]
Checking PIDs [36237, 43006, 46669, 46671, 46758]
Checking PIDs [36237, 43006, 46669, 46671, 46758]
Checking PIDs [36237, 43006, 46669, 46671, 46758]
Checking PIDs [36237, 43006, 46669, 46671, 46758]
Checking PIDs [36237, 43006, 46669, 46671, 46758]
Checking PIDs [36237, 43006, 46669, 46671, 46758]
Checking PIDs [36237, 43006, 46669, 46671, 46758]
Checking PIDs [36237, 43006, 46669, 46671, 46758]
Checking PIDs [36237, 43006, 46669, 46671, 46758]
Checking PIDs [36237, 43006, 46669, 46671, 46758]
Checking PIDs [36237, 43006, 46669, 46671, 46758]
Checking PIDs [36237, 43006, 46669, 46671, 46758]
Checking PIDs [36237, 43006, 46669, 46671, 46758]
Checking PIDs [36237, 43006, 46669, 46671, 46758]
Checking PIDs [36237, 43006, 46669, 46671, 46758]
Checking PIDs [36237, 43006, 46669, 46671, 46758]
Checking PIDs [36237, 43006, 46669, 46671, 46758]
Checking PIDs [36237, 43006, 46669, 46671, 46758]
Checking PIDs [36237, 43006, 46669, 46671, 46758]
Checking PIDs [36237, 43006, 46669, 46671, 46758]
Checking PIDs [36237, 43006, 46669, 46671, 46758]
Checking PIDs [36237, 43006, 46669, 46671, 46758]
Checking PIDs [36237, 43006, 46669, 46671, 46758]
Checking PIDs [36237, 43006, 46669, 46671, 46758]
Checking PIDs [36237, 43006, 46669, 46671, 46758]
Checking PIDs [36237, 43006, 46669, 46671, 46758]
Checking PIDs [36237, 43006, 46669, 46671, 46758]
Checking PIDs [36237, 43006, 46669, 46671, 46758]
Checking PIDs [36237, 43006, 46669, 46671, 46758]
Checking PIDs [36237, 43006, 46669, 46671, 46758]
Checking PIDs [36237, 43006, 46669, 46671, 46758]
Checking PIDs [36237, 43006, 46669, 46671, 46758]
Checking PIDs [36237, 43006, 46669, 46671, 46758]
Checking PIDs [36237, 43006, 46669, 46671, 46758]
Checking PIDs [36237, 43006, 46669, 46671, 46758]
Checking PIDs [36237, 43006, 46669, 46671, 46758]
Checking PIDs [36237, 43006, 46669, 46671, 46758]
Checking PIDs [36237, 43006, 46669, 46671, 46758]
Checking PIDs [36237, 43006, 46669, 46671, 46758]
Checking PIDs [36237, 43006, 46669, 46671, 46758]
Checking PIDs [36237, 43006, 46669, 46671, 46758]
Checking PIDs [36237, 43006, 46669, 46671, 46758]
Checking PIDs [36237, 43006, 46669, 46671, 46758]
Checking PIDs [36237, 43006, 46669, 46671, 46758]
SAGE_TMP_ROOT = /home/n10186841/.sage/temp/cl5n029
sage-cleaner is already running with PID 46660, exiting
Checking PIDs [36237, 43006, 46669, 46671, 46758]
Checking PIDs [36237, 43006, 46669, 46671, 46758]
Checking PIDs [36237, 43006, 46669, 46671, 46758]
Checking PIDs [36237, 43006, 46669, 46671, 46758]
Checking PIDs [36237, 43006, 46669, 46671, 46758]
Checking PIDs [36237, 43006, 46669, 46671, 46758]
Checking PIDs [36237, 43006, 46669, 46671, 46758]
Checking PIDs [36237, 43006, 46669, 46671, 46758]
Checking PIDs [36237, 43006, 46669, 46671, 46758]
Checking PIDs [36237, 43006, 46669, 46671, 46758]
Checking PIDs [36237, 43006, 46669, 46671, 46758]
Checking PIDs [36237, 43006, 46669, 46671, 46758]
Checking PIDs [36237, 43006, 46669, 46671, 46758]
Checking PIDs [36237, 43006, 46669, 46671, 46758]
Checking PIDs [36237, 43006, 46669, 46671, 46758]
Checking PIDs [36237, 43006, 46669, 46671, 46758]
Checking PIDs [36237, 43006, 46669, 46671, 46758]
Checking PIDs [36237, 43006, 46669, 46671, 46758]
Checking PIDs [36237, 43006, 46669, 46671, 46758]
Checking PIDs [36237, 43006, 46669, 46671, 46758]
Checking PIDs [36237, 43006, 46669, 46671, 46758]
Checking PIDs [36237, 43006, 46669, 46671, 46758]
Checking PIDs [36237, 43006, 46669, 46671, 46758]
Checking PIDs [36237, 43006, 46669, 46671, 46758]
Checking PIDs [36237, 43006, 46669, 46671, 46758]
Checking PIDs [36237, 43006, 46669, 46671, 46758]
Checking PIDs [36237, 43006, 46669, 46671, 46758]
Checking PIDs [36237, 43006, 46669, 46671, 46758]
Checking PIDs [36237, 43006, 46669, 46671, 46758]
Checking PIDs [36237, 43006, 46669, 46671, 46758]
Checking PIDs [36237, 43006, 46669, 46671, 46758]
Checking PIDs [36237, 43006, 46669, 46671, 46758]
Checking PIDs [36237, 43006, 46669, 46671, 46758]
Checking PIDs [36237, 43006, 46669, 46671, 46758]
Checking PIDs [36237, 43006, 46669, 46671, 46758]
Checking PIDs [36237, 43006, 46669, 46671, 46758]
Checking PIDs [36237, 43006, 46669, 46671, 46758]
Checking PIDs [36237, 43006, 46669, 46671, 46758]
Checking PIDs [43006, 46669, 46671, 46758]
Checking PIDs [43006, 46669, 46671, 46758]
Checking PIDs [43006, 46669, 46671, 46758]
Checking PIDs [43006, 46669, 46671, 46758]
Checking PIDs [43006, 46669, 46671, 46758]
Checking PIDs [43006, 46669, 46671, 46758]
Checking PIDs [43006, 46669, 46671, 46758]
Checking PIDs [43006, 46669, 46671, 46758]
Checking PIDs [43006, 46669, 46671, 46758]
Checking PIDs [43006, 46669, 46671, 46758]
Checking PIDs [43006, 46669, 46671, 46758]
Checking PIDs [43006, 46669, 46671, 46758]
Checking PIDs [43006, 46669, 46671, 46758]
Checking PIDs [43006, 46669, 46671, 46758]
Checking PIDs [43006, 46669, 46671, 46758]
Checking PIDs [43006, 46669, 46671, 46758]
SAGE_TMP_ROOT = /home/n10186841/.sage/temp/cl5n029
sage-cleaner is already running with PID 46660, exiting
Checking PIDs [43006, 46669, 46671, 46758, 47364]
Checking PIDs [43006, 46669, 46671, 46758, 47364]
Checking PIDs [43006, 46669, 46671, 46758, 47364]
Checking PIDs [43006, 46669, 46671, 46758, 47364]
Checking PIDs [43006, 46669, 46671, 46758, 47364]
Checking PIDs [43006, 46669, 46671, 46758, 47364]
Checking PIDs [43006, 46669, 46671, 46758, 47364]
Checking PIDs [43006, 46669, 46671, 46758, 47364]
Checking PIDs [43006, 46669, 46671, 46758, 47364]
Checking PIDs [43006, 46669, 46671, 46758, 47364]
Checking PIDs [43006, 46669, 46671, 46758, 47364]
Checking PIDs [43006, 46669, 46671, 46758, 47364]
Checking PIDs [43006, 46669, 46671, 46758, 47364]
Checking PIDs [43006, 46669, 46671, 46758, 47364]
Checking PIDs [43006, 46669, 46671, 46758, 47364]
Checking PIDs [43006, 46669, 46671, 46758, 47364]
Checking PIDs [43006, 46669, 46671, 46758, 47364]
Checking PIDs [43006, 46669, 46671, 46758, 47364]
Checking PIDs [43006, 46669, 46671, 46758, 47364]
Checking PIDs [43006, 46669, 46671, 46758, 47364]
Checking PIDs [43006, 46669, 46671, 46758, 47364]
Checking PIDs [43006, 46669, 46671, 46758, 47364]
Checking PIDs [43006, 46669, 46671, 46758, 47364]
Checking PIDs [43006, 46669, 46671, 46758, 47364]
Checking PIDs [43006, 46669, 46671, 46758, 47364]
Checking PIDs [43006, 46669, 46671, 46758, 47364]
Checking PIDs [43006, 46669, 46671, 46758, 47364]
Checking PIDs [43006, 46669, 46671, 46758, 47364]
Checking PIDs [43006, 46669, 46671, 46758, 47364]
Checking PIDs [43006, 46669, 46671, 46758, 47364]
Checking PIDs [43006, 46669, 46671, 46758, 47364]
Checking PIDs [43006, 46669, 46671, 46758, 47364]
Checking PIDs [43006, 46669, 46671, 46758, 47364]
Checking PIDs [43006, 46669, 46671, 46758, 47364]
Checking PIDs [43006, 46669, 46671, 46758, 47364]
Checking PIDs [43006, 46669, 46671, 46758, 47364]
Checking PIDs [43006, 46669, 46671, 46758, 47364]
Checking PIDs [43006, 46669, 46671, 46758, 47364]
Checking PIDs [43006, 46669, 46671, 46758, 47364]
Checking PIDs [43006, 46669, 46671, 46758, 47364]
Checking PIDs [43006, 46669, 46671, 46758, 47364]
Checking PIDs [43006, 46669, 46671, 46758, 47364]
Checking PIDs [43006, 46669, 46671, 46758, 47364]
Checking PIDs [43006, 46669, 46671, 46758, 47364]
Checking PIDs [43006, 46669, 46671, 46758, 47364]
Checking PIDs [43006, 46669, 46671, 46758, 47364]
Checking PIDs [43006, 46669, 46671, 46758, 47364]
Checking PIDs [43006, 46669, 46671, 46758, 47364]
Checking PIDs [43006, 46669, 46671, 46758, 47364]
Checking PIDs [43006, 46669, 46671, 46758, 47364]
Checking PIDs [43006, 46669, 46671, 46758, 47364]
Checking PIDs [43006, 46669, 46671, 46758, 47364]
Checking PIDs [43006, 46669, 46671, 46758, 47364]
Checking PIDs [43006, 46669, 46671, 46758, 47364]
Checking PIDs [43006, 46669, 46671, 46758, 47364]
Checking PIDs [43006, 46669, 46671, 46758, 47364]
Checking PIDs [43006, 46669, 46671, 46758, 47364]
Checking PIDs [43006, 46669, 46671, 46758, 47364]
Checking PIDs [43006, 46669, 46671, 46758, 47364]
Checking PIDs [43006, 46669, 46671, 46758, 47364]
Checking PIDs [43006, 46669, 46671, 46758, 47364]
Checking PIDs [43006, 46669, 46671, 46758, 47364]
Checking PIDs [43006, 46669, 46671, 46758, 47364]
Checking PIDs [43006, 46669, 46671, 46758, 47364]
Checking PIDs [43006, 46669, 46671, 46758, 47364]
Checking PIDs [43006, 46669, 46671, 46758, 47364]
Checking PIDs [43006, 46669, 46671, 46758, 47364]
Checking PIDs [43006, 46669, 46671, 46758, 47364]
Checking PIDs [43006, 46669, 46671, 46758, 47364]
Checking PIDs [43006, 46669, 46671, 46758, 47364]
Checking PIDs [43006, 46669, 46671, 46758, 47364]
Checking PIDs [43006, 46669, 46671, 46758, 47364]
Checking PIDs [43006, 46669, 46671, 46758, 47364]
Checking PIDs [43006, 46669, 46671, 46758, 47364]
Checking PIDs [43006, 46669, 46671, 46758, 47364]
Checking PIDs [43006, 46669, 46671, 46758, 47364]
Checking PIDs [43006, 46669, 46671, 46758, 47364]
Checking PIDs [43006, 46669, 46671, 46758, 47364]
Checking PIDs [43006, 46669, 46671, 46758, 47364]
Checking PIDs [43006, 46669, 46671, 46758, 47364]
Checking PIDs [43006, 46669, 46671, 46758, 47364]
Checking PIDs [43006, 46669, 46671, 46758, 47364]
Checking PIDs [43006, 46669, 46671, 46758, 47364]
Checking PIDs [43006, 46669, 46671, 46758, 47364]
Checking PIDs [43006, 46669, 46671, 46758, 47364]
Checking PIDs [43006, 46669, 46671, 46758, 47364]
Checking PIDs [43006, 46669, 46671, 46758, 47364]
Checking PIDs [43006, 46669, 46671, 46758, 47364]
Checking PIDs [43006, 46669, 46671, 46758, 47364]
Checking PIDs [43006, 46669, 46671, 46758, 47364]
Checking PIDs [43006, 46669, 46671, 46758, 47364]
Checking PIDs [43006, 46669, 46671, 46758, 47364]
Checking PIDs [43006, 46669, 46671, 46758, 47364]
Checking PIDs [43006, 46669, 46671, 46758, 47364]
Checking PIDs [43006, 46669, 46671, 46758, 47364]
Checking PIDs [43006, 46669, 46671, 46758, 47364]
Checking PIDs [43006, 46669, 46671, 46758, 47364]
Checking PIDs [43006, 46669, 46671, 46758, 47364]
Checking PIDs [43006, 46669, 46671, 46758, 47364]
Checking PIDs [43006, 46669, 46671, 46758, 47364]
Checking PIDs [43006, 46669, 46671, 46758, 47364]
Checking PIDs [43006, 46669, 46671, 46758, 47364]
Checking PIDs [43006, 46669, 46671, 46758, 47364]
Checking PIDs [43006, 46669, 46671, 46758, 47364]
Checking PIDs [43006, 46669, 46671, 46758, 47364]
Checking PIDs [43006, 46669, 46671, 46758, 47364]
Checking PIDs [43006, 46669, 46671, 46758, 47364]
Checking PIDs [43006, 46669, 46671, 46758, 47364]
Checking PIDs [43006, 46669, 46671, 46758, 47364]
Checking PIDs [43006, 46669, 46671, 46758, 47364]
Checking PIDs [43006, 46669, 46671, 46758, 47364]
Checking PIDs [43006, 46669, 46671, 46758, 47364]
Checking PIDs [43006, 46669, 46671, 46758, 47364]
Checking PIDs [43006, 46669, 46671, 46758, 47364]
Checking PIDs [43006, 46669, 46671, 46758, 47364]
Checking PIDs [43006, 46669, 46671, 46758, 47364]
Checking PIDs [43006, 46669, 46671, 46758, 47364]
Checking PIDs [43006, 46669, 46671, 46758, 47364]
Checking PIDs [43006, 46669, 46671, 46758, 47364]
Checking PIDs [43006, 46669, 46671, 46758, 47364]
Checking PIDs [43006, 46669, 46671, 46758, 47364]
Checking PIDs [43006, 46669, 46671, 46758, 47364]
Checking PIDs [43006, 46669, 46671, 46758, 47364]
Checking PIDs [43006, 46669, 46671, 46758, 47364]
Checking PIDs [43006, 46669, 46671, 46758, 47364]
Checking PIDs [43006, 46669, 46671, 46758, 47364]
Checking PIDs [43006, 46669, 46671, 46758, 47364]
Checking PIDs [43006, 46669, 46671, 46758, 47364]
Checking PIDs [43006, 46669, 46671, 46758, 47364]
Checking PIDs [43006, 46669, 46671, 46758, 47364]
Checking PIDs [43006, 46669, 46671, 46758, 47364]
Checking PIDs [43006, 46669, 46671, 46758, 47364]
Checking PIDs [43006, 46669, 46671, 46758, 47364]
Checking PIDs [43006, 46669, 46671, 46758, 47364]
Checking PIDs [43006, 46669, 46671, 46758, 47364]
Checking PIDs [43006, 46669, 46671, 46758, 47364]
Checking PIDs [43006, 46669, 46671, 46758, 47364]
Checking PIDs [43006, 46669, 46671, 46758, 47364]
Checking PIDs [43006, 46669, 46671, 46758, 47364]
Checking PIDs [43006, 46669, 46671, 46758, 47364]
Checking PIDs [43006, 46669, 46671, 46758, 47364]
Checking PIDs [43006, 46669, 46671, 46758, 47364]
Checking PIDs [43006, 46669, 46671, 46758, 47364]
Checking PIDs [43006, 46669, 46671, 46758, 47364]
Checking PIDs [43006, 46669, 46671, 46758, 47364]
Checking PIDs [43006, 46669, 46671, 46758, 47364]
Checking PIDs [43006, 46669, 46671, 46758, 47364]
Checking PIDs [43006, 46669, 46671, 46758, 47364]
Checking PIDs [43006, 46669, 46671, 46758, 47364]
Checking PIDs [43006, 46669, 46671, 46758, 47364]
Checking PIDs [43006, 46669, 46671, 46758, 47364]
Checking PIDs [43006, 46669, 46671, 46758, 47364]
Checking PIDs [43006, 46669, 46671, 46758, 47364]
Checking PIDs [43006, 46669, 46671, 46758, 47364]
Checking PIDs [43006, 46669, 46671, 46758, 47364]
Checking PIDs [43006, 46669, 46671, 46758, 47364]
Checking PIDs [43006, 46669, 46671, 46758, 47364]
Checking PIDs [43006, 46669, 46671, 46758, 47364]
Checking PIDs [43006, 46669, 46671, 46758, 47364]
Checking PIDs [43006, 46669, 46671, 46758, 47364]
Checking PIDs [43006, 46669, 46671, 46758, 47364]
Checking PIDs [43006, 46669, 46671, 46758, 47364]
Checking PIDs [43006, 46669, 46671, 46758, 47364]
Checking PIDs [43006, 46669, 46671, 46758, 47364]
Checking PIDs [43006, 46669, 46671, 46758, 47364]
Checking PIDs [43006, 46669, 46671, 46758, 47364]
Checking PIDs [43006, 46669, 46671, 46758, 47364]
Checking PIDs [43006, 46669, 46671, 46758, 47364]
Checking PIDs [43006, 46669, 46671, 46758, 47364]
Checking PIDs [43006, 46669, 46671, 46758, 47364]
Checking PIDs [43006, 46669, 46671, 46758, 47364]
Checking PIDs [43006, 46669, 46671, 46758, 47364]
Checking PIDs [43006, 46669, 46671, 46758, 47364]
Checking PIDs [43006, 46669, 46671, 46758, 47364]
Checking PIDs [43006, 46669, 46671, 46758, 47364]
Checking PIDs [43006, 46669, 46671, 46758, 47364]
Checking PIDs [43006, 46669, 46671, 46758, 47364]
Checking PIDs [43006, 46669, 46671, 46758, 47364]
Checking PIDs [43006, 46669, 46671, 46758, 47364]
Checking PIDs [43006, 46669, 46671, 46758, 47364]
Checking PIDs [43006, 46669, 46671, 46758, 47364]
Checking PIDs [43006, 46669, 46671, 46758, 47364]
Checking PIDs [43006, 46669, 46671, 46758, 47364]
Checking PIDs [43006, 46669, 46671, 46758, 47364]
Checking PIDs [43006, 46669, 46671, 46758, 47364]
Checking PIDs [43006, 46669, 46671, 46758, 47364]
Checking PIDs [43006, 46669, 46671, 46758, 47364]
Checking PIDs [43006, 46669, 46671, 46758, 47364]
Checking PIDs [43006, 46669, 46671, 46758, 47364]
Checking PIDs [43006, 46669, 46671, 46758, 47364]
Checking PIDs [43006, 46669, 46671, 46758, 47364]
Checking PIDs [43006, 46669, 46671, 46758, 47364]
Checking PIDs [43006, 46669, 46671, 46758, 47364]
Checking PIDs [43006, 46669, 46671, 46758, 47364]
Checking PIDs [43006, 46669, 46671, 46758, 47364]
Checking PIDs [43006, 46669, 46671, 46758, 47364]
Checking PIDs [43006, 46669, 46671, 46758, 47364]
Checking PIDs [43006, 46669, 46671, 46758, 47364]
Checking PIDs [43006, 46669, 46671, 46758, 47364]
Checking PIDs [43006, 46669, 46671, 46758, 47364]
Checking PIDs [43006, 46669, 46671, 46758, 47364]
Checking PIDs [43006, 46669, 46671, 46758, 47364]
Checking PIDs [43006, 46669, 46671, 46758, 47364]
Checking PIDs [43006, 46669, 46671, 46758, 47364]
Checking PIDs [43006, 46669, 46671, 46758, 47364]
Checking PIDs [43006, 46669, 46671, 46758, 47364]
Checking PIDs [43006, 46669, 46671, 46758, 47364]
Checking PIDs [43006, 46669, 46671, 46758, 47364]
Checking PIDs [43006, 46669, 46671, 46758, 47364]
Checking PIDs [43006, 46669, 46671, 46758, 47364]
Checking PIDs [43006, 46669, 46671, 46758, 47364]
Checking PIDs [43006, 46669, 46671, 46758, 47364]
Checking PIDs [43006, 46669, 46671, 46758, 47364]
Checking PIDs [43006, 46669, 46671, 46758, 47364]
Checking PIDs [43006, 46669, 46671, 46758, 47364]
Checking PIDs [43006, 46669, 46671, 46758, 47364]
Checking PIDs [43006, 46669, 46671, 46758, 47364]
Checking PIDs [43006, 46669, 46671, 46758, 47364]
Checking PIDs [43006, 46669, 46671, 46758, 47364]
Checking PIDs [43006, 46669, 46671, 46758, 47364]
Checking PIDs [43006, 46669, 46671, 46758, 47364]
Checking PIDs [43006, 46669, 46671, 46758, 47364]
Checking PIDs [43006, 46669, 46671, 46758, 47364]
Checking PIDs [43006, 46669, 46671, 46758, 47364]
Checking PIDs [43006, 46669, 46671, 46758, 47364]
Checking PIDs [43006, 46669, 46671, 46758, 47364]
Checking PIDs [43006, 46669, 46671, 46758, 47364]
Checking PIDs [43006, 46669, 46671, 46758, 47364]
Checking PIDs [43006, 46669, 46671, 46758, 47364]
Checking PIDs [43006, 46669, 46671, 46758, 47364]
Checking PIDs [43006, 46669, 46671, 46758, 47364]
Checking PIDs [43006, 46669, 46671, 46758, 47364]
Checking PIDs [43006, 46669, 46671, 46758, 47364]
Checking PIDs [43006, 46669, 46671, 46758, 47364]
Checking PIDs [43006, 46669, 46671, 46758, 47364]
Checking PIDs [43006, 46669, 46671, 46758, 47364]
Checking PIDs [43006, 46669, 46671, 46758, 47364]
Checking PIDs [43006, 46669, 46671, 46758, 47364]
SAGE_TMP_ROOT = /home/n10186841/.sage/temp/cl5n029
sage-cleaner is already running with PID 46660, exiting
Checking PIDs [43006, 46669, 46671, 46758, 47364]
Checking PIDs [43006, 46669, 46671, 46758, 47364]
Checking PIDs [43006, 46669, 46671, 46758, 47364]
Checking PIDs [43006, 46669, 46671, 46758, 47364]
Checking PIDs [43006, 46669, 46671, 46758, 47364]
Checking PIDs [43006, 46669, 46671, 46758, 47364]
Checking PIDs [43006, 46669, 46671, 46758, 47364]
Checking PIDs [43006, 46669, 46671, 46758, 47364]
Checking PIDs [43006, 46669, 46671, 46758, 47364]
Checking PIDs [43006, 46669, 46671, 46758, 47364]
Checking PIDs [43006, 46669, 46671, 46758, 47364]
Checking PIDs [43006, 46669, 46671, 46758, 47364]
Checking PIDs [43006, 46669, 46671, 46758, 47364]
Checking PIDs [43006, 46669, 46671, 46758, 47364]
Checking PIDs [43006, 46669, 46671, 46758, 47364]
Checking PIDs [43006, 46669, 46671, 46758, 47364]
Checking PIDs [43006, 46669, 46671, 46758, 47364]
Checking PIDs [43006, 46669, 46671, 46758, 47364]
Checking PIDs [43006, 46669, 46671, 46758, 47364]
Checking PIDs [43006, 46669, 46671, 46758, 47364]
Checking PIDs [43006, 46669, 46671, 46758, 47364]
Checking PIDs [43006, 46669, 46671, 46758, 47364]
Checking PIDs [43006, 46669, 46671, 46758, 47364]
Checking PIDs [43006, 46669, 46671, 46758, 47364]
Checking PIDs [43006, 46669, 46671, 46758, 47364]
Checking PIDs [43006, 46669, 46671, 46758, 47364]
Checking PIDs [43006, 46669, 46671, 46758, 47364]
Checking PIDs [43006, 46669, 46671, 46758, 47364]
Checking PIDs [43006, 46669, 46671, 46758, 47364]
Checking PIDs [43006, 46669, 46671, 46758, 47364]
Checking PIDs [43006, 46669, 46671, 46758, 47364]
Checking PIDs [43006, 46669, 46671, 46758, 47364]
Checking PIDs [43006, 46669, 46671, 46758, 47364]
Checking PIDs [43006, 46669, 46671, 46758, 47364]
Checking PIDs [43006, 46669, 46671, 46758, 47364]
Checking PIDs [43006, 46669, 46671, 46758, 47364]
Checking PIDs [43006, 46669, 46671, 46758, 47364]
Checking PIDs [43006, 46669, 46671, 46758, 47364]
Checking PIDs [46669, 46671, 46758, 47364]
Checking PIDs [46669, 46671, 46758, 47364]
Checking PIDs [46669, 46671, 46758, 47364]
Checking PIDs [46669, 46671, 46758, 47364]
Checking PIDs [46669, 46671, 46758, 47364]
Checking PIDs [46669, 46671, 46758, 47364]
Checking PIDs [46669, 46671, 46758, 47364]
Checking PIDs [46669, 46671, 46758, 47364]
Checking PIDs [46669, 46671, 46758, 47364]
Checking PIDs [46669, 46671, 46758, 47364]
Checking PIDs [46669, 46671, 46758, 47364]
Checking PIDs [46669, 46671, 46758, 47364]
Checking PIDs [46669, 46671, 46758, 47364]
Checking PIDs [46669, 46671, 46758, 47364]
Checking PIDs [46669, 46671, 46758, 47364]
Checking PIDs [46669, 46671, 46758, 47364]
Checking PIDs [46669, 46671, 46758, 47364]
Checking PIDs [46669, 46671, 46758, 47364]
Checking PIDs [46669, 46671, 46758, 47364]
Checking PIDs [46669, 46671, 46758, 47364]
Checking PIDs [46669, 46671, 46758, 47364]
Checking PIDs [46669, 46671, 46758, 47364]
Checking PIDs [46669, 46671, 46758, 47364]
Checking PIDs [46669, 46671, 46758, 47364]
Checking PIDs [46669, 46671, 46758, 47364]
Checking PIDs [46669, 46671, 46758, 47364]
Checking PIDs [46669, 46671, 46758, 47364]
Checking PIDs [46669, 46671, 46758, 47364]
Checking PIDs [46669, 46671, 46758, 47364]
Checking PIDs [46669, 46671, 46758, 47364]
Checking PIDs [46669, 46671, 46758, 47364]
Checking PIDs [46669, 46671, 46758, 47364]
Checking PIDs [46669, 46671, 46758, 47364]
Checking PIDs [46669, 46671, 46758, 47364]
Checking PIDs [46669, 46671, 46758, 47364]
Checking PIDs [46669, 46671, 46758, 47364]
Checking PIDs [46669, 46671, 46758, 47364]
Checking PIDs [46669, 46671, 46758, 47364]
Checking PIDs [46669, 46671, 46758, 47364]
Checking PIDs [46669, 46671, 46758, 47364]
Checking PIDs [46669, 46671, 46758, 47364]
Checking PIDs [46669, 46671, 46758, 47364]
Checking PIDs [46669, 46671, 46758, 47364]
Checking PIDs [46669, 46671, 46758, 47364]
Checking PIDs [46669, 46671, 46758, 47364]
Checking PIDs [46669, 46671, 46758, 47364]
Checking PIDs [46669, 46671, 46758, 47364]
Checking PIDs [46669, 46671, 46758, 47364]
Checking PIDs [46669, 46671, 46758, 47364]
Checking PIDs [46669, 46671, 46758, 47364]
Checking PIDs [46669, 46671, 46758, 47364]
Checking PIDs [46669, 46671, 46758, 47364]
Checking PIDs [46669, 46671, 46758, 47364]
Checking PIDs [46669, 46671, 46758, 47364]
Checking PIDs [46669, 46671, 46758, 47364]
Checking PIDs [46669, 46671, 46758, 47364]
Checking PIDs [46669, 46671, 46758, 47364]
Checking PIDs [46669, 46671, 46758, 47364]
Checking PIDs [46669, 46671, 46758, 47364]
Checking PIDs [46669, 46671, 46758, 47364]
Checking PIDs [46669, 46671, 46758, 47364]
Checking PIDs [46669, 46671, 46758, 47364]
Checking PIDs [46669, 46671, 46758, 47364]
Checking PIDs [46669, 46671, 46758, 47364]
Checking PIDs [46669, 46671, 46758, 47364]
Checking PIDs [46669, 46671, 46758, 47364]
Checking PIDs [46669, 46671, 46758, 47364]
Checking PIDs [46669, 46671, 46758, 47364]
Checking PIDs [46669, 46671, 46758, 47364]
Checking PIDs [46669, 46671, 46758, 47364]
Checking PIDs [46669, 46671, 46758, 47364]
Checking PIDs [46669, 46671, 46758, 47364]
Checking PIDs [46669, 46671, 46758, 47364]
Checking PIDs [46669, 46671, 46758, 47364]
Checking PIDs [46669, 46671, 46758, 47364]
Checking PIDs [46669, 46671, 46758, 47364]
Checking PIDs [46669, 46671, 46758, 47364]
Checking PIDs [46669, 46671, 46758, 47364]
Checking PIDs [46669, 46671, 46758, 47364]
Checking PIDs [46669, 46671, 46758, 47364]
Checking PIDs [46669, 46671, 46758, 47364]
Checking PIDs [46669, 46671, 46758, 47364]
Checking PIDs [46669, 46671, 46758, 47364]
Checking PIDs [46669, 46671, 46758, 47364]
SAGE_TMP_ROOT = /home/n10186841/.sage/temp/cl5n029
sage-cleaner is already running with PID 46660, exiting
Checking PIDs [46669, 46671, 46758, 47364, 48815]
Checking PIDs [46669, 46671, 46758, 47364, 48815]
Checking PIDs [46669, 46671, 46758, 47364, 48815]
Checking PIDs [46669, 46671, 46758, 47364, 48815]
Checking PIDs [46669, 46671, 46758, 47364, 48815]
Checking PIDs [46669, 46671, 46758, 47364, 48815]
Checking PIDs [46669, 46671, 46758, 47364, 48815]
Checking PIDs [46669, 46671, 46758, 47364, 48815]
Checking PIDs [46669, 46671, 46758, 47364, 48815]
Checking PIDs [46669, 46671, 46758, 47364, 48815]
Checking PIDs [46669, 46671, 46758, 47364, 48815]
Checking PIDs [46669, 46671, 46758, 47364, 48815]
Checking PIDs [46669, 46671, 46758, 47364, 48815]
Checking PIDs [46669, 46671, 46758, 47364, 48815]
Checking PIDs [46669, 46671, 46758, 47364, 48815]
Checking PIDs [46669, 46671, 46758, 47364, 48815]
Checking PIDs [46669, 46671, 46758, 47364, 48815]
Checking PIDs [46669, 46671, 46758, 47364, 48815]
Checking PIDs [46669, 46671, 46758, 47364, 48815]
Checking PIDs [46669, 46671, 46758, 47364, 48815]
Checking PIDs [46669, 46671, 46758, 47364, 48815]
Checking PIDs [46669, 46671, 46758, 47364, 48815]
Checking PIDs [46669, 46671, 46758, 47364, 48815]
Checking PIDs [46669, 46671, 46758, 47364, 48815]
Checking PIDs [46669, 46671, 46758, 47364, 48815]
Checking PIDs [46669, 46671, 46758, 47364, 48815]
Checking PIDs [46669, 46671, 46758, 47364, 48815]
Checking PIDs [46669, 46671, 46758, 47364, 48815]
Checking PIDs [46669, 46671, 46758, 47364, 48815]
Checking PIDs [46669, 46671, 46758, 47364, 48815]
Checking PIDs [46669, 46671, 46758, 47364, 48815]
Checking PIDs [46669, 46671, 46758, 47364, 48815]
Checking PIDs [46669, 46671, 46758, 47364, 48815]
Checking PIDs [46669, 46671, 46758, 47364, 48815]
Checking PIDs [46669, 46671, 46758, 47364, 48815]
Checking PIDs [46669, 46671, 46758, 47364, 48815]
Checking PIDs [46669, 46671, 46758, 47364, 48815]
Checking PIDs [46669, 46671, 46758, 47364, 48815]
Checking PIDs [46669, 46671, 46758, 47364, 48815]
Checking PIDs [46669, 46671, 46758, 47364, 48815]
Checking PIDs [46669, 46671, 46758, 47364, 48815]
Checking PIDs [46669, 46671, 46758, 47364, 48815]
Checking PIDs [46669, 46671, 46758, 47364, 48815]
Checking PIDs [46669, 46671, 46758, 47364, 48815]
Checking PIDs [46669, 46671, 46758, 47364, 48815]
Checking PIDs [46669, 46671, 46758, 47364, 48815]
Checking PIDs [46669, 46671, 46758, 47364, 48815]
Checking PIDs [46669, 46671, 46758, 47364, 48815]
Checking PIDs [46669, 46671, 46758, 47364, 48815]
Checking PIDs [46669, 46671, 46758, 47364, 48815]
Checking PIDs [46669, 46671, 46758, 47364, 48815]
Checking PIDs [46669, 46671, 46758, 47364, 48815]
Checking PIDs [46669, 46671, 46758, 47364, 48815]
Checking PIDs [46669, 46671, 46758, 47364, 48815]
Checking PIDs [46669, 46671, 46758, 47364, 48815]
Checking PIDs [46669, 46671, 46758, 47364, 48815]
Checking PIDs [46669, 46671, 46758, 47364, 48815]
Checking PIDs [46669, 46671, 46758, 47364, 48815]
Checking PIDs [46669, 46671, 46758, 47364, 48815]
Checking PIDs [46669, 46671, 46758, 47364, 48815]
Checking PIDs [46669, 46671, 46758, 47364, 48815]
Checking PIDs [46669, 46671, 46758, 47364, 48815]
Checking PIDs [46669, 46671, 46758, 47364, 48815]
Checking PIDs [46669, 46671, 46758, 47364, 48815]
Checking PIDs [46669, 46671, 46758, 47364, 48815]
Checking PIDs [46669, 46671, 46758, 47364, 48815]
Checking PIDs [46669, 46671, 46758, 47364, 48815]
Checking PIDs [46669, 46671, 46758, 47364, 48815]
Checking PIDs [46669, 46671, 46758, 47364, 48815]
Checking PIDs [46669, 46671, 46758, 47364, 48815]
Checking PIDs [46669, 46671, 46758, 47364, 48815]
Checking PIDs [46669, 46671, 46758, 47364, 48815]
Checking PIDs [46669, 46671, 46758, 47364, 48815]
Checking PIDs [46669, 46671, 46758, 47364, 48815]
Checking PIDs [46669, 46671, 46758, 47364, 48815]
Checking PIDs [46669, 46671, 46758, 47364, 48815]
Checking PIDs [46669, 46671, 46758, 47364, 48815]
Checking PIDs [46669, 46671, 46758, 47364, 48815]
Checking PIDs [46669, 46671, 46758, 47364, 48815]
Checking PIDs [46669, 46671, 46758, 47364, 48815]
Checking PIDs [46669, 46671, 46758, 47364, 48815]
Checking PIDs [46669, 46671, 46758, 47364, 48815]
Checking PIDs [46669, 46671, 46758, 47364, 48815]
Checking PIDs [46669, 46671, 46758, 47364, 48815]
Checking PIDs [46669, 46671, 46758, 47364, 48815]
Checking PIDs [46669, 46671, 46758, 47364, 48815]
Checking PIDs [46669, 46671, 46758, 47364, 48815]
Checking PIDs [46669, 46671, 46758, 47364, 48815]
Checking PIDs [46669, 46671, 46758, 47364, 48815]
Checking PIDs [46669, 46671, 46758, 47364, 48815]
Checking PIDs [46669, 46671, 46758, 47364, 48815]
Checking PIDs [46669, 46671, 46758, 47364, 48815]
Checking PIDs [46669, 46671, 46758, 47364, 48815]
Checking PIDs [46669, 46671, 46758, 47364, 48815]
Checking PIDs [46669, 46671, 46758, 47364, 48815]
Checking PIDs [46669, 46671, 46758, 47364, 48815]
Checking PIDs [46669, 46671, 46758, 47364, 48815]
Checking PIDs [46669, 46671, 46758, 47364, 48815]
Checking PIDs [46669, 46671, 46758, 47364, 48815]
Checking PIDs [46669, 46671, 46758, 47364, 48815]
Checking PIDs [46669, 46671, 46758, 47364, 48815]
Checking PIDs [46669, 46671, 46758, 47364, 48815]
Checking PIDs [46669, 46671, 46758, 47364, 48815]
Checking PIDs [46669, 46671, 46758, 47364, 48815]
Checking PIDs [46669, 46671, 46758, 47364, 48815]
Checking PIDs [46669, 46671, 46758, 47364, 48815]
Checking PIDs [46669, 46671, 46758, 47364, 48815]
Checking PIDs [46669, 46671, 46758, 47364, 48815]
Checking PIDs [46669, 46671, 46758, 47364, 48815]
Checking PIDs [46669, 46671, 46758, 47364, 48815]
Checking PIDs [46669, 46671, 46758, 47364, 48815]
Checking PIDs [46669, 46671, 46758, 47364, 48815]
Checking PIDs [46669, 46671, 46758, 47364, 48815]
Checking PIDs [46669, 46671, 46758, 47364, 48815]
Checking PIDs [46669, 46671, 46758, 47364, 48815]
Checking PIDs [46669, 46671, 46758, 47364, 48815]
Checking PIDs [46669, 46671, 46758, 47364, 48815]
Checking PIDs [46669, 46671, 46758, 47364, 48815]
Checking PIDs [46669, 46671, 46758, 47364, 48815]
Checking PIDs [46669, 46671, 46758, 47364, 48815]
Checking PIDs [46669, 46671, 46758, 47364, 48815]
Checking PIDs [46669, 46671, 46758, 47364, 48815]
Checking PIDs [46669, 46671, 46758, 47364, 48815]
Checking PIDs [46669, 46671, 46758, 47364, 48815]
Checking PIDs [46669, 46671, 46758, 47364, 48815]
Checking PIDs [46669, 46671, 46758, 47364, 48815]
Checking PIDs [46669, 46671, 46758, 47364, 48815]
Checking PIDs [46669, 46671, 46758, 47364, 48815]
Checking PIDs [46669, 46671, 46758, 47364, 48815]
Checking PIDs [46669, 46671, 46758, 47364, 48815]
Checking PIDs [46669, 46671, 46758, 47364, 48815]
Checking PIDs [46669, 46671, 46758, 47364, 48815]
Checking PIDs [46669, 46671, 46758, 47364, 48815]
Checking PIDs [46669, 46671, 46758, 47364, 48815]
Checking PIDs [46669, 46671, 46758, 47364, 48815]
Checking PIDs [46669, 46671, 46758, 47364, 48815]
Checking PIDs [46669, 46671, 46758, 47364, 48815]
Checking PIDs [46669, 46671, 46758, 47364, 48815]
Checking PIDs [46669, 46671, 46758, 47364, 48815]
Checking PIDs [46669, 46671, 46758, 47364, 48815]
Checking PIDs [46669, 46671, 46758, 47364, 48815]
Checking PIDs [46669, 46671, 46758, 47364, 48815]
Checking PIDs [46669, 46671, 46758, 47364, 48815]
Checking PIDs [46669, 46671, 46758, 47364, 48815]
Checking PIDs [46669, 46671, 46758, 47364, 48815]
Checking PIDs [46669, 46671, 46758, 47364, 48815]
Checking PIDs [46669, 46671, 46758, 47364, 48815]
Checking PIDs [46669, 46671, 46758, 47364, 48815]
Checking PIDs [46669, 46671, 46758, 47364, 48815]
Checking PIDs [46669, 46671, 46758, 47364, 48815]
Checking PIDs [46669, 46671, 46758, 47364, 48815]
Checking PIDs [46669, 46671, 46758, 47364, 48815]
Checking PIDs [46669, 46671, 46758, 47364, 48815]
Checking PIDs [46669, 46671, 46758, 47364, 48815]
Checking PIDs [46669, 46671, 46758, 47364, 48815]
Checking PIDs [46669, 46671, 46758, 47364, 48815]
Checking PIDs [46669, 46671, 46758, 47364, 48815]
Checking PIDs [46669, 46671, 46758, 47364, 48815]
Checking PIDs [46669, 46671, 46758, 47364, 48815]
Checking PIDs [46669, 46671, 46758, 47364, 48815]
Checking PIDs [46669, 46671, 46758, 47364, 48815]
Checking PIDs [46669, 46671, 46758, 47364, 48815]
Checking PIDs [46669, 46671, 46758, 47364, 48815]
Checking PIDs [46669, 46671, 46758, 47364, 48815]
Checking PIDs [46669, 46671, 46758, 47364, 48815]
Checking PIDs [46669, 46671, 46758, 47364, 48815]
Checking PIDs [46669, 46671, 46758, 47364, 48815]
Checking PIDs [46669, 46671, 46758, 47364, 48815]
Checking PIDs [46669, 46671, 46758, 47364, 48815]
Checking PIDs [46669, 46671, 46758, 47364, 48815]
Checking PIDs [46669, 46671, 46758, 47364, 48815]
Checking PIDs [46669, 46671, 46758, 47364, 48815]
Checking PIDs [46669, 46671, 46758, 47364, 48815]
Checking PIDs [46669, 46671, 46758, 47364, 48815]
Checking PIDs [46669, 46671, 46758, 47364, 48815]
Checking PIDs [46669, 46671, 46758, 47364, 48815]
Checking PIDs [46669, 46671, 46758, 47364, 48815]
Checking PIDs [46669, 46671, 46758, 47364, 48815]
Checking PIDs [46669, 46671, 46758, 47364, 48815]
Checking PIDs [46669, 46671, 46758, 47364, 48815]
Checking PIDs [46669, 46671, 46758, 47364, 48815]
Checking PIDs [46669, 46671, 46758, 47364, 48815]
Checking PIDs [46669, 46671, 46758, 47364, 48815]
Checking PIDs [46669, 46671, 46758, 47364, 48815]
Checking PIDs [46669, 46671, 46758, 47364, 48815]
Checking PIDs [46669, 46671, 46758, 47364, 48815]
Checking PIDs [46669, 46671, 46758, 47364, 48815]
Checking PIDs [46669, 46671, 46758, 47364, 48815]
Checking PIDs [46669, 46671, 46758, 47364, 48815]
Checking PIDs [46669, 46671, 46758, 47364, 48815]
Checking PIDs [46669, 46671, 46758, 47364, 48815]
Checking PIDs [46669, 46671, 46758, 47364, 48815]
Checking PIDs [46669, 46671, 46758, 47364, 48815]
Checking PIDs [46669, 46671, 46758, 47364, 48815]
Checking PIDs [46669, 46671, 46758, 47364, 48815]
Checking PIDs [46669, 46671, 46758, 47364, 48815]
Checking PIDs [46669, 46671, 46758, 47364, 48815]
Checking PIDs [46669, 46671, 46758, 47364, 48815]
Checking PIDs [46669, 46671, 46758, 47364, 48815]
Checking PIDs [46669, 46671, 46758, 47364, 48815]
Checking PIDs [46669, 46671, 46758, 47364, 48815]
Checking PIDs [46669, 46671, 46758, 47364, 48815]
Checking PIDs [46669, 46671, 46758, 47364, 48815]
Checking PIDs [46669, 46671, 46758, 47364, 48815]
Checking PIDs [46669, 46671, 46758, 47364, 48815]
Checking PIDs [46669, 46671, 46758, 47364, 48815]
SAGE_TMP_ROOT = /home/n10186841/.sage/temp/cl5n029
sage-cleaner is already running with PID 46660, exiting
Checking PIDs [46669, 46671, 46758, 47364, 48815]
Checking PIDs [46669, 46671, 46758, 47364, 48815]
Checking PIDs [46669, 46671, 46758, 47364, 48815]
Checking PIDs [46669, 46671, 46758, 47364, 48815]
SAGE_TMP_ROOT = /home/n10186841/.sage/temp/cl5n029
sage-cleaner is already running with PID 46660, exiting
Checking PIDs [46669, 46671, 46758, 47364, 48815]
Checking PIDs [46669, 46671, 46758, 47364, 48815]
Checking PIDs [46669, 46671, 46758, 47364, 48815]
Checking PIDs [46669, 46671, 46758, 47364, 48815]
Checking PIDs [46669, 46671, 46758, 47364, 48815]
Checking PIDs [46669, 46671, 46758, 47364, 48815]
Checking PIDs [46669, 46671, 46758, 47364, 48815]
Checking PIDs [46669, 46671, 46758, 47364, 48815]
Checking PIDs [46669, 46671, 46758, 47364, 48815]
Checking PIDs [46669, 46671, 46758, 47364, 48815]
Checking PIDs [46669, 46671, 46758, 47364, 48815]
Checking PIDs [46669, 46671, 46758, 47364, 48815]
Checking PIDs [46669, 46671, 46758, 47364, 48815]
Checking PIDs [46669, 46671, 46758, 47364, 48815]
Checking PIDs [46669, 46671, 46758, 47364, 48815]
Checking PIDs [46669, 46671, 46758, 47364, 48815]
Checking PIDs [46669, 46671, 46758, 47364, 48815]
Checking PIDs [46669, 46671, 46758, 47364, 48815]
Checking PIDs [46669, 46671, 46758, 47364, 48815]
Checking PIDs [46669, 46671, 46758, 47364, 48815]
Checking PIDs [46669, 46671, 46758, 47364, 48815]
Checking PIDs [46669, 46671, 46758, 47364, 48815]
Checking PIDs [46669, 46671, 46758, 47364, 48815]
Checking PIDs [46669, 46671, 46758, 47364, 48815]
Checking PIDs [46669, 46671, 46758, 47364, 48815]
Checking PIDs [46669, 46671, 46758, 47364, 48815]
Checking PIDs [46669, 46671, 46758, 47364, 48815]
Checking PIDs [46669, 46671, 46758, 47364, 48815]
Checking PIDs [46669, 46671, 46758, 47364, 48815]
Checking PIDs [46669, 46671, 47364, 48815]
Checking PIDs [46669, 46671, 47364, 48815]
Checking PIDs [46669, 46671, 47364, 48815]
Checking PIDs [46669, 46671, 47364, 48815]
Checking PIDs [46669, 46671, 47364, 48815]
Checking PIDs [46671, 47364, 48815]
Checking PIDs [46671, 47364, 48815]
Checking PIDs [46671, 47364, 48815]
Checking PIDs [46671, 47364, 48815]
Checking PIDs [46671, 47364, 48815]
Checking PIDs [46671, 47364, 48815]
Checking PIDs [46671, 47364, 48815]
Checking PIDs [46671, 47364, 48815]
Checking PIDs [46671, 47364, 48815]
Checking PIDs [46671, 47364, 48815]
Checking PIDs [46671, 47364, 48815]
Checking PIDs [46671, 47364, 48815]
Checking PIDs [46671, 47364, 48815]
Checking PIDs [46671, 47364, 48815]
Checking PIDs [46671, 47364, 48815]
Checking PIDs [46671, 47364, 48815]
Checking PIDs [46671, 47364, 48815]
Checking PIDs [46671, 47364, 48815]
Checking PIDs [46671, 47364, 48815]
Checking PIDs [46671, 47364, 48815]
Checking PIDs [46671, 47364, 48815]
Checking PIDs [46671, 47364, 48815]
Checking PIDs [46671, 47364, 48815]
Checking PIDs [46671, 47364, 48815]
Checking PIDs [46671, 47364, 48815]
SAGE_TMP_ROOT = /home/n10186841/.sage/temp/cl5n029
sage-cleaner is already running with PID 46660, exiting
Checking PIDs [46671, 47364, 48815]
Checking PIDs [46671, 47364, 48815]
Checking PIDs [46671, 47364, 48815]
Checking PIDs [46671, 47364, 48815]
Checking PIDs [46671, 47364, 48815]
Checking PIDs [46671, 47364, 48815]
Checking PIDs [46671, 47364, 48815]
Checking PIDs [46671, 47364, 48815]
Checking PIDs [46671, 47364, 48815]
Checking PIDs [46671, 47364, 48815]
Checking PIDs [46671, 47364, 48815]
Checking PIDs [46671, 47364, 48815]
Checking PIDs [46671, 47364, 48815]
Checking PIDs [46671, 47364, 48815]
Checking PIDs [46671, 47364, 48815]
Checking PIDs [46671, 47364, 48815]
Checking PIDs [46671, 47364, 48815]
Checking PIDs [46671, 47364, 48815]
SAGE_TMP_ROOT = /home/n10186841/.sage/temp/cl5n029
Starting sage-cleaner with PID 76999
Checking PIDs [47364, 48815]
Checking PIDs [47364, 48815]
Checking PIDs [47364, 48815]
Checking PIDs [47364, 48815]
Checking PIDs [47364, 48815]
Checking PIDs [47364, 48815]
Checking PIDs [47364, 48815]
Checking PIDs [47364, 48815]
Checking PIDs [47364, 48815]
Checking PIDs [47364, 48815]
Checking PIDs [47364, 48815]
Checking PIDs [47364, 48815]
Checking PIDs [47364, 48815]
Checking PIDs [47364, 48815]
Checking PIDs [47364, 48815]
Checking PIDs [47364, 48815]
Checking PIDs [47364, 48815]
Checking PIDs [47364, 48815]
Checking PIDs [47364, 48815]
Checking PIDs [48815]
SAGE_TMP_ROOT = /home/n10186841/.sage/temp/cl5n029
Starting sage-cleaner with PID 110526
Checking PIDs [48815]
Checking PIDs [48815]
Checking PIDs [48815]
Checking PIDs [48815]
Checking PIDs [48815]
Checking PIDs [48815]
Checking PIDs [48815]
Checking PIDs [48815]
Checking PIDs [48815]
Checking PIDs [48815]
Checking PIDs [48815]
Checking PIDs [48815]
Checking PIDs [48815]
Checking PIDs [48815]
Checking PIDs [48815]
Checking PIDs [48815]
Checking PIDs [48815]
Checking PIDs [48815]
Checking PIDs [48815]
Checking PIDs [48815]
