SAGE_TMP_ROOT = /home/n10186841/.sage/temp/cl4n065
Starting sage-cleaner with PID 11046
Checking PIDs []
Checking PIDs [11147]
Checking PIDs [11147]
SAGE_TMP_ROOT = /home/n10186841/.sage/temp/cl4n065
sage-cleaner is already running with PID 11046, exiting
Checking PIDs [11147]
Checking PIDs [11147]
Checking PIDs [11147]
Checking PIDs [11147]
Checking PIDs [11147]
Checking PIDs [11147]
Checking PIDs [11147]
Checking PIDs [11147]
Checking PIDs [11147]
Checking PIDs [11147]
Checking PIDs [11147]
Checking PIDs [11147]
Checking PIDs [11147]
Checking PIDs [11147]
Checking PIDs [11147]
Checking PIDs [11147]
Checking PIDs [11147]
Checking PIDs [11147]
Checking PIDs [11147]
Checking PIDs [11147]
Checking PIDs [11147]
Checking PIDs [11147]
Checking PIDs [11147]
Checking PIDs [11147]
Checking PIDs [11147]
Checking PIDs [11147]
Checking PIDs [11147]
Checking PIDs [11147]
Checking PIDs [11147]
Checking PIDs [11147]
Checking PIDs [11147]
Checking PIDs [11147]
Checking PIDs [11147]
Checking PIDs [11147]
Checking PIDs [11147]
Checking PIDs [11147]
Checking PIDs [11147]
Checking PIDs [11147]
Checking PIDs [11147]
Checking PIDs [11147]
Checking PIDs [11147]
Checking PIDs [11147]
Checking PIDs [11147]
Checking PIDs [11147]
Checking PIDs [11147]
Checking PIDs [11147]
Checking PIDs [11147]
Checking PIDs [11147]
Checking PIDs [11147]
Checking PIDs [11147]
Checking PIDs [11147]
Checking PIDs [11147]
Checking PIDs [11147]
Checking PIDs [11147]
Checking PIDs [11147]
Checking PIDs [11147]
Checking PIDs [11147]
Checking PIDs [11147]
Checking PIDs [11147]
Checking PIDs [11147]
Checking PIDs [11147]
Checking PIDs [11147]
Checking PIDs [11147]
Checking PIDs [11147]
Checking PIDs [11147]
Checking PIDs [11147]
Checking PIDs [11147]
Checking PIDs [11147]
Checking PIDs [11147]
Checking PIDs [11147]
Checking PIDs [11147]
Checking PIDs [11147]
Checking PIDs [11147]
Checking PIDs [11147]
Checking PIDs [11147]
Checking PIDs [11147]
Checking PIDs [11147]
Checking PIDs [11147]
Checking PIDs [11147]
Checking PIDs [11147]
Checking PIDs [11147]
Checking PIDs [11147]
Checking PIDs [11147]
Checking PIDs [11147]
Checking PIDs [11147]
Checking PIDs [11147]
Checking PIDs [11147]
Checking PIDs [11147]
Checking PIDs [11147]
Checking PIDs [11147]
Checking PIDs [11147]
Checking PIDs [11147]
Checking PIDs [11147]
Checking PIDs [11147]
Checking PIDs [11147]
Checking PIDs [11147]
Checking PIDs [11147]
SAGE_TMP_ROOT = /home/n10186841/.sage/temp/cl4n065
Starting sage-cleaner with PID 58748
Checking PIDs [11147]
Process 11147 is no longer running, so we clean up
Killing 11147's spawned jobs
--> Killing 'gap' with PID 11157 and parent PID 11147
Deleting /home/n10186841/.sage/temp/cl4n065/11147
Checking PIDs [58783]
Checking PIDs [58783]
Checking PIDs [58783]
Checking PIDs [58783]
Checking PIDs [58783]
Checking PIDs [58783]
Checking PIDs [58783]
Checking PIDs [58783]
Checking PIDs [58783]
Checking PIDs [58783]
Checking PIDs [58783]
Checking PIDs [58783]
Checking PIDs [58783]
Checking PIDs [58783]
Checking PIDs [58783]
Checking PIDs [58783]
Checking PIDs [58783]
Checking PIDs [58783]
Checking PIDs [58783]
Checking PIDs [58783]
Checking PIDs [58783]
Checking PIDs [58783]
Checking PIDs [58783]
Checking PIDs [58783]
Checking PIDs [58783]
Checking PIDs [58783]
Checking PIDs [58783]
Checking PIDs [58783]
Checking PIDs [58783]
Checking PIDs [58783]
Checking PIDs [58783]
Checking PIDs [58783]
Checking PIDs [58783]
Checking PIDs [58783]
Checking PIDs [58783]
Checking PIDs [58783]
Checking PIDs [58783]
Checking PIDs [58783]
Checking PIDs [58783]
Checking PIDs [58783]
Checking PIDs [58783]
Checking PIDs [58783]
Checking PIDs [58783]
Checking PIDs [58783]
Checking PIDs [58783]
Checking PIDs [58783]
Checking PIDs [58783]
Checking PIDs [58783]
Checking PIDs [58783]
Checking PIDs [58783]
Checking PIDs [58783]
Checking PIDs [58783]
Checking PIDs [58783]
Checking PIDs [58783]
Checking PIDs [58783]
Checking PIDs [58783]
Checking PIDs [58783]
Checking PIDs [58783]
Checking PIDs [58783]
Checking PIDs [58783]
Checking PIDs [58783]
Checking PIDs [58783]
Checking PIDs [58783]
Checking PIDs [58783]
Checking PIDs [58783]
Checking PIDs [58783]
Checking PIDs [58783]
Checking PIDs [58783]
Checking PIDs [58783]
Checking PIDs [58783]
Checking PIDs [58783]
Checking PIDs [58783]
Checking PIDs [58783]
Checking PIDs [58783]
Checking PIDs [58783]
Checking PIDs [58783]
Checking PIDs [58783]
Checking PIDs [58783]
Checking PIDs [58783]
Checking PIDs [58783]
Checking PIDs [58783]
Checking PIDs [58783]
Checking PIDs [58783]
Checking PIDs [58783]
Checking PIDs [58783]
Checking PIDs [58783]
Checking PIDs [58783]
Checking PIDs [58783]
Checking PIDs [58783]
Checking PIDs [58783]
Checking PIDs [58783]
Checking PIDs [58783]
Checking PIDs [58783]
Checking PIDs [58783]
Checking PIDs [58783]
Checking PIDs [58783]
Checking PIDs [58783]
Checking PIDs [58783]
Checking PIDs [58783]
Checking PIDs [58783]
Checking PIDs [58783]
Checking PIDs [58783]
Checking PIDs [58783]
Checking PIDs [58783]
Checking PIDs [58783]
Checking PIDs [58783]
Checking PIDs [58783]
Checking PIDs [58783]
Checking PIDs [58783]
Checking PIDs [58783]
Checking PIDs [58783]
Checking PIDs [58783]
Checking PIDs [58783]
Checking PIDs [58783]
Checking PIDs [58783]
Checking PIDs [58783]
Checking PIDs [58783]
Checking PIDs [58783]
Checking PIDs [58783]
Checking PIDs [58783]
Checking PIDs [58783]
Checking PIDs [58783]
Checking PIDs [58783]
Checking PIDs [58783]
Checking PIDs [58783]
Checking PIDs [58783]
Checking PIDs [58783]
Checking PIDs [58783]
Checking PIDs [58783]
Checking PIDs [58783]
Checking PIDs [58783]
Checking PIDs [58783]
Checking PIDs [58783]
Checking PIDs [58783]
Checking PIDs [58783]
Checking PIDs [58783]
Checking PIDs [58783]
Checking PIDs [58783]
SAGE_TMP_ROOT = /home/n10186841/.sage/temp/cl4n065
Starting sage-cleaner with PID 59031
Checking PIDs [58783]
Process 58783 is no longer running, so we clean up
Deleting /home/n10186841/.sage/temp/cl4n065/58783
SAGE_TMP_ROOT = /home/n10186841/.sage/temp/cl4n065
sage-cleaner is already running with PID 59031, exiting
Checking PIDs [59117, 59119]
Checking PIDs [59117, 59119]
Checking PIDs [59117, 59119]
Checking PIDs [59117, 59119]
Checking PIDs [59117, 59119]
Checking PIDs [59117, 59119]
Checking PIDs [59117, 59119]
Checking PIDs [59117, 59119]
Checking PIDs [59117, 59119]
Checking PIDs [59117, 59119]
Checking PIDs [59117, 59119]
Checking PIDs [59117, 59119]
Checking PIDs [59117, 59119]
Checking PIDs [59117, 59119]
Checking PIDs [59117, 59119]
Checking PIDs [59117, 59119]
Checking PIDs [59117, 59119]
Checking PIDs [59117, 59119]
Checking PIDs [59117, 59119]
Checking PIDs [59117, 59119]
Checking PIDs [59117, 59119]
Checking PIDs [59117, 59119]
Checking PIDs [59117, 59119]
Checking PIDs [59117, 59119]
Checking PIDs [59117, 59119]
Checking PIDs [59117, 59119]
Checking PIDs [59117, 59119]
Checking PIDs [59117, 59119]
Checking PIDs [59117, 59119]
Checking PIDs [59117, 59119]
Checking PIDs [59117, 59119]
Checking PIDs [59117, 59119]
Checking PIDs [59117, 59119]
Checking PIDs [59117, 59119]
Checking PIDs [59117, 59119]
Checking PIDs [59117, 59119]
Checking PIDs [59117, 59119]
Checking PIDs [59117, 59119]
Checking PIDs [59117, 59119]
Checking PIDs [59117, 59119]
Checking PIDs [59117, 59119]
Checking PIDs [59117, 59119]
Checking PIDs [59117, 59119]
Checking PIDs [59117, 59119]
Checking PIDs [59117, 59119]
Checking PIDs [59117, 59119]
Checking PIDs [59117, 59119]
Checking PIDs [59117, 59119]
Checking PIDs [59117, 59119]
Checking PIDs [59117, 59119]
Checking PIDs [59117, 59119]
Checking PIDs [59117, 59119]
Checking PIDs [59117, 59119]
Checking PIDs [59117, 59119]
Checking PIDs [59117, 59119]
Checking PIDs [59117, 59119]
Checking PIDs [59117, 59119]
Checking PIDs [59117, 59119]
Checking PIDs [59117, 59119]
Checking PIDs [59117, 59119]
Checking PIDs [59117, 59119]
Checking PIDs [59117, 59119]
Checking PIDs [59117, 59119]
Checking PIDs [59117, 59119]
Checking PIDs [59117, 59119]
Checking PIDs [59117, 59119]
Checking PIDs [59117, 59119]
Checking PIDs [59117, 59119]
Checking PIDs [59117, 59119]
Checking PIDs [59117, 59119]
Checking PIDs [59117, 59119]
Checking PIDs [59117, 59119]
Checking PIDs [59117, 59119]
Checking PIDs [59117, 59119]
Checking PIDs [59117, 59119]
Checking PIDs [59117, 59119]
Checking PIDs [59117, 59119]
Checking PIDs [59117, 59119]
Checking PIDs [59117, 59119]
Checking PIDs [59117, 59119]
Checking PIDs [59117, 59119]
Checking PIDs [59117, 59119]
Checking PIDs [59117, 59119]
Checking PIDs [59117, 59119]
Checking PIDs [59117, 59119]
Checking PIDs [59117, 59119]
Checking PIDs [59117, 59119]
Checking PIDs [59117, 59119]
Checking PIDs [59117, 59119]
Checking PIDs [59117, 59119]
Checking PIDs [59117, 59119]
Checking PIDs [59117, 59119]
Checking PIDs [59117, 59119]
Checking PIDs [59117, 59119]
Checking PIDs [59117, 59119]
Checking PIDs [59117, 59119]
Checking PIDs [59117, 59119]
Checking PIDs [59117, 59119]
Checking PIDs [59117, 59119]
Checking PIDs [59117, 59119]
Checking PIDs [59117, 59119]
Checking PIDs [59117, 59119]
Checking PIDs [59117, 59119]
Checking PIDs [59117, 59119]
Checking PIDs [59117, 59119]
Checking PIDs [59117, 59119]
Checking PIDs [59117, 59119]
Checking PIDs [59117, 59119]
Checking PIDs [59117, 59119]
Checking PIDs [59117, 59119]
Checking PIDs [59117, 59119]
Checking PIDs [59117, 59119]
Checking PIDs [59117, 59119]
Checking PIDs [59117, 59119]
Checking PIDs [59117, 59119]
Checking PIDs [59117, 59119]
Checking PIDs [59117, 59119]
Checking PIDs [59117, 59119]
Checking PIDs [59117, 59119]
Checking PIDs [59117, 59119]
Checking PIDs [59117, 59119]
Checking PIDs [59117, 59119]
Checking PIDs [59117, 59119]
Checking PIDs [59117, 59119]
Checking PIDs [59117, 59119]
Checking PIDs [59117, 59119]
Checking PIDs [59117, 59119]
Checking PIDs [59117, 59119]
Checking PIDs [59117, 59119]
Checking PIDs [59117, 59119]
Checking PIDs [59117, 59119]
Checking PIDs [59117, 59119]
Checking PIDs [59117, 59119]
Checking PIDs [59117, 59119]
Checking PIDs [59117, 59119]
Checking PIDs [59117, 59119]
Checking PIDs [59117, 59119]
Checking PIDs [59117, 59119]
Checking PIDs [59117, 59119]
Checking PIDs [59117, 59119]
Checking PIDs [59117, 59119]
Checking PIDs [59117, 59119]
Checking PIDs [59117, 59119]
Checking PIDs [59117, 59119]
Checking PIDs [59117, 59119]
Checking PIDs [59117, 59119]
Checking PIDs [59117, 59119]
Checking PIDs [59117, 59119]
Checking PIDs [59117, 59119]
Checking PIDs [59117, 59119]
Checking PIDs [59117, 59119]
Checking PIDs [59117, 59119]
Checking PIDs [59117, 59119]
Checking PIDs [59117, 59119]
Checking PIDs [59117, 59119]
Checking PIDs [59117, 59119]
Checking PIDs [59117, 59119]
Checking PIDs [59117, 59119]
Checking PIDs [59117, 59119]
Checking PIDs [59117, 59119]
Checking PIDs [59117, 59119]
Checking PIDs [59117, 59119]
Checking PIDs [59117, 59119]
Checking PIDs [59117, 59119]
Checking PIDs [59117, 59119]
Checking PIDs [59117, 59119]
Checking PIDs [59117, 59119]
Checking PIDs [59117, 59119]
Checking PIDs [59117, 59119]
Checking PIDs [59117, 59119]
Checking PIDs [59117, 59119]
Checking PIDs [59117, 59119]
Checking PIDs [59117, 59119]
Checking PIDs [59117, 59119]
Checking PIDs [59117, 59119]
Checking PIDs [59117, 59119]
Checking PIDs [59117, 59119]
Checking PIDs [59117, 59119]
Checking PIDs [59117, 59119]
Checking PIDs [59117, 59119]
Checking PIDs [59117, 59119]
Checking PIDs [59117, 59119]
Checking PIDs [59117, 59119]
Checking PIDs [59117, 59119]
Checking PIDs [59117, 59119]
Checking PIDs [59117, 59119]
Checking PIDs [59117, 59119]
Checking PIDs [59117, 59119]
Checking PIDs [59117, 59119]
Checking PIDs [59117, 59119]
Checking PIDs [59117, 59119]
Checking PIDs [59117, 59119]
Checking PIDs [59117, 59119]
Checking PIDs [59117, 59119]
Checking PIDs [59117, 59119]
Checking PIDs [59117, 59119]
Checking PIDs [59117, 59119]
Checking PIDs [59117, 59119]
Checking PIDs [59117, 59119]
Checking PIDs [59117, 59119]
Checking PIDs [59117, 59119]
Checking PIDs [59117, 59119]
Checking PIDs [59117, 59119]
Checking PIDs [59117, 59119]
Checking PIDs [59117, 59119]
Checking PIDs [59117, 59119]
Checking PIDs [59117, 59119]
Checking PIDs [59117, 59119]
Checking PIDs [59117, 59119]
Checking PIDs [59117, 59119]
Checking PIDs [59117, 59119]
Checking PIDs [59117, 59119]
Checking PIDs [59117, 59119]
Checking PIDs [59117, 59119]
Checking PIDs [59117, 59119]
Checking PIDs [59117, 59119]
Checking PIDs [59117, 59119]
Checking PIDs [59117, 59119]
Checking PIDs [59117, 59119]
Checking PIDs [59117, 59119]
Checking PIDs [59117, 59119]
Checking PIDs [59117, 59119]
Checking PIDs [59117, 59119]
Checking PIDs [59117, 59119]
Checking PIDs [59117, 59119]
Checking PIDs [59117, 59119]
Checking PIDs [59117, 59119]
Checking PIDs [59117, 59119]
Checking PIDs [59117, 59119]
Checking PIDs [59117, 59119]
Checking PIDs [59117, 59119]
Checking PIDs [59117, 59119]
Checking PIDs [59117, 59119]
Checking PIDs [59117, 59119]
Checking PIDs [59117, 59119]
Checking PIDs [59117, 59119]
Checking PIDs [59117, 59119]
Checking PIDs [59117, 59119]
Checking PIDs [59117, 59119]
Checking PIDs [59117, 59119]
Checking PIDs [59117, 59119]
Checking PIDs [59117, 59119]
Checking PIDs [59117, 59119]
Checking PIDs [59117, 59119]
Checking PIDs [59117, 59119]
Checking PIDs [59117, 59119]
Checking PIDs [59117, 59119]
Checking PIDs [59117, 59119]
Checking PIDs [59117, 59119]
Checking PIDs [59117, 59119]
Checking PIDs [59117, 59119]
Checking PIDs [59117, 59119]
Checking PIDs [59117, 59119]
Checking PIDs [59117, 59119]
Checking PIDs [59117, 59119]
Checking PIDs [59117, 59119]
Checking PIDs [59117, 59119]
Checking PIDs [59117, 59119]
Checking PIDs [59117, 59119]
Checking PIDs [59117, 59119]
Checking PIDs [59117, 59119]
Checking PIDs [59117, 59119]
Checking PIDs [59117, 59119]
Checking PIDs [59117, 59119]
Checking PIDs [59117, 59119]
Checking PIDs [59117, 59119]
Checking PIDs [59117, 59119]
Checking PIDs [59117, 59119]
Checking PIDs [59117, 59119]
Checking PIDs [59117, 59119]
Checking PIDs [59117, 59119]
Checking PIDs [59117, 59119]
Checking PIDs [59117, 59119]
Checking PIDs [59117, 59119]
Checking PIDs [59117, 59119]
Checking PIDs [59117, 59119]
Checking PIDs [59117, 59119]
Checking PIDs [59117, 59119]
Checking PIDs [59117, 59119]
Checking PIDs [59117, 59119]
Checking PIDs [59117, 59119]
Checking PIDs [59117, 59119]
Checking PIDs [59117, 59119]
Checking PIDs [59117, 59119]
Checking PIDs [59117, 59119]
Checking PIDs [59117, 59119]
Checking PIDs [59117, 59119]
Checking PIDs [59117, 59119]
Checking PIDs [59117, 59119]
Checking PIDs [59117, 59119]
Checking PIDs [59117, 59119]
Checking PIDs [59117, 59119]
Checking PIDs [59117, 59119]
Checking PIDs [59117, 59119]
Checking PIDs [59117, 59119]
Checking PIDs [59117, 59119]
Checking PIDs [59117, 59119]
Checking PIDs [59117, 59119]
Checking PIDs [59117, 59119]
Checking PIDs [59117, 59119]
Checking PIDs [59117, 59119]
Checking PIDs [59117, 59119]
Checking PIDs [59117, 59119]
Checking PIDs [59117, 59119]
Checking PIDs [59117, 59119]
Checking PIDs [59117, 59119]
Checking PIDs [59117, 59119]
Checking PIDs [59117, 59119]
Checking PIDs [59117, 59119]
Checking PIDs [59117, 59119]
Checking PIDs [59117, 59119]
Checking PIDs [59117, 59119]
Checking PIDs [59117, 59119]
Checking PIDs [59117, 59119]
Checking PIDs [59117, 59119]
Checking PIDs [59117, 59119]
Checking PIDs [59117, 59119]
Checking PIDs [59117, 59119]
Checking PIDs [59117, 59119]
Checking PIDs [59117, 59119]
Checking PIDs [59117, 59119]
Checking PIDs [59117, 59119]
Checking PIDs [59117, 59119]
Checking PIDs [59117, 59119]
Checking PIDs [59117, 59119]
Checking PIDs [59117, 59119]
Checking PIDs [59117, 59119]
Checking PIDs [59117, 59119]
Checking PIDs [59117, 59119]
Checking PIDs [59117, 59119]
Checking PIDs [59117, 59119]
Checking PIDs [59117, 59119]
Checking PIDs [59117, 59119]
Checking PIDs [59117, 59119]
Checking PIDs [59117, 59119]
Checking PIDs [59117, 59119]
Checking PIDs [59117, 59119]
Checking PIDs [59117, 59119]
Checking PIDs [59117, 59119]
Checking PIDs [59117, 59119]
Checking PIDs [59117, 59119]
Checking PIDs [59117, 59119]
Checking PIDs [59117, 59119]
Checking PIDs [59117, 59119]
Checking PIDs [59117, 59119]
Checking PIDs [59117, 59119]
Checking PIDs [59117, 59119]
Checking PIDs [59117, 59119]
Checking PIDs [59117, 59119]
Checking PIDs [59117, 59119]
Checking PIDs [59117, 59119]
Checking PIDs [59117, 59119]
Checking PIDs [59117, 59119]
Checking PIDs [59117, 59119]
Checking PIDs [59117, 59119]
Checking PIDs [59117, 59119]
Checking PIDs [59117, 59119]
Checking PIDs [59117, 59119]
Checking PIDs [59117, 59119]
Checking PIDs [59117, 59119]
Checking PIDs [59117, 59119]
Checking PIDs [59117, 59119]
Checking PIDs [59117, 59119]
Checking PIDs [59117, 59119]
Checking PIDs [59117, 59119]
Checking PIDs [59117, 59119]
Checking PIDs [59117, 59119]
Checking PIDs [59117, 59119]
Checking PIDs [59117, 59119]
Checking PIDs [59117, 59119]
Checking PIDs [59117, 59119]
Checking PIDs [59117, 59119]
Checking PIDs [59117, 59119]
Checking PIDs [59117, 59119]
Checking PIDs [59117, 59119]
Checking PIDs [59117, 59119]
Checking PIDs [59117, 59119]
Checking PIDs [59117, 59119]
Checking PIDs [59117, 59119]
Checking PIDs [59117, 59119]
Checking PIDs [59117, 59119]
Checking PIDs [59117, 59119]
Checking PIDs [59117, 59119]
Checking PIDs [59117, 59119]
Checking PIDs [59117, 59119]
Checking PIDs [59117, 59119]
Checking PIDs [59117, 59119]
Checking PIDs [59117, 59119]
Checking PIDs [59117, 59119]
Checking PIDs [59117, 59119]
Checking PIDs [59117, 59119]
Checking PIDs [59117, 59119]
Checking PIDs [59117, 59119]
Checking PIDs [59117, 59119]
Checking PIDs [59117, 59119]
Checking PIDs [59117, 59119]
Checking PIDs [59117, 59119]
Checking PIDs [59117, 59119]
Checking PIDs [59117, 59119]
Checking PIDs [59117, 59119]
Checking PIDs [59117, 59119]
Checking PIDs [59117, 59119]
Checking PIDs [59117, 59119]
Checking PIDs [59117, 59119]
Checking PIDs [59117, 59119]
Checking PIDs [59117, 59119]
Checking PIDs [59117, 59119]
Checking PIDs [59117, 59119]
Checking PIDs [59117, 59119]
Checking PIDs [59117, 59119]
Checking PIDs [59117, 59119]
Checking PIDs [59117, 59119]
Checking PIDs [59117, 59119]
Checking PIDs [59117, 59119]
Checking PIDs [59117, 59119]
Checking PIDs [59117, 59119]
Checking PIDs [59117, 59119]
Checking PIDs [59117, 59119]
Checking PIDs [59117, 59119]
Checking PIDs [59117, 59119]
Checking PIDs [59117, 59119]
Checking PIDs [59117, 59119]
Checking PIDs [59117, 59119]
Checking PIDs [59117, 59119]
Checking PIDs [59117, 59119]
Checking PIDs [59117, 59119]
Checking PIDs [59117, 59119]
Checking PIDs [59117, 59119]
Checking PIDs [59117, 59119]
Checking PIDs [59117, 59119]
Checking PIDs [59117, 59119]
Checking PIDs [59117, 59119]
Checking PIDs [59117, 59119]
Checking PIDs [59117, 59119]
Checking PIDs [59117, 59119]
Checking PIDs [59117, 59119]
Checking PIDs [59117, 59119]
Checking PIDs [59117, 59119]
Checking PIDs [59117, 59119]
Checking PIDs [59117, 59119]
Checking PIDs [59117, 59119]
Checking PIDs [59117, 59119]
Checking PIDs [59117, 59119]
Checking PIDs [59117, 59119]
Checking PIDs [59117, 59119]
Checking PIDs [59117, 59119]
Checking PIDs [59117, 59119]
Checking PIDs [59117, 59119]
Checking PIDs [59117, 59119]
Checking PIDs [59117, 59119]
Checking PIDs [59117, 59119]
Checking PIDs [59117, 59119]
Checking PIDs [59117, 59119]
Checking PIDs [59117, 59119]
Checking PIDs [59117, 59119]
Checking PIDs [59117, 59119]
Checking PIDs [59117, 59119]
Checking PIDs [59117, 59119]
Checking PIDs [59117, 59119]
Checking PIDs [59117, 59119]
Checking PIDs [59117, 59119]
Checking PIDs [59117, 59119]
Checking PIDs [59117, 59119]
Checking PIDs [59117, 59119]
Checking PIDs [59117, 59119]
Checking PIDs [59117, 59119]
Checking PIDs [59117, 59119]
Checking PIDs [59117, 59119]
Checking PIDs [59117, 59119]
Checking PIDs [59117, 59119]
Checking PIDs [59117, 59119]
Checking PIDs [59117, 59119]
Checking PIDs [59117, 59119]
Checking PIDs [59117, 59119]
Checking PIDs [59117, 59119]
Checking PIDs [59117, 59119]
Checking PIDs [59117, 59119]
Checking PIDs [59117, 59119]
Checking PIDs [59117, 59119]
Checking PIDs [59117, 59119]
Checking PIDs [59117, 59119]
Checking PIDs [59117, 59119]
Checking PIDs [59117, 59119]
Checking PIDs [59117, 59119]
Checking PIDs [59117, 59119]
Checking PIDs [59117, 59119]
Checking PIDs [59117, 59119]
Checking PIDs [59117, 59119]
Checking PIDs [59117, 59119]
Checking PIDs [59117, 59119]
Checking PIDs [59117, 59119]
Checking PIDs [59117, 59119]
Checking PIDs [59117, 59119]
Checking PIDs [59117, 59119]
Checking PIDs [59117, 59119]
Checking PIDs [59117, 59119]
Checking PIDs [59117, 59119]
Checking PIDs [59117, 59119]
Checking PIDs [59117, 59119]
Checking PIDs [59117, 59119]
Checking PIDs [59117, 59119]
Checking PIDs [59117, 59119]
Checking PIDs [59117, 59119]
SAGE_TMP_ROOT = /home/n10186841/.sage/temp/cl4n065
sage-cleaner is already running with PID 59031, exiting
Checking PIDs [59117, 59119]
Checking PIDs [59117, 59119]
Checking PIDs [59117, 59119]
Checking PIDs [59117, 59119]
Checking PIDs [59117, 59119]
Checking PIDs [59117, 59119]
SAGE_TMP_ROOT = /home/n10186841/.sage/temp/cl4n065
sage-cleaner is already running with PID 59031, exiting
Checking PIDs [59117, 59119]
Checking PIDs [59117, 59119]
Checking PIDs [59117, 59119]
Checking PIDs [59117, 59119]
Checking PIDs [59117, 59119]
Checking PIDs [59117, 59119]
Checking PIDs [59117, 59119]
Checking PIDs [59117, 59119]
Checking PIDs [59117, 59119]
Checking PIDs [59117, 59119]
Checking PIDs [59117, 59119]
Checking PIDs [59117, 59119]
Checking PIDs [59117, 59119]
