SAGE_TMP_ROOT = /home/n10186841/.sage/temp/cl4n016
Starting sage-cleaner with PID 51034
Checking PIDs []
Checking PIDs [51163]
Checking PIDs [51163]
Checking PIDs [51163]
Checking PIDs [51163]
Checking PIDs [51163]
Checking PIDs [51163]
Checking PIDs [51163]
Checking PIDs [51163]
Checking PIDs [51163]
Checking PIDs [51163]
Checking PIDs [51163]
Checking PIDs [51163]
Checking PIDs [51163]
Checking PIDs [51163]
Checking PIDs [51163]
Checking PIDs [51163]
Checking PIDs [51163]
Checking PIDs [51163]
Checking PIDs [51163]
Checking PIDs [51163]
Checking PIDs [51163]
SAGE_TMP_ROOT = /home/n10186841/.sage/temp/cl4n016
sage-cleaner is already running with PID 51034, exiting
Checking PIDs [51163]
SAGE_TMP_ROOT = /home/n10186841/.sage/temp/cl4n016
Starting sage-cleaner with PID 56008
Checking PIDs []
Checking PIDs [56014]
Checking PIDs [56014]
Checking PIDs [56014]
Checking PIDs [56014]
Checking PIDs [56014]
Checking PIDs [56014]
Checking PIDs [56014]
Checking PIDs [56014]
Checking PIDs [56014]
Checking PIDs [56014]
Checking PIDs [56014]
Checking PIDs [56014]
Checking PIDs [56014]
Checking PIDs [56014]
Checking PIDs [56014]
Checking PIDs [56014]
Checking PIDs [56014]
Checking PIDs [56014]
Checking PIDs [56014]
Checking PIDs [56014]
Checking PIDs [56014]
Checking PIDs [56014]
Checking PIDs [56014]
Checking PIDs [56014]
Checking PIDs [56014]
Checking PIDs [56014]
Checking PIDs [56014]
Checking PIDs [56014]
Checking PIDs [56014]
Checking PIDs [56014]
Checking PIDs [56014]
Checking PIDs [56014]
Checking PIDs [56014]
Checking PIDs [56014]
Checking PIDs [56014]
Checking PIDs [56014]
Checking PIDs [56014]
Checking PIDs [56014]
Checking PIDs [56014]
Checking PIDs [56014]
Checking PIDs [56014]
Checking PIDs [56014]
Checking PIDs [56014]
Checking PIDs [56014]
Checking PIDs [56014]
Checking PIDs [56014]
Checking PIDs [56014]
Checking PIDs [56014]
Checking PIDs [56014]
Checking PIDs [56014]
Checking PIDs [56014]
Checking PIDs [56014]
Checking PIDs [56014]
Checking PIDs [56014]
Checking PIDs [56014]
Checking PIDs [56014]
Checking PIDs [56014]
Checking PIDs [56014]
Checking PIDs [56014]
Checking PIDs [56014]
Checking PIDs [56014]
Checking PIDs [56014]
Checking PIDs [56014]
Checking PIDs [56014]
Checking PIDs [56014]
Checking PIDs [56014]
Checking PIDs [56014]
Checking PIDs [56014]
Checking PIDs [56014]
Checking PIDs [56014]
Checking PIDs [56014]
Checking PIDs [56014]
Checking PIDs [56014]
Checking PIDs [56014]
Checking PIDs [56014]
Checking PIDs [56014]
Checking PIDs [56014]
Checking PIDs [56014]
Checking PIDs [56014]
Checking PIDs [56014]
Checking PIDs [56014]
Checking PIDs [56014]
Checking PIDs [56014]
Checking PIDs [56014]
Checking PIDs [56014]
Checking PIDs [56014]
Checking PIDs [56014]
Checking PIDs [56014]
Checking PIDs [56014]
Checking PIDs [56014]
Checking PIDs [56014]
Checking PIDs [56014]
Checking PIDs [56014]
Checking PIDs [56014]
Checking PIDs [56014]
Checking PIDs [56014]
Checking PIDs [56014]
Checking PIDs [56014]
Checking PIDs [56014]
Checking PIDs [56014]
Checking PIDs [56014]
Checking PIDs [56014]
Checking PIDs [56014]
Checking PIDs [56014]
Checking PIDs [56014]
Checking PIDs [56014]
Checking PIDs [56014]
Checking PIDs [56014]
Checking PIDs [56014]
Checking PIDs [56014]
Checking PIDs [56014]
Checking PIDs [56014]
Checking PIDs [56014]
Checking PIDs [56014]
Checking PIDs [56014]
Checking PIDs [56014]
Checking PIDs [56014]
Checking PIDs [56014]
Checking PIDs [56014]
Checking PIDs [56014]
Checking PIDs [56014]
Checking PIDs [56014]
Checking PIDs [56014]
Checking PIDs [56014]
Checking PIDs [56014]
Checking PIDs [56014]
Checking PIDs [56014]
Checking PIDs [56014]
Checking PIDs [56014]
Checking PIDs [56014]
Checking PIDs [56014]
Checking PIDs [56014]
Checking PIDs [56014]
Checking PIDs [56014]
Checking PIDs [56014]
Checking PIDs [56014]
Checking PIDs [56014]
Checking PIDs [56014]
Checking PIDs [56014]
Checking PIDs [56014]
Checking PIDs [56014]
Checking PIDs [56014]
Checking PIDs [56014]
Checking PIDs [56014]
Checking PIDs [56014]
Checking PIDs [56014]
Checking PIDs [56014]
Checking PIDs [56014]
Checking PIDs [56014]
Checking PIDs [56014]
Checking PIDs [56014]
Checking PIDs [56014]
Checking PIDs [56014]
Checking PIDs [56014]
Checking PIDs [56014]
Checking PIDs [56014]
Checking PIDs [56014]
Checking PIDs [56014]
Checking PIDs [56014]
Checking PIDs [56014]
Checking PIDs [56014]
Checking PIDs [56014]
Checking PIDs [56014]
Checking PIDs [56014]
Checking PIDs [56014]
Checking PIDs [56014]
Checking PIDs [56014]
Checking PIDs [56014]
Checking PIDs [56014]
Checking PIDs [56014]
Checking PIDs [56014]
Checking PIDs [56014]
Checking PIDs [56014]
Checking PIDs [56014]
Checking PIDs [56014]
Checking PIDs [56014]
Checking PIDs [56014]
Checking PIDs [56014]
Checking PIDs [56014]
Checking PIDs [56014]
Checking PIDs [56014]
Checking PIDs [56014]
Checking PIDs [56014]
Checking PIDs [56014]
SAGE_TMP_ROOT = /home/n10186841/.sage/temp/cl4n016
Starting sage-cleaner with PID 69546
Checking PIDs [56014]
Process 56014 is no longer running, so we clean up
Deleting /home/n10186841/.sage/temp/cl4n016/56014
Checking PIDs [69552]
Checking PIDs [69552]
Checking PIDs [69552]
Checking PIDs [69552]
SAGE_TMP_ROOT = /home/n10186841/.sage/temp/cl4n016
sage-cleaner is already running with PID 69546, exiting
Checking PIDs [69552]
Checking PIDs [69552]
Checking PIDs [69552]
Checking PIDs [69552]
Checking PIDs [69552]
Checking PIDs [69552]
Checking PIDs [69552]
Checking PIDs [69552]
Checking PIDs [69552]
Checking PIDs [69552]
Checking PIDs [69552]
Checking PIDs [69552]
Checking PIDs [69552]
Checking PIDs [69552]
Checking PIDs [69552]
Checking PIDs [69552]
Checking PIDs [69552]
Checking PIDs [69552]
Checking PIDs [69552]
Checking PIDs [69552]
Checking PIDs [69552]
Checking PIDs [69552]
Checking PIDs [69552]
Checking PIDs [69552]
Checking PIDs [69552]
Checking PIDs [69552]
Checking PIDs [69552]
Checking PIDs [69552]
Checking PIDs [69552]
Checking PIDs [69552]
Checking PIDs [69552]
Checking PIDs [69552]
SAGE_TMP_ROOT = /home/n10186841/.sage/temp/cl4n016
Starting sage-cleaner with PID 15486
Checking PIDs []
Checking PIDs [15492]
Checking PIDs [15492]
Checking PIDs [15492]
Checking PIDs [15492]
Checking PIDs [15492]
Checking PIDs [15492]
Checking PIDs [15492]
Checking PIDs [15492]
Checking PIDs [15492]
Checking PIDs [15492]
Checking PIDs [15492]
Checking PIDs [15492]
Checking PIDs [15492]
Checking PIDs [15492]
Checking PIDs [15492]
Checking PIDs [15492]
Checking PIDs [15492]
Checking PIDs [15492]
Checking PIDs [15492]
Checking PIDs [15492]
Checking PIDs [15492]
Checking PIDs [15492]
Checking PIDs [15492]
Checking PIDs [15492]
Checking PIDs [15492]
Checking PIDs [15492]
Checking PIDs [15492]
Checking PIDs [15492]
Checking PIDs [15492]
Checking PIDs [15492]
Checking PIDs [15492]
Checking PIDs [15492]
Checking PIDs [15492]
Checking PIDs [15492]
Checking PIDs [15492]
Checking PIDs [15492]
Checking PIDs [15492]
Checking PIDs [15492]
Checking PIDs [15492]
Checking PIDs [15492]
Checking PIDs [15492]
Checking PIDs [15492]
Checking PIDs [15492]
Checking PIDs [15492]
Checking PIDs [15492]
Checking PIDs [15492]
Checking PIDs [15492]
Checking PIDs [15492]
Checking PIDs [15492]
Checking PIDs [15492]
Checking PIDs [15492]
Checking PIDs [15492]
Checking PIDs [15492]
Checking PIDs [15492]
Checking PIDs [15492]
Checking PIDs [15492]
Checking PIDs [15492]
Checking PIDs [15492]
Checking PIDs [15492]
Checking PIDs [15492]
Checking PIDs [15492]
Checking PIDs [15492]
Checking PIDs [15492]
Checking PIDs [15492]
Checking PIDs [15492]
Checking PIDs [15492]
Checking PIDs [15492]
Checking PIDs [15492]
Checking PIDs [15492]
Checking PIDs [15492]
Checking PIDs [15492]
Checking PIDs [15492]
Checking PIDs [15492]
Checking PIDs [15492]
Checking PIDs [15492]
Checking PIDs [15492]
Checking PIDs [15492]
Checking PIDs [15492]
Checking PIDs [15492]
Checking PIDs [15492]
Checking PIDs [15492]
Checking PIDs [15492]
Checking PIDs [15492]
Checking PIDs [15492]
Checking PIDs [15492]
Checking PIDs [15492]
Checking PIDs [15492]
Checking PIDs [15492]
Checking PIDs [15492]
Checking PIDs [15492]
Checking PIDs [15492]
Checking PIDs [15492]
Checking PIDs [15492]
Checking PIDs [15492]
Checking PIDs [15492]
Checking PIDs [15492]
Checking PIDs [15492]
Checking PIDs [15492]
Checking PIDs [15492]
Checking PIDs [15492]
Checking PIDs [15492]
Checking PIDs [15492]
Checking PIDs [15492]
Checking PIDs [15492]
Checking PIDs [15492]
Checking PIDs [15492]
Checking PIDs [15492]
Checking PIDs [15492]
Checking PIDs [15492]
Checking PIDs [15492]
Checking PIDs [15492]
Checking PIDs [15492]
Checking PIDs [15492]
Checking PIDs [15492]
Checking PIDs [15492]
Checking PIDs [15492]
Checking PIDs [15492]
Checking PIDs [15492]
Checking PIDs [15492]
Checking PIDs [15492]
Checking PIDs [15492]
Checking PIDs [15492]
Checking PIDs [15492]
Checking PIDs [15492]
Checking PIDs [15492]
Checking PIDs [15492]
Checking PIDs [15492]
Checking PIDs [15492]
Checking PIDs [15492]
Checking PIDs [15492]
Checking PIDs [15492]
Checking PIDs [15492]
Checking PIDs [15492]
Checking PIDs [15492]
Checking PIDs [15492]
Checking PIDs [15492]
Checking PIDs [15492]
Checking PIDs [15492]
Checking PIDs [15492]
Checking PIDs [15492]
Checking PIDs [15492]
Checking PIDs [15492]
Checking PIDs [15492]
Checking PIDs [15492]
Checking PIDs [15492]
Checking PIDs [15492]
Checking PIDs [15492]
Checking PIDs [15492]
Checking PIDs [15492]
Checking PIDs [15492]
Checking PIDs [15492]
Checking PIDs [15492]
Checking PIDs [15492]
Checking PIDs [15492]
Checking PIDs [15492]
Checking PIDs [15492]
Checking PIDs [15492]
Checking PIDs [15492]
Checking PIDs [15492]
Checking PIDs [15492]
Checking PIDs [15492]
Checking PIDs [15492]
Checking PIDs [15492]
Checking PIDs [15492]
Checking PIDs [15492]
Checking PIDs [15492]
Checking PIDs [15492]
Checking PIDs [15492]
Checking PIDs [15492]
Checking PIDs [15492]
Checking PIDs [15492]
Checking PIDs [15492]
Checking PIDs [15492]
Checking PIDs [15492]
Checking PIDs [15492]
Checking PIDs [15492]
Checking PIDs [15492]
Checking PIDs [15492]
Checking PIDs [15492]
Checking PIDs [15492]
Checking PIDs [15492]
Checking PIDs [15492]
Checking PIDs [15492]
Checking PIDs [15492]
Checking PIDs [15492]
Checking PIDs [15492]
Checking PIDs [15492]
Checking PIDs [15492]
Checking PIDs [15492]
Checking PIDs [15492]
Checking PIDs [15492]
Checking PIDs [15492]
Checking PIDs [15492]
Checking PIDs [15492]
Checking PIDs [15492]
Checking PIDs [15492]
Checking PIDs [15492]
Checking PIDs [15492]
Checking PIDs [15492]
Checking PIDs [15492]
Checking PIDs [15492]
Checking PIDs [15492]
Checking PIDs [15492]
Checking PIDs [15492]
Checking PIDs [15492]
Checking PIDs [15492]
Checking PIDs [15492]
Checking PIDs [15492]
Checking PIDs [15492]
Checking PIDs [15492]
Checking PIDs [15492]
Checking PIDs [15492]
Checking PIDs [15492]
Checking PIDs [15492]
Checking PIDs [15492]
Checking PIDs [15492]
Checking PIDs [15492]
Checking PIDs [15492]
Checking PIDs [15492]
Checking PIDs [15492]
Checking PIDs [15492]
Checking PIDs [15492]
Checking PIDs [15492]
Checking PIDs [15492]
Checking PIDs [15492]
Checking PIDs [15492]
Checking PIDs [15492]
Checking PIDs [15492]
Checking PIDs [15492]
Checking PIDs [15492]
Checking PIDs [15492]
Checking PIDs [15492]
Checking PIDs [15492]
Checking PIDs [15492]
Checking PIDs [15492]
Checking PIDs [15492]
Checking PIDs [15492]
Checking PIDs [15492]
Checking PIDs [15492]
Checking PIDs [15492]
Checking PIDs [15492]
Checking PIDs [15492]
Checking PIDs [15492]
Checking PIDs [15492]
Checking PIDs [15492]
Checking PIDs [15492]
Checking PIDs [15492]
Checking PIDs [15492]
Checking PIDs [15492]
Checking PIDs [15492]
Checking PIDs [15492]
Checking PIDs [15492]
Checking PIDs [15492]
Checking PIDs [15492]
Checking PIDs [15492]
Checking PIDs [15492]
Checking PIDs [15492]
Checking PIDs [15492]
Checking PIDs [15492]
Checking PIDs [15492]
Checking PIDs [15492]
Checking PIDs [15492]
Checking PIDs [15492]
Checking PIDs [15492]
Checking PIDs [15492]
Checking PIDs [15492]
Checking PIDs [15492]
Checking PIDs [15492]
Checking PIDs [15492]
SAGE_TMP_ROOT = /home/n10186841/.sage/temp/cl4n016
Starting sage-cleaner with PID 44701
Checking PIDs [15492]
Process 15492 is no longer running, so we clean up
Deleting /home/n10186841/.sage/temp/cl4n016/15492
Checking PIDs [44707]
Checking PIDs [44707]
Checking PIDs [44707]
Checking PIDs [44707]
Checking PIDs [44707]
Checking PIDs [44707]
Checking PIDs [44707]
Checking PIDs [44707]
Checking PIDs [44707]
Checking PIDs [44707]
Checking PIDs [44707]
Checking PIDs [44707]
Checking PIDs [44707]
Checking PIDs [44707]
Checking PIDs [44707]
Checking PIDs [44707]
Checking PIDs [44707]
