SAGE_TMP_ROOT = /home/n10186841/.sage/temp/cl4n020
Starting sage-cleaner with PID 32030
Checking PIDs []
SAGE_TMP_ROOT = /home/n10186841/.sage/temp/cl4n020
Starting sage-cleaner with PID 33751
Checking PIDs []
SAGE_TMP_ROOT = /home/n10186841/.sage/temp/cl4n020
Starting sage-cleaner with PID 19102
Checking PIDs []
Checking PIDs [19108]
Checking PIDs [19108]
SAGE_TMP_ROOT = /home/n10186841/.sage/temp/cl4n020
Starting sage-cleaner with PID 54738
Checking PIDs [19108]
Process 19108 is no longer running, so we clean up
Deleting /home/n10186841/.sage/temp/cl4n020/19108
Checking PIDs [54800]
Checking PIDs [54800]
SAGE_TMP_ROOT = /home/n10186841/.sage/temp/cl4n020
Starting sage-cleaner with PID 64786
Checking PIDs [54800]
Process 54800 is no longer running, so we clean up
Deleting /home/n10186841/.sage/temp/cl4n020/54800
Checking PIDs [64792]
SAGE_TMP_ROOT = /home/n10186841/.sage/temp/cl4n020
Starting sage-cleaner with PID 69153
Checking PIDs [64792]
Process 64792 is no longer running, so we clean up
Deleting /home/n10186841/.sage/temp/cl4n020/64792
Checking PIDs [69160]
SAGE_TMP_ROOT = /home/n10186841/.sage/temp/cl4n020
Starting sage-cleaner with PID 73179
Checking PIDs [69160]
Process 69160 is no longer running, so we clean up
Deleting /home/n10186841/.sage/temp/cl4n020/69160
Checking PIDs [73187]
SAGE_TMP_ROOT = /home/n10186841/.sage/temp/cl4n020
Starting sage-cleaner with PID 10222
Checking PIDs [73187]
Process 73187 is no longer running, so we clean up
Deleting /home/n10186841/.sage/temp/cl4n020/73187
Checking PIDs [10229]
SAGE_TMP_ROOT = /home/n10186841/.sage/temp/cl4n020
Starting sage-cleaner with PID 58986
Checking PIDs [10229]
Process 10229 is no longer running, so we clean up
Deleting /home/n10186841/.sage/temp/cl4n020/10229
Checking PIDs [59001]
SAGE_TMP_ROOT = /home/n10186841/.sage/temp/cl4n020
Starting sage-cleaner with PID 61407
Checking PIDs [59001]
Process 59001 is no longer running, so we clean up
Deleting /home/n10186841/.sage/temp/cl4n020/59001
Checking PIDs [61414]
SAGE_TMP_ROOT = /home/n10186841/.sage/temp/cl4n020
Starting sage-cleaner with PID 62457
Checking PIDs [61414]
Process 61414 is no longer running, so we clean up
Deleting /home/n10186841/.sage/temp/cl4n020/61414
Checking PIDs [62463]
SAGE_TMP_ROOT = /home/n10186841/.sage/temp/cl4n020
Starting sage-cleaner with PID 36309
Checking PIDs [62463]
Process 62463 is no longer running, so we clean up
Deleting /home/n10186841/.sage/temp/cl4n020/62463
Checking PIDs [36316]
Checking PIDs [36316]
Checking PIDs [36316]
Checking PIDs [36316]
Checking PIDs [36316]
SAGE_TMP_ROOT = /home/n10186841/.sage/temp/cl4n020
sage-cleaner is already running with PID 36309, exiting
Checking PIDs [36316]
Checking PIDs [36316]
Checking PIDs [36316]
Checking PIDs [36316]
Checking PIDs [36316]
Checking PIDs [36316]
Checking PIDs [36316]
Checking PIDs [36316]
Checking PIDs [36316]
Checking PIDs [36316]
Checking PIDs [36316]
Checking PIDs [36316]
Checking PIDs [36316]
SAGE_TMP_ROOT = /home/n10186841/.sage/temp/cl4n020
Starting sage-cleaner with PID 7575
Checking PIDs []
Checking PIDs [7581]
Checking PIDs [7581]
Checking PIDs [7581]
Checking PIDs [7581]
Checking PIDs [7581]
Checking PIDs [7581]
Checking PIDs [7581]
Checking PIDs [7581]
Checking PIDs [7581]
Checking PIDs [7581]
Checking PIDs [7581]
Checking PIDs [7581]
Checking PIDs [7581]
Checking PIDs [7581]
Checking PIDs [7581]
Checking PIDs [7581]
Checking PIDs [7581]
Checking PIDs [7581]
Checking PIDs [7581]
Checking PIDs [7581]
Checking PIDs [7581]
Checking PIDs [7581]
Checking PIDs [7581]
Checking PIDs [7581]
Checking PIDs [7581]
Checking PIDs [7581]
Checking PIDs [7581]
Checking PIDs [7581]
Checking PIDs [7581]
Checking PIDs [7581]
Checking PIDs [7581]
Checking PIDs [7581]
Checking PIDs [7581]
Checking PIDs [7581]
Checking PIDs [7581]
Checking PIDs [7581]
Checking PIDs [7581]
Checking PIDs [7581]
Checking PIDs [7581]
Checking PIDs [7581]
Checking PIDs [7581]
Checking PIDs [7581]
Checking PIDs [7581]
Checking PIDs [7581]
Checking PIDs [7581]
Checking PIDs [7581]
Checking PIDs [7581]
Checking PIDs [7581]
Checking PIDs [7581]
Checking PIDs [7581]
Checking PIDs [7581]
Checking PIDs [7581]
Checking PIDs [7581]
Checking PIDs [7581]
Checking PIDs [7581]
Checking PIDs [7581]
Checking PIDs [7581]
Checking PIDs [7581]
Checking PIDs [7581]
Checking PIDs [7581]
Checking PIDs [7581]
Checking PIDs [7581]
Checking PIDs [7581]
Checking PIDs [7581]
Checking PIDs [7581]
Checking PIDs [7581]
Checking PIDs [7581]
Checking PIDs [7581]
Checking PIDs [7581]
Checking PIDs [7581]
Checking PIDs [7581]
Checking PIDs [7581]
Checking PIDs [7581]
Checking PIDs [7581]
Checking PIDs [7581]
Checking PIDs [7581]
Checking PIDs [7581]
Checking PIDs [7581]
Checking PIDs [7581]
Checking PIDs [7581]
Checking PIDs [7581]
Checking PIDs [7581]
Checking PIDs [7581]
Checking PIDs [7581]
Checking PIDs [7581]
Checking PIDs [7581]
Checking PIDs [7581]
Checking PIDs [7581]
Checking PIDs [7581]
Checking PIDs [7581]
Checking PIDs [7581]
Checking PIDs [7581]
Checking PIDs [7581]
Checking PIDs [7581]
Checking PIDs [7581]
Checking PIDs [7581]
Checking PIDs [7581]
Checking PIDs [7581]
Checking PIDs [7581]
Checking PIDs [7581]
Checking PIDs [7581]
Checking PIDs [7581]
Checking PIDs [7581]
Checking PIDs [7581]
Checking PIDs [7581]
Checking PIDs [7581]
Checking PIDs [7581]
Checking PIDs [7581]
Checking PIDs [7581]
Checking PIDs [7581]
Checking PIDs [7581]
Checking PIDs [7581]
Checking PIDs [7581]
Checking PIDs [7581]
Checking PIDs [7581]
Checking PIDs [7581]
Checking PIDs [7581]
Checking PIDs [7581]
Checking PIDs [7581]
Checking PIDs [7581]
Checking PIDs [7581]
Checking PIDs [7581]
Checking PIDs [7581]
Checking PIDs [7581]
Checking PIDs [7581]
Checking PIDs [7581]
Checking PIDs [7581]
Checking PIDs [7581]
Checking PIDs [7581]
SAGE_TMP_ROOT = /home/n10186841/.sage/temp/cl4n020
sage-cleaner is already running with PID 7575, exiting
Checking PIDs [7581]
Checking PIDs [7581]
SAGE_TMP_ROOT = /home/n10186841/.sage/temp/cl4n020
SAGE_TMP_ROOT = /home/n10186841/.sage/temp/cl4n020
Starting sage-cleaner with PID 5176
Checking PIDs []
Checking PIDs [5182]
Checking PIDs [5182]
Checking PIDs [5182]
Checking PIDs [5182]
Checking PIDs [5182]
Checking PIDs [5182]
Checking PIDs [5182]
Checking PIDs [5182]
Checking PIDs [5182]
Checking PIDs [5182]
Checking PIDs [5182]
Checking PIDs [5182]
Checking PIDs [5182]
Checking PIDs [5182]
Checking PIDs [5182]
Checking PIDs [5182]
Checking PIDs [5182]
Checking PIDs [5182]
Checking PIDs [5182]
Checking PIDs [5182]
Checking PIDs [5182]
Checking PIDs [5182]
Checking PIDs [5182]
Checking PIDs [5182]
Checking PIDs [5182]
Checking PIDs [5182]
Checking PIDs [5182]
Checking PIDs [5182]
Checking PIDs [5182]
Checking PIDs [5182]
Checking PIDs [5182]
Checking PIDs [5182]
Checking PIDs [5182]
Checking PIDs [5182]
Checking PIDs [5182]
Checking PIDs [5182]
Checking PIDs [5182]
Checking PIDs [5182]
Checking PIDs [5182]
Checking PIDs [5182]
Checking PIDs [5182]
Checking PIDs [5182]
Checking PIDs [5182]
Checking PIDs [5182]
Checking PIDs [5182]
Checking PIDs [5182]
Checking PIDs [5182]
Checking PIDs [5182]
Checking PIDs [5182]
Checking PIDs [5182]
Checking PIDs [5182]
Checking PIDs [5182]
Checking PIDs [5182]
Checking PIDs [5182]
Checking PIDs [5182]
Checking PIDs [5182]
Checking PIDs [5182]
Checking PIDs [5182]
Checking PIDs [5182]
Checking PIDs [5182]
Checking PIDs [5182]
Checking PIDs [5182]
Checking PIDs [5182]
Checking PIDs [5182]
Checking PIDs [5182]
Checking PIDs [5182]
Checking PIDs [5182]
Checking PIDs [5182]
Checking PIDs [5182]
Checking PIDs [5182]
Checking PIDs [5182]
Checking PIDs [5182]
Checking PIDs [5182]
Checking PIDs [5182]
Checking PIDs [5182]
Checking PIDs [5182]
Checking PIDs [5182]
Checking PIDs [5182]
Checking PIDs [5182]
Checking PIDs [5182]
Checking PIDs [5182]
Checking PIDs [5182]
Checking PIDs [5182]
Checking PIDs [5182]
Checking PIDs [5182]
Checking PIDs [5182]
Checking PIDs [5182]
Checking PIDs [5182]
Checking PIDs [5182]
Checking PIDs [5182]
Checking PIDs [5182]
Checking PIDs [5182]
Checking PIDs [5182]
Checking PIDs [5182]
Checking PIDs [5182]
Checking PIDs [5182]
Checking PIDs [5182]
Checking PIDs [5182]
Checking PIDs [5182]
Checking PIDs [5182]
Checking PIDs [5182]
Checking PIDs [5182]
Checking PIDs [5182]
Checking PIDs [5182]
Checking PIDs [5182]
Checking PIDs [5182]
Checking PIDs [5182]
Checking PIDs [5182]
Checking PIDs [5182]
Checking PIDs [5182]
Checking PIDs [5182]
Checking PIDs [5182]
Checking PIDs [5182]
Checking PIDs [5182]
Checking PIDs [5182]
Checking PIDs [5182]
Checking PIDs [5182]
Checking PIDs [5182]
Checking PIDs [5182]
Checking PIDs [5182]
Checking PIDs [5182]
Checking PIDs [5182]
Checking PIDs [5182]
Checking PIDs [5182]
Checking PIDs [5182]
Checking PIDs [5182]
Checking PIDs [5182]
Checking PIDs [5182]
Checking PIDs [5182]
Checking PIDs [5182]
Checking PIDs [5182]
Checking PIDs [5182]
Checking PIDs [5182]
Checking PIDs [5182]
Checking PIDs [5182]
Checking PIDs [5182]
Checking PIDs [5182]
Checking PIDs [5182]
Checking PIDs [5182]
Checking PIDs [5182]
Checking PIDs [5182]
Checking PIDs [5182]
Checking PIDs [5182]
Checking PIDs [5182]
Checking PIDs [5182]
Checking PIDs [5182]
Checking PIDs [5182]
Checking PIDs [5182]
Checking PIDs [5182]
Checking PIDs [5182]
Checking PIDs [5182]
Checking PIDs [5182]
Checking PIDs [5182]
Checking PIDs [5182]
Checking PIDs [5182]
Checking PIDs [5182]
Checking PIDs [5182]
Checking PIDs [5182]
Checking PIDs [5182]
Checking PIDs [5182]
Checking PIDs [5182]
Checking PIDs [5182]
Checking PIDs [5182]
Checking PIDs [5182]
Checking PIDs [5182]
Checking PIDs [5182]
Checking PIDs [5182]
Checking PIDs [5182]
Checking PIDs [5182]
Checking PIDs [5182]
Checking PIDs [5182]
Checking PIDs [5182]
Checking PIDs [5182]
Checking PIDs [5182]
Checking PIDs [5182]
Checking PIDs [5182]
Checking PIDs [5182]
Checking PIDs [5182]
Checking PIDs [5182]
Checking PIDs [5182]
Checking PIDs [5182]
Checking PIDs [5182]
Checking PIDs [5182]
Checking PIDs [5182]
Checking PIDs [5182]
Checking PIDs [5182]
Checking PIDs [5182]
Checking PIDs [5182]
Checking PIDs [5182]
Checking PIDs [5182]
Checking PIDs [5182]
Checking PIDs [5182]
Checking PIDs [5182]
Checking PIDs [5182]
Checking PIDs [5182]
Checking PIDs [5182]
Checking PIDs [5182]
Checking PIDs [5182]
Checking PIDs [5182]
Checking PIDs [5182]
Checking PIDs [5182]
Checking PIDs [5182]
Checking PIDs [5182]
Checking PIDs [5182]
Checking PIDs [5182]
Checking PIDs [5182]
Checking PIDs [5182]
Checking PIDs [5182]
Checking PIDs [5182]
Checking PIDs [5182]
Checking PIDs [5182]
Checking PIDs [5182]
Checking PIDs [5182]
Checking PIDs [5182]
Checking PIDs [5182]
Checking PIDs [5182]
Checking PIDs [5182]
Checking PIDs [5182]
Checking PIDs [5182]
Checking PIDs [5182]
Checking PIDs [5182]
Checking PIDs [5182]
Checking PIDs [5182]
Checking PIDs [5182]
Checking PIDs [5182]
Checking PIDs [5182]
Checking PIDs [5182]
Checking PIDs [5182]
Checking PIDs [5182]
Checking PIDs [5182]
Checking PIDs [5182]
Checking PIDs [5182]
Checking PIDs [5182]
Checking PIDs [5182]
Checking PIDs [5182]
Checking PIDs [5182]
Checking PIDs [5182]
Checking PIDs [5182]
Checking PIDs [5182]
Checking PIDs [5182]
Checking PIDs [5182]
Checking PIDs [5182]
Checking PIDs [5182]
Checking PIDs [5182]
Checking PIDs [5182]
Checking PIDs [5182]
Checking PIDs [5182]
Checking PIDs [5182]
Checking PIDs [5182]
Checking PIDs [5182]
Checking PIDs [5182]
Checking PIDs [5182]
Checking PIDs [5182]
Checking PIDs [5182]
Checking PIDs [5182]
Checking PIDs [5182]
Checking PIDs [5182]
Checking PIDs [5182]
Checking PIDs [5182]
Checking PIDs [5182]
Checking PIDs [5182]
Checking PIDs [5182]
Checking PIDs [5182]
Checking PIDs [5182]
Checking PIDs [5182]
Checking PIDs [5182]
Checking PIDs [5182]
Checking PIDs [5182]
Checking PIDs [5182]
Checking PIDs [5182]
Checking PIDs [5182]
Checking PIDs [5182]
Checking PIDs [5182]
Checking PIDs [5182]
Checking PIDs [5182]
Checking PIDs [5182]
Checking PIDs [5182]
Checking PIDs [5182]
Checking PIDs [5182]
Checking PIDs [5182]
Checking PIDs [5182]
Checking PIDs [5182]
Checking PIDs [5182]
Checking PIDs [5182]
Checking PIDs [5182]
Checking PIDs [5182]
Checking PIDs [5182]
Checking PIDs [5182]
Checking PIDs [5182]
Checking PIDs [5182]
Checking PIDs [5182]
Checking PIDs [5182]
Checking PIDs [5182]
Checking PIDs [5182]
Checking PIDs [5182]
Checking PIDs [5182]
Checking PIDs [5182]
Checking PIDs [5182]
Checking PIDs [5182]
Checking PIDs [5182]
Checking PIDs [5182]
Checking PIDs [5182]
Checking PIDs [5182]
Checking PIDs [5182]
Checking PIDs [5182]
Checking PIDs [5182]
Checking PIDs [5182]
Checking PIDs [5182]
Checking PIDs [5182]
Checking PIDs [5182]
Checking PIDs [5182]
Checking PIDs [5182]
Checking PIDs [5182]
Checking PIDs [5182]
Checking PIDs [5182]
Checking PIDs [5182]
Checking PIDs [5182]
Checking PIDs [5182]
Checking PIDs [5182]
Checking PIDs [5182]
Checking PIDs [5182]
Checking PIDs [5182]
Checking PIDs [5182]
Checking PIDs [5182]
Checking PIDs [5182]
Checking PIDs [5182]
Checking PIDs [5182]
Checking PIDs [5182]
Checking PIDs [5182]
Checking PIDs [5182]
Checking PIDs [5182]
Checking PIDs [5182]
Checking PIDs [5182]
Checking PIDs [5182]
Checking PIDs [5182]
Checking PIDs [5182]
Checking PIDs [5182]
Checking PIDs [5182]
Checking PIDs [5182]
Checking PIDs [5182]
Checking PIDs [5182]
Checking PIDs [5182]
Checking PIDs [5182]
Checking PIDs [5182]
Checking PIDs [5182]
Checking PIDs [5182]
Checking PIDs [5182]
Checking PIDs [5182]
Checking PIDs [5182]
Checking PIDs [5182]
Checking PIDs [5182]
Checking PIDs [5182]
Checking PIDs [5182]
Checking PIDs [5182]
Checking PIDs [5182]
Checking PIDs [5182]
Checking PIDs [5182]
Checking PIDs [5182]
Checking PIDs [5182]
Checking PIDs [5182]
Checking PIDs [5182]
Checking PIDs [5182]
Checking PIDs [5182]
Checking PIDs [5182]
Checking PIDs [5182]
Checking PIDs [5182]
Checking PIDs [5182]
Checking PIDs [5182]
Checking PIDs [5182]
Checking PIDs [5182]
Checking PIDs [5182]
Checking PIDs [5182]
Checking PIDs [5182]
Checking PIDs [5182]
Checking PIDs [5182]
Checking PIDs [5182]
Checking PIDs [5182]
Checking PIDs [5182]
Checking PIDs [5182]
Checking PIDs [5182]
Checking PIDs [5182]
Checking PIDs [5182]
Checking PIDs [5182]
Checking PIDs [5182]
Checking PIDs [5182]
Checking PIDs [5182]
Checking PIDs [5182]
Checking PIDs [5182]
Checking PIDs [5182]
Checking PIDs [5182]
Checking PIDs [5182]
Checking PIDs [5182]
Checking PIDs [5182]
Checking PIDs [5182]
Checking PIDs [5182]
Checking PIDs [5182]
Checking PIDs [5182]
Checking PIDs [5182]
Checking PIDs [5182]
Checking PIDs [5182]
Checking PIDs [5182]
Checking PIDs [5182]
Checking PIDs [5182]
Checking PIDs [5182]
Checking PIDs [5182]
Checking PIDs [5182]
Checking PIDs [5182]
Checking PIDs [5182]
Checking PIDs [5182]
Checking PIDs [5182]
Checking PIDs [5182]
Checking PIDs [5182]
Checking PIDs [5182]
Checking PIDs [5182]
Checking PIDs [5182]
Checking PIDs [5182]
Checking PIDs [5182]
Checking PIDs [5182]
Checking PIDs [5182]
Checking PIDs [5182]
Checking PIDs [5182]
Checking PIDs [5182]
Checking PIDs [5182]
Checking PIDs [5182]
Checking PIDs [5182]
Checking PIDs [5182]
Checking PIDs [5182]
Checking PIDs [5182]
Checking PIDs [5182]
Checking PIDs [5182]
Checking PIDs [5182]
Checking PIDs [5182]
Checking PIDs [5182]
Checking PIDs [5182]
Checking PIDs [5182]
Checking PIDs [5182]
Checking PIDs [5182]
Checking PIDs [5182]
Checking PIDs [5182]
Checking PIDs [5182]
Checking PIDs [5182]
Checking PIDs [5182]
Checking PIDs [5182]
Checking PIDs [5182]
Checking PIDs [5182]
Checking PIDs [5182]
Checking PIDs [5182]
Checking PIDs [5182]
Checking PIDs [5182]
Checking PIDs [5182]
Checking PIDs [5182]
Checking PIDs [5182]
Checking PIDs [5182]
Checking PIDs [5182]
Checking PIDs [5182]
Checking PIDs [5182]
Checking PIDs [5182]
Checking PIDs [5182]
Checking PIDs [5182]
Checking PIDs [5182]
Checking PIDs [5182]
Checking PIDs [5182]
Checking PIDs [5182]
Checking PIDs [5182]
Checking PIDs [5182]
Checking PIDs [5182]
Checking PIDs [5182]
Checking PIDs [5182]
Checking PIDs [5182]
Checking PIDs [5182]
Checking PIDs [5182]
Checking PIDs [5182]
Checking PIDs [5182]
Checking PIDs [5182]
Checking PIDs [5182]
Checking PIDs [5182]
Checking PIDs [5182]
Checking PIDs [5182]
Checking PIDs [5182]
Checking PIDs [5182]
Checking PIDs [5182]
Checking PIDs [5182]
Checking PIDs [5182]
Checking PIDs [5182]
Checking PIDs [5182]
Checking PIDs [5182]
Checking PIDs [5182]
Checking PIDs [5182]
Checking PIDs [5182]
Checking PIDs [5182]
Checking PIDs [5182]
Checking PIDs [5182]
Checking PIDs [5182]
Checking PIDs [5182]
Checking PIDs [5182]
Checking PIDs [5182]
Checking PIDs [5182]
Checking PIDs [5182]
Checking PIDs [5182]
Checking PIDs [5182]
Checking PIDs [5182]
Checking PIDs [5182]
Checking PIDs [5182]
Checking PIDs [5182]
Checking PIDs [5182]
Checking PIDs [5182]
Checking PIDs [5182]
Checking PIDs [5182]
Checking PIDs [5182]
Checking PIDs [5182]
Checking PIDs [5182]
Checking PIDs [5182]
Checking PIDs [5182]
Checking PIDs [5182]
Checking PIDs [5182]
Checking PIDs [5182]
Checking PIDs [5182]
Checking PIDs [5182]
Checking PIDs [5182]
Checking PIDs [5182]
Checking PIDs [5182]
Checking PIDs [5182]
SAGE_TMP_ROOT = /home/n10186841/.sage/temp/cl4n020
sage-cleaner is already running with PID 5176, exiting
Checking PIDs [5182]
Checking PIDs [5182]
Checking PIDs [5182]
Checking PIDs [5182]
Checking PIDs [5182]
Checking PIDs [5182]
Checking PIDs [5182]
Checking PIDs [5182]
Checking PIDs [5182]
Checking PIDs [5182]
Checking PIDs [5182]
Checking PIDs [5182]
Checking PIDs [5182]
Checking PIDs [5182]
Checking PIDs [5182]
Checking PIDs [5182]
Checking PIDs [5182]
Checking PIDs [5182]
Checking PIDs [5182]
Checking PIDs [5182]
SAGE_TMP_ROOT = /home/n10186841/.sage/temp/cl4n020
Starting sage-cleaner with PID 17913
Checking PIDs []
Checking PIDs [17920]
Checking PIDs [17920]
Checking PIDs [17920]
Checking PIDs [17920]
Checking PIDs [17920]
Checking PIDs [17920]
Checking PIDs [17920]
Checking PIDs [17920]
Checking PIDs [17920]
Checking PIDs [17920]
Checking PIDs [17920]
Checking PIDs [17920]
Checking PIDs [17920]
Checking PIDs [17920]
Checking PIDs [17920]
Checking PIDs [17920]
Checking PIDs [17920]
Checking PIDs [17920]
Checking PIDs [17920]
Checking PIDs [17920]
Checking PIDs [17920]
Checking PIDs [17920]
Checking PIDs [17920]
Checking PIDs [17920]
Checking PIDs [17920]
Checking PIDs [17920]
Checking PIDs [17920]
Checking PIDs [17920]
Checking PIDs [17920]
Checking PIDs [17920]
Checking PIDs [17920]
Checking PIDs [17920]
Checking PIDs [17920]
Checking PIDs [17920]
Checking PIDs [17920]
Checking PIDs [17920]
Checking PIDs [17920]
Checking PIDs [17920]
Checking PIDs [17920]
Checking PIDs [17920]
Checking PIDs [17920]
Checking PIDs [17920]
Checking PIDs [17920]
Checking PIDs [17920]
Checking PIDs [17920]
Checking PIDs [17920]
Checking PIDs [17920]
Checking PIDs [17920]
Checking PIDs [17920]
Checking PIDs [17920]
Checking PIDs [17920]
Checking PIDs [17920]
Checking PIDs [17920]
Checking PIDs [17920]
Checking PIDs [17920]
Checking PIDs [17920]
Checking PIDs [17920]
Checking PIDs [17920]
Checking PIDs [17920]
Checking PIDs [17920]
Checking PIDs [17920]
Checking PIDs [17920]
Checking PIDs [17920]
Checking PIDs [17920]
Checking PIDs [17920]
Checking PIDs [17920]
Checking PIDs [17920]
Checking PIDs [17920]
Checking PIDs [17920]
Checking PIDs [17920]
Checking PIDs [17920]
Checking PIDs [17920]
Checking PIDs [17920]
Checking PIDs [17920]
Checking PIDs [17920]
Checking PIDs [17920]
Checking PIDs [17920]
Checking PIDs [17920]
Checking PIDs [17920]
Checking PIDs [17920]
Checking PIDs [17920]
Checking PIDs [17920]
Checking PIDs [17920]
Checking PIDs [17920]
Checking PIDs [17920]
Checking PIDs [17920]
Checking PIDs [17920]
Checking PIDs [17920]
Checking PIDs [17920]
Checking PIDs [17920]
Checking PIDs [17920]
Checking PIDs [17920]
Checking PIDs [17920]
Checking PIDs [17920]
Checking PIDs [17920]
Checking PIDs [17920]
Checking PIDs [17920]
Checking PIDs [17920]
Checking PIDs [17920]
Checking PIDs [17920]
Checking PIDs [17920]
Checking PIDs [17920]
Checking PIDs [17920]
Checking PIDs [17920]
Checking PIDs [17920]
Checking PIDs [17920]
Checking PIDs [17920]
Checking PIDs [17920]
Checking PIDs [17920]
Checking PIDs [17920]
Checking PIDs [17920]
Checking PIDs [17920]
Checking PIDs [17920]
Checking PIDs [17920]
Checking PIDs [17920]
Checking PIDs [17920]
Checking PIDs [17920]
Checking PIDs [17920]
Checking PIDs [17920]
Checking PIDs [17920]
Checking PIDs [17920]
Checking PIDs [17920]
Checking PIDs [17920]
Checking PIDs [17920]
Checking PIDs [17920]
Checking PIDs [17920]
Checking PIDs [17920]
Checking PIDs [17920]
Checking PIDs [17920]
Checking PIDs [17920]
Checking PIDs [17920]
Checking PIDs [17920]
Checking PIDs [17920]
Checking PIDs [17920]
Checking PIDs [17920]
Checking PIDs [17920]
Checking PIDs [17920]
Checking PIDs [17920]
Checking PIDs [17920]
Checking PIDs [17920]
Checking PIDs [17920]
Checking PIDs [17920]
Checking PIDs [17920]
Checking PIDs [17920]
Checking PIDs [17920]
Checking PIDs [17920]
Checking PIDs [17920]
Checking PIDs [17920]
Checking PIDs [17920]
Checking PIDs [17920]
Checking PIDs [17920]
Checking PIDs [17920]
Checking PIDs [17920]
Checking PIDs [17920]
Checking PIDs [17920]
Checking PIDs [17920]
Checking PIDs [17920]
Checking PIDs [17920]
Checking PIDs [17920]
Checking PIDs [17920]
Checking PIDs [17920]
Checking PIDs [17920]
Checking PIDs [17920]
Checking PIDs [17920]
Checking PIDs [17920]
Checking PIDs [17920]
Checking PIDs [17920]
Checking PIDs [17920]
Checking PIDs [17920]
Checking PIDs [17920]
Checking PIDs [17920]
Checking PIDs [17920]
Checking PIDs [17920]
Checking PIDs [17920]
Checking PIDs [17920]
Checking PIDs [17920]
Checking PIDs [17920]
Checking PIDs [17920]
Checking PIDs [17920]
Checking PIDs [17920]
Checking PIDs [17920]
Checking PIDs [17920]
Checking PIDs [17920]
Checking PIDs [17920]
Checking PIDs [17920]
Checking PIDs [17920]
Checking PIDs [17920]
Checking PIDs [17920]
Checking PIDs [17920]
Checking PIDs [17920]
Checking PIDs [17920]
Checking PIDs [17920]
Checking PIDs [17920]
Checking PIDs [17920]
Checking PIDs [17920]
Checking PIDs [17920]
Checking PIDs [17920]
Checking PIDs [17920]
Checking PIDs [17920]
Checking PIDs [17920]
Checking PIDs [17920]
Checking PIDs [17920]
Checking PIDs [17920]
Checking PIDs [17920]
Checking PIDs [17920]
Checking PIDs [17920]
Checking PIDs [17920]
Checking PIDs [17920]
Checking PIDs [17920]
Checking PIDs [17920]
Checking PIDs [17920]
Checking PIDs [17920]
Checking PIDs [17920]
Checking PIDs [17920]
Checking PIDs [17920]
Checking PIDs [17920]
Checking PIDs [17920]
Checking PIDs [17920]
Checking PIDs [17920]
Checking PIDs [17920]
Checking PIDs [17920]
Checking PIDs [17920]
Checking PIDs [17920]
Checking PIDs [17920]
Checking PIDs [17920]
Checking PIDs [17920]
Checking PIDs [17920]
Checking PIDs [17920]
Checking PIDs [17920]
Checking PIDs [17920]
Checking PIDs [17920]
Checking PIDs [17920]
Checking PIDs [17920]
Checking PIDs [17920]
Checking PIDs [17920]
Checking PIDs [17920]
Checking PIDs [17920]
Checking PIDs [17920]
Checking PIDs [17920]
Checking PIDs [17920]
Checking PIDs [17920]
Checking PIDs [17920]
Checking PIDs [17920]
Checking PIDs [17920]
Checking PIDs [17920]
Checking PIDs [17920]
Checking PIDs [17920]
Checking PIDs [17920]
Checking PIDs [17920]
Checking PIDs [17920]
Checking PIDs [17920]
Checking PIDs [17920]
Checking PIDs [17920]
Checking PIDs [17920]
Checking PIDs [17920]
Checking PIDs [17920]
Checking PIDs [17920]
Checking PIDs [17920]
Checking PIDs [17920]
Checking PIDs [17920]
Checking PIDs [17920]
Checking PIDs [17920]
Checking PIDs [17920]
Checking PIDs [17920]
Checking PIDs [17920]
Checking PIDs [17920]
Checking PIDs [17920]
Checking PIDs [17920]
Checking PIDs [17920]
Checking PIDs [17920]
Checking PIDs [17920]
Checking PIDs [17920]
Checking PIDs [17920]
Checking PIDs [17920]
Checking PIDs [17920]
Checking PIDs [17920]
Checking PIDs [17920]
Checking PIDs [17920]
Checking PIDs [17920]
Checking PIDs [17920]
Checking PIDs [17920]
Checking PIDs [17920]
Checking PIDs [17920]
Checking PIDs [17920]
Checking PIDs [17920]
Checking PIDs [17920]
Checking PIDs [17920]
Checking PIDs [17920]
Checking PIDs [17920]
Checking PIDs [17920]
Checking PIDs [17920]
Checking PIDs [17920]
Checking PIDs [17920]
Checking PIDs [17920]
Checking PIDs [17920]
Checking PIDs [17920]
Checking PIDs [17920]
Checking PIDs [17920]
Checking PIDs [17920]
Checking PIDs [17920]
Checking PIDs [17920]
Checking PIDs [17920]
Checking PIDs [17920]
Checking PIDs [17920]
Checking PIDs [17920]
Checking PIDs [17920]
Checking PIDs [17920]
Checking PIDs [17920]
Checking PIDs [17920]
Checking PIDs [17920]
Checking PIDs [17920]
Checking PIDs [17920]
Checking PIDs [17920]
Checking PIDs [17920]
Checking PIDs [17920]
Checking PIDs [17920]
Checking PIDs [17920]
Checking PIDs [17920]
Checking PIDs [17920]
Checking PIDs [17920]
Checking PIDs [17920]
Checking PIDs [17920]
Checking PIDs [17920]
Checking PIDs [17920]
Checking PIDs [17920]
Checking PIDs [17920]
Checking PIDs [17920]
Checking PIDs [17920]
Checking PIDs [17920]
Checking PIDs [17920]
Checking PIDs [17920]
Checking PIDs [17920]
Checking PIDs [17920]
Checking PIDs [17920]
Checking PIDs [17920]
Checking PIDs [17920]
Checking PIDs [17920]
Checking PIDs [17920]
Checking PIDs [17920]
Checking PIDs [17920]
Checking PIDs [17920]
Checking PIDs [17920]
Checking PIDs [17920]
Checking PIDs [17920]
Checking PIDs [17920]
Checking PIDs [17920]
Checking PIDs [17920]
Checking PIDs [17920]
Checking PIDs [17920]
Checking PIDs [17920]
Checking PIDs [17920]
Checking PIDs [17920]
Checking PIDs [17920]
Checking PIDs [17920]
Checking PIDs [17920]
Checking PIDs [17920]
Checking PIDs [17920]
Checking PIDs [17920]
Checking PIDs [17920]
Checking PIDs [17920]
Checking PIDs [17920]
Checking PIDs [17920]
Checking PIDs [17920]
Checking PIDs [17920]
Checking PIDs [17920]
Checking PIDs [17920]
Checking PIDs [17920]
Checking PIDs [17920]
Checking PIDs [17920]
Checking PIDs [17920]
Checking PIDs [17920]
Checking PIDs [17920]
Checking PIDs [17920]
Checking PIDs [17920]
Checking PIDs [17920]
Checking PIDs [17920]
Checking PIDs [17920]
Checking PIDs [17920]
Checking PIDs [17920]
Checking PIDs [17920]
Checking PIDs [17920]
Checking PIDs [17920]
Checking PIDs [17920]
Checking PIDs [17920]
Checking PIDs [17920]
Checking PIDs [17920]
Checking PIDs [17920]
Checking PIDs [17920]
Checking PIDs [17920]
Checking PIDs [17920]
Checking PIDs [17920]
Checking PIDs [17920]
Checking PIDs [17920]
Checking PIDs [17920]
Checking PIDs [17920]
Checking PIDs [17920]
Checking PIDs [17920]
Checking PIDs [17920]
Checking PIDs [17920]
Checking PIDs [17920]
Checking PIDs [17920]
Checking PIDs [17920]
Checking PIDs [17920]
Checking PIDs [17920]
Checking PIDs [17920]
Checking PIDs [17920]
Checking PIDs [17920]
Checking PIDs [17920]
Checking PIDs [17920]
Checking PIDs [17920]
Checking PIDs [17920]
Checking PIDs [17920]
Checking PIDs [17920]
Checking PIDs [17920]
Checking PIDs [17920]
Checking PIDs [17920]
Checking PIDs [17920]
Checking PIDs [17920]
Checking PIDs [17920]
Checking PIDs [17920]
Checking PIDs [17920]
Checking PIDs [17920]
Checking PIDs [17920]
Checking PIDs [17920]
Checking PIDs [17920]
Checking PIDs [17920]
Checking PIDs [17920]
Checking PIDs [17920]
Checking PIDs [17920]
Checking PIDs [17920]
Checking PIDs [17920]
Checking PIDs [17920]
Checking PIDs [17920]
Checking PIDs [17920]
Checking PIDs [17920]
Checking PIDs [17920]
Checking PIDs [17920]
Checking PIDs [17920]
Checking PIDs [17920]
Checking PIDs [17920]
Checking PIDs [17920]
Checking PIDs [17920]
Checking PIDs [17920]
Checking PIDs [17920]
Checking PIDs [17920]
Checking PIDs [17920]
Checking PIDs [17920]
Checking PIDs [17920]
Checking PIDs [17920]
Checking PIDs [17920]
Checking PIDs [17920]
Checking PIDs [17920]
Checking PIDs [17920]
Checking PIDs [17920]
Checking PIDs [17920]
Checking PIDs [17920]
Checking PIDs [17920]
Checking PIDs [17920]
Checking PIDs [17920]
Checking PIDs [17920]
Checking PIDs [17920]
Checking PIDs [17920]
Checking PIDs [17920]
Checking PIDs [17920]
Checking PIDs [17920]
Checking PIDs [17920]
Checking PIDs [17920]
Checking PIDs [17920]
Checking PIDs [17920]
Checking PIDs [17920]
Checking PIDs [17920]
Checking PIDs [17920]
Checking PIDs [17920]
Checking PIDs [17920]
Checking PIDs [17920]
Checking PIDs [17920]
Checking PIDs [17920]
Checking PIDs [17920]
Checking PIDs [17920]
Checking PIDs [17920]
Checking PIDs [17920]
Checking PIDs [17920]
Checking PIDs [17920]
Checking PIDs [17920]
Checking PIDs [17920]
Checking PIDs [17920]
Checking PIDs [17920]
Checking PIDs [17920]
Checking PIDs [17920]
Checking PIDs [17920]
Checking PIDs [17920]
Checking PIDs [17920]
Checking PIDs [17920]
Checking PIDs [17920]
Checking PIDs [17920]
Checking PIDs [17920]
Checking PIDs [17920]
Checking PIDs [17920]
Checking PIDs [17920]
Checking PIDs [17920]
Checking PIDs [17920]
Checking PIDs [17920]
Checking PIDs [17920]
Checking PIDs [17920]
Checking PIDs [17920]
Checking PIDs [17920]
Checking PIDs [17920]
Checking PIDs [17920]
Checking PIDs [17920]
Checking PIDs [17920]
Checking PIDs [17920]
Checking PIDs [17920]
Checking PIDs [17920]
Checking PIDs [17920]
Checking PIDs [17920]
Checking PIDs [17920]
Checking PIDs [17920]
Checking PIDs [17920]
Checking PIDs [17920]
Checking PIDs [17920]
Checking PIDs [17920]
Checking PIDs [17920]
Checking PIDs [17920]
Checking PIDs [17920]
Checking PIDs [17920]
Checking PIDs [17920]
Checking PIDs [17920]
Checking PIDs [17920]
Checking PIDs [17920]
Checking PIDs [17920]
Checking PIDs [17920]
Checking PIDs [17920]
Checking PIDs [17920]
Checking PIDs [17920]
Checking PIDs [17920]
Checking PIDs [17920]
Checking PIDs [17920]
Checking PIDs [17920]
Checking PIDs [17920]
Checking PIDs [17920]
Checking PIDs [17920]
Checking PIDs [17920]
Checking PIDs [17920]
Checking PIDs [17920]
Checking PIDs [17920]
Checking PIDs [17920]
Checking PIDs [17920]
Checking PIDs [17920]
Checking PIDs [17920]
Checking PIDs [17920]
Checking PIDs [17920]
Checking PIDs [17920]
Checking PIDs [17920]
Checking PIDs [17920]
Checking PIDs [17920]
Checking PIDs [17920]
Checking PIDs [17920]
Checking PIDs [17920]
Checking PIDs [17920]
Checking PIDs [17920]
Checking PIDs [17920]
Checking PIDs [17920]
Checking PIDs [17920]
Checking PIDs [17920]
Checking PIDs [17920]
Checking PIDs [17920]
Checking PIDs [17920]
Checking PIDs [17920]
Checking PIDs [17920]
Checking PIDs [17920]
Checking PIDs [17920]
Checking PIDs [17920]
Checking PIDs [17920]
Checking PIDs [17920]
Checking PIDs [17920]
Checking PIDs [17920]
Checking PIDs [17920]
Checking PIDs [17920]
Checking PIDs [17920]
Checking PIDs [17920]
Checking PIDs [17920]
Checking PIDs [17920]
Checking PIDs [17920]
Checking PIDs [17920]
Checking PIDs [17920]
Checking PIDs [17920]
Checking PIDs [17920]
Checking PIDs [17920]
Checking PIDs [17920]
Checking PIDs [17920]
Checking PIDs [17920]
Checking PIDs [17920]
Checking PIDs [17920]
Checking PIDs [17920]
Checking PIDs [17920]
Checking PIDs [17920]
Checking PIDs [17920]
Checking PIDs [17920]
Checking PIDs [17920]
Checking PIDs [17920]
Checking PIDs [17920]
Checking PIDs [17920]
Checking PIDs [17920]
Checking PIDs [17920]
Checking PIDs [17920]
Checking PIDs [17920]
Checking PIDs [17920]
Checking PIDs [17920]
Checking PIDs [17920]
Checking PIDs [17920]
Checking PIDs [17920]
Checking PIDs [17920]
Checking PIDs [17920]
Checking PIDs [17920]
Checking PIDs [17920]
Checking PIDs [17920]
Checking PIDs [17920]
Checking PIDs [17920]
Checking PIDs [17920]
Checking PIDs [17920]
Checking PIDs [17920]
Checking PIDs [17920]
Checking PIDs [17920]
Checking PIDs [17920]
Checking PIDs [17920]
Checking PIDs [17920]
Checking PIDs [17920]
Checking PIDs [17920]
Checking PIDs [17920]
Checking PIDs [17920]
Checking PIDs [17920]
Checking PIDs [17920]
Checking PIDs [17920]
Checking PIDs [17920]
Checking PIDs [17920]
Checking PIDs [17920]
Checking PIDs [17920]
Checking PIDs [17920]
Checking PIDs [17920]
Checking PIDs [17920]
Checking PIDs [17920]
Checking PIDs [17920]
Checking PIDs [17920]
Checking PIDs [17920]
Checking PIDs [17920]
Checking PIDs [17920]
Checking PIDs [17920]
Checking PIDs [17920]
Checking PIDs [17920]
Checking PIDs [17920]
Checking PIDs [17920]
Checking PIDs [17920]
Checking PIDs [17920]
Checking PIDs [17920]
Checking PIDs [17920]
Checking PIDs [17920]
Checking PIDs [17920]
Checking PIDs [17920]
Checking PIDs [17920]
Checking PIDs [17920]
Checking PIDs [17920]
Checking PIDs [17920]
Checking PIDs [17920]
Checking PIDs [17920]
Checking PIDs [17920]
Checking PIDs [17920]
Checking PIDs [17920]
Checking PIDs [17920]
Checking PIDs [17920]
Checking PIDs [17920]
Checking PIDs [17920]
Checking PIDs [17920]
Checking PIDs [17920]
Checking PIDs [17920]
Checking PIDs [17920]
Checking PIDs [17920]
Checking PIDs [17920]
Checking PIDs [17920]
Checking PIDs [17920]
Checking PIDs [17920]
Checking PIDs [17920]
Checking PIDs [17920]
Checking PIDs [17920]
Checking PIDs [17920]
Checking PIDs [17920]
Checking PIDs [17920]
Checking PIDs [17920]
Checking PIDs [17920]
Checking PIDs [17920]
Checking PIDs [17920]
Checking PIDs [17920]
Checking PIDs [17920]
Checking PIDs [17920]
Checking PIDs [17920]
Checking PIDs [17920]
Checking PIDs [17920]
Checking PIDs [17920]
Checking PIDs [17920]
Checking PIDs [17920]
Checking PIDs [17920]
Checking PIDs [17920]
Checking PIDs [17920]
Checking PIDs [17920]
Checking PIDs [17920]
Checking PIDs [17920]
Checking PIDs [17920]
Checking PIDs [17920]
Checking PIDs [17920]
Checking PIDs [17920]
Checking PIDs [17920]
Checking PIDs [17920]
Checking PIDs [17920]
Checking PIDs [17920]
Checking PIDs [17920]
Checking PIDs [17920]
Checking PIDs [17920]
Checking PIDs [17920]
Checking PIDs [17920]
Checking PIDs [17920]
Checking PIDs [17920]
Checking PIDs [17920]
Checking PIDs [17920]
Checking PIDs [17920]
Checking PIDs [17920]
Checking PIDs [17920]
Checking PIDs [17920]
Checking PIDs [17920]
Checking PIDs [17920]
Checking PIDs [17920]
Checking PIDs [17920]
Checking PIDs [17920]
Checking PIDs [17920]
Checking PIDs [17920]
Checking PIDs [17920]
Checking PIDs [17920]
Checking PIDs [17920]
Checking PIDs [17920]
Checking PIDs [17920]
Checking PIDs [17920]
Checking PIDs [17920]
Checking PIDs [17920]
Checking PIDs [17920]
Checking PIDs [17920]
Checking PIDs [17920]
Checking PIDs [17920]
Checking PIDs [17920]
Checking PIDs [17920]
Checking PIDs [17920]
Checking PIDs [17920]
Checking PIDs [17920]
Checking PIDs [17920]
Checking PIDs [17920]
Checking PIDs [17920]
Checking PIDs [17920]
Checking PIDs [17920]
Checking PIDs [17920]
Checking PIDs [17920]
Checking PIDs [17920]
Checking PIDs [17920]
Checking PIDs [17920]
Checking PIDs [17920]
Checking PIDs [17920]
Checking PIDs [17920]
Checking PIDs [17920]
Checking PIDs [17920]
Checking PIDs [17920]
Checking PIDs [17920]
Checking PIDs [17920]
Checking PIDs [17920]
Checking PIDs [17920]
Checking PIDs [17920]
Checking PIDs [17920]
Checking PIDs [17920]
Checking PIDs [17920]
Checking PIDs [17920]
Checking PIDs [17920]
Checking PIDs [17920]
Checking PIDs [17920]
Checking PIDs [17920]
Checking PIDs [17920]
Checking PIDs [17920]
Checking PIDs [17920]
Checking PIDs [17920]
Checking PIDs [17920]
Checking PIDs [17920]
Checking PIDs [17920]
Checking PIDs [17920]
Checking PIDs [17920]
Checking PIDs [17920]
Checking PIDs [17920]
Checking PIDs [17920]
Checking PIDs [17920]
Checking PIDs [17920]
Checking PIDs [17920]
Checking PIDs [17920]
Checking PIDs [17920]
Checking PIDs [17920]
Checking PIDs [17920]
Checking PIDs [17920]
Checking PIDs [17920]
Checking PIDs [17920]
Checking PIDs [17920]
Checking PIDs [17920]
Checking PIDs [17920]
Checking PIDs [17920]
Checking PIDs [17920]
Checking PIDs [17920]
Checking PIDs [17920]
Checking PIDs [17920]
Checking PIDs [17920]
Checking PIDs [17920]
Checking PIDs [17920]
Checking PIDs [17920]
Checking PIDs [17920]
Checking PIDs [17920]
Checking PIDs [17920]
Checking PIDs [17920]
Checking PIDs [17920]
Checking PIDs [17920]
Checking PIDs [17920]
Checking PIDs [17920]
Checking PIDs [17920]
Checking PIDs [17920]
Checking PIDs [17920]
Checking PIDs [17920]
Checking PIDs [17920]
Checking PIDs [17920]
Checking PIDs [17920]
Checking PIDs [17920]
Checking PIDs [17920]
Checking PIDs [17920]
Checking PIDs [17920]
Checking PIDs [17920]
Checking PIDs [17920]
Checking PIDs [17920]
Checking PIDs [17920]
Checking PIDs [17920]
Checking PIDs [17920]
Checking PIDs [17920]
Checking PIDs [17920]
Checking PIDs [17920]
Checking PIDs [17920]
Checking PIDs [17920]
Checking PIDs [17920]
Checking PIDs [17920]
Checking PIDs [17920]
Checking PIDs [17920]
Checking PIDs [17920]
Checking PIDs [17920]
Checking PIDs [17920]
Checking PIDs [17920]
Checking PIDs [17920]
Checking PIDs [17920]
Checking PIDs [17920]
Checking PIDs [17920]
Checking PIDs [17920]
Checking PIDs [17920]
Checking PIDs [17920]
Checking PIDs [17920]
Checking PIDs [17920]
Checking PIDs [17920]
Checking PIDs [17920]
Checking PIDs [17920]
Checking PIDs [17920]
Checking PIDs [17920]
Checking PIDs [17920]
Checking PIDs [17920]
Checking PIDs [17920]
Checking PIDs [17920]
SAGE_TMP_ROOT = /home/n10186841/.sage/temp/cl4n020
sage-cleaner is already running with PID 17913, exiting
Checking PIDs [17920]
Checking PIDs [17920]
Checking PIDs [17920]
Checking PIDs [17920]
Checking PIDs [17920]
Checking PIDs [17920]
Checking PIDs [17920]
Checking PIDs [17920]
Checking PIDs [17920]
Checking PIDs [17920]
Checking PIDs [17920]
Checking PIDs [17920]
Checking PIDs [17920]
Checking PIDs [17920]
Checking PIDs [17920]
Checking PIDs [17920]
Checking PIDs [17920]
Checking PIDs [17920]
Checking PIDs [17920]
Checking PIDs [17920]
Checking PIDs [17920]
Checking PIDs [17920]
Checking PIDs [17920]
Checking PIDs [17920]
Checking PIDs [17920]
Checking PIDs [17920]
Checking PIDs [17920]
Checking PIDs [17920]
Checking PIDs [17920]
Checking PIDs [17920]
Checking PIDs [17920]
Checking PIDs [17920]
Checking PIDs [17920]
Checking PIDs [17920]
Checking PIDs [17920]
Checking PIDs [17920]
Checking PIDs [17920]
Checking PIDs [17920]
Checking PIDs [17920]
Checking PIDs [17920]
Checking PIDs [17920]
Checking PIDs [17920]
Checking PIDs [17920]
Checking PIDs [17920]
Checking PIDs [17920]
Checking PIDs [17920]
Checking PIDs [17920]
Checking PIDs [17920]
Checking PIDs [17920]
Checking PIDs [17920]
Checking PIDs [17920]
Checking PIDs [17920]
Checking PIDs [17920]
Checking PIDs [17920]
Checking PIDs [17920]
Checking PIDs [17920]
Checking PIDs [17920]
Checking PIDs [17920]
Checking PIDs [17920]
Checking PIDs [17920]
Checking PIDs [17920]
Checking PIDs [17920]
Checking PIDs [17920]
Checking PIDs [17920]
Checking PIDs [17920]
Checking PIDs [17920]
Checking PIDs [17920]
Checking PIDs [17920]
Checking PIDs [17920]
Checking PIDs [17920]
Checking PIDs [17920]
Checking PIDs [17920]
Checking PIDs [17920]
Checking PIDs [17920]
Checking PIDs [17920]
Checking PIDs [17920]
Checking PIDs [17920]
Checking PIDs [17920]
Checking PIDs [17920]
Checking PIDs [17920]
Checking PIDs [17920]
Checking PIDs [17920]
Checking PIDs [17920]
Checking PIDs [17920]
Checking PIDs [17920]
Checking PIDs [17920]
Checking PIDs [17920]
Checking PIDs [17920]
Checking PIDs [17920]
Checking PIDs [17920]
Checking PIDs [17920]
Checking PIDs [17920]
Checking PIDs [17920]
Checking PIDs [17920]
Checking PIDs [17920]
Checking PIDs [17920]
Checking PIDs [17920]
Checking PIDs [17920]
Checking PIDs [17920]
Checking PIDs [17920]
Checking PIDs [17920]
Checking PIDs [17920]
Checking PIDs [17920]
Checking PIDs [17920]
Checking PIDs [17920]
Checking PIDs [17920]
Checking PIDs [17920]
Checking PIDs [17920]
Checking PIDs [17920]
Checking PIDs [17920]
Checking PIDs [17920]
Checking PIDs [17920]
Checking PIDs [17920]
Checking PIDs [17920]
Checking PIDs [17920]
Checking PIDs [17920]
Checking PIDs [17920]
Checking PIDs [17920]
Checking PIDs [17920]
Checking PIDs [17920]
Checking PIDs [17920]
Checking PIDs [17920]
Checking PIDs [17920]
Checking PIDs [17920]
Checking PIDs [17920]
Checking PIDs [17920]
Checking PIDs [17920]
Checking PIDs [17920]
Checking PIDs [17920]
Checking PIDs [17920]
Checking PIDs [17920]
Checking PIDs [17920]
Checking PIDs [17920]
Checking PIDs [17920]
Checking PIDs [17920]
Checking PIDs [17920]
Checking PIDs [17920]
Checking PIDs [17920]
