SAGE_TMP_ROOT = /home/n10186841/.sage/temp/cl5n010
Starting sage-cleaner with PID 111880
Checking PIDs []
Checking PIDs [111887]
Checking PIDs [111887]
Checking PIDs [111887]
Checking PIDs [111887]
Checking PIDs [111887]
Checking PIDs [111887]
Checking PIDs [111887]
Checking PIDs [111887]
Checking PIDs [111887]
Checking PIDs [111887]
Checking PIDs [111887]
Checking PIDs [111887]
Checking PIDs [111887]
Checking PIDs [111887]
Checking PIDs [111887]
Checking PIDs [111887]
Checking PIDs [111887]
Checking PIDs [111887]
Checking PIDs [111887]
Checking PIDs [111887]
Checking PIDs [111887]
Checking PIDs [111887]
Checking PIDs [111887]
Checking PIDs [111887]
Checking PIDs [111887]
Checking PIDs [111887]
Checking PIDs [111887]
Checking PIDs [111887]
Checking PIDs [111887]
Checking PIDs [111887]
Checking PIDs [111887]
Checking PIDs [111887]
Checking PIDs [111887]
Checking PIDs [111887]
Checking PIDs [111887]
Checking PIDs [111887]
Checking PIDs [111887]
Checking PIDs [111887]
Checking PIDs [111887]
Checking PIDs [111887]
Checking PIDs [111887]
Checking PIDs [111887]
Checking PIDs [111887]
Checking PIDs [111887]
Checking PIDs [111887]
Checking PIDs [111887]
Checking PIDs [111887]
Checking PIDs [111887]
Checking PIDs [111887]
Checking PIDs [111887]
Checking PIDs [111887]
Checking PIDs [111887]
Checking PIDs [111887]
Checking PIDs [111887]
Checking PIDs [111887]
Checking PIDs [111887]
Checking PIDs [111887]
Checking PIDs [111887]
Checking PIDs [111887]
Checking PIDs [111887]
Checking PIDs [111887]
Checking PIDs [111887]
Checking PIDs [111887]
Checking PIDs [111887]
Checking PIDs [111887]
Checking PIDs [111887]
Checking PIDs [111887]
Checking PIDs [111887]
Checking PIDs [111887]
Checking PIDs [111887]
Checking PIDs [111887]
Checking PIDs [111887]
SAGE_TMP_ROOT = /home/n10186841/.sage/temp/cl5n010
sage-cleaner is already running with PID 111880, exiting
Checking PIDs [111887]
Checking PIDs [111887]
Checking PIDs [111887]
Checking PIDs [111887]
Checking PIDs [111887]
Checking PIDs [111887]
Checking PIDs [111887]
SAGE_TMP_ROOT = /home/n10186841/.sage/temp/cl5n010
Starting sage-cleaner with PID 119242
Checking PIDs []
SAGE_TMP_ROOT = /home/n10186841/.sage/temp/cl5n010
Starting sage-cleaner with PID 200832
Checking PIDs []
Checking PIDs [200871]
Checking PIDs [200871]
Checking PIDs [200871]
Checking PIDs [200871]
Checking PIDs [200871]
Checking PIDs [200871]
Checking PIDs [200871]
Checking PIDs [200871]
Checking PIDs [200871]
Checking PIDs [200871]
Checking PIDs [200871]
Checking PIDs [200871]
Checking PIDs [200871]
Checking PIDs [200871]
Checking PIDs [200871]
Checking PIDs [200871]
Checking PIDs [200871]
Checking PIDs [200871]
Checking PIDs [200871]
Checking PIDs [200871]
Checking PIDs [200871]
Checking PIDs [200871]
Checking PIDs [200871]
Checking PIDs [200871]
Checking PIDs [200871]
Checking PIDs [200871]
Checking PIDs [200871]
Checking PIDs [200871]
Checking PIDs [200871]
Checking PIDs [200871]
Checking PIDs [200871]
Checking PIDs [200871]
Checking PIDs [200871]
Checking PIDs [200871]
Checking PIDs [200871]
Checking PIDs [200871]
Checking PIDs [200871]
Checking PIDs [200871]
Checking PIDs [200871]
Checking PIDs [200871]
Checking PIDs [200871]
Checking PIDs [200871]
Checking PIDs [200871]
Checking PIDs [200871]
Checking PIDs [200871]
Checking PIDs [200871]
Checking PIDs [200871]
Checking PIDs [200871]
Checking PIDs [200871]
Checking PIDs [200871]
Checking PIDs [200871]
Checking PIDs [200871]
Checking PIDs [200871]
Checking PIDs [200871]
Checking PIDs [200871]
Checking PIDs [200871]
Checking PIDs [200871]
Checking PIDs [200871]
SAGE_TMP_ROOT = /home/n10186841/.sage/temp/cl5n010
sage-cleaner is already running with PID 200832, exiting
Checking PIDs [200871]
Checking PIDs [200871]
Checking PIDs [200871]
Checking PIDs [200871]
Checking PIDs [200871]
SAGE_TMP_ROOT = /home/n10186841/.sage/temp/cl5n010
Starting sage-cleaner with PID 118218
Checking PIDs []
SAGE_TMP_ROOT = /home/n10186841/.sage/temp/cl5n010
Starting sage-cleaner with PID 49940
Checking PIDs []
Checking PIDs [49991]
Checking PIDs [49991]
Checking PIDs [49991]
Checking PIDs [49991]
Checking PIDs [49991]
Checking PIDs [49991]
Checking PIDs [49991]
Checking PIDs [49991]
Checking PIDs [49991]
Checking PIDs [49991]
Checking PIDs [49991]
Checking PIDs [49991]
Checking PIDs [49991]
Checking PIDs [49991]
Checking PIDs [49991]
Checking PIDs [49991]
Checking PIDs [49991]
Checking PIDs [49991]
Checking PIDs [49991]
Checking PIDs [49991]
SAGE_TMP_ROOT = /home/n10186841/.sage/temp/cl5n010
sage-cleaner is already running with PID 49940, exiting
Checking PIDs [49991]
Checking PIDs [49991]
Checking PIDs [49991]
Checking PIDs [49991]
Checking PIDs [49991]
Checking PIDs [49991]
Checking PIDs [49991]
Checking PIDs [49991]
Checking PIDs [49991]
Checking PIDs [49991]
Checking PIDs [49991]
Checking PIDs [49991]
Checking PIDs [49991]
Checking PIDs [49991]
Checking PIDs [49991]
Checking PIDs [49991]
Checking PIDs [49991]
Checking PIDs [49991]
Checking PIDs [49991]
Checking PIDs [49991]
Checking PIDs [49991]
Checking PIDs [49991]
Checking PIDs [49991]
Checking PIDs [49991]
Checking PIDs [49991]
Checking PIDs [49991]
Checking PIDs [49991]
Checking PIDs [49991]
Checking PIDs [49991]
Checking PIDs [49991]
Checking PIDs [49991]
Checking PIDs [49991]
Checking PIDs [49991]
Checking PIDs [49991]
Checking PIDs [49991]
Checking PIDs [49991]
Checking PIDs [49991]
Checking PIDs [49991]
Checking PIDs [49991]
Checking PIDs [49991]
Checking PIDs [49991]
Checking PIDs [49991]
Checking PIDs [49991]
Checking PIDs [49991]
Checking PIDs [49991]
Checking PIDs [49991]
Checking PIDs [49991]
Checking PIDs [49991]
Checking PIDs [49991]
Checking PIDs [49991]
Checking PIDs [49991]
Checking PIDs [49991]
Checking PIDs [49991]
Checking PIDs [49991]
Checking PIDs [49991]
Checking PIDs [49991]
Checking PIDs [49991]
Checking PIDs [49991]
Checking PIDs [49991]
Checking PIDs [49991]
Checking PIDs [49991]
Checking PIDs [49991]
Checking PIDs [49991]
Checking PIDs [49991]
Checking PIDs [49991]
Checking PIDs [49991]
Checking PIDs [49991]
Checking PIDs [49991]
Checking PIDs [49991]
Checking PIDs [49991]
Checking PIDs [49991]
Checking PIDs [49991]
Checking PIDs [49991]
Checking PIDs [49991]
Checking PIDs [49991]
Checking PIDs [49991]
Checking PIDs [49991]
Checking PIDs [49991]
Checking PIDs [49991]
Checking PIDs [49991]
Checking PIDs [49991]
Checking PIDs [49991]
Checking PIDs [49991]
Checking PIDs [49991]
Checking PIDs [49991]
Checking PIDs [49991]
Checking PIDs [49991]
Checking PIDs [49991]
Checking PIDs [49991]
Checking PIDs [49991]
Checking PIDs [49991]
Checking PIDs [49991]
Checking PIDs [49991]
Checking PIDs [49991]
Checking PIDs [49991]
Checking PIDs [49991]
Checking PIDs [49991]
Checking PIDs [49991]
Checking PIDs [49991]
Checking PIDs [49991]
Checking PIDs [49991]
Checking PIDs [49991]
Checking PIDs [49991]
Checking PIDs [49991]
SAGE_TMP_ROOT = /home/n10186841/.sage/temp/cl5n010
sage-cleaner is already running with PID 49940, exiting
Checking PIDs [49991, 74546]
Checking PIDs [49991, 74546]
Checking PIDs [49991, 74546]
Checking PIDs [49991, 74546]
Checking PIDs [49991, 74546]
Checking PIDs [49991, 74546]
Checking PIDs [49991, 74546]
Checking PIDs [49991, 74546]
Checking PIDs [49991, 74546]
Checking PIDs [49991, 74546]
Checking PIDs [49991, 74546]
Checking PIDs [49991, 74546]
Checking PIDs [49991, 74546]
Checking PIDs [49991, 74546]
Checking PIDs [49991, 74546]
Checking PIDs [49991, 74546]
Checking PIDs [49991, 74546]
Checking PIDs [49991, 74546]
Checking PIDs [49991]
Checking PIDs [49991]
Checking PIDs [49991]
Checking PIDs [49991]
Checking PIDs [49991]
Checking PIDs [49991]
Checking PIDs [49991]
Checking PIDs [49991]
Checking PIDs [49991]
Checking PIDs [49991]
Checking PIDs [49991]
Checking PIDs [49991]
Checking PIDs [49991]
Checking PIDs [49991]
Checking PIDs [49991]
Checking PIDs [49991]
Checking PIDs [49991]
Checking PIDs [49991]
Checking PIDs [49991]
Checking PIDs [49991]
Checking PIDs [49991]
Checking PIDs [49991]
Checking PIDs [49991]
Checking PIDs [49991]
Checking PIDs [49991]
Checking PIDs [49991]
Checking PIDs [49991]
Checking PIDs [49991]
Checking PIDs [49991]
Checking PIDs [49991]
Checking PIDs [49991]
Checking PIDs [49991]
Checking PIDs [49991]
Checking PIDs [49991]
Checking PIDs [49991]
Checking PIDs [49991]
Checking PIDs [49991]
Checking PIDs [49991]
Checking PIDs [49991]
Checking PIDs [49991]
Checking PIDs [49991]
Checking PIDs [49991]
Checking PIDs [49991]
Checking PIDs [49991]
Checking PIDs [49991]
Checking PIDs [49991]
Checking PIDs [49991]
Checking PIDs [49991]
Checking PIDs [49991]
Checking PIDs [49991]
Checking PIDs [49991]
Checking PIDs [49991]
Checking PIDs [49991]
Checking PIDs [49991]
Checking PIDs [49991]
Checking PIDs [49991]
Checking PIDs [49991]
Checking PIDs [49991]
Checking PIDs [49991]
Checking PIDs [49991]
Checking PIDs [49991]
Checking PIDs [49991]
Checking PIDs [49991]
Checking PIDs [49991]
Checking PIDs [49991]
Checking PIDs [49991]
Checking PIDs [49991]
Checking PIDs [49991]
Checking PIDs [49991]
Checking PIDs [49991]
Checking PIDs [49991]
Checking PIDs [49991]
Checking PIDs [49991]
Checking PIDs [49991]
Checking PIDs [49991]
Checking PIDs [49991]
Checking PIDs [49991]
Checking PIDs [49991]
Checking PIDs [49991]
Checking PIDs [49991]
Checking PIDs [49991]
Checking PIDs [49991]
Checking PIDs [49991]
Checking PIDs [49991]
Checking PIDs [49991]
Checking PIDs [49991]
Checking PIDs [49991]
Checking PIDs [49991]
Checking PIDs [49991]
Checking PIDs [49991]
Checking PIDs [49991]
Checking PIDs [49991]
Checking PIDs [49991]
Checking PIDs [49991]
Checking PIDs [49991]
Checking PIDs [49991]
Checking PIDs [49991]
Checking PIDs [49991]
Checking PIDs [49991]
Checking PIDs [49991]
Checking PIDs [49991]
Checking PIDs [49991]
Checking PIDs [49991]
Checking PIDs [49991]
Checking PIDs [49991]
Checking PIDs [49991]
Checking PIDs [49991]
Checking PIDs [49991]
Checking PIDs [49991]
Checking PIDs [49991]
Checking PIDs [49991]
Checking PIDs [49991]
Checking PIDs [49991]
Checking PIDs [49991]
Checking PIDs [49991]
Checking PIDs [49991]
Checking PIDs [49991]
Checking PIDs [49991]
Checking PIDs [49991]
Checking PIDs [49991]
Checking PIDs [49991]
Checking PIDs [49991]
Checking PIDs [49991]
Checking PIDs [49991]
Checking PIDs [49991]
Checking PIDs [49991]
Checking PIDs [49991]
Checking PIDs [49991]
Checking PIDs [49991]
Checking PIDs [49991]
Checking PIDs [49991]
Checking PIDs [49991]
Checking PIDs [49991]
Checking PIDs [49991]
Checking PIDs [49991]
Checking PIDs [49991]
Checking PIDs [49991]
Checking PIDs [49991]
Checking PIDs [49991]
Checking PIDs [49991]
Checking PIDs [49991]
Checking PIDs [49991]
Checking PIDs [49991]
Checking PIDs [49991]
Checking PIDs [49991]
Checking PIDs [49991]
Checking PIDs [49991]
Checking PIDs [49991]
Checking PIDs [49991]
Checking PIDs [49991]
Checking PIDs [49991]
Checking PIDs [49991]
Checking PIDs [49991]
Checking PIDs [49991]
Checking PIDs [49991]
Checking PIDs [49991]
Checking PIDs [49991]
Checking PIDs [49991]
Checking PIDs [49991]
Checking PIDs [49991]
Checking PIDs [49991]
Checking PIDs [49991]
Checking PIDs [49991]
Checking PIDs [49991]
Checking PIDs [49991]
Checking PIDs [49991]
Checking PIDs [49991]
Checking PIDs [49991]
Checking PIDs [49991]
Checking PIDs [49991]
Checking PIDs [49991]
Checking PIDs [49991]
Checking PIDs [49991]
Checking PIDs [49991]
Checking PIDs [49991]
Checking PIDs [49991]
Checking PIDs [49991]
Checking PIDs [49991]
Checking PIDs [49991]
Checking PIDs [49991]
Checking PIDs [49991]
Checking PIDs [49991]
Checking PIDs [49991]
Checking PIDs [49991]
Checking PIDs [49991]
Checking PIDs [49991]
Checking PIDs [49991]
Checking PIDs [49991]
Checking PIDs [49991]
Checking PIDs [49991]
Checking PIDs [49991]
Checking PIDs [49991]
Checking PIDs [49991]
Checking PIDs [49991]
Checking PIDs [49991]
Checking PIDs [49991]
Checking PIDs [49991]
Checking PIDs [49991]
Checking PIDs [49991]
Checking PIDs [49991]
Checking PIDs [49991]
Checking PIDs [49991]
Checking PIDs [49991]
Checking PIDs [49991]
Checking PIDs [49991]
Checking PIDs [49991]
Checking PIDs [49991]
Checking PIDs [49991]
Checking PIDs [49991]
Checking PIDs [49991]
Checking PIDs [49991]
Checking PIDs [49991]
Checking PIDs [49991]
Checking PIDs [49991]
Checking PIDs [49991]
Checking PIDs [49991]
Checking PIDs [49991]
Checking PIDs [49991]
Checking PIDs [49991]
Checking PIDs [49991]
