SAGE_TMP_ROOT = /home/n10186841/.sage/temp/cl5n028
Starting sage-cleaner with PID 90538
Checking PIDs []
Checking PIDs [90544]
Checking PIDs [90544]
Checking PIDs [90544]
Checking PIDs [90544]
Checking PIDs [90544]
Checking PIDs [90544]
Checking PIDs [90544]
Checking PIDs [90544]
Checking PIDs [90544]
Checking PIDs [90544]
Checking PIDs [90544]
Checking PIDs [90544]
Checking PIDs [90544]
Checking PIDs [90544]
Checking PIDs [90544]
Checking PIDs [90544]
Checking PIDs [90544]
Checking PIDs [90544]
Checking PIDs [90544]
Checking PIDs [90544]
Checking PIDs [90544]
Checking PIDs [90544]
Checking PIDs [90544]
Checking PIDs [90544]
Checking PIDs [90544]
Checking PIDs [90544]
Checking PIDs [90544]
Checking PIDs [90544]
Checking PIDs [90544]
Checking PIDs [90544]
Checking PIDs [90544]
Checking PIDs [90544]
Checking PIDs [90544]
Checking PIDs [90544]
SAGE_TMP_ROOT = /home/n10186841/.sage/temp/cl5n028
sage-cleaner is already running with PID 90538, exiting
Checking PIDs [90544]
Checking PIDs [90544]
Checking PIDs [90544]
SAGE_TMP_ROOT = /home/n10186841/.sage/temp/cl5n028
Starting sage-cleaner with PID 5984
Checking PIDs []
Checking PIDs [5991]
Checking PIDs [5991]
Checking PIDs [5991]
Checking PIDs [5991]
SAGE_TMP_ROOT = /home/n10186841/.sage/temp/cl5n028
sage-cleaner is already running with PID 5984, exiting
Checking PIDs [5991, 6973]
Checking PIDs [5991, 6973]
Checking PIDs [5991, 6973]
Checking PIDs [5991, 6973]
Checking PIDs [5991, 6973]
Checking PIDs [5991, 6973]
Checking PIDs [5991, 6973]
Checking PIDs [5991, 6973]
Checking PIDs [5991, 6973]
Checking PIDs [5991, 6973]
Checking PIDs [5991, 6973]
Checking PIDs [5991, 6973]
Checking PIDs [5991, 6973]
Checking PIDs [5991, 6973]
Checking PIDs [5991, 6973]
Checking PIDs [5991, 6973]
Checking PIDs [5991, 6973]
Checking PIDs [5991, 6973]
Checking PIDs [5991, 6973]
Checking PIDs [5991, 6973]
Checking PIDs [5991, 6973]
Checking PIDs [5991, 6973]
Checking PIDs [5991, 6973]
Checking PIDs [5991, 6973]
Checking PIDs [5991, 6973]
Checking PIDs [5991, 6973]
Checking PIDs [5991, 6973]
Checking PIDs [5991, 6973]
Checking PIDs [5991, 6973]
Checking PIDs [5991, 6973]
Checking PIDs [5991, 6973]
Checking PIDs [5991, 6973]
Checking PIDs [5991, 6973]
Checking PIDs [5991, 6973]
Checking PIDs [5991, 6973]
Checking PIDs [5991, 6973]
Checking PIDs [5991, 6973]
Checking PIDs [5991, 6973]
Checking PIDs [5991, 6973]
Checking PIDs [5991, 6973]
Checking PIDs [5991, 6973]
Checking PIDs [5991, 6973]
Checking PIDs [5991, 6973]
SAGE_TMP_ROOT = /home/n10186841/.sage/temp/cl5n028
sage-cleaner is already running with PID 5984, exiting
SAGE_TMP_ROOT = /home/n10186841/.sage/temp/cl5n028
sage-cleaner is already running with PID 5984, exiting
Checking PIDs [5991, 6973, 8515, 8517]
Checking PIDs [5991, 6973, 8515, 8517]
Checking PIDs [5991, 6973, 8515, 8517]
Checking PIDs [5991, 6973, 8515, 8517]
Checking PIDs [5991, 6973, 8515, 8517]
Checking PIDs [5991, 6973, 8515, 8517]
Checking PIDs [5991, 6973, 8515, 8517]
Checking PIDs [5991, 6973, 8515, 8517]
Checking PIDs [5991, 6973, 8515, 8517]
Checking PIDs [5991, 6973, 8515, 8517]
Checking PIDs [5991, 6973, 8515, 8517]
Checking PIDs [5991, 6973, 8515, 8517]
Checking PIDs [5991, 6973, 8515, 8517]
Checking PIDs [5991, 6973, 8515, 8517]
Checking PIDs [5991, 6973, 8515, 8517]
Checking PIDs [5991, 6973, 8515, 8517]
Checking PIDs [5991, 6973, 8515, 8517]
Checking PIDs [5991, 6973, 8515, 8517]
Checking PIDs [5991, 6973, 8515, 8517]
Checking PIDs [5991, 6973, 8515, 8517]
Checking PIDs [5991, 6973, 8515, 8517]
Checking PIDs [5991, 6973, 8515, 8517]
Checking PIDs [5991, 6973, 8515, 8517]
Checking PIDs [5991, 6973, 8515, 8517]
Checking PIDs [5991, 6973, 8515, 8517]
Checking PIDs [5991, 6973, 8515, 8517]
Checking PIDs [5991, 6973, 8515, 8517]
Checking PIDs [5991, 6973, 8515, 8517]
Checking PIDs [5991, 6973, 8515, 8517]
Checking PIDs [5991, 6973, 8515, 8517]
Checking PIDs [5991, 6973, 8515, 8517]
Checking PIDs [5991, 6973, 8515, 8517]
Checking PIDs [5991, 6973, 8515, 8517]
Checking PIDs [5991, 6973, 8515, 8517]
Checking PIDs [5991, 6973, 8515, 8517]
Checking PIDs [5991, 6973, 8515, 8517]
Checking PIDs [5991, 6973, 8515, 8517]
Checking PIDs [5991, 6973, 8515, 8517]
Checking PIDs [5991, 6973, 8515, 8517]
Checking PIDs [5991, 6973, 8515, 8517]
Checking PIDs [5991, 6973, 8515, 8517]
Checking PIDs [5991, 6973, 8515, 8517]
Checking PIDs [5991, 6973, 8515, 8517]
Checking PIDs [5991, 6973, 8515, 8517]
Checking PIDs [5991, 6973, 8515, 8517]
Checking PIDs [5991, 6973, 8515, 8517]
Checking PIDs [5991, 6973, 8515, 8517]
Checking PIDs [5991, 6973, 8515, 8517]
Checking PIDs [5991, 6973, 8515, 8517]
Checking PIDs [5991, 6973, 8515, 8517]
Checking PIDs [5991, 6973, 8515, 8517]
Checking PIDs [5991, 6973, 8515, 8517]
Checking PIDs [5991, 6973, 8515, 8517]
Checking PIDs [5991, 6973, 8515, 8517]
Checking PIDs [5991, 6973, 8515, 8517]
Checking PIDs [5991, 6973, 8515, 8517]
Checking PIDs [5991, 6973, 8515, 8517]
Checking PIDs [5991, 6973, 8515, 8517]
Checking PIDs [5991, 6973, 8515, 8517]
Checking PIDs [5991, 6973, 8515, 8517]
Checking PIDs [5991, 6973, 8515, 8517]
Checking PIDs [5991, 6973, 8515, 8517]
Checking PIDs [5991, 6973, 8515, 8517]
Checking PIDs [5991, 6973, 8515, 8517]
Checking PIDs [5991, 6973, 8515, 8517]
Checking PIDs [5991, 6973, 8515, 8517]
Checking PIDs [5991, 6973, 8515, 8517]
Checking PIDs [5991, 6973, 8515, 8517]
Checking PIDs [5991, 6973, 8515, 8517]
Checking PIDs [5991, 6973, 8515, 8517]
Checking PIDs [5991, 6973, 8515, 8517]
Checking PIDs [5991, 6973, 8515, 8517]
Checking PIDs [5991, 6973, 8515, 8517]
Checking PIDs [5991, 6973, 8515, 8517]
Checking PIDs [5991, 6973, 8515, 8517]
Checking PIDs [5991, 6973, 8515, 8517]
Checking PIDs [5991, 6973, 8515, 8517]
Checking PIDs [5991, 6973, 8515, 8517]
Checking PIDs [5991, 6973, 8515, 8517]
Checking PIDs [5991, 6973, 8515, 8517]
Checking PIDs [5991, 6973, 8515, 8517]
Checking PIDs [5991, 6973, 8515, 8517]
Checking PIDs [5991, 6973, 8515, 8517]
Checking PIDs [5991, 6973, 8515, 8517]
Checking PIDs [5991, 6973, 8515, 8517]
Checking PIDs [5991, 6973, 8515, 8517]
Checking PIDs [5991, 6973, 8515, 8517]
Checking PIDs [5991, 6973, 8515, 8517]
Checking PIDs [5991, 6973, 8515, 8517]
Checking PIDs [5991, 6973, 8515, 8517]
Checking PIDs [5991, 6973, 8515, 8517]
Checking PIDs [5991, 6973, 8515, 8517]
Checking PIDs [5991, 6973, 8515, 8517]
Checking PIDs [5991, 6973, 8515, 8517]
Checking PIDs [5991, 6973, 8515, 8517]
Checking PIDs [5991, 6973, 8515, 8517]
Checking PIDs [5991, 6973, 8515, 8517]
Checking PIDs [5991, 6973, 8515, 8517]
Checking PIDs [5991, 6973, 8515, 8517]
Checking PIDs [5991, 6973, 8515, 8517]
Checking PIDs [5991, 6973, 8515, 8517]
Checking PIDs [5991, 6973, 8515, 8517]
Checking PIDs [5991, 6973, 8515, 8517]
Checking PIDs [5991, 6973, 8515, 8517]
Checking PIDs [5991, 6973, 8515, 8517]
Checking PIDs [5991, 6973, 8515, 8517]
Checking PIDs [5991, 6973, 8515, 8517]
Checking PIDs [5991, 6973, 8515, 8517]
Checking PIDs [5991, 6973, 8515, 8517]
Checking PIDs [5991, 6973, 8515, 8517]
Checking PIDs [5991, 6973, 8515, 8517]
Checking PIDs [5991, 6973, 8515, 8517]
Checking PIDs [5991, 6973, 8515, 8517]
Checking PIDs [5991, 6973, 8515, 8517]
Checking PIDs [5991, 6973, 8515, 8517]
Checking PIDs [5991, 6973, 8515, 8517]
Checking PIDs [5991, 6973, 8515, 8517]
Checking PIDs [5991, 6973, 8515, 8517]
Checking PIDs [5991, 6973, 8515, 8517]
Checking PIDs [5991, 6973, 8515, 8517]
Checking PIDs [5991, 6973, 8515, 8517]
Checking PIDs [5991, 6973, 8515, 8517]
Checking PIDs [5991, 6973, 8515, 8517]
Checking PIDs [5991, 6973, 8515, 8517]
Checking PIDs [5991, 6973, 8515, 8517]
Checking PIDs [5991, 6973, 8515, 8517]
Checking PIDs [5991, 6973, 8515, 8517]
Checking PIDs [5991, 6973, 8515, 8517]
Checking PIDs [5991, 6973, 8515, 8517]
Checking PIDs [5991, 6973, 8515, 8517]
Checking PIDs [5991, 6973, 8515, 8517]
Checking PIDs [5991, 6973, 8515, 8517]
Checking PIDs [5991, 6973, 8515, 8517]
Checking PIDs [5991, 6973, 8515, 8517]
Checking PIDs [5991, 6973, 8515, 8517]
Checking PIDs [5991, 6973, 8515, 8517]
Checking PIDs [5991, 6973, 8515, 8517]
Checking PIDs [5991, 6973, 8515, 8517]
Checking PIDs [5991, 6973, 8515, 8517]
Checking PIDs [5991, 6973, 8515, 8517]
Checking PIDs [5991, 6973, 8515, 8517]
Checking PIDs [5991, 6973, 8515, 8517]
Checking PIDs [5991, 6973, 8515, 8517]
Checking PIDs [5991, 6973, 8515, 8517]
Checking PIDs [5991, 6973, 8515, 8517]
Checking PIDs [5991, 6973, 8515, 8517]
Checking PIDs [5991, 6973, 8515, 8517]
Checking PIDs [5991, 6973, 8515, 8517]
Checking PIDs [5991, 6973, 8515, 8517]
Checking PIDs [5991, 6973, 8515, 8517]
Checking PIDs [5991, 6973, 8515, 8517]
Checking PIDs [5991, 6973, 8515, 8517]
Checking PIDs [5991, 6973, 8515, 8517]
Checking PIDs [5991, 6973, 8515, 8517]
Checking PIDs [5991, 6973, 8515, 8517]
Checking PIDs [5991, 6973, 8515, 8517]
Checking PIDs [5991, 6973, 8515, 8517]
Checking PIDs [5991, 6973, 8515, 8517]
Checking PIDs [5991, 6973, 8515, 8517]
Checking PIDs [5991, 6973, 8515, 8517]
Checking PIDs [5991, 6973, 8515, 8517]
Checking PIDs [5991, 6973, 8515, 8517]
Checking PIDs [5991, 6973, 8515, 8517]
Checking PIDs [5991, 6973, 8515, 8517]
Checking PIDs [5991, 6973, 8515, 8517]
Checking PIDs [5991, 6973, 8515, 8517]
Checking PIDs [5991, 6973, 8515, 8517]
Checking PIDs [5991, 6973, 8515, 8517]
Checking PIDs [5991, 6973, 8515, 8517]
Checking PIDs [5991, 6973, 8515, 8517]
Checking PIDs [5991, 6973, 8515, 8517]
Checking PIDs [5991, 6973, 8515, 8517]
Checking PIDs [5991, 6973, 8515, 8517]
Checking PIDs [5991, 6973, 8515, 8517]
Checking PIDs [5991, 6973, 8515, 8517]
Checking PIDs [5991, 6973, 8515, 8517]
Checking PIDs [5991, 6973, 8515, 8517]
Checking PIDs [5991, 6973, 8515, 8517]
Checking PIDs [5991, 6973, 8515, 8517]
Checking PIDs [5991, 6973, 8515, 8517]
Checking PIDs [5991, 6973, 8515, 8517]
Checking PIDs [5991, 6973, 8515, 8517]
Checking PIDs [5991, 6973, 8515, 8517]
Checking PIDs [5991, 6973, 8515, 8517]
Checking PIDs [5991, 6973, 8515, 8517]
Checking PIDs [5991, 6973, 8515, 8517]
Checking PIDs [5991, 6973, 8515, 8517]
Checking PIDs [5991, 6973, 8515, 8517]
Checking PIDs [5991, 6973, 8515, 8517]
Checking PIDs [5991, 6973, 8515, 8517]
Checking PIDs [5991, 6973, 8515, 8517]
Checking PIDs [5991, 6973, 8515, 8517]
Checking PIDs [5991, 6973, 8515, 8517]
Checking PIDs [5991, 6973, 8515, 8517]
Checking PIDs [5991, 6973, 8515, 8517]
Checking PIDs [5991, 6973, 8515, 8517]
Checking PIDs [5991, 6973, 8515, 8517]
Checking PIDs [5991, 6973, 8515, 8517]
Checking PIDs [5991, 6973, 8515, 8517]
Checking PIDs [5991, 6973, 8515, 8517]
Checking PIDs [5991, 6973, 8515, 8517]
Checking PIDs [5991, 6973, 8515, 8517]
Checking PIDs [5991, 6973, 8515, 8517]
Checking PIDs [5991, 6973, 8515, 8517]
Checking PIDs [5991, 6973, 8515, 8517]
Checking PIDs [5991, 6973, 8515, 8517]
Checking PIDs [5991, 6973, 8515, 8517]
Checking PIDs [5991, 6973, 8515, 8517]
Checking PIDs [5991, 6973, 8515, 8517]
Checking PIDs [5991, 6973, 8515, 8517]
Checking PIDs [5991, 6973, 8515, 8517]
Checking PIDs [5991, 6973, 8515, 8517]
Checking PIDs [5991, 6973, 8515, 8517]
Checking PIDs [5991, 6973, 8515, 8517]
Checking PIDs [5991, 6973, 8515, 8517]
Checking PIDs [5991, 6973, 8515, 8517]
Checking PIDs [5991, 6973, 8515, 8517]
Checking PIDs [5991, 6973, 8515, 8517]
Checking PIDs [5991, 6973, 8515, 8517]
Checking PIDs [5991, 6973, 8515, 8517]
Checking PIDs [5991, 6973, 8515, 8517]
Checking PIDs [5991, 6973, 8515, 8517]
Checking PIDs [5991, 6973, 8515, 8517]
Checking PIDs [5991, 6973, 8515, 8517]
Checking PIDs [5991, 6973, 8515, 8517]
Checking PIDs [5991, 6973, 8515, 8517]
Checking PIDs [5991, 6973, 8515, 8517]
Checking PIDs [5991, 6973, 8515, 8517]
Checking PIDs [5991, 6973, 8515, 8517]
Checking PIDs [5991, 6973, 8515, 8517]
Checking PIDs [5991, 6973, 8515, 8517]
Checking PIDs [5991, 6973, 8515, 8517]
Checking PIDs [5991, 6973, 8515, 8517]
Checking PIDs [5991, 6973, 8515, 8517]
Checking PIDs [5991, 6973, 8515, 8517]
Checking PIDs [5991, 6973, 8515, 8517]
Checking PIDs [5991, 6973, 8515, 8517]
Checking PIDs [5991, 6973, 8515, 8517]
Checking PIDs [5991, 6973, 8515, 8517]
Checking PIDs [5991, 6973, 8515, 8517]
Checking PIDs [5991, 6973, 8515, 8517]
Checking PIDs [5991, 6973, 8515, 8517]
Checking PIDs [5991, 6973, 8515, 8517]
Checking PIDs [5991, 6973, 8515, 8517]
Checking PIDs [5991, 6973, 8515, 8517]
Checking PIDs [5991, 6973, 8515, 8517]
Checking PIDs [5991, 6973, 8515, 8517]
Checking PIDs [5991, 6973, 8515, 8517]
Checking PIDs [5991, 6973, 8515, 8517]
Checking PIDs [5991, 6973, 8515, 8517]
Checking PIDs [5991, 6973, 8515, 8517]
Checking PIDs [5991, 6973, 8515, 8517]
Checking PIDs [5991, 6973, 8515, 8517]
Checking PIDs [5991, 6973, 8515, 8517]
SAGE_TMP_ROOT = /home/n10186841/.sage/temp/cl5n028
sage-cleaner is already running with PID 5984, exiting
Checking PIDs [5991, 6973, 8515, 8517]
Checking PIDs [5991, 6973, 8515, 8517]
Checking PIDs [5991, 6973, 8515, 8517]
Checking PIDs [5991, 6973, 8515, 8517]
Checking PIDs [5991, 6973, 8515, 8517]
Checking PIDs [5991, 6973, 8515, 8517]
Checking PIDs [5991, 6973, 8515, 8517]
Checking PIDs [5991, 6973, 8515, 8517]
Checking PIDs [5991, 6973, 8515, 8517]
Checking PIDs [5991, 6973, 8515, 8517]
Checking PIDs [5991, 6973, 8515, 8517]
Checking PIDs [5991, 6973, 8515, 8517]
Checking PIDs [5991, 6973, 8515, 8517]
Checking PIDs [5991, 6973, 8515, 8517]
Checking PIDs [5991, 6973, 8515, 8517]
Checking PIDs [5991, 6973, 8515, 8517]
Checking PIDs [5991, 6973, 8515, 8517]
Checking PIDs [5991, 6973, 8515, 8517]
Checking PIDs [5991, 6973, 8515, 8517]
Checking PIDs [5991, 6973, 8515, 8517]
SAGE_TMP_ROOT = /home/n10186841/.sage/temp/cl5n028
Starting sage-cleaner with PID 11805
Checking PIDs [6973, 8515, 8517]
Checking PIDs [6973, 8515, 8517]
Checking PIDs [6973, 8515, 8517]
Checking PIDs [6973, 8515, 8517]
Checking PIDs [6973, 8515, 8517]
Checking PIDs [6973, 8515, 8517]
Checking PIDs [6973, 8515, 8517]
Checking PIDs [6973, 8515, 8517]
Checking PIDs [6973, 8515, 8517]
Checking PIDs [6973, 8515, 8517]
Checking PIDs [6973, 8515, 8517]
Checking PIDs [6973, 8515, 8517]
Checking PIDs [6973, 8515, 8517]
Checking PIDs [6973, 8515, 8517]
Checking PIDs [6973, 8515, 8517]
Checking PIDs [6973, 8515, 8517]
Checking PIDs [6973, 8515, 8517]
Checking PIDs [6973, 8515, 8517]
Checking PIDs [6973, 8515, 8517]
SAGE_TMP_ROOT = /home/n10186841/.sage/temp/cl5n028
Starting sage-cleaner with PID 13045
Checking PIDs [8515, 8517]
SAGE_TMP_ROOT = /home/n10186841/.sage/temp/cl5n028
sage-cleaner is already running with PID 13045, exiting
Checking PIDs [8515, 8517, 13051, 13135]
Checking PIDs [8515, 8517, 13051, 13135]
Checking PIDs [8515, 8517, 13051, 13135]
Checking PIDs [8515, 8517, 13051, 13135]
Checking PIDs [8515, 8517, 13051, 13135]
Checking PIDs [8515, 8517, 13051, 13135]
Checking PIDs [8515, 8517, 13051, 13135]
Checking PIDs [8515, 8517, 13051, 13135]
Checking PIDs [8515, 8517, 13051, 13135]
Checking PIDs [8515, 8517, 13051, 13135]
Checking PIDs [8515, 8517, 13051, 13135]
Checking PIDs [8515, 8517, 13051, 13135]
Checking PIDs [8515, 8517, 13051, 13135]
Checking PIDs [8515, 8517, 13051, 13135]
Checking PIDs [8515, 8517, 13051, 13135]
Checking PIDs [8515, 8517, 13051, 13135]
Checking PIDs [8515, 8517, 13051, 13135]
Checking PIDs [8515, 8517, 13051, 13135]
Checking PIDs [8515, 8517, 13051, 13135]
Checking PIDs [8515, 8517, 13051, 13135]
Checking PIDs [8515, 8517, 13051, 13135]
Checking PIDs [8515, 8517, 13051, 13135]
Checking PIDs [8515, 8517, 13051, 13135]
Checking PIDs [8515, 8517, 13051, 13135]
Checking PIDs [8515, 8517, 13051, 13135]
Checking PIDs [8515, 8517, 13051, 13135]
Checking PIDs [8515, 8517, 13051, 13135]
Checking PIDs [8515, 8517, 13051, 13135]
Checking PIDs [8515, 8517, 13051, 13135]
Checking PIDs [8515, 8517, 13051, 13135]
Checking PIDs [8515, 8517, 13051, 13135]
Checking PIDs [8515, 8517, 13051, 13135]
Checking PIDs [8515, 8517, 13051, 13135]
Checking PIDs [8515, 8517, 13051, 13135]
Checking PIDs [8515, 8517, 13051, 13135]
Checking PIDs [8515, 8517, 13051, 13135]
Checking PIDs [8515, 8517, 13051, 13135]
Checking PIDs [8515, 8517, 13051, 13135]
Checking PIDs [8515, 8517, 13051, 13135]
Checking PIDs [8515, 8517, 13051, 13135]
Checking PIDs [8515, 8517, 13051, 13135]
Checking PIDs [8515, 8517, 13051, 13135]
Checking PIDs [8515, 8517, 13051, 13135]
Checking PIDs [8515, 8517, 13051, 13135]
Checking PIDs [8515, 8517, 13051, 13135]
Checking PIDs [8515, 8517, 13051, 13135]
Checking PIDs [8515, 8517, 13051, 13135]
Checking PIDs [8515, 8517, 13051, 13135]
Checking PIDs [8515, 8517, 13051, 13135]
Checking PIDs [8515, 8517, 13051, 13135]
Checking PIDs [8515, 8517, 13051, 13135]
Checking PIDs [8515, 8517, 13051, 13135]
Checking PIDs [8515, 8517, 13051, 13135]
Checking PIDs [8515, 8517, 13051, 13135]
Checking PIDs [8515, 8517, 13051, 13135]
Checking PIDs [8515, 8517, 13051, 13135]
Checking PIDs [8515, 8517, 13051, 13135]
Checking PIDs [8515, 8517, 13051, 13135]
Checking PIDs [8515, 8517, 13051, 13135]
Checking PIDs [8515, 8517, 13051, 13135]
Checking PIDs [8515, 8517, 13051, 13135]
SAGE_TMP_ROOT = /home/n10186841/.sage/temp/cl5n028
sage-cleaner is already running with PID 13045, exiting
Checking PIDs [8515, 8517, 13051, 13135]
Checking PIDs [8515, 8517, 13051, 13135]
Checking PIDs [8515, 8517, 13051, 13135]
Checking PIDs [8515, 8517, 13051, 13135]
Checking PIDs [8515, 8517, 13051, 13135]
Checking PIDs [8515, 8517, 13051, 13135]
Checking PIDs [8515, 8517, 13051, 13135]
Checking PIDs [8515, 8517, 13051, 13135]
Checking PIDs [8515, 8517, 13051, 13135]
Checking PIDs [8515, 8517, 13051, 13135]
Checking PIDs [8515, 8517, 13051, 13135]
Checking PIDs [8515, 8517, 13051, 13135]
Checking PIDs [8515, 8517, 13051, 13135]
Checking PIDs [8515, 8517, 13051, 13135]
Checking PIDs [8515, 8517, 13051, 13135]
Checking PIDs [8515, 8517, 13051, 13135]
Checking PIDs [8515, 8517, 13051, 13135]
Checking PIDs [8515, 8517, 13051, 13135]
Checking PIDs [8515, 8517, 13051, 13135]
Checking PIDs [8515, 8517, 13051, 13135]
Checking PIDs [8515, 8517, 13051, 13135]
Checking PIDs [8515, 13051, 13135]
Checking PIDs [8515, 13051, 13135]
Checking PIDs [8515, 13051, 13135]
Checking PIDs [8515, 13051, 13135]
Checking PIDs [8515, 13051, 13135]
Checking PIDs [8515, 13051, 13135]
Checking PIDs [8515, 13051, 13135]
Checking PIDs [8515, 13051, 13135]
SAGE_TMP_ROOT = /home/n10186841/.sage/temp/cl5n028
sage-cleaner is already running with PID 13045, exiting
Checking PIDs [8515, 13051, 13135, 14070]
Checking PIDs [8515, 13051, 13135, 14070]
Checking PIDs [8515, 13051, 13135, 14070]
Checking PIDs [8515, 13051, 13135, 14070]
Checking PIDs [8515, 13051, 13135, 14070]
Checking PIDs [8515, 13051, 13135, 14070]
Checking PIDs [8515, 13051, 13135, 14070]
Checking PIDs [8515, 13051, 13135, 14070]
Checking PIDs [8515, 13051, 13135, 14070]
Checking PIDs [8515, 13051, 13135, 14070]
Checking PIDs [8515, 13051, 13135, 14070]
Checking PIDs [8515, 13051, 13135, 14070]
Checking PIDs [8515, 13051, 13135, 14070]
Checking PIDs [8515, 13051, 13135, 14070]
Checking PIDs [8515, 13051, 13135, 14070]
Checking PIDs [8515, 13051, 13135, 14070]
Checking PIDs [8515, 13051, 13135, 14070]
Checking PIDs [8515, 13051, 13135, 14070]
Checking PIDs [8515, 13051, 13135, 14070]
Checking PIDs [8515, 13051, 13135, 14070]
Checking PIDs [8515, 13051, 13135, 14070]
Checking PIDs [8515, 13051, 13135, 14070]
Checking PIDs [8515, 13051, 13135, 14070]
Checking PIDs [8515, 13051, 13135, 14070]
Checking PIDs [8515, 13051, 13135, 14070]
Checking PIDs [8515, 13051, 13135, 14070]
Checking PIDs [8515, 13051, 13135, 14070]
Checking PIDs [8515, 13051, 13135, 14070]
Checking PIDs [8515, 13051, 13135, 14070]
Checking PIDs [8515, 13051, 13135, 14070]
Checking PIDs [8515, 13051, 13135, 14070]
Checking PIDs [8515, 13051, 13135, 14070]
Checking PIDs [8515, 13051, 13135, 14070]
Checking PIDs [8515, 13051, 13135, 14070]
Checking PIDs [8515, 13051, 13135, 14070]
Checking PIDs [8515, 13051, 13135, 14070]
Checking PIDs [8515, 13051, 13135, 14070]
Checking PIDs [8515, 13051, 13135, 14070]
Checking PIDs [8515, 13051, 13135, 14070]
Checking PIDs [8515, 13051, 13135, 14070]
Checking PIDs [8515, 13051, 13135, 14070]
Checking PIDs [8515, 13051, 13135, 14070]
Checking PIDs [8515, 13051, 13135, 14070]
Checking PIDs [8515, 13051, 13135, 14070]
Checking PIDs [8515, 13051, 13135, 14070]
Checking PIDs [8515, 13051, 13135, 14070]
Checking PIDs [8515, 13051, 13135, 14070]
Checking PIDs [8515, 13051, 13135, 14070]
Checking PIDs [8515, 13051, 13135, 14070]
Checking PIDs [8515, 13051, 13135, 14070]
Checking PIDs [8515, 13051, 13135, 14070]
Checking PIDs [8515, 13051, 13135, 14070]
Checking PIDs [8515, 13051, 13135, 14070]
Checking PIDs [8515, 13051, 13135, 14070]
Checking PIDs [8515, 13051, 13135, 14070]
Checking PIDs [8515, 13051, 13135, 14070]
Checking PIDs [8515, 13051, 13135, 14070]
Checking PIDs [8515, 13051, 13135, 14070]
Checking PIDs [8515, 13051, 13135, 14070]
Checking PIDs [8515, 13051, 13135, 14070]
Checking PIDs [8515, 13051, 13135, 14070]
Checking PIDs [8515, 13051, 13135, 14070]
Checking PIDs [8515, 13051, 13135, 14070]
Checking PIDs [8515, 13051, 13135, 14070]
Checking PIDs [8515, 13051, 13135, 14070]
Checking PIDs [8515, 13051, 13135, 14070]
Checking PIDs [8515, 13051, 13135, 14070]
Checking PIDs [8515, 13051, 13135, 14070]
Checking PIDs [8515, 13051, 13135, 14070]
Checking PIDs [8515, 13051, 13135, 14070]
Checking PIDs [8515, 13051, 13135, 14070]
Checking PIDs [8515, 13051, 13135, 14070]
Checking PIDs [8515, 13051, 13135, 14070]
Checking PIDs [8515, 13051, 13135, 14070]
Checking PIDs [8515, 13051, 13135, 14070]
Checking PIDs [8515, 13051, 13135, 14070]
Checking PIDs [8515, 13051, 13135, 14070]
Checking PIDs [8515, 13051, 13135, 14070]
Checking PIDs [8515, 13051, 13135, 14070]
Checking PIDs [8515, 13051, 13135, 14070]
Checking PIDs [8515, 13051, 13135, 14070]
Checking PIDs [8515, 13051, 13135, 14070]
Checking PIDs [8515, 13051, 13135, 14070]
Checking PIDs [8515, 13051, 13135, 14070]
Checking PIDs [8515, 13051, 13135, 14070]
Checking PIDs [8515, 13051, 13135, 14070]
Checking PIDs [8515, 13051, 13135, 14070]
Checking PIDs [8515, 13051, 13135, 14070]
Checking PIDs [8515, 13051, 13135, 14070]
Checking PIDs [8515, 13051, 13135, 14070]
Checking PIDs [8515, 13051, 13135, 14070]
Checking PIDs [8515, 13051, 13135, 14070]
Checking PIDs [8515, 13051, 13135, 14070]
Checking PIDs [8515, 13051, 13135, 14070]
Checking PIDs [8515, 13051, 13135, 14070]
Checking PIDs [8515, 13051, 13135, 14070]
Checking PIDs [8515, 13051, 13135, 14070]
Checking PIDs [8515, 13051, 13135, 14070]
Checking PIDs [8515, 13051, 13135, 14070]
Checking PIDs [8515, 13051, 13135, 14070]
Checking PIDs [8515, 13051, 13135, 14070]
Checking PIDs [8515, 13051, 13135, 14070]
Checking PIDs [8515, 13051, 13135, 14070]
Checking PIDs [8515, 13051, 13135, 14070]
Checking PIDs [8515, 13051, 13135, 14070]
Checking PIDs [8515, 13051, 13135, 14070]
Checking PIDs [8515, 13051, 13135, 14070]
Checking PIDs [8515, 13051, 13135, 14070]
Checking PIDs [8515, 13051, 13135, 14070]
Checking PIDs [8515, 13051, 13135, 14070]
Checking PIDs [8515, 13051, 13135, 14070]
Checking PIDs [8515, 13051, 13135, 14070]
Checking PIDs [8515, 13051, 13135, 14070]
Checking PIDs [8515, 13051, 13135, 14070]
Checking PIDs [8515, 13051, 13135, 14070]
Checking PIDs [8515, 13051, 13135, 14070]
Checking PIDs [8515, 13051, 13135, 14070]
Checking PIDs [8515, 13051, 13135, 14070]
SAGE_TMP_ROOT = /home/n10186841/.sage/temp/cl5n028
sage-cleaner is already running with PID 13045, exiting
Checking PIDs [8515, 13051, 13135, 14070]
Checking PIDs [8515, 13051, 13135, 14070]
Checking PIDs [8515, 13051, 13135, 14070]
Checking PIDs [8515, 13051, 13135, 14070]
Checking PIDs [8515, 13051, 13135, 14070]
Checking PIDs [8515, 13051, 13135, 14070]
Checking PIDs [8515, 13051, 13135, 14070]
Checking PIDs [8515, 13051, 13135, 14070]
Checking PIDs [8515, 13051, 13135, 14070]
Checking PIDs [8515, 13051, 13135, 14070]
Checking PIDs [8515, 13051, 13135, 14070]
Checking PIDs [8515, 13051, 13135, 14070]
Checking PIDs [8515, 13051, 13135, 14070]
Checking PIDs [8515, 13051, 13135, 14070]
Checking PIDs [8515, 13051, 13135, 14070]
Checking PIDs [8515, 13051, 13135, 14070]
Checking PIDs [8515, 13051, 13135, 14070]
Checking PIDs [8515, 13051, 13135, 14070]
Checking PIDs [8515, 13051, 13135, 14070]
Checking PIDs [8515, 13051, 13135, 14070]
Checking PIDs [8515, 13051, 13135, 14070]
Checking PIDs [13051, 13135, 14070]
Checking PIDs [13051, 13135, 14070]
Checking PIDs [13051, 13135, 14070]
Checking PIDs [13051, 13135, 14070]
Checking PIDs [13051, 13135, 14070]
Checking PIDs [13051, 13135, 14070]
Checking PIDs [13051, 13135, 14070]
Checking PIDs [13051, 13135, 14070]
SAGE_TMP_ROOT = /home/n10186841/.sage/temp/cl5n028
sage-cleaner is already running with PID 13045, exiting
Checking PIDs [13051, 13135, 14070, 15172]
Checking PIDs [13051, 13135, 14070, 15172]
Checking PIDs [13051, 13135, 14070, 15172]
Checking PIDs [13051, 13135, 14070, 15172]
Checking PIDs [13051, 13135, 14070, 15172]
Checking PIDs [13051, 13135, 14070, 15172]
Checking PIDs [13051, 13135, 14070, 15172]
Checking PIDs [13051, 13135, 14070, 15172]
Checking PIDs [13051, 13135, 14070, 15172]
Checking PIDs [13051, 13135, 14070, 15172]
Checking PIDs [13051, 13135, 14070, 15172]
Checking PIDs [13051, 13135, 14070, 15172]
Checking PIDs [13051, 13135, 14070, 15172]
Checking PIDs [13051, 13135, 14070, 15172]
Checking PIDs [13051, 13135, 14070, 15172]
Checking PIDs [13051, 13135, 14070, 15172]
Checking PIDs [13051, 13135, 14070, 15172]
Checking PIDs [13051, 13135, 14070, 15172]
Checking PIDs [13051, 13135, 14070, 15172]
Checking PIDs [13051, 13135, 14070, 15172]
Checking PIDs [13051, 13135, 14070, 15172]
Checking PIDs [13051, 13135, 14070, 15172]
Checking PIDs [13051, 13135, 14070, 15172]
Checking PIDs [13051, 13135, 14070, 15172]
Checking PIDs [13051, 13135, 14070, 15172]
Checking PIDs [13051, 13135, 14070, 15172]
Checking PIDs [13051, 13135, 14070, 15172]
Checking PIDs [13051, 13135, 14070, 15172]
Checking PIDs [13051, 13135, 14070, 15172]
Checking PIDs [13051, 13135, 14070, 15172]
Checking PIDs [13051, 13135, 14070, 15172]
Checking PIDs [13051, 13135, 14070, 15172]
Checking PIDs [13051, 13135, 14070, 15172]
Checking PIDs [13051, 13135, 14070, 15172]
Checking PIDs [13051, 13135, 14070, 15172]
Checking PIDs [13051, 13135, 14070, 15172]
Checking PIDs [13051, 13135, 14070, 15172]
Checking PIDs [13051, 13135, 14070, 15172]
Checking PIDs [13051, 13135, 14070, 15172]
Checking PIDs [13051, 13135, 14070, 15172]
Checking PIDs [13051, 13135, 14070, 15172]
Checking PIDs [13051, 13135, 14070, 15172]
Checking PIDs [13051, 13135, 14070, 15172]
Checking PIDs [13051, 13135, 14070, 15172]
Checking PIDs [13051, 13135, 14070, 15172]
Checking PIDs [13051, 13135, 14070, 15172]
Checking PIDs [13051, 13135, 14070, 15172]
Checking PIDs [13051, 13135, 14070, 15172]
Checking PIDs [13051, 13135, 14070, 15172]
Checking PIDs [13051, 13135, 14070, 15172]
Checking PIDs [13051, 13135, 14070, 15172]
Checking PIDs [13051, 13135, 14070, 15172]
Checking PIDs [13051, 13135, 14070, 15172]
Checking PIDs [13051, 13135, 14070, 15172]
Checking PIDs [13051, 13135, 14070, 15172]
Checking PIDs [13051, 13135, 14070, 15172]
Checking PIDs [13051, 13135, 14070, 15172]
Checking PIDs [13051, 13135, 14070, 15172]
Checking PIDs [13051, 13135, 14070, 15172]
Checking PIDs [13051, 13135, 14070, 15172]
Checking PIDs [13051, 13135, 14070, 15172]
Checking PIDs [13051, 13135, 14070, 15172]
Checking PIDs [13051, 13135, 14070, 15172]
Checking PIDs [13051, 13135, 14070, 15172]
Checking PIDs [13051, 13135, 14070, 15172]
Checking PIDs [13051, 13135, 14070, 15172]
Checking PIDs [13051, 13135, 14070, 15172]
Checking PIDs [13051, 13135, 14070, 15172]
Checking PIDs [13051, 13135, 14070, 15172]
Checking PIDs [13051, 13135, 14070, 15172]
Checking PIDs [13051, 13135, 14070, 15172]
Checking PIDs [13051, 13135, 14070, 15172]
Checking PIDs [13051, 13135, 14070, 15172]
Checking PIDs [13051, 13135, 14070, 15172]
Checking PIDs [13051, 13135, 14070, 15172]
Checking PIDs [13051, 13135, 14070, 15172]
Checking PIDs [13051, 13135, 14070, 15172]
Checking PIDs [13051, 13135, 14070, 15172]
Checking PIDs [13051, 13135, 14070, 15172]
Checking PIDs [13051, 13135, 14070, 15172]
Checking PIDs [13051, 13135, 14070, 15172]
Checking PIDs [13051, 13135, 14070, 15172]
Checking PIDs [13051, 13135, 14070, 15172]
Checking PIDs [13051, 13135, 14070, 15172]
Checking PIDs [13051, 13135, 14070, 15172]
Checking PIDs [13051, 13135, 14070, 15172]
Checking PIDs [13051, 13135, 14070, 15172]
Checking PIDs [13051, 13135, 14070, 15172]
Checking PIDs [13051, 13135, 14070, 15172]
Checking PIDs [13051, 13135, 14070, 15172]
Checking PIDs [13051, 13135, 14070, 15172]
Checking PIDs [13051, 13135, 14070, 15172]
Checking PIDs [13051, 13135, 14070, 15172]
Checking PIDs [13051, 13135, 14070, 15172]
Checking PIDs [13051, 13135, 14070, 15172]
Checking PIDs [13051, 13135, 14070, 15172]
Checking PIDs [13051, 13135, 14070, 15172]
Checking PIDs [13051, 13135, 14070, 15172]
Checking PIDs [13051, 13135, 14070, 15172]
Checking PIDs [13051, 13135, 14070, 15172]
Checking PIDs [13051, 13135, 14070, 15172]
Checking PIDs [13051, 13135, 14070, 15172]
Checking PIDs [13051, 13135, 14070, 15172]
Checking PIDs [13051, 13135, 14070, 15172]
Checking PIDs [13051, 13135, 14070, 15172]
Checking PIDs [13051, 13135, 14070, 15172]
Checking PIDs [13051, 13135, 14070, 15172]
Checking PIDs [13051, 13135, 14070, 15172]
Checking PIDs [13051, 13135, 14070, 15172]
Checking PIDs [13051, 13135, 14070, 15172]
Checking PIDs [13051, 13135, 14070, 15172]
Checking PIDs [13051, 13135, 14070, 15172]
Checking PIDs [13051, 13135, 14070, 15172]
Checking PIDs [13051, 13135, 14070, 15172]
Checking PIDs [13051, 13135, 14070, 15172]
Checking PIDs [13051, 13135, 14070, 15172]
Checking PIDs [13051, 13135, 14070, 15172]
Checking PIDs [13051, 13135, 14070, 15172]
Checking PIDs [13051, 13135, 14070, 15172]
Checking PIDs [13051, 13135, 14070, 15172]
Checking PIDs [13051, 13135, 14070, 15172]
Checking PIDs [13051, 13135, 14070, 15172]
Checking PIDs [13051, 13135, 14070, 15172]
Checking PIDs [13051, 13135, 14070, 15172]
Checking PIDs [13051, 13135, 14070, 15172]
Checking PIDs [13051, 13135, 14070, 15172]
Checking PIDs [13051, 13135, 14070, 15172]
Checking PIDs [13051, 13135, 14070, 15172]
Checking PIDs [13051, 13135, 14070, 15172]
Checking PIDs [13051, 13135, 14070, 15172]
Checking PIDs [13051, 13135, 14070, 15172]
Checking PIDs [13051, 13135, 14070, 15172]
Checking PIDs [13051, 13135, 14070, 15172]
Checking PIDs [13051, 13135, 14070, 15172]
Checking PIDs [13051, 13135, 14070, 15172]
Checking PIDs [13051, 13135, 14070, 15172]
Checking PIDs [13051, 13135, 14070, 15172]
Checking PIDs [13051, 13135, 14070, 15172]
Checking PIDs [13051, 13135, 14070, 15172]
Checking PIDs [13051, 13135, 14070, 15172]
Checking PIDs [13051, 13135, 14070, 15172]
Checking PIDs [13051, 13135, 14070, 15172]
Checking PIDs [13051, 13135, 14070, 15172]
Checking PIDs [13051, 13135, 14070, 15172]
Checking PIDs [13051, 13135, 14070, 15172]
Checking PIDs [13051, 13135, 14070, 15172]
Checking PIDs [13051, 13135, 14070, 15172]
Checking PIDs [13051, 13135, 14070, 15172]
Checking PIDs [13051, 13135, 14070, 15172]
Checking PIDs [13051, 13135, 14070, 15172]
Checking PIDs [13051, 13135, 14070, 15172]
Checking PIDs [13051, 13135, 14070, 15172]
Checking PIDs [13051, 13135, 14070, 15172]
Checking PIDs [13051, 13135, 14070, 15172]
Checking PIDs [13051, 13135, 14070, 15172]
Checking PIDs [13051, 13135, 14070, 15172]
Checking PIDs [13051, 13135, 14070, 15172]
Checking PIDs [13051, 13135, 14070, 15172]
Checking PIDs [13051, 13135, 14070, 15172]
Checking PIDs [13051, 13135, 14070, 15172]
Checking PIDs [13051, 13135, 14070, 15172]
Checking PIDs [13051, 13135, 14070, 15172]
Checking PIDs [13051, 13135, 14070, 15172]
Checking PIDs [13051, 13135, 14070, 15172]
Checking PIDs [13051, 13135, 14070, 15172]
Checking PIDs [13051, 13135, 14070, 15172]
Checking PIDs [13051, 13135, 14070, 15172]
Checking PIDs [13051, 13135, 14070, 15172]
Checking PIDs [13051, 13135, 14070, 15172]
Checking PIDs [13051, 13135, 14070, 15172]
Checking PIDs [13051, 13135, 14070, 15172]
Checking PIDs [13051, 13135, 14070, 15172]
Checking PIDs [13051, 13135, 14070, 15172]
Checking PIDs [13051, 13135, 14070, 15172]
Checking PIDs [13051, 13135, 14070, 15172]
Checking PIDs [13051, 13135, 14070, 15172]
Checking PIDs [13051, 13135, 14070, 15172]
Checking PIDs [13051, 13135, 14070, 15172]
Checking PIDs [13051, 13135, 14070, 15172]
Checking PIDs [13051, 13135, 14070, 15172]
Checking PIDs [13051, 13135, 14070, 15172]
Checking PIDs [13051, 13135, 14070, 15172]
Checking PIDs [13051, 13135, 14070, 15172]
Checking PIDs [13051, 13135, 14070, 15172]
SAGE_TMP_ROOT = /home/n10186841/.sage/temp/cl5n028
sage-cleaner is already running with PID 13045, exiting
Checking PIDs [13051, 13135, 14070, 15172]
Checking PIDs [13051, 13135, 14070, 15172]
Checking PIDs [13051, 13135, 14070, 15172]
Checking PIDs [13051, 13135, 14070, 15172]
Checking PIDs [13051, 13135, 14070, 15172]
Checking PIDs [13051, 13135, 14070, 15172]
Checking PIDs [13051, 13135, 14070, 15172]
Checking PIDs [13051, 13135, 14070, 15172]
Checking PIDs [13051, 13135, 14070, 15172]
Checking PIDs [13051, 13135, 14070, 15172]
Checking PIDs [13051, 13135, 14070, 15172]
Checking PIDs [13051, 13135, 14070, 15172]
Checking PIDs [13051, 13135, 14070, 15172]
Checking PIDs [13051, 13135, 14070, 15172]
Checking PIDs [13051, 13135, 14070, 15172]
Checking PIDs [13051, 13135, 14070, 15172]
Checking PIDs [13051, 13135, 14070, 15172]
Checking PIDs [13051, 13135, 14070, 15172]
Checking PIDs [13051, 13135, 14070, 15172]
SAGE_TMP_ROOT = /home/n10186841/.sage/temp/cl5n028
Starting sage-cleaner with PID 17165
Checking PIDs [13135, 14070, 15172]
Checking PIDs [13135, 14070, 15172]
Checking PIDs [13135, 14070, 15172]
Checking PIDs [13135, 14070, 15172]
Checking PIDs [13135, 14070, 15172]
Checking PIDs [13135, 14070, 15172]
Checking PIDs [13135, 14070, 15172]
Checking PIDs [13135, 14070, 15172]
Checking PIDs [13135, 14070, 15172]
Checking PIDs [13135, 14070, 15172]
Checking PIDs [13135, 14070, 15172]
Checking PIDs [13135, 14070, 15172]
Checking PIDs [13135, 14070, 15172]
Checking PIDs [13135, 14070, 15172]
Checking PIDs [13135, 14070, 15172]
Checking PIDs [13135, 14070, 15172]
Checking PIDs [13135, 14070, 15172]
Checking PIDs [13135, 14070, 15172]
Checking PIDs [13135, 14070, 15172]
Checking PIDs [13135, 14070, 15172]
SAGE_TMP_ROOT = /home/n10186841/.sage/temp/cl5n028
Starting sage-cleaner with PID 18010
Checking PIDs [14070, 15172]
Checking PIDs [14070, 15172]
Checking PIDs [14070, 15172]
Checking PIDs [14070, 15172]
Checking PIDs [14070, 15172]
Checking PIDs [14070, 15172]
Checking PIDs [14070, 15172]
Checking PIDs [14070, 15172]
Checking PIDs [14070, 15172]
Checking PIDs [14070, 15172]
Checking PIDs [14070, 15172]
Checking PIDs [14070, 15172]
Checking PIDs [14070, 15172]
Checking PIDs [14070, 15172]
Checking PIDs [14070, 15172]
Checking PIDs [14070, 15172]
Checking PIDs [14070, 15172]
Checking PIDs [14070, 15172]
Checking PIDs [14070, 15172]
Checking PIDs [14070, 15172]
Checking PIDs [14070, 15172]
Checking PIDs [14070, 15172]
Checking PIDs [14070, 15172]
SAGE_TMP_ROOT = /home/n10186841/.sage/temp/cl5n028
Starting sage-cleaner with PID 20144
Checking PIDs [15172]
Checking PIDs [15172]
Checking PIDs [15172]
Checking PIDs [15172]
Checking PIDs [15172]
Checking PIDs [15172]
Checking PIDs [15172]
Checking PIDs [15172]
Checking PIDs [15172]
Checking PIDs [15172]
Checking PIDs [15172]
Checking PIDs [15172]
Checking PIDs [15172]
Checking PIDs [15172]
Checking PIDs [15172]
Checking PIDs [15172]
Checking PIDs [15172]
Checking PIDs [15172]
Checking PIDs [15172]
Checking PIDs [15172]
Checking PIDs [15172]
