SAGE_TMP_ROOT = /home/n10186841/.sage/temp/cl5n011
Starting sage-cleaner with PID 115894
Checking PIDs []
Checking PIDs [115910]
Checking PIDs [115910]
Checking PIDs [115910]
Checking PIDs [115910]
Checking PIDs [115910]
Checking PIDs [115910]
Checking PIDs [115910]
Checking PIDs [115910]
Checking PIDs [115910]
Checking PIDs [115910]
Checking PIDs [115910]
Checking PIDs [115910]
Checking PIDs [115910]
Checking PIDs [115910]
Checking PIDs [115910]
Checking PIDs [115910]
Checking PIDs [115910]
Checking PIDs [115910]
Checking PIDs [115910]
Checking PIDs [115910]
Checking PIDs [115910]
Checking PIDs [115910]
Checking PIDs [115910]
Checking PIDs [115910]
Checking PIDs [115910]
Checking PIDs [115910]
Checking PIDs [115910]
Checking PIDs [115910]
Checking PIDs [115910]
Checking PIDs [115910]
Checking PIDs [115910]
Checking PIDs [115910]
Checking PIDs [115910]
Checking PIDs [115910]
Checking PIDs [115910]
Checking PIDs [115910]
Checking PIDs [115910]
Checking PIDs [115910]
Checking PIDs [115910]
Checking PIDs [115910]
Checking PIDs [115910]
Checking PIDs [115910]
Checking PIDs [115910]
Checking PIDs [115910]
Checking PIDs [115910]
Checking PIDs [115910]
Checking PIDs [115910]
Checking PIDs [115910]
Checking PIDs [115910]
Checking PIDs [115910]
Checking PIDs [115910]
Checking PIDs [115910]
Checking PIDs [115910]
Checking PIDs [115910]
Checking PIDs [115910]
Checking PIDs [115910]
Checking PIDs [115910]
Checking PIDs [115910]
Checking PIDs [115910]
Checking PIDs [115910]
Checking PIDs [115910]
Checking PIDs [115910]
Checking PIDs [115910]
SAGE_TMP_ROOT = /home/n10186841/.sage/temp/cl5n011
sage-cleaner is already running with PID 115894, exiting
Checking PIDs [115910]
Checking PIDs [115910]
Checking PIDs [115910]
Checking PIDs [115910]
Checking PIDs [115910]
Checking PIDs [115910]
Checking PIDs [115910]
SAGE_TMP_ROOT = /home/n10186841/.sage/temp/cl5n011
Starting sage-cleaner with PID 140277
Checking PIDs []
Checking PIDs [140284]
Checking PIDs [140284]
Checking PIDs [140284]
Checking PIDs [140284]
Checking PIDs [140284]
Checking PIDs [140284]
Checking PIDs [140284]
Checking PIDs [140284]
Checking PIDs [140284]
SAGE_TMP_ROOT = /home/n10186841/.sage/temp/cl5n011
Starting sage-cleaner with PID 187404
Checking PIDs [140284]
Process 140284 is no longer running, so we clean up
Deleting /home/n10186841/.sage/temp/cl5n011/140284
SAGE_TMP_ROOT = /home/n10186841/.sage/temp/cl5n011
Starting sage-cleaner with PID 221470
Checking PIDs []
SAGE_TMP_ROOT = /home/n10186841/.sage/temp/cl5n011
Starting sage-cleaner with PID 79243
Checking PIDs []
Checking PIDs [79289]
Checking PIDs [79289]
Checking PIDs [79289]
Checking PIDs [79289]
Checking PIDs [79289]
Checking PIDs [79289]
Checking PIDs [79289]
Checking PIDs [79289]
Checking PIDs [79289]
Checking PIDs [79289]
Checking PIDs [79289]
Checking PIDs [79289]
Checking PIDs [79289]
Checking PIDs [79289]
Checking PIDs [79289]
Checking PIDs [79289]
Checking PIDs [79289]
SAGE_TMP_ROOT = /home/n10186841/.sage/temp/cl5n011
sage-cleaner is already running with PID 79243, exiting
Checking PIDs [79289]
Checking PIDs [79289]
Checking PIDs [79289]
Checking PIDs [79289]
Checking PIDs [79289]
Checking PIDs [79289]
Checking PIDs [79289]
Checking PIDs [79289]
Checking PIDs [79289]
Checking PIDs [79289]
Checking PIDs [79289]
Checking PIDs [79289]
Checking PIDs [79289]
Checking PIDs [79289]
Checking PIDs [79289]
Checking PIDs [79289]
Checking PIDs [79289]
Checking PIDs [79289]
Checking PIDs [79289]
Checking PIDs [79289]
Checking PIDs [79289]
Checking PIDs [79289]
Checking PIDs [79289]
Checking PIDs [79289]
Checking PIDs [79289]
Checking PIDs [79289]
Checking PIDs [79289]
Checking PIDs [79289]
Checking PIDs [79289]
Checking PIDs [79289]
Checking PIDs [79289]
Checking PIDs [79289]
Checking PIDs [79289]
Checking PIDs [79289]
Checking PIDs [79289]
Checking PIDs [79289]
Checking PIDs [79289]
Checking PIDs [79289]
Checking PIDs [79289]
Checking PIDs [79289]
Checking PIDs [79289]
Checking PIDs [79289]
Checking PIDs [79289]
SAGE_TMP_ROOT = /home/n10186841/.sage/temp/cl5n011
Starting sage-cleaner with PID 87532
Checking PIDs []
Checking PIDs [87538]
Checking PIDs [87538]
Checking PIDs [87538]
Checking PIDs [87538]
Checking PIDs [87538]
Checking PIDs [87538]
Checking PIDs [87538]
Checking PIDs [87538]
Checking PIDs [87538]
Checking PIDs [87538]
Checking PIDs [87538]
Checking PIDs [87538]
Checking PIDs [87538]
Checking PIDs [87538]
Checking PIDs [87538]
Checking PIDs [87538]
Checking PIDs [87538]
SAGE_TMP_ROOT = /home/n10186841/.sage/temp/cl5n011
sage-cleaner is already running with PID 87532, exiting
Checking PIDs [87538]
Checking PIDs [87538]
Checking PIDs [87538]
Checking PIDs [87538]
Checking PIDs [87538]
Checking PIDs [87538]
Checking PIDs [87538]
Checking PIDs [87538]
Checking PIDs [87538]
Checking PIDs [87538]
Checking PIDs [87538]
Checking PIDs [87538]
Checking PIDs [87538]
Checking PIDs [87538]
Checking PIDs [87538]
Checking PIDs [87538]
Checking PIDs [87538]
Checking PIDs [87538]
Checking PIDs [87538]
Checking PIDs [87538]
Checking PIDs [87538]
Checking PIDs [87538]
Checking PIDs [87538]
Checking PIDs [87538]
Checking PIDs [87538]
Checking PIDs [87538]
Checking PIDs [87538]
Checking PIDs [87538]
Checking PIDs [87538]
Checking PIDs [87538]
Checking PIDs [87538]
Checking PIDs [87538]
Checking PIDs [87538]
Checking PIDs [87538]
Checking PIDs [87538]
Checking PIDs [87538]
Checking PIDs [87538]
Checking PIDs [87538]
Checking PIDs [87538]
Checking PIDs [87538]
Checking PIDs [87538]
Checking PIDs [87538]
