SAGE_TMP_ROOT = /home/n10186841/.sage/temp/cl4n079
Starting sage-cleaner with PID 38235
Checking PIDs []
Checking PIDs [38241]
Checking PIDs [38241]
Checking PIDs [38241]
Checking PIDs [38241]
Checking PIDs [38241]
Checking PIDs [38241]
Checking PIDs [38241]
Checking PIDs [38241]
Checking PIDs [38241]
Checking PIDs [38241]
Checking PIDs [38241]
Checking PIDs [38241]
Checking PIDs [38241]
Checking PIDs [38241]
Checking PIDs [38241]
Checking PIDs [38241]
Checking PIDs [38241]
Checking PIDs [38241]
Checking PIDs [38241]
Checking PIDs [38241]
Checking PIDs [38241]
Checking PIDs [38241]
Checking PIDs [38241]
Checking PIDs [38241]
Checking PIDs [38241]
Checking PIDs [38241]
Checking PIDs [38241]
Checking PIDs [38241]
Checking PIDs [38241]
Checking PIDs [38241]
Checking PIDs [38241]
Checking PIDs [38241]
Checking PIDs [38241]
Checking PIDs [38241]
Checking PIDs [38241]
Checking PIDs [38241]
Checking PIDs [38241]
Checking PIDs [38241]
Checking PIDs [38241]
Checking PIDs [38241]
Checking PIDs [38241]
Checking PIDs [38241]
Checking PIDs [38241]
Checking PIDs [38241]
Checking PIDs [38241]
Checking PIDs [38241]
Checking PIDs [38241]
Checking PIDs [38241]
Checking PIDs [38241]
Checking PIDs [38241]
Checking PIDs [38241]
Checking PIDs [38241]
Checking PIDs [38241]
Checking PIDs [38241]
Checking PIDs [38241]
Checking PIDs [38241]
Checking PIDs [38241]
Checking PIDs [38241]
Checking PIDs [38241]
Checking PIDs [38241]
Checking PIDs [38241]
Checking PIDs [38241]
Checking PIDs [38241]
Checking PIDs [38241]
Checking PIDs [38241]
Checking PIDs [38241]
Checking PIDs [38241]
Checking PIDs [38241]
Checking PIDs [38241]
Checking PIDs [38241]
Checking PIDs [38241]
Checking PIDs [38241]
Checking PIDs [38241]
Checking PIDs [38241]
Checking PIDs [38241]
Checking PIDs [38241]
Checking PIDs [38241]
Checking PIDs [38241]
Checking PIDs [38241]
Checking PIDs [38241]
Checking PIDs [38241]
Checking PIDs [38241]
Checking PIDs [38241]
Checking PIDs [38241]
Checking PIDs [38241]
Checking PIDs [38241]
Checking PIDs [38241]
Checking PIDs [38241]
Checking PIDs [38241]
Checking PIDs [38241]
Checking PIDs [38241]
Checking PIDs [38241]
Checking PIDs [38241]
Checking PIDs [38241]
Checking PIDs [38241]
Checking PIDs [38241]
Checking PIDs [38241]
Checking PIDs [38241]
Checking PIDs [38241]
Checking PIDs [38241]
Checking PIDs [38241]
Checking PIDs [38241]
Checking PIDs [38241]
Checking PIDs [38241]
Checking PIDs [38241]
Checking PIDs [38241]
Checking PIDs [38241]
Checking PIDs [38241]
Checking PIDs [38241]
Checking PIDs [38241]
Checking PIDs [38241]
Checking PIDs [38241]
Checking PIDs [38241]
Checking PIDs [38241]
Checking PIDs [38241]
Checking PIDs [38241]
Checking PIDs [38241]
Checking PIDs [38241]
Checking PIDs [38241]
Checking PIDs [38241]
Checking PIDs [38241]
Checking PIDs [38241]
Checking PIDs [38241]
Checking PIDs [38241]
Checking PIDs [38241]
Checking PIDs [38241]
Checking PIDs [38241]
Checking PIDs [38241]
Checking PIDs [38241]
Checking PIDs [38241]
Checking PIDs [38241]
Checking PIDs [38241]
Checking PIDs [38241]
Checking PIDs [38241]
Checking PIDs [38241]
Checking PIDs [38241]
Checking PIDs [38241]
Checking PIDs [38241]
Checking PIDs [38241]
Checking PIDs [38241]
Checking PIDs [38241]
Checking PIDs [38241]
Checking PIDs [38241]
Checking PIDs [38241]
Checking PIDs [38241]
Checking PIDs [38241]
Checking PIDs [38241]
Checking PIDs [38241]
Checking PIDs [38241]
Checking PIDs [38241]
Checking PIDs [38241]
Checking PIDs [38241]
Checking PIDs [38241]
Checking PIDs [38241]
Checking PIDs [38241]
Checking PIDs [38241]
Checking PIDs [38241]
Checking PIDs [38241]
Checking PIDs [38241]
Checking PIDs [38241]
Checking PIDs [38241]
Checking PIDs [38241]
Checking PIDs [38241]
Checking PIDs [38241]
Checking PIDs [38241]
Checking PIDs [38241]
Checking PIDs [38241]
Checking PIDs [38241]
Checking PIDs [38241]
Checking PIDs [38241]
Checking PIDs [38241]
Checking PIDs [38241]
Checking PIDs [38241]
Checking PIDs [38241]
Checking PIDs [38241]
Checking PIDs [38241]
Checking PIDs [38241]
Checking PIDs [38241]
Checking PIDs [38241]
Checking PIDs [38241]
Checking PIDs [38241]
Checking PIDs [38241]
Checking PIDs [38241]
Checking PIDs [38241]
Checking PIDs [38241]
Checking PIDs [38241]
Checking PIDs [38241]
Checking PIDs [38241]
Checking PIDs [38241]
Checking PIDs [38241]
Checking PIDs [38241]
Checking PIDs [38241]
Checking PIDs [38241]
Checking PIDs [38241]
Checking PIDs [38241]
Checking PIDs [38241]
Checking PIDs [38241]
Checking PIDs [38241]
Checking PIDs [38241]
Checking PIDs [38241]
Checking PIDs [38241]
Checking PIDs [38241]
Checking PIDs [38241]
Checking PIDs [38241]
Checking PIDs [38241]
Checking PIDs [38241]
Checking PIDs [38241]
Checking PIDs [38241]
Checking PIDs [38241]
Checking PIDs [38241]
Checking PIDs [38241]
Checking PIDs [38241]
Checking PIDs [38241]
Checking PIDs [38241]
Checking PIDs [38241]
Checking PIDs [38241]
Checking PIDs [38241]
Checking PIDs [38241]
Checking PIDs [38241]
Checking PIDs [38241]
Checking PIDs [38241]
Checking PIDs [38241]
Checking PIDs [38241]
Checking PIDs [38241]
Checking PIDs [38241]
Checking PIDs [38241]
Checking PIDs [38241]
Checking PIDs [38241]
Checking PIDs [38241]
Checking PIDs [38241]
Checking PIDs [38241]
Checking PIDs [38241]
Checking PIDs [38241]
Checking PIDs [38241]
Checking PIDs [38241]
Checking PIDs [38241]
Checking PIDs [38241]
Checking PIDs [38241]
Checking PIDs [38241]
Checking PIDs [38241]
Checking PIDs [38241]
Checking PIDs [38241]
Checking PIDs [38241]
Checking PIDs [38241]
Checking PIDs [38241]
Checking PIDs [38241]
Checking PIDs [38241]
Checking PIDs [38241]
Checking PIDs [38241]
Checking PIDs [38241]
Checking PIDs [38241]
Checking PIDs [38241]
Checking PIDs [38241]
Checking PIDs [38241]
Checking PIDs [38241]
Checking PIDs [38241]
Checking PIDs [38241]
Checking PIDs [38241]
Checking PIDs [38241]
Checking PIDs [38241]
Checking PIDs [38241]
Checking PIDs [38241]
Checking PIDs [38241]
Checking PIDs [38241]
Checking PIDs [38241]
Checking PIDs [38241]
Checking PIDs [38241]
Checking PIDs [38241]
Checking PIDs [38241]
Checking PIDs [38241]
Checking PIDs [38241]
Checking PIDs [38241]
Checking PIDs [38241]
Checking PIDs [38241]
Checking PIDs [38241]
Checking PIDs [38241]
Checking PIDs [38241]
Checking PIDs [38241]
Checking PIDs [38241]
Checking PIDs [38241]
Checking PIDs [38241]
Checking PIDs [38241]
Checking PIDs [38241]
Checking PIDs [38241]
Checking PIDs [38241]
Checking PIDs [38241]
Checking PIDs [38241]
Checking PIDs [38241]
Checking PIDs [38241]
Checking PIDs [38241]
Checking PIDs [38241]
Checking PIDs [38241]
Checking PIDs [38241]
Checking PIDs [38241]
Checking PIDs [38241]
Checking PIDs [38241]
Checking PIDs [38241]
Checking PIDs [38241]
Checking PIDs [38241]
Checking PIDs [38241]
Checking PIDs [38241]
Checking PIDs [38241]
Checking PIDs [38241]
Checking PIDs [38241]
Checking PIDs [38241]
Checking PIDs [38241]
Checking PIDs [38241]
Checking PIDs [38241]
Checking PIDs [38241]
Checking PIDs [38241]
Checking PIDs [38241]
Checking PIDs [38241]
Checking PIDs [38241]
Checking PIDs [38241]
Checking PIDs [38241]
Checking PIDs [38241]
Checking PIDs [38241]
Checking PIDs [38241]
Checking PIDs [38241]
Checking PIDs [38241]
Checking PIDs [38241]
Checking PIDs [38241]
Checking PIDs [38241]
Checking PIDs [38241]
Checking PIDs [38241]
Checking PIDs [38241]
Checking PIDs [38241]
Checking PIDs [38241]
Checking PIDs [38241]
Checking PIDs [38241]
SAGE_TMP_ROOT = /home/n10186841/.sage/temp/cl4n079
Starting sage-cleaner with PID 44632
Checking PIDs [38241]
Process 38241 is no longer running, so we clean up
Deleting /home/n10186841/.sage/temp/cl4n079/38241
Checking PIDs [44638]
Checking PIDs [44638]
Checking PIDs [44638]
Checking PIDs [44638]
Checking PIDs [44638]
Checking PIDs [44638]
Checking PIDs [44638]
Checking PIDs [44638]
Checking PIDs [44638]
Checking PIDs [44638]
Checking PIDs [44638]
Checking PIDs [44638]
Checking PIDs [44638]
Checking PIDs [44638]
Checking PIDs [44638]
Checking PIDs [44638]
Checking PIDs [44638]
Checking PIDs [44638]
Checking PIDs [44638]
Checking PIDs [44638]
Checking PIDs [44638]
Checking PIDs [44638]
Checking PIDs [44638]
Checking PIDs [44638]
Checking PIDs [44638]
Checking PIDs [44638]
Checking PIDs [44638]
Checking PIDs [44638]
Checking PIDs [44638]
Checking PIDs [44638]
Checking PIDs [44638]
Checking PIDs [44638]
Checking PIDs [44638]
Checking PIDs [44638]
Checking PIDs [44638]
Checking PIDs [44638]
SAGE_TMP_ROOT = /home/n10186841/.sage/temp/cl4n079
sage-cleaner is already running with PID 44632, exiting
Checking PIDs [44638]
Checking PIDs [44638]
Checking PIDs [44638]
Checking PIDs [44638]
Checking PIDs [44638]
Checking PIDs [44638]
Checking PIDs [44638]
Checking PIDs [44638]
Checking PIDs [44638]
Checking PIDs [44638]
Checking PIDs [44638]
Checking PIDs [44638]
