SAGE_TMP_ROOT = /home/n10186841/.sage/temp/cl5n013
Starting sage-cleaner with PID 100754
Checking PIDs []
Checking PIDs []
Checking PIDs [100761]
Checking PIDs [100761]
Checking PIDs [100761]
Checking PIDs [100761]
Checking PIDs [100761]
Checking PIDs [100761]
Checking PIDs [100761]
Checking PIDs [100761]
Checking PIDs [100761]
Checking PIDs [100761]
Checking PIDs [100761]
Checking PIDs [100761]
Checking PIDs [100761]
Checking PIDs [100761]
Checking PIDs [100761]
Checking PIDs [100761]
Checking PIDs [100761]
Checking PIDs [100761]
Checking PIDs [100761]
Checking PIDs [100761]
Checking PIDs [100761]
Checking PIDs [100761]
Checking PIDs [100761]
Checking PIDs [100761]
Checking PIDs [100761]
Checking PIDs [100761]
Checking PIDs [100761]
Checking PIDs [100761]
Checking PIDs [100761]
Checking PIDs [100761]
Checking PIDs [100761]
Checking PIDs [100761]
Checking PIDs [100761]
Checking PIDs [100761]
Checking PIDs [100761]
Checking PIDs [100761]
SAGE_TMP_ROOT = /home/n10186841/.sage/temp/cl5n013
Starting sage-cleaner with PID 183586
Checking PIDs [100761]
Process 100761 is no longer running, so we clean up
Deleting /home/n10186841/.sage/temp/cl5n013/100761
Checking PIDs [183594]
Checking PIDs [183594]
Checking PIDs [183594]
Checking PIDs [183594]
Checking PIDs [183594]
Checking PIDs [183594]
Checking PIDs [183594]
Checking PIDs [183594]
Checking PIDs [183594]
Checking PIDs [183594]
Checking PIDs [183594]
Checking PIDs [183594]
Checking PIDs [183594]
Checking PIDs [183594]
Checking PIDs [183594]
Checking PIDs [183594]
Checking PIDs [183594]
Checking PIDs [183594]
Checking PIDs [183594]
Checking PIDs [183594]
Checking PIDs [183594]
Checking PIDs [183594]
Checking PIDs [183594]
Checking PIDs [183594]
Checking PIDs [183594]
Checking PIDs [183594]
Checking PIDs [183594]
Checking PIDs [183594]
Checking PIDs [183594]
Checking PIDs [183594]
Checking PIDs [183594]
Checking PIDs [183594]
Checking PIDs [183594]
Checking PIDs [183594]
Checking PIDs [183594]
SAGE_TMP_ROOT = /home/n10186841/.sage/temp/cl5n013
sage-cleaner is already running with PID 183586, exiting
Checking PIDs [183594]
Checking PIDs [183594]
Checking PIDs [183594]
Checking PIDs [183594]
Checking PIDs [183594]
Checking PIDs [183594]
Checking PIDs [183594]
Checking PIDs [183594]
Checking PIDs [183594]
Checking PIDs [183594]
Checking PIDs [183594]
Checking PIDs [183594]
Checking PIDs [183594]
Checking PIDs [183594]
Checking PIDs [183594]
Checking PIDs [183594]
Checking PIDs [183594]
Checking PIDs [183594]
Checking PIDs [183594]
Checking PIDs [183594]
Checking PIDs [183594]
Checking PIDs [183594]
Checking PIDs [183594]
Checking PIDs [183594]
Checking PIDs [183594]
Checking PIDs [183594]
Checking PIDs [183594]
Checking PIDs [183594]
Checking PIDs [183594]
Checking PIDs [183594]
Checking PIDs [183594]
Checking PIDs [183594]
Checking PIDs [183594]
Checking PIDs [183594]
Checking PIDs [183594]
Checking PIDs [183594]
Checking PIDs [183594]
Checking PIDs [183594]
Checking PIDs [183594]
Checking PIDs [183594]
Checking PIDs [183594]
Checking PIDs [183594]
Checking PIDs [183594]
Checking PIDs [183594]
Checking PIDs [183594]
Checking PIDs [183594]
Checking PIDs [183594]
Checking PIDs [183594]
Checking PIDs [183594]
Checking PIDs [183594]
Checking PIDs [183594]
Checking PIDs [183594]
Checking PIDs [183594]
Checking PIDs [183594]
Checking PIDs [183594]
Checking PIDs [183594]
Checking PIDs [183594]
Checking PIDs [183594]
Checking PIDs [183594]
Checking PIDs [183594]
Checking PIDs [183594]
SAGE_TMP_ROOT = /home/n10186841/.sage/temp/cl5n013
Starting sage-cleaner with PID 247090
Checking PIDs [183594]
Process 183594 is no longer running, so we clean up
Killing 183594's spawned jobs
--> Killing 'gap' with PID 183922 and parent PID 183594
Deleting /home/n10186841/.sage/temp/cl5n013/183594
Checking PIDs [247096]
Checking PIDs [247096]
Checking PIDs [247096]
Checking PIDs [247096]
Checking PIDs [247096]
Checking PIDs [247096]
Checking PIDs [247096]
Checking PIDs [247096]
Checking PIDs [247096]
Checking PIDs [247096]
Checking PIDs [247096]
Checking PIDs [247096]
SAGE_TMP_ROOT = /home/n10186841/.sage/temp/cl5n013
SAGE_TMP_ROOT = /home/n10186841/.sage/temp/cl5n013
Starting sage-cleaner with PID 146364
Checking PIDs [247096]
Process 247096 is no longer running, so we clean up
Deleting /home/n10186841/.sage/temp/cl5n013/247096
Checking PIDs [146405]
Checking PIDs [146405]
SAGE_TMP_ROOT = /home/n10186841/.sage/temp/cl5n013
Starting sage-cleaner with PID 175937
Checking PIDs []
SAGE_TMP_ROOT = /home/n10186841/.sage/temp/cl5n013
Starting sage-cleaner with PID 182547
Checking PIDs []
SAGE_TMP_ROOT = /home/n10186841/.sage/temp/cl5n013
Starting sage-cleaner with PID 199306
Checking PIDs []
SAGE_TMP_ROOT = /home/n10186841/.sage/temp/cl5n013
Starting sage-cleaner with PID 158088
Checking PIDs []
Checking PIDs [158122]
Checking PIDs [158122]
Checking PIDs [158122]
Checking PIDs [158122]
Checking PIDs [158122]
Checking PIDs [158122]
Checking PIDs [158122]
Checking PIDs [158122]
Checking PIDs [158122]
Checking PIDs [158122]
Checking PIDs [158122]
Checking PIDs [158122]
Checking PIDs [158122]
Checking PIDs [158122]
Checking PIDs [158122]
Checking PIDs [158122]
Checking PIDs [158122]
Checking PIDs [158122]
Checking PIDs [158122]
Checking PIDs [158122]
SAGE_TMP_ROOT = /home/n10186841/.sage/temp/cl5n013
sage-cleaner is already running with PID 158088, exiting
Checking PIDs [158122]
Checking PIDs [158122]
