SAGE_TMP_ROOT = /home/n10186841/.sage/temp/cl4n026
Starting sage-cleaner with PID 11272
Checking PIDs []
Checking PIDs [11283]
Checking PIDs [11283]
Checking PIDs [11283]
Checking PIDs [11283]
Checking PIDs [11283]
Checking PIDs [11283]
Checking PIDs [11283]
Checking PIDs [11283]
Checking PIDs [11283]
Checking PIDs [11283]
Checking PIDs [11283]
Checking PIDs [11283]
Checking PIDs [11283]
Checking PIDs [11283]
Checking PIDs [11283]
Checking PIDs [11283]
Checking PIDs [11283]
Checking PIDs [11283]
Checking PIDs [11283]
Checking PIDs [11283]
Checking PIDs [11283]
Checking PIDs [11283]
Checking PIDs [11283]
Checking PIDs [11283]
Checking PIDs [11283]
Checking PIDs [11283]
Checking PIDs [11283]
Checking PIDs [11283]
Checking PIDs [11283]
Checking PIDs [11283]
Checking PIDs [11283]
Checking PIDs [11283]
Checking PIDs [11283]
Checking PIDs [11283]
Checking PIDs [11283]
Checking PIDs [11283]
Checking PIDs [11283]
Checking PIDs [11283]
Checking PIDs [11283]
Checking PIDs [11283]
Checking PIDs [11283]
Checking PIDs [11283]
Checking PIDs [11283]
Checking PIDs [11283]
Checking PIDs [11283]
Checking PIDs [11283]
Checking PIDs [11283]
Checking PIDs [11283]
Checking PIDs [11283]
Checking PIDs [11283]
Checking PIDs [11283]
Checking PIDs [11283]
Checking PIDs [11283]
Checking PIDs [11283]
Checking PIDs [11283]
Checking PIDs [11283]
Checking PIDs [11283]
Checking PIDs [11283]
Checking PIDs [11283]
Checking PIDs [11283]
Checking PIDs [11283]
Checking PIDs [11283]
Checking PIDs [11283]
Checking PIDs [11283]
Checking PIDs [11283]
Checking PIDs [11283]
Checking PIDs [11283]
Checking PIDs [11283]
Checking PIDs [11283]
Checking PIDs [11283]
Checking PIDs [11283]
Checking PIDs [11283]
SAGE_TMP_ROOT = /home/n10186841/.sage/temp/cl4n026
Starting sage-cleaner with PID 20688
Checking PIDs [11283]
Process 11283 is no longer running, so we clean up
Deleting /home/n10186841/.sage/temp/cl4n026/11283
Checking PIDs [20695]
Checking PIDs [20695]
Checking PIDs [20695]
Checking PIDs [20695]
Checking PIDs [20695]
Checking PIDs [20695]
Checking PIDs [20695]
Checking PIDs [20695]
Checking PIDs [20695]
Checking PIDs [20695]
Checking PIDs [20695]
Checking PIDs [20695]
Checking PIDs [20695]
Checking PIDs [20695]
Checking PIDs [20695]
Checking PIDs [20695]
Checking PIDs [20695]
Checking PIDs [20695]
Checking PIDs [20695]
Checking PIDs [20695]
Checking PIDs [20695]
Checking PIDs [20695]
Checking PIDs [20695]
Checking PIDs [20695]
Checking PIDs [20695]
Checking PIDs [20695]
Checking PIDs [20695]
Checking PIDs [20695]
Checking PIDs [20695]
Checking PIDs [20695]
Checking PIDs [20695]
Checking PIDs [20695]
Checking PIDs [20695]
Checking PIDs [20695]
Checking PIDs [20695]
Checking PIDs [20695]
Checking PIDs [20695]
Checking PIDs [20695]
Checking PIDs [20695]
Checking PIDs [20695]
Checking PIDs [20695]
Checking PIDs [20695]
Checking PIDs [20695]
Checking PIDs [20695]
Checking PIDs [20695]
Checking PIDs [20695]
Checking PIDs [20695]
Checking PIDs [20695]
Checking PIDs [20695]
Checking PIDs [20695]
Checking PIDs [20695]
Checking PIDs [20695]
Checking PIDs [20695]
Checking PIDs [20695]
Checking PIDs [20695]
Checking PIDs [20695]
Checking PIDs [20695]
Checking PIDs [20695]
Checking PIDs [20695]
Checking PIDs [20695]
Checking PIDs [20695]
Checking PIDs [20695]
Checking PIDs [20695]
Checking PIDs [20695]
Checking PIDs [20695]
Checking PIDs [20695]
Checking PIDs [20695]
Checking PIDs [20695]
Checking PIDs [20695]
Checking PIDs [20695]
Checking PIDs [20695]
Checking PIDs [20695]
Checking PIDs [20695]
Checking PIDs [20695]
Checking PIDs [20695]
Checking PIDs [20695]
Checking PIDs [20695]
Checking PIDs [20695]
Checking PIDs [20695]
Checking PIDs [20695]
Checking PIDs [20695]
Checking PIDs [20695]
Checking PIDs [20695]
Checking PIDs [20695]
Checking PIDs [20695]
Checking PIDs [20695]
Checking PIDs [20695]
Checking PIDs [20695]
Checking PIDs [20695]
Checking PIDs [20695]
Checking PIDs [20695]
Checking PIDs [20695]
Checking PIDs [20695]
Checking PIDs [20695]
Checking PIDs [20695]
Checking PIDs [20695]
Checking PIDs [20695]
Checking PIDs [20695]
Checking PIDs [20695]
Checking PIDs [20695]
Checking PIDs [20695]
Checking PIDs [20695]
Checking PIDs [20695]
Checking PIDs [20695]
Checking PIDs [20695]
Checking PIDs [20695]
Checking PIDs [20695]
Checking PIDs [20695]
Checking PIDs [20695]
Checking PIDs [20695]
Checking PIDs [20695]
Checking PIDs [20695]
Checking PIDs [20695]
Checking PIDs [20695]
Checking PIDs [20695]
Checking PIDs [20695]
Checking PIDs [20695]
Checking PIDs [20695]
Checking PIDs [20695]
Checking PIDs [20695]
Checking PIDs [20695]
Checking PIDs [20695]
Checking PIDs [20695]
Checking PIDs [20695]
Checking PIDs [20695]
Checking PIDs [20695]
Checking PIDs [20695]
Checking PIDs [20695]
Checking PIDs [20695]
Checking PIDs [20695]
Checking PIDs [20695]
Checking PIDs [20695]
Checking PIDs [20695]
Checking PIDs [20695]
Checking PIDs [20695]
Checking PIDs [20695]
Checking PIDs [20695]
Checking PIDs [20695]
Checking PIDs [20695]
Checking PIDs [20695]
Checking PIDs [20695]
Checking PIDs [20695]
Checking PIDs [20695]
Checking PIDs [20695]
Checking PIDs [20695]
Checking PIDs [20695]
Checking PIDs [20695]
Checking PIDs [20695]
Checking PIDs [20695]
Checking PIDs [20695]
Checking PIDs [20695]
Checking PIDs [20695]
Checking PIDs [20695]
Checking PIDs [20695]
Checking PIDs [20695]
Checking PIDs [20695]
Checking PIDs [20695]
Checking PIDs [20695]
Checking PIDs [20695]
Checking PIDs [20695]
Checking PIDs [20695]
Checking PIDs [20695]
Checking PIDs [20695]
Checking PIDs [20695]
Checking PIDs [20695]
Checking PIDs [20695]
Checking PIDs [20695]
Checking PIDs [20695]
Checking PIDs [20695]
Checking PIDs [20695]
Checking PIDs [20695]
Checking PIDs [20695]
Checking PIDs [20695]
Checking PIDs [20695]
Checking PIDs [20695]
Checking PIDs [20695]
Checking PIDs [20695]
Checking PIDs [20695]
Checking PIDs [20695]
Checking PIDs [20695]
Checking PIDs [20695]
Checking PIDs [20695]
Checking PIDs [20695]
Checking PIDs [20695]
Checking PIDs [20695]
Checking PIDs [20695]
Checking PIDs [20695]
Checking PIDs [20695]
Checking PIDs [20695]
Checking PIDs [20695]
Checking PIDs [20695]
Checking PIDs [20695]
Checking PIDs [20695]
Checking PIDs [20695]
Checking PIDs [20695]
Checking PIDs [20695]
Checking PIDs [20695]
Checking PIDs [20695]
Checking PIDs [20695]
Checking PIDs [20695]
Checking PIDs [20695]
Checking PIDs [20695]
Checking PIDs [20695]
Checking PIDs [20695]
Checking PIDs [20695]
Checking PIDs [20695]
Checking PIDs [20695]
Checking PIDs [20695]
Checking PIDs [20695]
Checking PIDs [20695]
Checking PIDs [20695]
Checking PIDs [20695]
Checking PIDs [20695]
Checking PIDs [20695]
Checking PIDs [20695]
Checking PIDs [20695]
Checking PIDs [20695]
Checking PIDs [20695]
Checking PIDs [20695]
Checking PIDs [20695]
Checking PIDs [20695]
Checking PIDs [20695]
Checking PIDs [20695]
Checking PIDs [20695]
Checking PIDs [20695]
Checking PIDs [20695]
Checking PIDs [20695]
Checking PIDs [20695]
Checking PIDs [20695]
Checking PIDs [20695]
Checking PIDs [20695]
Checking PIDs [20695]
Checking PIDs [20695]
Checking PIDs [20695]
Checking PIDs [20695]
Checking PIDs [20695]
Checking PIDs [20695]
Checking PIDs [20695]
Checking PIDs [20695]
Checking PIDs [20695]
Checking PIDs [20695]
Checking PIDs [20695]
Checking PIDs [20695]
Checking PIDs [20695]
Checking PIDs [20695]
Checking PIDs [20695]
Checking PIDs [20695]
Checking PIDs [20695]
Checking PIDs [20695]
Checking PIDs [20695]
Checking PIDs [20695]
Checking PIDs [20695]
SAGE_TMP_ROOT = /home/n10186841/.sage/temp/cl4n026
Starting sage-cleaner with PID 24522
Checking PIDs [20695]
Process 20695 is no longer running, so we clean up
Deleting /home/n10186841/.sage/temp/cl4n026/20695
Checking PIDs [24528]
Checking PIDs [24528]
Checking PIDs [24528]
Checking PIDs [24528]
Checking PIDs [24528]
Checking PIDs [24528]
SAGE_TMP_ROOT = /home/n10186841/.sage/temp/cl4n026
sage-cleaner is already running with PID 24522, exiting
SAGE_TMP_ROOT = /home/n10186841/.sage/temp/cl4n026
Starting sage-cleaner with PID 44296
Checking PIDs []
Checking PIDs [44302]
Checking PIDs [44302]
Checking PIDs [44302]
Checking PIDs [44302]
Checking PIDs [44302]
Checking PIDs [44302]
Checking PIDs [44302]
Checking PIDs [44302]
Checking PIDs [44302]
Checking PIDs [44302]
Checking PIDs [44302]
Checking PIDs [44302]
Checking PIDs [44302]
Checking PIDs [44302]
Checking PIDs [44302]
Checking PIDs [44302]
Checking PIDs [44302]
Checking PIDs [44302]
Checking PIDs [44302]
Checking PIDs [44302]
Checking PIDs [44302]
Checking PIDs [44302]
Checking PIDs [44302]
Checking PIDs [44302]
SAGE_TMP_ROOT = /home/n10186841/.sage/temp/cl4n026
Starting sage-cleaner with PID 43458
Checking PIDs []
SAGE_TMP_ROOT = /home/n10186841/.sage/temp/cl4n026
sage-cleaner is already running with PID 43458, exiting
Checking PIDs [43464, 43550]
Checking PIDs [43464, 43550]
Checking PIDs [43464, 43550]
Checking PIDs [43464, 43550]
Checking PIDs [43464, 43550]
Checking PIDs [43464, 43550]
Checking PIDs [43464, 43550]
Checking PIDs [43464, 43550]
Checking PIDs [43464, 43550]
Checking PIDs [43464, 43550]
Checking PIDs [43464, 43550]
Checking PIDs [43464, 43550]
Checking PIDs [43464, 43550]
Checking PIDs [43464, 43550]
Checking PIDs [43464, 43550]
Checking PIDs [43464, 43550]
Checking PIDs [43464, 43550]
Checking PIDs [43464, 43550]
Checking PIDs [43464, 43550]
Checking PIDs [43464, 43550]
Checking PIDs [43464, 43550]
Checking PIDs [43464, 43550]
Checking PIDs [43464, 43550]
Checking PIDs [43464, 43550]
Checking PIDs [43464, 43550]
Checking PIDs [43464, 43550]
Checking PIDs [43464, 43550]
Checking PIDs [43464, 43550]
Checking PIDs [43464, 43550]
Checking PIDs [43464, 43550]
Checking PIDs [43464, 43550]
Checking PIDs [43464, 43550]
Checking PIDs [43464, 43550]
Checking PIDs [43464, 43550]
Checking PIDs [43464, 43550]
Checking PIDs [43464, 43550]
Checking PIDs [43464, 43550]
Checking PIDs [43464, 43550]
Checking PIDs [43464, 43550]
Checking PIDs [43464, 43550]
Checking PIDs [43464, 43550]
Checking PIDs [43464, 43550]
Checking PIDs [43464, 43550]
Checking PIDs [43464, 43550]
Checking PIDs [43464, 43550]
Checking PIDs [43464, 43550]
Checking PIDs [43464, 43550]
Checking PIDs [43464, 43550]
Checking PIDs [43464, 43550]
Checking PIDs [43464, 43550]
Checking PIDs [43464, 43550]
Checking PIDs [43464, 43550]
Checking PIDs [43464, 43550]
Checking PIDs [43464, 43550]
Checking PIDs [43464, 43550]
Checking PIDs [43464, 43550]
Checking PIDs [43464, 43550]
Checking PIDs [43464, 43550]
Checking PIDs [43464, 43550]
Checking PIDs [43464, 43550]
Checking PIDs [43464, 43550]
Checking PIDs [43464, 43550]
Checking PIDs [43464, 43550]
Checking PIDs [43464, 43550]
Checking PIDs [43464, 43550]
Checking PIDs [43464, 43550]
Checking PIDs [43464, 43550]
Checking PIDs [43464, 43550]
Checking PIDs [43464, 43550]
Checking PIDs [43464, 43550]
Checking PIDs [43464, 43550]
Checking PIDs [43464, 43550]
Checking PIDs [43464, 43550]
Checking PIDs [43464, 43550]
Checking PIDs [43464, 43550]
Checking PIDs [43464, 43550]
Checking PIDs [43464, 43550]
Checking PIDs [43464, 43550]
Checking PIDs [43464, 43550]
Checking PIDs [43464, 43550]
Checking PIDs [43464, 43550]
Checking PIDs [43464, 43550]
Checking PIDs [43464, 43550]
Checking PIDs [43464, 43550]
Checking PIDs [43464, 43550]
Checking PIDs [43464, 43550]
Checking PIDs [43464, 43550]
Checking PIDs [43464, 43550]
Checking PIDs [43464, 43550]
Checking PIDs [43464, 43550]
Checking PIDs [43464, 43550]
Checking PIDs [43464, 43550]
Checking PIDs [43464, 43550]
Checking PIDs [43464, 43550]
Checking PIDs [43464, 43550]
Checking PIDs [43464, 43550]
Checking PIDs [43464, 43550]
Checking PIDs [43464, 43550]
Checking PIDs [43464, 43550]
Checking PIDs [43464, 43550]
Checking PIDs [43464, 43550]
Checking PIDs [43464, 43550]
Checking PIDs [43464, 43550]
Checking PIDs [43464, 43550]
Checking PIDs [43464, 43550]
Checking PIDs [43464, 43550]
Checking PIDs [43464, 43550]
Checking PIDs [43464, 43550]
Checking PIDs [43464, 43550]
Checking PIDs [43464, 43550]
Checking PIDs [43464, 43550]
Checking PIDs [43464, 43550]
Checking PIDs [43464, 43550]
Checking PIDs [43464, 43550]
Checking PIDs [43464, 43550]
Checking PIDs [43464, 43550]
Checking PIDs [43464, 43550]
Checking PIDs [43464, 43550]
Checking PIDs [43464, 43550]
Checking PIDs [43464, 43550]
Checking PIDs [43464, 43550]
Checking PIDs [43464, 43550]
Checking PIDs [43464, 43550]
Checking PIDs [43464, 43550]
Checking PIDs [43464, 43550]
Checking PIDs [43464, 43550]
Checking PIDs [43464, 43550]
Checking PIDs [43464, 43550]
Checking PIDs [43464, 43550]
Checking PIDs [43464, 43550]
Checking PIDs [43464, 43550]
Checking PIDs [43464, 43550]
Checking PIDs [43464, 43550]
Checking PIDs [43464, 43550]
Checking PIDs [43464, 43550]
Checking PIDs [43464, 43550]
Checking PIDs [43464, 43550]
Checking PIDs [43464, 43550]
Checking PIDs [43464, 43550]
Checking PIDs [43464, 43550]
Checking PIDs [43464, 43550]
Checking PIDs [43464, 43550]
Checking PIDs [43464, 43550]
Checking PIDs [43464, 43550]
Checking PIDs [43464, 43550]
Checking PIDs [43464, 43550]
Checking PIDs [43464, 43550]
Checking PIDs [43464, 43550]
Checking PIDs [43464, 43550]
Checking PIDs [43464, 43550]
Checking PIDs [43464, 43550]
Checking PIDs [43464, 43550]
Checking PIDs [43464, 43550]
Checking PIDs [43464, 43550]
Checking PIDs [43464, 43550]
Checking PIDs [43464, 43550]
Checking PIDs [43464, 43550]
Checking PIDs [43464, 43550]
Checking PIDs [43464, 43550]
Checking PIDs [43464, 43550]
Checking PIDs [43464, 43550]
Checking PIDs [43464, 43550]
Checking PIDs [43464, 43550]
Checking PIDs [43464, 43550]
Checking PIDs [43464, 43550]
Checking PIDs [43464, 43550]
Checking PIDs [43464, 43550]
Checking PIDs [43464, 43550]
Checking PIDs [43464, 43550]
Checking PIDs [43464, 43550]
Checking PIDs [43464, 43550]
Checking PIDs [43464, 43550]
Checking PIDs [43464, 43550]
Checking PIDs [43464, 43550]
Checking PIDs [43464, 43550]
Checking PIDs [43464, 43550]
Checking PIDs [43464, 43550]
Checking PIDs [43464, 43550]
Checking PIDs [43464, 43550]
Checking PIDs [43464, 43550]
Checking PIDs [43464, 43550]
Checking PIDs [43464, 43550]
Checking PIDs [43464, 43550]
Checking PIDs [43464, 43550]
Checking PIDs [43464, 43550]
Checking PIDs [43464, 43550]
Checking PIDs [43464, 43550]
Checking PIDs [43464, 43550]
Checking PIDs [43464, 43550]
Checking PIDs [43464, 43550]
Checking PIDs [43464, 43550]
Checking PIDs [43464, 43550]
Checking PIDs [43464, 43550]
Checking PIDs [43464, 43550]
Checking PIDs [43464, 43550]
Checking PIDs [43464, 43550]
Checking PIDs [43464, 43550]
Checking PIDs [43464, 43550]
Checking PIDs [43464, 43550]
Checking PIDs [43464, 43550]
Checking PIDs [43464, 43550]
Checking PIDs [43464, 43550]
Checking PIDs [43464, 43550]
Checking PIDs [43464, 43550]
Checking PIDs [43464, 43550]
Checking PIDs [43464, 43550]
Checking PIDs [43464, 43550]
Checking PIDs [43464, 43550]
Checking PIDs [43464, 43550]
Checking PIDs [43464, 43550]
Checking PIDs [43464, 43550]
Checking PIDs [43464, 43550]
Checking PIDs [43464, 43550]
Checking PIDs [43464, 43550]
Checking PIDs [43464, 43550]
Checking PIDs [43464, 43550]
Checking PIDs [43464, 43550]
Checking PIDs [43464, 43550]
Checking PIDs [43464, 43550]
Checking PIDs [43464, 43550]
Checking PIDs [43464, 43550]
Checking PIDs [43464, 43550]
Checking PIDs [43464, 43550]
Checking PIDs [43464, 43550]
Checking PIDs [43464, 43550]
Checking PIDs [43464, 43550]
Checking PIDs [43464, 43550]
Checking PIDs [43464, 43550]
Checking PIDs [43464, 43550]
Checking PIDs [43464, 43550]
Checking PIDs [43464, 43550]
Checking PIDs [43464, 43550]
Checking PIDs [43464, 43550]
Checking PIDs [43464, 43550]
Checking PIDs [43464, 43550]
Checking PIDs [43464, 43550]
Checking PIDs [43464, 43550]
Checking PIDs [43464, 43550]
Checking PIDs [43464, 43550]
Checking PIDs [43464, 43550]
Checking PIDs [43464, 43550]
Checking PIDs [43464, 43550]
Checking PIDs [43464, 43550]
Checking PIDs [43464, 43550]
Checking PIDs [43464, 43550]
Checking PIDs [43464, 43550]
Checking PIDs [43464, 43550]
Checking PIDs [43464, 43550]
Checking PIDs [43464, 43550]
Checking PIDs [43464, 43550]
Checking PIDs [43464, 43550]
Checking PIDs [43464, 43550]
Checking PIDs [43464, 43550]
Checking PIDs [43464, 43550]
Checking PIDs [43464, 43550]
Checking PIDs [43464, 43550]
Checking PIDs [43464, 43550]
Checking PIDs [43464, 43550]
Checking PIDs [43464, 43550]
Checking PIDs [43464, 43550]
Checking PIDs [43464, 43550]
Checking PIDs [43464, 43550]
Checking PIDs [43464, 43550]
Checking PIDs [43464, 43550]
Checking PIDs [43464, 43550]
Checking PIDs [43464, 43550]
Checking PIDs [43464, 43550]
Checking PIDs [43464, 43550]
Checking PIDs [43464, 43550]
Checking PIDs [43464, 43550]
Checking PIDs [43464, 43550]
Checking PIDs [43464, 43550]
Checking PIDs [43464, 43550]
Checking PIDs [43464, 43550]
Checking PIDs [43464, 43550]
Checking PIDs [43464, 43550]
Checking PIDs [43464, 43550]
Checking PIDs [43464, 43550]
Checking PIDs [43464, 43550]
Checking PIDs [43464, 43550]
Checking PIDs [43464, 43550]
Checking PIDs [43464, 43550]
Checking PIDs [43464, 43550]
Checking PIDs [43464, 43550]
Checking PIDs [43464, 43550]
Checking PIDs [43464, 43550]
Checking PIDs [43464, 43550]
Checking PIDs [43464, 43550]
Checking PIDs [43464, 43550]
Checking PIDs [43464, 43550]
Checking PIDs [43464, 43550]
Checking PIDs [43464, 43550]
Checking PIDs [43464, 43550]
Checking PIDs [43464, 43550]
Checking PIDs [43464, 43550]
Checking PIDs [43464, 43550]
Checking PIDs [43464, 43550]
Checking PIDs [43464, 43550]
Checking PIDs [43464, 43550]
Checking PIDs [43464, 43550]
Checking PIDs [43464, 43550]
Checking PIDs [43464, 43550]
Checking PIDs [43464, 43550]
Checking PIDs [43464, 43550]
Checking PIDs [43464, 43550]
Checking PIDs [43464, 43550]
Checking PIDs [43464, 43550]
Checking PIDs [43464, 43550]
Checking PIDs [43464, 43550]
Checking PIDs [43464, 43550]
Checking PIDs [43464, 43550]
Checking PIDs [43464, 43550]
Checking PIDs [43464, 43550]
Checking PIDs [43464, 43550]
Checking PIDs [43464, 43550]
Checking PIDs [43464, 43550]
Checking PIDs [43464, 43550]
Checking PIDs [43464, 43550]
Checking PIDs [43464, 43550]
Checking PIDs [43464, 43550]
Checking PIDs [43464, 43550]
Checking PIDs [43464, 43550]
Checking PIDs [43464, 43550]
Checking PIDs [43464, 43550]
Checking PIDs [43464, 43550]
Checking PIDs [43464, 43550]
Checking PIDs [43464, 43550]
Checking PIDs [43464, 43550]
Checking PIDs [43464, 43550]
Checking PIDs [43464, 43550]
Checking PIDs [43464, 43550]
Checking PIDs [43464, 43550]
Checking PIDs [43464, 43550]
Checking PIDs [43464, 43550]
Checking PIDs [43464, 43550]
Checking PIDs [43464, 43550]
Checking PIDs [43464, 43550]
Checking PIDs [43464, 43550]
Checking PIDs [43464, 43550]
Checking PIDs [43464, 43550]
Checking PIDs [43464, 43550]
Checking PIDs [43464, 43550]
Checking PIDs [43464, 43550]
Checking PIDs [43464, 43550]
Checking PIDs [43464, 43550]
Checking PIDs [43464, 43550]
Checking PIDs [43464, 43550]
Checking PIDs [43464, 43550]
Checking PIDs [43464, 43550]
Checking PIDs [43464, 43550]
Checking PIDs [43464, 43550]
Checking PIDs [43464, 43550]
Checking PIDs [43464, 43550]
Checking PIDs [43464, 43550]
Checking PIDs [43464, 43550]
Checking PIDs [43464, 43550]
Checking PIDs [43464, 43550]
Checking PIDs [43464, 43550]
Checking PIDs [43464, 43550]
Checking PIDs [43464, 43550]
Checking PIDs [43464, 43550]
Checking PIDs [43464, 43550]
Checking PIDs [43464, 43550]
Checking PIDs [43464, 43550]
Checking PIDs [43464, 43550]
Checking PIDs [43464, 43550]
Checking PIDs [43464, 43550]
Checking PIDs [43464, 43550]
Checking PIDs [43464, 43550]
Checking PIDs [43464, 43550]
Checking PIDs [43464, 43550]
Checking PIDs [43464, 43550]
Checking PIDs [43464, 43550]
Checking PIDs [43464, 43550]
Checking PIDs [43464, 43550]
Checking PIDs [43464, 43550]
Checking PIDs [43464, 43550]
Checking PIDs [43464, 43550]
Checking PIDs [43464, 43550]
Checking PIDs [43464, 43550]
Checking PIDs [43464, 43550]
Checking PIDs [43464, 43550]
Checking PIDs [43464, 43550]
Checking PIDs [43464, 43550]
Checking PIDs [43464, 43550]
Checking PIDs [43464, 43550]
Checking PIDs [43464, 43550]
Checking PIDs [43464, 43550]
Checking PIDs [43464, 43550]
Checking PIDs [43464, 43550]
Checking PIDs [43464, 43550]
Checking PIDs [43464, 43550]
Checking PIDs [43464, 43550]
Checking PIDs [43464, 43550]
Checking PIDs [43464, 43550]
Checking PIDs [43464, 43550]
Checking PIDs [43464, 43550]
Checking PIDs [43464, 43550]
Checking PIDs [43464, 43550]
Checking PIDs [43464, 43550]
Checking PIDs [43464, 43550]
Checking PIDs [43464, 43550]
Checking PIDs [43464, 43550]
Checking PIDs [43464, 43550]
Checking PIDs [43464, 43550]
Checking PIDs [43464, 43550]
Checking PIDs [43464, 43550]
Checking PIDs [43464, 43550]
Checking PIDs [43464, 43550]
Checking PIDs [43464, 43550]
Checking PIDs [43464, 43550]
Checking PIDs [43464, 43550]
Checking PIDs [43464, 43550]
Checking PIDs [43464, 43550]
Checking PIDs [43464, 43550]
Checking PIDs [43464, 43550]
Checking PIDs [43464, 43550]
Checking PIDs [43464, 43550]
Checking PIDs [43464, 43550]
Checking PIDs [43464, 43550]
Checking PIDs [43464, 43550]
Checking PIDs [43464, 43550]
Checking PIDs [43464, 43550]
Checking PIDs [43464, 43550]
Checking PIDs [43464, 43550]
Checking PIDs [43464, 43550]
Checking PIDs [43464, 43550]
Checking PIDs [43464, 43550]
Checking PIDs [43464, 43550]
Checking PIDs [43464, 43550]
Checking PIDs [43464, 43550]
Checking PIDs [43464, 43550]
Checking PIDs [43464, 43550]
Checking PIDs [43464, 43550]
Checking PIDs [43464, 43550]
Checking PIDs [43464, 43550]
Checking PIDs [43464, 43550]
Checking PIDs [43464, 43550]
Checking PIDs [43464, 43550]
Checking PIDs [43464, 43550]
Checking PIDs [43464, 43550]
Checking PIDs [43464, 43550]
Checking PIDs [43464, 43550]
Checking PIDs [43464, 43550]
Checking PIDs [43464, 43550]
Checking PIDs [43464, 43550]
Checking PIDs [43464, 43550]
Checking PIDs [43464, 43550]
Checking PIDs [43464, 43550]
Checking PIDs [43464, 43550]
Checking PIDs [43464, 43550]
Checking PIDs [43464, 43550]
Checking PIDs [43464, 43550]
Checking PIDs [43464, 43550]
Checking PIDs [43464, 43550]
Checking PIDs [43464, 43550]
Checking PIDs [43464, 43550]
Checking PIDs [43464, 43550]
Checking PIDs [43464, 43550]
Checking PIDs [43464, 43550]
Checking PIDs [43464, 43550]
Checking PIDs [43464, 43550]
Checking PIDs [43464, 43550]
Checking PIDs [43464, 43550]
Checking PIDs [43464, 43550]
Checking PIDs [43464, 43550]
Checking PIDs [43464, 43550]
Checking PIDs [43464, 43550]
Checking PIDs [43464, 43550]
Checking PIDs [43464, 43550]
Checking PIDs [43464, 43550]
Checking PIDs [43464, 43550]
Checking PIDs [43464, 43550]
Checking PIDs [43464, 43550]
Checking PIDs [43464, 43550]
SAGE_TMP_ROOT = /home/n10186841/.sage/temp/cl4n026
sage-cleaner is already running with PID 43458, exiting
Checking PIDs [43464, 43550]
Checking PIDs [43464, 43550]
Checking PIDs [43464, 43550]
Checking PIDs [43464, 43550]
Checking PIDs [43464, 43550]
Checking PIDs [43464, 43550]
Checking PIDs [43464, 43550]
Checking PIDs [43464, 43550]
Checking PIDs [43464, 43550]
Checking PIDs [43464, 43550]
Checking PIDs [43464, 43550]
Checking PIDs [43464, 43550]
Checking PIDs [43464, 43550]
Checking PIDs [43464, 43550]
Checking PIDs [43464, 43550]
Checking PIDs [43464, 43550]
Checking PIDs [43464, 43550]
Checking PIDs [43464, 43550]
Checking PIDs [43464, 43550]
SAGE_TMP_ROOT = /home/n10186841/.sage/temp/cl4n026
Starting sage-cleaner with PID 49866
Checking PIDs [43550]
Checking PIDs [43550]
Checking PIDs [43550]
Checking PIDs [43550]
Checking PIDs [43550]
Checking PIDs [43550]
Checking PIDs [43550]
Checking PIDs [43550]
Checking PIDs [43550]
Checking PIDs [43550]
Checking PIDs [43550]
Checking PIDs [43550]
Checking PIDs [43550]
Checking PIDs [43550]
Checking PIDs [43550]
Checking PIDs [43550]
Checking PIDs [43550]
Checking PIDs [43550]
Checking PIDs [43550]
Checking PIDs [43550]
Checking PIDs [43550]
SAGE_TMP_ROOT = /home/n10186841/.sage/temp/cl4n026
Starting sage-cleaner with PID 52345
Checking PIDs []
Checking PIDs [52351]
Checking PIDs [52351]
Checking PIDs [52351]
Checking PIDs [52351]
Checking PIDs [52351]
Checking PIDs [52351]
Checking PIDs [52351]
Checking PIDs [52351]
Checking PIDs [52351]
Checking PIDs [52351]
Checking PIDs [52351]
Checking PIDs [52351]
Checking PIDs [52351]
Checking PIDs [52351]
Checking PIDs [52351]
Checking PIDs [52351]
Checking PIDs [52351]
