SAGE_TMP_ROOT = /home/n10186841/.sage/temp/cl4n054
Starting sage-cleaner with PID 14063
Checking PIDs []
Checking PIDs [14069]
Checking PIDs [14069]
SAGE_TMP_ROOT = /home/n10186841/.sage/temp/cl4n054
Starting sage-cleaner with PID 15109
Checking PIDs []
Checking PIDs [15115]
Checking PIDs [15115]
Checking PIDs [15115]
Checking PIDs [15115]
Checking PIDs [15115]
Checking PIDs [15115]
Checking PIDs [15115]
Checking PIDs [15115]
Checking PIDs [15115]
Checking PIDs [15115]
Checking PIDs [15115]
Checking PIDs [15115]
Checking PIDs [15115]
Checking PIDs [15115]
Checking PIDs [15115]
Checking PIDs [15115]
Checking PIDs [15115]
Checking PIDs [15115]
Checking PIDs [15115]
Checking PIDs [15115]
Checking PIDs [15115]
Checking PIDs [15115]
Checking PIDs [15115]
Checking PIDs [15115]
Checking PIDs [15115]
SAGE_TMP_ROOT = /home/n10186841/.sage/temp/cl4n054
Starting sage-cleaner with PID 51627
Checking PIDs []
Checking PIDs [51633]
Checking PIDs [51633]
Checking PIDs [51633]
Checking PIDs [51633]
Checking PIDs [51633]
Checking PIDs [51633]
Checking PIDs [51633]
Checking PIDs [51633]
Checking PIDs [51633]
Checking PIDs [51633]
Checking PIDs [51633]
Checking PIDs [51633]
Checking PIDs [51633]
Checking PIDs [51633]
Checking PIDs [51633]
Checking PIDs [51633]
Checking PIDs [51633]
Checking PIDs [51633]
Checking PIDs [51633]
Checking PIDs [51633]
Checking PIDs [51633]
Checking PIDs [51633]
Checking PIDs [51633]
Checking PIDs [51633]
Checking PIDs [51633]
Checking PIDs [51633]
Checking PIDs [51633]
Checking PIDs [51633]
Checking PIDs [51633]
Checking PIDs [51633]
Checking PIDs [51633]
Checking PIDs [51633]
Checking PIDs [51633]
Checking PIDs [51633]
Checking PIDs [51633]
Checking PIDs [51633]
Checking PIDs [51633]
Checking PIDs [51633]
Checking PIDs [51633]
Checking PIDs [51633]
Checking PIDs [51633]
Checking PIDs [51633]
Checking PIDs [51633]
Checking PIDs [51633]
Checking PIDs [51633]
Checking PIDs [51633]
Checking PIDs [51633]
Checking PIDs [51633]
Checking PIDs [51633]
Checking PIDs [51633]
Checking PIDs [51633]
Checking PIDs [51633]
Checking PIDs [51633]
Checking PIDs [51633]
Checking PIDs [51633]
Checking PIDs [51633]
Checking PIDs [51633]
Checking PIDs [51633]
Checking PIDs [51633]
Checking PIDs [51633]
Checking PIDs [51633]
Checking PIDs [51633]
Checking PIDs [51633]
Checking PIDs [51633]
Checking PIDs [51633]
Checking PIDs [51633]
Checking PIDs [51633]
Checking PIDs [51633]
Checking PIDs [51633]
Checking PIDs [51633]
Checking PIDs [51633]
Checking PIDs [51633]
Checking PIDs [51633]
Checking PIDs [51633]
Checking PIDs [51633]
Checking PIDs [51633]
Checking PIDs [51633]
Checking PIDs [51633]
Checking PIDs [51633]
Checking PIDs [51633]
Checking PIDs [51633]
Checking PIDs [51633]
Checking PIDs [51633]
Checking PIDs [51633]
Checking PIDs [51633]
Checking PIDs [51633]
Checking PIDs [51633]
Checking PIDs [51633]
Checking PIDs [51633]
Checking PIDs [51633]
Checking PIDs [51633]
Checking PIDs [51633]
Checking PIDs [51633]
Checking PIDs [51633]
Checking PIDs [51633]
Checking PIDs [51633]
Checking PIDs [51633]
Checking PIDs [51633]
Checking PIDs [51633]
Checking PIDs [51633]
Checking PIDs [51633]
Checking PIDs [51633]
Checking PIDs [51633]
Checking PIDs [51633]
Checking PIDs [51633]
Checking PIDs [51633]
Checking PIDs [51633]
Checking PIDs [51633]
Checking PIDs [51633]
Checking PIDs [51633]
Checking PIDs [51633]
Checking PIDs [51633]
Checking PIDs [51633]
Checking PIDs [51633]
Checking PIDs [51633]
Checking PIDs [51633]
Checking PIDs [51633]
Checking PIDs [51633]
Checking PIDs [51633]
Checking PIDs [51633]
Checking PIDs [51633]
Checking PIDs [51633]
Checking PIDs [51633]
Checking PIDs [51633]
Checking PIDs [51633]
Checking PIDs [51633]
Checking PIDs [51633]
Checking PIDs [51633]
Checking PIDs [51633]
Checking PIDs [51633]
Checking PIDs [51633]
Checking PIDs [51633]
Checking PIDs [51633]
Checking PIDs [51633]
Checking PIDs [51633]
Checking PIDs [51633]
Checking PIDs [51633]
Checking PIDs [51633]
Checking PIDs [51633]
Checking PIDs [51633]
Checking PIDs [51633]
Checking PIDs [51633]
Checking PIDs [51633]
Checking PIDs [51633]
Checking PIDs [51633]
Checking PIDs [51633]
Checking PIDs [51633]
Checking PIDs [51633]
Checking PIDs [51633]
Checking PIDs [51633]
Checking PIDs [51633]
Checking PIDs [51633]
Checking PIDs [51633]
Checking PIDs [51633]
Checking PIDs [51633]
Checking PIDs [51633]
Checking PIDs [51633]
Checking PIDs [51633]
Checking PIDs [51633]
Checking PIDs [51633]
Checking PIDs [51633]
Checking PIDs [51633]
Checking PIDs [51633]
Checking PIDs [51633]
Checking PIDs [51633]
Checking PIDs [51633]
Checking PIDs [51633]
Checking PIDs [51633]
Checking PIDs [51633]
Checking PIDs [51633]
Checking PIDs [51633]
Checking PIDs [51633]
Checking PIDs [51633]
Checking PIDs [51633]
Checking PIDs [51633]
Checking PIDs [51633]
Checking PIDs [51633]
Checking PIDs [51633]
Checking PIDs [51633]
Checking PIDs [51633]
Checking PIDs [51633]
Checking PIDs [51633]
Checking PIDs [51633]
Checking PIDs [51633]
Checking PIDs [51633]
Checking PIDs [51633]
Checking PIDs [51633]
Checking PIDs [51633]
Checking PIDs [51633]
Checking PIDs [51633]
Checking PIDs [51633]
Checking PIDs [51633]
Checking PIDs [51633]
Checking PIDs [51633]
Checking PIDs [51633]
Checking PIDs [51633]
Checking PIDs [51633]
Checking PIDs [51633]
Checking PIDs [51633]
Checking PIDs [51633]
Checking PIDs [51633]
Checking PIDs [51633]
Checking PIDs [51633]
Checking PIDs [51633]
Checking PIDs [51633]
Checking PIDs [51633]
Checking PIDs [51633]
Checking PIDs [51633]
Checking PIDs [51633]
Checking PIDs [51633]
Checking PIDs [51633]
Checking PIDs [51633]
Checking PIDs [51633]
Checking PIDs [51633]
Checking PIDs [51633]
Checking PIDs [51633]
Checking PIDs [51633]
Checking PIDs [51633]
Checking PIDs [51633]
Checking PIDs [51633]
Checking PIDs [51633]
Checking PIDs [51633]
Checking PIDs [51633]
Checking PIDs [51633]
Checking PIDs [51633]
Checking PIDs [51633]
Checking PIDs [51633]
Checking PIDs [51633]
Checking PIDs [51633]
Checking PIDs [51633]
Checking PIDs [51633]
Checking PIDs [51633]
Checking PIDs [51633]
Checking PIDs [51633]
Checking PIDs [51633]
Checking PIDs [51633]
Checking PIDs [51633]
Checking PIDs [51633]
Checking PIDs [51633]
Checking PIDs [51633]
Checking PIDs [51633]
Checking PIDs [51633]
Checking PIDs [51633]
Checking PIDs [51633]
Checking PIDs [51633]
Checking PIDs [51633]
Checking PIDs [51633]
Checking PIDs [51633]
Checking PIDs [51633]
Checking PIDs [51633]
Checking PIDs [51633]
Checking PIDs [51633]
Checking PIDs [51633]
Checking PIDs [51633]
Checking PIDs [51633]
Checking PIDs [51633]
Checking PIDs [51633]
Checking PIDs [51633]
Checking PIDs [51633]
Checking PIDs [51633]
Checking PIDs [51633]
Checking PIDs [51633]
Checking PIDs [51633]
Checking PIDs [51633]
Checking PIDs [51633]
Checking PIDs [51633]
Checking PIDs [51633]
Checking PIDs [51633]
Checking PIDs [51633]
Checking PIDs [51633]
Checking PIDs [51633]
Checking PIDs [51633]
Checking PIDs [51633]
Checking PIDs [51633]
Checking PIDs [51633]
Checking PIDs [51633]
Checking PIDs [51633]
Checking PIDs [51633]
Checking PIDs [51633]
Checking PIDs [51633]
Checking PIDs [51633]
Checking PIDs [51633]
Checking PIDs [51633]
Checking PIDs [51633]
Checking PIDs [51633]
Checking PIDs [51633]
Checking PIDs [51633]
Checking PIDs [51633]
Checking PIDs [51633]
Checking PIDs [51633]
Checking PIDs [51633]
Checking PIDs [51633]
Checking PIDs [51633]
Checking PIDs [51633]
Checking PIDs [51633]
Checking PIDs [51633]
Checking PIDs [51633]
Checking PIDs [51633]
Checking PIDs [51633]
Checking PIDs [51633]
Checking PIDs [51633]
Checking PIDs [51633]
Checking PIDs [51633]
Checking PIDs [51633]
Checking PIDs [51633]
Checking PIDs [51633]
Checking PIDs [51633]
Checking PIDs [51633]
Checking PIDs [51633]
Checking PIDs [51633]
Checking PIDs [51633]
Checking PIDs [51633]
Checking PIDs [51633]
Checking PIDs [51633]
Checking PIDs [51633]
Checking PIDs [51633]
Checking PIDs [51633]
Checking PIDs [51633]
Checking PIDs [51633]
Checking PIDs [51633]
Checking PIDs [51633]
Checking PIDs [51633]
Checking PIDs [51633]
Checking PIDs [51633]
Checking PIDs [51633]
Checking PIDs [51633]
Checking PIDs [51633]
Checking PIDs [51633]
Checking PIDs [51633]
Checking PIDs [51633]
Checking PIDs [51633]
Checking PIDs [51633]
Checking PIDs [51633]
Checking PIDs [51633]
Checking PIDs [51633]
Checking PIDs [51633]
Checking PIDs [51633]
Checking PIDs [51633]
Checking PIDs [51633]
Checking PIDs [51633]
Checking PIDs [51633]
Checking PIDs [51633]
Checking PIDs [51633]
Checking PIDs [51633]
Checking PIDs [51633]
Checking PIDs [51633]
Checking PIDs [51633]
Checking PIDs [51633]
Checking PIDs [51633]
Checking PIDs [51633]
Checking PIDs [51633]
Checking PIDs [51633]
Checking PIDs [51633]
Checking PIDs [51633]
Checking PIDs [51633]
Checking PIDs [51633]
Checking PIDs [51633]
Checking PIDs [51633]
Checking PIDs [51633]
Checking PIDs [51633]
Checking PIDs [51633]
Checking PIDs [51633]
Checking PIDs [51633]
Checking PIDs [51633]
Checking PIDs [51633]
Checking PIDs [51633]
Checking PIDs [51633]
Checking PIDs [51633]
Checking PIDs [51633]
Checking PIDs [51633]
Checking PIDs [51633]
Checking PIDs [51633]
Checking PIDs [51633]
Checking PIDs [51633]
Checking PIDs [51633]
Checking PIDs [51633]
Checking PIDs [51633]
Checking PIDs [51633]
Checking PIDs [51633]
Checking PIDs [51633]
Checking PIDs [51633]
Checking PIDs [51633]
Checking PIDs [51633]
Checking PIDs [51633]
Checking PIDs [51633]
Checking PIDs [51633]
Checking PIDs [51633]
Checking PIDs [51633]
Checking PIDs [51633]
Checking PIDs [51633]
SAGE_TMP_ROOT = /home/n10186841/.sage/temp/cl4n054
sage-cleaner is already running with PID 51627, exiting
Checking PIDs [51633]
Checking PIDs [51633]
Checking PIDs [51633]
Checking PIDs [51633]
Checking PIDs [51633]
Checking PIDs [51633]
Checking PIDs [51633]
Checking PIDs [51633]
Checking PIDs [51633]
Checking PIDs [51633]
Checking PIDs [51633]
Checking PIDs [51633]
Checking PIDs [51633]
Checking PIDs [51633]
Checking PIDs [51633]
Checking PIDs [51633]
Checking PIDs [51633]
Checking PIDs [51633]
Checking PIDs [51633]
