SAGE_TMP_ROOT = /home/n10186841/.sage/temp/cl4n015
Starting sage-cleaner with PID 32231
Checking PIDs []
Checking PIDs [32238]
Checking PIDs [32238]
Checking PIDs [32238]
Checking PIDs [32238]
Checking PIDs [32238]
Checking PIDs [32238]
Checking PIDs [32238]
Checking PIDs [32238]
Checking PIDs [32238]
Checking PIDs [32238]
Checking PIDs [32238]
Checking PIDs [32238]
SAGE_TMP_ROOT = /home/n10186841/.sage/temp/cl4n015
Starting sage-cleaner with PID 63925
Checking PIDs [32238]
Process 32238 is no longer running, so we clean up
Deleting /home/n10186841/.sage/temp/cl4n015/32238
Checking PIDs [63931]
Checking PIDs [63931]
Checking PIDs [63931]
Checking PIDs [63931]
Checking PIDs [63931]
Checking PIDs [63931]
Checking PIDs [63931]
Checking PIDs [63931]
Checking PIDs [63931]
Checking PIDs [63931]
Checking PIDs [63931]
Checking PIDs [63931]
Checking PIDs [63931]
Checking PIDs [63931]
Checking PIDs [63931]
Checking PIDs [63931]
Checking PIDs [63931]
Checking PIDs [63931]
Checking PIDs [63931]
Checking PIDs [63931]
Checking PIDs [63931]
Checking PIDs [63931]
Checking PIDs [63931]
Checking PIDs [63931]
Checking PIDs [63931]
Checking PIDs [63931]
Checking PIDs [63931]
Checking PIDs [63931]
Checking PIDs [63931]
Checking PIDs [63931]
Checking PIDs [63931]
Checking PIDs [63931]
Checking PIDs [63931]
Checking PIDs [63931]
Checking PIDs [63931]
Checking PIDs [63931]
Checking PIDs [63931]
Checking PIDs [63931]
Checking PIDs [63931]
Checking PIDs [63931]
Checking PIDs [63931]
Checking PIDs [63931]
Checking PIDs [63931]
Checking PIDs [63931]
Checking PIDs [63931]
Checking PIDs [63931]
Checking PIDs [63931]
Checking PIDs [63931]
Checking PIDs [63931]
Checking PIDs [63931]
Checking PIDs [63931]
Checking PIDs [63931]
Checking PIDs [63931]
Checking PIDs [63931]
Checking PIDs [63931]
Checking PIDs [63931]
Checking PIDs [63931]
Checking PIDs [63931]
Checking PIDs [63931]
Checking PIDs [63931]
Checking PIDs [63931]
Checking PIDs [63931]
Checking PIDs [63931]
Checking PIDs [63931]
Checking PIDs [63931]
Checking PIDs [63931]
Checking PIDs [63931]
Checking PIDs [63931]
Checking PIDs [63931]
Checking PIDs [63931]
Checking PIDs [63931]
