SAGE_TMP_ROOT = /home/n10186841/.sage/temp/cl4n052
Starting sage-cleaner with PID 17345
Checking PIDs []
Checking PIDs [17351]
Checking PIDs [17351]
Checking PIDs [17351]
Checking PIDs [17351]
Checking PIDs [17351]
SAGE_TMP_ROOT = /home/n10186841/.sage/temp/cl4n052
sage-cleaner is already running with PID 17345, exiting
Checking PIDs [17351]
Checking PIDs [17351]
Checking PIDs [17351]
Checking PIDs [17351]
Checking PIDs [17351]
Checking PIDs [17351]
Checking PIDs [17351]
Checking PIDs [17351]
Checking PIDs [17351]
Checking PIDs [17351]
Checking PIDs [17351]
Checking PIDs [17351]
Checking PIDs [17351]
