SAGE_TMP_ROOT = /home/n10186841/.sage/temp/cl4n057
Starting sage-cleaner with PID 25500
Checking PIDs []
Checking PIDs [25506]
Checking PIDs [25506]
Checking PIDs [25506]
Checking PIDs [25506]
SAGE_TMP_ROOT = /home/n10186841/.sage/temp/cl4n057
Starting sage-cleaner with PID 25739
Checking PIDs []
SAGE_TMP_ROOT = /home/n10186841/.sage/temp/cl4n057
sage-cleaner is already running with PID 25739, exiting
Checking PIDs [25745]
SAGE_TMP_ROOT = /home/n10186841/.sage/temp/cl4n057
Starting sage-cleaner with PID 26093
Checking PIDs []
SAGE_TMP_ROOT = /home/n10186841/.sage/temp/cl4n057
sage-cleaner is already running with PID 26093, exiting
Checking PIDs [26100]
SAGE_TMP_ROOT = /home/n10186841/.sage/temp/cl4n057
Starting sage-cleaner with PID 33910
Checking PIDs []
SAGE_TMP_ROOT = /home/n10186841/.sage/temp/cl4n057
sage-cleaner is already running with PID 33910, exiting
Checking PIDs [33916]
SAGE_TMP_ROOT = /home/n10186841/.sage/temp/cl4n057
Starting sage-cleaner with PID 72993
Checking PIDs []
Checking PIDs [73000]
Checking PIDs [73000]
Checking PIDs [73000]
Checking PIDs [73000]
Checking PIDs [73000]
Checking PIDs [73000]
Checking PIDs [73000]
Checking PIDs [73000]
Checking PIDs [73000]
Checking PIDs [73000]
Checking PIDs [73000]
Checking PIDs [73000]
Checking PIDs [73000]
Checking PIDs [73000]
Checking PIDs [73000]
Checking PIDs [73000]
Checking PIDs [73000]
Checking PIDs [73000]
Checking PIDs [73000]
Checking PIDs [73000]
Checking PIDs [73000]
Checking PIDs [73000]
Checking PIDs [73000]
Checking PIDs [73000]
Checking PIDs [73000]
Checking PIDs [73000]
Checking PIDs [73000]
Checking PIDs [73000]
Checking PIDs [73000]
Checking PIDs [73000]
Checking PIDs [73000]
Checking PIDs [73000]
Checking PIDs [73000]
Checking PIDs [73000]
Checking PIDs [73000]
Checking PIDs [73000]
Checking PIDs [73000]
Checking PIDs [73000]
Checking PIDs [73000]
Checking PIDs [73000]
Checking PIDs [73000]
Checking PIDs [73000]
Checking PIDs [73000]
Checking PIDs [73000]
Checking PIDs [73000]
Checking PIDs [73000]
Checking PIDs [73000]
Checking PIDs [73000]
Checking PIDs [73000]
Checking PIDs [73000]
Checking PIDs [73000]
Checking PIDs [73000]
Checking PIDs [73000]
Checking PIDs [73000]
Checking PIDs [73000]
Checking PIDs [73000]
Checking PIDs [73000]
Checking PIDs [73000]
Checking PIDs [73000]
Checking PIDs [73000]
Checking PIDs [73000]
Checking PIDs [73000]
Checking PIDs [73000]
Checking PIDs [73000]
Checking PIDs [73000]
Checking PIDs [73000]
Checking PIDs [73000]
Checking PIDs [73000]
Checking PIDs [73000]
Checking PIDs [73000]
Checking PIDs [73000]
Checking PIDs [73000]
Checking PIDs [73000]
Checking PIDs [73000]
Checking PIDs [73000]
Checking PIDs [73000]
Checking PIDs [73000]
Checking PIDs [73000]
Checking PIDs [73000]
Checking PIDs [73000]
Checking PIDs [73000]
Checking PIDs [73000]
Checking PIDs [73000]
Checking PIDs [73000]
Checking PIDs [73000]
Checking PIDs [73000]
Checking PIDs [73000]
Checking PIDs [73000]
Checking PIDs [73000]
Checking PIDs [73000]
Checking PIDs [73000]
Checking PIDs [73000]
Checking PIDs [73000]
Checking PIDs [73000]
Checking PIDs [73000]
Checking PIDs [73000]
Checking PIDs [73000]
Checking PIDs [73000]
Checking PIDs [73000]
Checking PIDs [73000]
Checking PIDs [73000]
Checking PIDs [73000]
Checking PIDs [73000]
Checking PIDs [73000]
Checking PIDs [73000]
Checking PIDs [73000]
Checking PIDs [73000]
Checking PIDs [73000]
Checking PIDs [73000]
Checking PIDs [73000]
Checking PIDs [73000]
Checking PIDs [73000]
Checking PIDs [73000]
Checking PIDs [73000]
Checking PIDs [73000]
Checking PIDs [73000]
Checking PIDs [73000]
Checking PIDs [73000]
Checking PIDs [73000]
Checking PIDs [73000]
Checking PIDs [73000]
Checking PIDs [73000]
Checking PIDs [73000]
Checking PIDs [73000]
Checking PIDs [73000]
Checking PIDs [73000]
Checking PIDs [73000]
Checking PIDs [73000]
Checking PIDs [73000]
Checking PIDs [73000]
Checking PIDs [73000]
Checking PIDs [73000]
Checking PIDs [73000]
Checking PIDs [73000]
Checking PIDs [73000]
Checking PIDs [73000]
Checking PIDs [73000]
Checking PIDs [73000]
Checking PIDs [73000]
Checking PIDs [73000]
Checking PIDs [73000]
Checking PIDs [73000]
Checking PIDs [73000]
Checking PIDs [73000]
Checking PIDs [73000]
Checking PIDs [73000]
Checking PIDs [73000]
Checking PIDs [73000]
Checking PIDs [73000]
Checking PIDs [73000]
Checking PIDs [73000]
Checking PIDs [73000]
Checking PIDs [73000]
Checking PIDs [73000]
Checking PIDs [73000]
Checking PIDs [73000]
Checking PIDs [73000]
Checking PIDs [73000]
Checking PIDs [73000]
Checking PIDs [73000]
Checking PIDs [73000]
Checking PIDs [73000]
Checking PIDs [73000]
Checking PIDs [73000]
Checking PIDs [73000]
Checking PIDs [73000]
Checking PIDs [73000]
Checking PIDs [73000]
Checking PIDs [73000]
Checking PIDs [73000]
Checking PIDs [73000]
Checking PIDs [73000]
Checking PIDs [73000]
Checking PIDs [73000]
Checking PIDs [73000]
Checking PIDs [73000]
Checking PIDs [73000]
Checking PIDs [73000]
Checking PIDs [73000]
Checking PIDs [73000]
Checking PIDs [73000]
Checking PIDs [73000]
Checking PIDs [73000]
Checking PIDs [73000]
Checking PIDs [73000]
Checking PIDs [73000]
Checking PIDs [73000]
Checking PIDs [73000]
Checking PIDs [73000]
Checking PIDs [73000]
Checking PIDs [73000]
Checking PIDs [73000]
Checking PIDs [73000]
Checking PIDs [73000]
Checking PIDs [73000]
Checking PIDs [73000]
Checking PIDs [73000]
Checking PIDs [73000]
Checking PIDs [73000]
Checking PIDs [73000]
Checking PIDs [73000]
Checking PIDs [73000]
Checking PIDs [73000]
Checking PIDs [73000]
Checking PIDs [73000]
Checking PIDs [73000]
Checking PIDs [73000]
Checking PIDs [73000]
Checking PIDs [73000]
Checking PIDs [73000]
Checking PIDs [73000]
Checking PIDs [73000]
Checking PIDs [73000]
Checking PIDs [73000]
Checking PIDs [73000]
Checking PIDs [73000]
Checking PIDs [73000]
Checking PIDs [73000]
Checking PIDs [73000]
Checking PIDs [73000]
Checking PIDs [73000]
Checking PIDs [73000]
Checking PIDs [73000]
Checking PIDs [73000]
Checking PIDs [73000]
Checking PIDs [73000]
Checking PIDs [73000]
Checking PIDs [73000]
Checking PIDs [73000]
Checking PIDs [73000]
Checking PIDs [73000]
Checking PIDs [73000]
Checking PIDs [73000]
Checking PIDs [73000]
Checking PIDs [73000]
Checking PIDs [73000]
Checking PIDs [73000]
Checking PIDs [73000]
Checking PIDs [73000]
Checking PIDs [73000]
Checking PIDs [73000]
Checking PIDs [73000]
Checking PIDs [73000]
Checking PIDs [73000]
SAGE_TMP_ROOT = /home/n10186841/.sage/temp/cl4n057
Starting sage-cleaner with PID 54046
Checking PIDs [73000]
Process 73000 is no longer running, so we clean up
Deleting /home/n10186841/.sage/temp/cl4n057/73000
Checking PIDs [54052]
Checking PIDs [54052]
Checking PIDs [54052]
Checking PIDs [54052]
Checking PIDs [54052]
Checking PIDs [54052]
Checking PIDs [54052]
Checking PIDs [54052]
Checking PIDs [54052]
Checking PIDs [54052]
Checking PIDs [54052]
Checking PIDs [54052]
Checking PIDs [54052]
Checking PIDs [54052]
Checking PIDs [54052]
Checking PIDs [54052]
Checking PIDs [54052]
Checking PIDs [54052]
Checking PIDs [54052]
Checking PIDs [54052]
Checking PIDs [54052]
Checking PIDs [54052]
Checking PIDs [54052]
Checking PIDs [54052]
Checking PIDs [54052]
Checking PIDs [54052]
Checking PIDs [54052]
Checking PIDs [54052]
Checking PIDs [54052]
Checking PIDs [54052]
Checking PIDs [54052]
Checking PIDs [54052]
Checking PIDs [54052]
Checking PIDs [54052]
Checking PIDs [54052]
Checking PIDs [54052]
Checking PIDs [54052]
Checking PIDs [54052]
Checking PIDs [54052]
Checking PIDs [54052]
Checking PIDs [54052]
Checking PIDs [54052]
Checking PIDs [54052]
Checking PIDs [54052]
Checking PIDs [54052]
Checking PIDs [54052]
Checking PIDs [54052]
Checking PIDs [54052]
Checking PIDs [54052]
Checking PIDs [54052]
Checking PIDs [54052]
Checking PIDs [54052]
Checking PIDs [54052]
Checking PIDs [54052]
Checking PIDs [54052]
Checking PIDs [54052]
Checking PIDs [54052]
Checking PIDs [54052]
Checking PIDs [54052]
Checking PIDs [54052]
Checking PIDs [54052]
Checking PIDs [54052]
Checking PIDs [54052]
Checking PIDs [54052]
Checking PIDs [54052]
Checking PIDs [54052]
Checking PIDs [54052]
Checking PIDs [54052]
Checking PIDs [54052]
Checking PIDs [54052]
Checking PIDs [54052]
Checking PIDs [54052]
Checking PIDs [54052]
Checking PIDs [54052]
Checking PIDs [54052]
Checking PIDs [54052]
Checking PIDs [54052]
Checking PIDs [54052]
Checking PIDs [54052]
Checking PIDs [54052]
Checking PIDs [54052]
Checking PIDs [54052]
Checking PIDs [54052]
Checking PIDs [54052]
Checking PIDs [54052]
Checking PIDs [54052]
Checking PIDs [54052]
Checking PIDs [54052]
Checking PIDs [54052]
Checking PIDs [54052]
Checking PIDs [54052]
Checking PIDs [54052]
Checking PIDs [54052]
Checking PIDs [54052]
Checking PIDs [54052]
Checking PIDs [54052]
Checking PIDs [54052]
Checking PIDs [54052]
Checking PIDs [54052]
Checking PIDs [54052]
Checking PIDs [54052]
Checking PIDs [54052]
Checking PIDs [54052]
Checking PIDs [54052]
Checking PIDs [54052]
Checking PIDs [54052]
Checking PIDs [54052]
Checking PIDs [54052]
Checking PIDs [54052]
Checking PIDs [54052]
Checking PIDs [54052]
Checking PIDs [54052]
Checking PIDs [54052]
Checking PIDs [54052]
Checking PIDs [54052]
Checking PIDs [54052]
Checking PIDs [54052]
Checking PIDs [54052]
Checking PIDs [54052]
Checking PIDs [54052]
Checking PIDs [54052]
Checking PIDs [54052]
Checking PIDs [54052]
Checking PIDs [54052]
Checking PIDs [54052]
Checking PIDs [54052]
Checking PIDs [54052]
Checking PIDs [54052]
Checking PIDs [54052]
Checking PIDs [54052]
Checking PIDs [54052]
Checking PIDs [54052]
Checking PIDs [54052]
Checking PIDs [54052]
SAGE_TMP_ROOT = /home/n10186841/.sage/temp/cl4n057
sage-cleaner is already running with PID 54046, exiting
Checking PIDs [54052, 59994]
Checking PIDs [54052, 59994]
Checking PIDs [54052, 59994]
Checking PIDs [54052, 59994]
Checking PIDs [54052, 59994]
Checking PIDs [54052, 59994]
Checking PIDs [54052, 59994]
Checking PIDs [54052, 59994]
Checking PIDs [54052, 59994]
Checking PIDs [54052, 59994]
Checking PIDs [54052, 59994]
Checking PIDs [54052, 59994]
Checking PIDs [54052, 59994]
Checking PIDs [54052, 59994]
Checking PIDs [54052, 59994]
Checking PIDs [54052, 59994]
Checking PIDs [54052, 59994]
Checking PIDs [54052, 59994]
Checking PIDs [54052, 59994]
Checking PIDs [54052, 59994]
Checking PIDs [54052, 59994]
Checking PIDs [54052, 59994]
Checking PIDs [54052, 59994]
Checking PIDs [54052, 59994]
Checking PIDs [54052, 59994]
Checking PIDs [54052, 59994]
Checking PIDs [54052, 59994]
Checking PIDs [54052, 59994]
Checking PIDs [54052, 59994]
Checking PIDs [54052, 59994]
Checking PIDs [54052, 59994]
Checking PIDs [54052, 59994]
Checking PIDs [54052, 59994]
Checking PIDs [54052, 59994]
Checking PIDs [54052, 59994]
Checking PIDs [54052, 59994]
Checking PIDs [54052, 59994]
Checking PIDs [54052, 59994]
Checking PIDs [54052, 59994]
Checking PIDs [54052, 59994]
Checking PIDs [54052, 59994]
Checking PIDs [54052, 59994]
Checking PIDs [54052, 59994]
Checking PIDs [54052, 59994]
Checking PIDs [54052, 59994]
Checking PIDs [54052, 59994]
Checking PIDs [54052, 59994]
Checking PIDs [54052, 59994]
Checking PIDs [54052, 59994]
Checking PIDs [54052, 59994]
Checking PIDs [54052, 59994]
Checking PIDs [54052, 59994]
Checking PIDs [54052, 59994]
Checking PIDs [54052, 59994]
Checking PIDs [54052, 59994]
Checking PIDs [54052, 59994]
Checking PIDs [54052, 59994]
Checking PIDs [54052, 59994]
Checking PIDs [54052, 59994]
Checking PIDs [54052, 59994]
Checking PIDs [54052, 59994]
Checking PIDs [54052, 59994]
Checking PIDs [54052, 59994]
Checking PIDs [54052, 59994]
Checking PIDs [54052, 59994]
Checking PIDs [54052, 59994]
Checking PIDs [54052, 59994]
Checking PIDs [54052, 59994]
Checking PIDs [54052, 59994]
Checking PIDs [54052, 59994]
Checking PIDs [54052, 59994]
Checking PIDs [54052, 59994]
Checking PIDs [54052, 59994]
Checking PIDs [54052, 59994]
Checking PIDs [54052, 59994]
Checking PIDs [54052, 59994]
Checking PIDs [54052, 59994]
Checking PIDs [54052, 59994]
Checking PIDs [54052, 59994]
Checking PIDs [54052, 59994]
Checking PIDs [54052, 59994]
Checking PIDs [54052, 59994]
Checking PIDs [54052, 59994]
Checking PIDs [54052, 59994]
Checking PIDs [54052, 59994]
Checking PIDs [54052, 59994]
Checking PIDs [54052, 59994]
Checking PIDs [54052, 59994]
Checking PIDs [54052, 59994]
Checking PIDs [54052, 59994]
Checking PIDs [54052, 59994]
Checking PIDs [54052, 59994]
Checking PIDs [54052, 59994]
Checking PIDs [54052, 59994]
Checking PIDs [54052, 59994]
Checking PIDs [54052, 59994]
Checking PIDs [54052, 59994]
Checking PIDs [54052, 59994]
Checking PIDs [54052, 59994]
Checking PIDs [54052, 59994]
Checking PIDs [54052, 59994]
Checking PIDs [54052, 59994]
Checking PIDs [54052, 59994]
Checking PIDs [54052, 59994]
Checking PIDs [54052, 59994]
Checking PIDs [54052, 59994]
Checking PIDs [54052, 59994]
Checking PIDs [54052, 59994]
Checking PIDs [54052, 59994]
Checking PIDs [54052, 59994]
Checking PIDs [54052, 59994]
Checking PIDs [54052, 59994]
Checking PIDs [54052, 59994]
Checking PIDs [54052, 59994]
Checking PIDs [54052, 59994]
Checking PIDs [54052, 59994]
Checking PIDs [54052, 59994]
Checking PIDs [54052, 59994]
Checking PIDs [54052, 59994]
Checking PIDs [54052, 59994]
Checking PIDs [54052, 59994]
Checking PIDs [54052, 59994]
Checking PIDs [54052, 59994]
Checking PIDs [54052, 59994]
Checking PIDs [54052, 59994]
Checking PIDs [54052, 59994]
Checking PIDs [54052, 59994]
Checking PIDs [54052, 59994]
Checking PIDs [54052, 59994]
Checking PIDs [54052, 59994]
Checking PIDs [54052, 59994]
Checking PIDs [54052, 59994]
Checking PIDs [54052, 59994]
Checking PIDs [54052, 59994]
Checking PIDs [54052, 59994]
Checking PIDs [54052, 59994]
Checking PIDs [54052, 59994]
Checking PIDs [54052, 59994]
Checking PIDs [54052, 59994]
Checking PIDs [54052, 59994]
Checking PIDs [54052, 59994]
Checking PIDs [54052, 59994]
Checking PIDs [54052, 59994]
Checking PIDs [54052, 59994]
Checking PIDs [54052, 59994]
Checking PIDs [54052, 59994]
Checking PIDs [54052, 59994]
Checking PIDs [54052, 59994]
Checking PIDs [54052, 59994]
Checking PIDs [54052, 59994]
Checking PIDs [54052, 59994]
Checking PIDs [54052, 59994]
Checking PIDs [54052, 59994]
Checking PIDs [54052, 59994]
Checking PIDs [54052, 59994]
Checking PIDs [54052, 59994]
Checking PIDs [54052, 59994]
Checking PIDs [54052, 59994]
Checking PIDs [54052, 59994]
Checking PIDs [54052, 59994]
Checking PIDs [54052, 59994]
Checking PIDs [54052, 59994]
Checking PIDs [54052, 59994]
Checking PIDs [54052, 59994]
Checking PIDs [54052, 59994]
Checking PIDs [54052, 59994]
Checking PIDs [54052, 59994]
Checking PIDs [54052, 59994]
Checking PIDs [54052, 59994]
Checking PIDs [54052, 59994]
Checking PIDs [54052, 59994]
Checking PIDs [54052, 59994]
Checking PIDs [54052, 59994]
Checking PIDs [54052, 59994]
Checking PIDs [54052, 59994]
Checking PIDs [54052, 59994]
Checking PIDs [54052, 59994]
Checking PIDs [54052, 59994]
Checking PIDs [54052, 59994]
Checking PIDs [54052, 59994]
Checking PIDs [54052, 59994]
Checking PIDs [54052, 59994]
Checking PIDs [54052, 59994]
Checking PIDs [54052, 59994]
Checking PIDs [54052, 59994]
Checking PIDs [54052, 59994]
Checking PIDs [54052, 59994]
Checking PIDs [54052, 59994]
Checking PIDs [54052, 59994]
Checking PIDs [54052, 59994]
Checking PIDs [54052, 59994]
Checking PIDs [54052, 59994]
Checking PIDs [54052, 59994]
Checking PIDs [54052, 59994]
Checking PIDs [54052, 59994]
Checking PIDs [54052, 59994]
Checking PIDs [54052, 59994]
Checking PIDs [54052, 59994]
Checking PIDs [54052, 59994]
Checking PIDs [54052, 59994]
Checking PIDs [54052, 59994]
Checking PIDs [54052, 59994]
Checking PIDs [54052, 59994]
Checking PIDs [54052, 59994]
Checking PIDs [54052, 59994]
Checking PIDs [54052, 59994]
Checking PIDs [54052, 59994]
Checking PIDs [54052, 59994]
Checking PIDs [54052, 59994]
Checking PIDs [54052, 59994]
Checking PIDs [54052, 59994]
Checking PIDs [54052, 59994]
Checking PIDs [54052, 59994]
Checking PIDs [54052, 59994]
Checking PIDs [54052, 59994]
Checking PIDs [54052, 59994]
Checking PIDs [54052, 59994]
Checking PIDs [54052, 59994]
Checking PIDs [54052, 59994]
Checking PIDs [54052, 59994]
Checking PIDs [54052, 59994]
Checking PIDs [54052, 59994]
Checking PIDs [54052, 59994]
Checking PIDs [54052, 59994]
Checking PIDs [54052, 59994]
Checking PIDs [54052, 59994]
Checking PIDs [54052, 59994]
Checking PIDs [54052, 59994]
Checking PIDs [54052, 59994]
Checking PIDs [54052, 59994]
Checking PIDs [54052, 59994]
Checking PIDs [54052, 59994]
Checking PIDs [54052, 59994]
Checking PIDs [54052, 59994]
Checking PIDs [54052, 59994]
Checking PIDs [54052, 59994]
Checking PIDs [54052, 59994]
Checking PIDs [54052, 59994]
Checking PIDs [54052, 59994]
Checking PIDs [54052, 59994]
Checking PIDs [54052, 59994]
Checking PIDs [54052, 59994]
Checking PIDs [54052, 59994]
Checking PIDs [54052, 59994]
Checking PIDs [54052, 59994]
Checking PIDs [54052, 59994]
Checking PIDs [54052, 59994]
Checking PIDs [54052, 59994]
Checking PIDs [54052, 59994]
Checking PIDs [54052, 59994]
Checking PIDs [54052, 59994]
Checking PIDs [54052, 59994]
Checking PIDs [54052, 59994]
Checking PIDs [54052, 59994]
Checking PIDs [54052, 59994]
Checking PIDs [54052, 59994]
Checking PIDs [54052, 59994]
Checking PIDs [54052, 59994]
Checking PIDs [54052, 59994]
Checking PIDs [54052, 59994]
Checking PIDs [54052, 59994]
Checking PIDs [54052, 59994]
Checking PIDs [54052, 59994]
Checking PIDs [54052, 59994]
Checking PIDs [54052, 59994]
Checking PIDs [54052, 59994]
Checking PIDs [54052, 59994]
Checking PIDs [54052, 59994]
Checking PIDs [54052, 59994]
Checking PIDs [54052, 59994]
Checking PIDs [54052, 59994]
Checking PIDs [54052, 59994]
Checking PIDs [54052, 59994]
Checking PIDs [54052, 59994]
Checking PIDs [54052, 59994]
Checking PIDs [54052, 59994]
Checking PIDs [54052, 59994]
Checking PIDs [54052, 59994]
Checking PIDs [54052, 59994]
Checking PIDs [54052, 59994]
Checking PIDs [54052, 59994]
Checking PIDs [54052, 59994]
Checking PIDs [54052, 59994]
Checking PIDs [54052, 59994]
Checking PIDs [54052, 59994]
Checking PIDs [54052, 59994]
Checking PIDs [54052, 59994]
Checking PIDs [54052, 59994]
Checking PIDs [54052, 59994]
Checking PIDs [54052, 59994]
Checking PIDs [54052, 59994]
Checking PIDs [54052, 59994]
Checking PIDs [54052, 59994]
Checking PIDs [54052, 59994]
Checking PIDs [54052, 59994]
Checking PIDs [54052, 59994]
Checking PIDs [54052, 59994]
Checking PIDs [54052, 59994]
Checking PIDs [54052, 59994]
Checking PIDs [54052, 59994]
Checking PIDs [54052, 59994]
Checking PIDs [54052, 59994]
Checking PIDs [54052, 59994]
Checking PIDs [54052, 59994]
Checking PIDs [54052, 59994]
Checking PIDs [54052, 59994]
Checking PIDs [54052, 59994]
Checking PIDs [54052, 59994]
Checking PIDs [54052, 59994]
Checking PIDs [54052, 59994]
Checking PIDs [54052, 59994]
Checking PIDs [54052, 59994]
Checking PIDs [54052, 59994]
Checking PIDs [54052, 59994]
SAGE_TMP_ROOT = /home/n10186841/.sage/temp/cl4n057
sage-cleaner is already running with PID 54046, exiting
Checking PIDs [54052, 59994]
Checking PIDs [54052, 59994]
Checking PIDs [54052, 59994]
Checking PIDs [54052, 59994]
Checking PIDs [54052, 59994]
Checking PIDs [54052, 59994]
Checking PIDs [54052, 59994]
Checking PIDs [54052, 59994]
Checking PIDs [54052, 59994]
Checking PIDs [54052, 59994]
Checking PIDs [54052, 59994]
Checking PIDs [54052, 59994]
Checking PIDs [54052, 59994]
Checking PIDs [54052, 59994]
Checking PIDs [54052, 59994]
Checking PIDs [54052, 59994]
Checking PIDs [54052, 59994]
Checking PIDs [54052, 59994]
Checking PIDs [54052, 59994]
SAGE_TMP_ROOT = /home/n10186841/.sage/temp/cl4n057
Starting sage-cleaner with PID 64676
Checking PIDs [59994]
Checking PIDs [59994]
Checking PIDs [59994]
Checking PIDs [59994]
Checking PIDs [59994]
Checking PIDs [59994]
Checking PIDs [59994]
Checking PIDs [59994]
Checking PIDs [59994]
Checking PIDs [59994]
Checking PIDs [59994]
Checking PIDs [59994]
Checking PIDs [59994]
Checking PIDs [59994]
Checking PIDs [59994]
Checking PIDs [59994]
Checking PIDs [59994]
Checking PIDs [59994]
Checking PIDs [59994]
SAGE_TMP_ROOT = /home/n10186841/.sage/temp/cl4n057
Starting sage-cleaner with PID 65636
Checking PIDs []
SAGE_TMP_ROOT = /home/n10186841/.sage/temp/cl4n057
sage-cleaner is already running with PID 65636, exiting
Checking PIDs [65642, 65726]
Checking PIDs [65642, 65726]
Checking PIDs [65642, 65726]
Checking PIDs [65642, 65726]
Checking PIDs [65642, 65726]
Checking PIDs [65642, 65726]
Checking PIDs [65642, 65726]
Checking PIDs [65642, 65726]
Checking PIDs [65642, 65726]
Checking PIDs [65642, 65726]
Checking PIDs [65642, 65726]
Checking PIDs [65642, 65726]
Checking PIDs [65642, 65726]
Checking PIDs [65642, 65726]
Checking PIDs [65642, 65726]
Checking PIDs [65642, 65726]
Checking PIDs [65642, 65726]
Checking PIDs [65642, 65726]
Checking PIDs [65642, 65726]
Checking PIDs [65642, 65726]
Checking PIDs [65642, 65726]
Checking PIDs [65642, 65726]
Checking PIDs [65642, 65726]
Checking PIDs [65642, 65726]
Checking PIDs [65642, 65726]
Checking PIDs [65642, 65726]
Checking PIDs [65642, 65726]
Checking PIDs [65642, 65726]
Checking PIDs [65642, 65726]
Checking PIDs [65642, 65726]
Checking PIDs [65642, 65726]
Checking PIDs [65642, 65726]
Checking PIDs [65642, 65726]
Checking PIDs [65642, 65726]
Checking PIDs [65642, 65726]
Checking PIDs [65642, 65726]
Checking PIDs [65642, 65726]
Checking PIDs [65642, 65726]
Checking PIDs [65642, 65726]
Checking PIDs [65642, 65726]
Checking PIDs [65642, 65726]
Checking PIDs [65642, 65726]
Checking PIDs [65642, 65726]
Checking PIDs [65642, 65726]
Checking PIDs [65642, 65726]
Checking PIDs [65642, 65726]
Checking PIDs [65642, 65726]
Checking PIDs [65642, 65726]
Checking PIDs [65642, 65726]
Checking PIDs [65642, 65726]
Checking PIDs [65642, 65726]
Checking PIDs [65642, 65726]
Checking PIDs [65642, 65726]
Checking PIDs [65642, 65726]
Checking PIDs [65642, 65726]
Checking PIDs [65642, 65726]
Checking PIDs [65642, 65726]
Checking PIDs [65642, 65726]
Checking PIDs [65642, 65726]
Checking PIDs [65642, 65726]
Checking PIDs [65642, 65726]
Checking PIDs [65642, 65726]
Checking PIDs [65642, 65726]
Checking PIDs [65642, 65726]
Checking PIDs [65642, 65726]
Checking PIDs [65642, 65726]
Checking PIDs [65642, 65726]
Checking PIDs [65642, 65726]
Checking PIDs [65642, 65726]
Checking PIDs [65642, 65726]
Checking PIDs [65642, 65726]
Checking PIDs [65642, 65726]
Checking PIDs [65642, 65726]
Checking PIDs [65642, 65726]
Checking PIDs [65642, 65726]
Checking PIDs [65642, 65726]
Checking PIDs [65642, 65726]
Checking PIDs [65642, 65726]
Checking PIDs [65642, 65726]
Checking PIDs [65642, 65726]
Checking PIDs [65642, 65726]
Checking PIDs [65642, 65726]
Checking PIDs [65642, 65726]
Checking PIDs [65642, 65726]
Checking PIDs [65642, 65726]
Checking PIDs [65642, 65726]
Checking PIDs [65642, 65726]
Checking PIDs [65642, 65726]
Checking PIDs [65642, 65726]
Checking PIDs [65642, 65726]
Checking PIDs [65642, 65726]
Checking PIDs [65642, 65726]
Checking PIDs [65642, 65726]
Checking PIDs [65642, 65726]
Checking PIDs [65642, 65726]
Checking PIDs [65642, 65726]
Checking PIDs [65642, 65726]
Checking PIDs [65642, 65726]
Checking PIDs [65642, 65726]
Checking PIDs [65642, 65726]
Checking PIDs [65642, 65726]
Checking PIDs [65642, 65726]
Checking PIDs [65642, 65726]
Checking PIDs [65642, 65726]
Checking PIDs [65642, 65726]
Checking PIDs [65642, 65726]
Checking PIDs [65642, 65726]
Checking PIDs [65642, 65726]
Checking PIDs [65642, 65726]
Checking PIDs [65642, 65726]
Checking PIDs [65642, 65726]
Checking PIDs [65642, 65726]
Checking PIDs [65642, 65726]
Checking PIDs [65642, 65726]
Checking PIDs [65642, 65726]
Checking PIDs [65642, 65726]
Checking PIDs [65642, 65726]
Checking PIDs [65642, 65726]
Checking PIDs [65642, 65726]
Checking PIDs [65642, 65726]
Checking PIDs [65642, 65726]
Checking PIDs [65642, 65726]
Checking PIDs [65642, 65726]
Checking PIDs [65642, 65726]
Checking PIDs [65642, 65726]
Checking PIDs [65642, 65726]
Checking PIDs [65642, 65726]
Checking PIDs [65642, 65726]
Checking PIDs [65642, 65726]
Checking PIDs [65642, 65726]
Checking PIDs [65642, 65726]
Checking PIDs [65642, 65726]
Checking PIDs [65642, 65726]
Checking PIDs [65642, 65726]
Checking PIDs [65642, 65726]
Checking PIDs [65642, 65726]
Checking PIDs [65642, 65726]
Checking PIDs [65642, 65726]
Checking PIDs [65642, 65726]
Checking PIDs [65642, 65726]
Checking PIDs [65642, 65726]
Checking PIDs [65642, 65726]
Checking PIDs [65642, 65726]
Checking PIDs [65642, 65726]
Checking PIDs [65642, 65726]
Checking PIDs [65642, 65726]
Checking PIDs [65642, 65726]
Checking PIDs [65642, 65726]
Checking PIDs [65642, 65726]
Checking PIDs [65642, 65726]
Checking PIDs [65642, 65726]
Checking PIDs [65642, 65726]
Checking PIDs [65642, 65726]
Checking PIDs [65642, 65726]
Checking PIDs [65642, 65726]
Checking PIDs [65642, 65726]
Checking PIDs [65642, 65726]
Checking PIDs [65642, 65726]
Checking PIDs [65642, 65726]
Checking PIDs [65642, 65726]
Checking PIDs [65642, 65726]
Checking PIDs [65642, 65726]
Checking PIDs [65642, 65726]
Checking PIDs [65642, 65726]
Checking PIDs [65642, 65726]
Checking PIDs [65642, 65726]
Checking PIDs [65642, 65726]
Checking PIDs [65642, 65726]
Checking PIDs [65642, 65726]
Checking PIDs [65642, 65726]
Checking PIDs [65642, 65726]
Checking PIDs [65642, 65726]
Checking PIDs [65642, 65726]
Checking PIDs [65642, 65726]
Checking PIDs [65642, 65726]
Checking PIDs [65642, 65726]
Checking PIDs [65642, 65726]
Checking PIDs [65642, 65726]
Checking PIDs [65642, 65726]
Checking PIDs [65642, 65726]
Checking PIDs [65642, 65726]
Checking PIDs [65642, 65726]
Checking PIDs [65642, 65726]
Checking PIDs [65642, 65726]
Checking PIDs [65642, 65726]
Checking PIDs [65642, 65726]
Checking PIDs [65642, 65726]
Checking PIDs [65642, 65726]
Checking PIDs [65642, 65726]
Checking PIDs [65642, 65726]
Checking PIDs [65642, 65726]
Checking PIDs [65642, 65726]
Checking PIDs [65642, 65726]
Checking PIDs [65642, 65726]
Checking PIDs [65642, 65726]
Checking PIDs [65642, 65726]
Checking PIDs [65642, 65726]
Checking PIDs [65642, 65726]
Checking PIDs [65642, 65726]
Checking PIDs [65642, 65726]
Checking PIDs [65642, 65726]
Checking PIDs [65642, 65726]
Checking PIDs [65642, 65726]
Checking PIDs [65642, 65726]
Checking PIDs [65642, 65726]
Checking PIDs [65642, 65726]
Checking PIDs [65642, 65726]
Checking PIDs [65642, 65726]
Checking PIDs [65642, 65726]
Checking PIDs [65642, 65726]
Checking PIDs [65642, 65726]
Checking PIDs [65642, 65726]
Checking PIDs [65642, 65726]
Checking PIDs [65642, 65726]
Checking PIDs [65642, 65726]
Checking PIDs [65642, 65726]
Checking PIDs [65642, 65726]
Checking PIDs [65642, 65726]
Checking PIDs [65642, 65726]
Checking PIDs [65642, 65726]
Checking PIDs [65642, 65726]
Checking PIDs [65642, 65726]
Checking PIDs [65642, 65726]
Checking PIDs [65642, 65726]
Checking PIDs [65642, 65726]
Checking PIDs [65642, 65726]
Checking PIDs [65642, 65726]
Checking PIDs [65642, 65726]
Checking PIDs [65642, 65726]
Checking PIDs [65642, 65726]
Checking PIDs [65642, 65726]
Checking PIDs [65642, 65726]
Checking PIDs [65642, 65726]
Checking PIDs [65642, 65726]
Checking PIDs [65642, 65726]
Checking PIDs [65642, 65726]
Checking PIDs [65642, 65726]
Checking PIDs [65642, 65726]
Checking PIDs [65642, 65726]
Checking PIDs [65642, 65726]
Checking PIDs [65642, 65726]
Checking PIDs [65642, 65726]
Checking PIDs [65642, 65726]
Checking PIDs [65642, 65726]
Checking PIDs [65642, 65726]
Checking PIDs [65642, 65726]
Checking PIDs [65642, 65726]
Checking PIDs [65642, 65726]
Checking PIDs [65642, 65726]
Checking PIDs [65642, 65726]
Checking PIDs [65642, 65726]
Checking PIDs [65642, 65726]
Checking PIDs [65642, 65726]
Checking PIDs [65642, 65726]
Checking PIDs [65642, 65726]
Checking PIDs [65642, 65726]
Checking PIDs [65642, 65726]
Checking PIDs [65642, 65726]
Checking PIDs [65642, 65726]
Checking PIDs [65642, 65726]
Checking PIDs [65642, 65726]
Checking PIDs [65642, 65726]
Checking PIDs [65642, 65726]
Checking PIDs [65642, 65726]
Checking PIDs [65642, 65726]
Checking PIDs [65642, 65726]
Checking PIDs [65642, 65726]
Checking PIDs [65642, 65726]
Checking PIDs [65642, 65726]
Checking PIDs [65642, 65726]
Checking PIDs [65642, 65726]
Checking PIDs [65642, 65726]
Checking PIDs [65642, 65726]
Checking PIDs [65642, 65726]
Checking PIDs [65642, 65726]
Checking PIDs [65642, 65726]
Checking PIDs [65642, 65726]
Checking PIDs [65642, 65726]
Checking PIDs [65642, 65726]
Checking PIDs [65642, 65726]
Checking PIDs [65642, 65726]
Checking PIDs [65642, 65726]
Checking PIDs [65642, 65726]
Checking PIDs [65642, 65726]
Checking PIDs [65642, 65726]
Checking PIDs [65642, 65726]
Checking PIDs [65642, 65726]
Checking PIDs [65642, 65726]
Checking PIDs [65642, 65726]
Checking PIDs [65642, 65726]
Checking PIDs [65642, 65726]
Checking PIDs [65642, 65726]
Checking PIDs [65642, 65726]
Checking PIDs [65642, 65726]
Checking PIDs [65642, 65726]
Checking PIDs [65642, 65726]
Checking PIDs [65642, 65726]
Checking PIDs [65642, 65726]
Checking PIDs [65642, 65726]
Checking PIDs [65642, 65726]
Checking PIDs [65642, 65726]
Checking PIDs [65642, 65726]
Checking PIDs [65642, 65726]
Checking PIDs [65642, 65726]
Checking PIDs [65642, 65726]
Checking PIDs [65642, 65726]
Checking PIDs [65642, 65726]
Checking PIDs [65642, 65726]
Checking PIDs [65642, 65726]
Checking PIDs [65642, 65726]
Checking PIDs [65642, 65726]
Checking PIDs [65642, 65726]
Checking PIDs [65642, 65726]
Checking PIDs [65642, 65726]
Checking PIDs [65642, 65726]
Checking PIDs [65642, 65726]
Checking PIDs [65642, 65726]
Checking PIDs [65642, 65726]
Checking PIDs [65642, 65726]
Checking PIDs [65642, 65726]
Checking PIDs [65642, 65726]
Checking PIDs [65642, 65726]
Checking PIDs [65642, 65726]
Checking PIDs [65642, 65726]
Checking PIDs [65642, 65726]
Checking PIDs [65642, 65726]
Checking PIDs [65642, 65726]
Checking PIDs [65642, 65726]
Checking PIDs [65642, 65726]
Checking PIDs [65642, 65726]
Checking PIDs [65642, 65726]
Checking PIDs [65642, 65726]
Checking PIDs [65642, 65726]
Checking PIDs [65642, 65726]
Checking PIDs [65642, 65726]
Checking PIDs [65642, 65726]
Checking PIDs [65642, 65726]
Checking PIDs [65642, 65726]
Checking PIDs [65642, 65726]
Checking PIDs [65642, 65726]
Checking PIDs [65642, 65726]
Checking PIDs [65642, 65726]
Checking PIDs [65642, 65726]
Checking PIDs [65642, 65726]
Checking PIDs [65642, 65726]
Checking PIDs [65642, 65726]
Checking PIDs [65642, 65726]
Checking PIDs [65642, 65726]
Checking PIDs [65642, 65726]
Checking PIDs [65642, 65726]
Checking PIDs [65642, 65726]
Checking PIDs [65642, 65726]
Checking PIDs [65642, 65726]
Checking PIDs [65642, 65726]
Checking PIDs [65642, 65726]
Checking PIDs [65642, 65726]
Checking PIDs [65642, 65726]
Checking PIDs [65642, 65726]
Checking PIDs [65642, 65726]
Checking PIDs [65642, 65726]
Checking PIDs [65642, 65726]
Checking PIDs [65642, 65726]
Checking PIDs [65642, 65726]
Checking PIDs [65642, 65726]
Checking PIDs [65642, 65726]
Checking PIDs [65642, 65726]
Checking PIDs [65642, 65726]
Checking PIDs [65642, 65726]
Checking PIDs [65642, 65726]
Checking PIDs [65642, 65726]
Checking PIDs [65642, 65726]
Checking PIDs [65642, 65726]
Checking PIDs [65642, 65726]
Checking PIDs [65642, 65726]
Checking PIDs [65642, 65726]
Checking PIDs [65642, 65726]
Checking PIDs [65642, 65726]
Checking PIDs [65642, 65726]
Checking PIDs [65642, 65726]
Checking PIDs [65642, 65726]
Checking PIDs [65642, 65726]
Checking PIDs [65642, 65726]
Checking PIDs [65642, 65726]
Checking PIDs [65642, 65726]
Checking PIDs [65642, 65726]
Checking PIDs [65642, 65726]
Checking PIDs [65642, 65726]
Checking PIDs [65642, 65726]
Checking PIDs [65642, 65726]
Checking PIDs [65642, 65726]
Checking PIDs [65642, 65726]
Checking PIDs [65642, 65726]
Checking PIDs [65642, 65726]
Checking PIDs [65642, 65726]
Checking PIDs [65642, 65726]
Checking PIDs [65642, 65726]
Checking PIDs [65642, 65726]
Checking PIDs [65642, 65726]
Checking PIDs [65642, 65726]
Checking PIDs [65642, 65726]
Checking PIDs [65642, 65726]
Checking PIDs [65642, 65726]
Checking PIDs [65642, 65726]
Checking PIDs [65642, 65726]
Checking PIDs [65642, 65726]
Checking PIDs [65642, 65726]
Checking PIDs [65642, 65726]
Checking PIDs [65642, 65726]
Checking PIDs [65642, 65726]
Checking PIDs [65642, 65726]
Checking PIDs [65642, 65726]
Checking PIDs [65642, 65726]
Checking PIDs [65642, 65726]
Checking PIDs [65642, 65726]
Checking PIDs [65642, 65726]
Checking PIDs [65642, 65726]
Checking PIDs [65642, 65726]
Checking PIDs [65642, 65726]
Checking PIDs [65642, 65726]
Checking PIDs [65642, 65726]
Checking PIDs [65642, 65726]
Checking PIDs [65642, 65726]
Checking PIDs [65642, 65726]
Checking PIDs [65642, 65726]
Checking PIDs [65642, 65726]
Checking PIDs [65642, 65726]
Checking PIDs [65642, 65726]
Checking PIDs [65642, 65726]
SAGE_TMP_ROOT = /home/n10186841/.sage/temp/cl4n057
sage-cleaner is already running with PID 65636, exiting
Checking PIDs [65642, 65726]
Checking PIDs [65642, 65726]
Checking PIDs [65642, 65726]
Checking PIDs [65642, 65726]
Checking PIDs [65642, 65726]
Checking PIDs [65642, 65726]
Checking PIDs [65642, 65726]
Checking PIDs [65642, 65726]
Checking PIDs [65642, 65726]
Checking PIDs [65642, 65726]
Checking PIDs [65642, 65726]
Checking PIDs [65642, 65726]
Checking PIDs [65642, 65726]
Checking PIDs [65642, 65726]
Checking PIDs [65642, 65726]
Checking PIDs [65642, 65726]
Checking PIDs [65642, 65726]
Checking PIDs [65642, 65726]
SAGE_TMP_ROOT = /home/n10186841/.sage/temp/cl4n057
Starting sage-cleaner with PID 71086
Checking PIDs [65726]
Checking PIDs [65726]
Checking PIDs [65726]
Checking PIDs [65726]
Checking PIDs [65726]
Checking PIDs [65726]
Checking PIDs [65726]
Checking PIDs [65726]
Checking PIDs [65726]
Checking PIDs [65726]
Checking PIDs [65726]
Checking PIDs [65726]
Checking PIDs [65726]
Checking PIDs [65726]
Checking PIDs [65726]
Checking PIDs [65726]
Checking PIDs [65726]
Checking PIDs [65726]
Checking PIDs [65726]
